number,value,datetime_start,datetime_complete,duration,params_batch_size,params_bidirectional,params_depth,params_drop_out,params_epochs,params_lstm_units_0,params_lstm_units_1,params_lstm_units_2,state
0,0.9029918313026428,2023-09-24 20:05:13.339730,2023-09-24 20:06:07.609537,0 days 00:00:54.269807,43,False,1,0.4,13,109,,,COMPLETE
1,0.9728014469146729,2023-09-24 20:06:07.610125,2023-09-24 20:06:35.241022,0 days 00:00:27.630897,124,True,2,0.5,98,159,55.0,,COMPLETE
2,0.9156845211982727,2023-09-24 20:06:35.242230,2023-09-24 20:07:00.541589,0 days 00:00:25.299359,117,False,1,0.0,85,13,,,COMPLETE
3,0.974614679813385,2023-09-24 20:07:00.543203,2023-09-24 20:07:18.725552,0 days 00:00:18.182349,11,True,1,0.1,21,182,,,COMPLETE
4,0.9093381762504578,2023-09-24 20:07:18.726172,2023-09-24 20:07:41.254165,0 days 00:00:22.527993,9,False,1,0.4,26,60,,,COMPLETE
5,0.9138712882995605,2023-09-24 20:07:41.254718,2023-09-24 20:08:04.951137,0 days 00:00:23.696419,74,False,1,0.0,31,40,,,COMPLETE
6,0.893925666809082,2023-09-24 20:08:04.952988,2023-09-24 20:08:24.564140,0 days 00:00:19.611152,82,False,2,0.0,6,129,53.0,,COMPLETE
7,0.985494077205658,2023-09-24 20:08:24.565510,2023-09-24 20:09:29.850090,0 days 00:01:05.284580,86,True,3,0.4,60,61,6.0,89.0,COMPLETE
8,0.9537624716758728,2023-09-24 20:09:29.853178,2023-09-24 20:09:49.986726,0 days 00:00:20.133548,2,False,2,0.4,26,78,265.0,,COMPLETE
9,0.9737080931663513,2023-09-24 20:09:49.987521,2023-09-24 20:10:55.440303,0 days 00:01:05.452782,2,True,3,0.5,14,167,136.0,248.0,COMPLETE
10,0.9864007234573364,2023-09-24 20:10:55.441626,2023-09-24 20:12:01.298371,0 days 00:01:05.856745,95,True,3,0.2,60,247,17.0,22.0,COMPLETE
11,0.9709882140159607,2023-09-24 20:12:01.300549,2023-09-24 20:13:05.855992,0 days 00:01:04.555443,98,True,3,0.2,62,292,7.0,3.0,COMPLETE
12,0.9864007234573364,2023-09-24 20:13:05.857004,2023-09-24 20:14:32.489961,0 days 00:01:26.632957,53,True,3,0.2,55,253,2.0,42.0,COMPLETE
13,0.974614679813385,2023-09-24 20:14:32.492644,2023-09-24 20:15:09.080274,0 days 00:00:36.587630,48,True,3,0.2,47,261,131.0,9.0,COMPLETE
14,0.9882139563560486,2023-09-24 20:15:09.081198,2023-09-24 20:17:11.371543,0 days 00:02:02.290345,52,True,3,0.3,72,236,230.0,116.0,COMPLETE
15,0.9845874905586243,2023-09-24 20:17:11.377914,2023-09-24 20:18:55.546957,0 days 00:01:44.169043,31,True,3,0.3,76,221,260.0,155.0,COMPLETE
16,0.9882139563560486,2023-09-24 20:18:55.550869,2023-09-24 20:20:07.819976,0 days 00:01:12.269107,105,True,2,0.3,75,222,207.0,,COMPLETE
17,0.9845874905586243,2023-09-24 20:20:07.829460,2023-09-24 20:21:15.775212,0 days 00:01:07.945752,60,True,2,0.3,78,314,215.0,,COMPLETE
18,0.9836808443069458,2023-09-24 20:21:15.777370,2023-09-24 20:22:01.544125,0 days 00:00:45.766755,109,True,2,0.3,97,208,189.0,,COMPLETE
19,0.9773345589637756,2023-09-24 20:22:01.544930,2023-09-24 20:22:41.161032,0 days 00:00:39.616102,33,True,2,0.3,45,210,315.0,,COMPLETE
20,0.9655485153198242,2023-09-24 20:22:41.162745,2023-09-24 20:23:22.480697,0 days 00:00:41.317952,71,True,2,0.3,75,291,227.0,,COMPLETE
21,0.9800543785095215,2023-09-24 20:23:22.481246,2023-09-24 20:24:31.459634,0 days 00:01:08.978388,97,True,3,0.1,66,245,171.0,135.0,COMPLETE
22,0.9827742576599121,2023-09-24 20:24:31.462292,2023-09-24 20:25:43.022738,0 days 00:01:11.560446,99,True,3,0.2,84,229,123.0,251.0,COMPLETE
23,0.9764279127120972,2023-09-24 20:25:43.025950,2023-09-24 20:26:28.970952,0 days 00:00:45.945002,86,True,2,0.3,41,275,247.0,,COMPLETE
24,0.9900271892547607,2023-09-24 20:26:28.971604,2023-09-24 20:28:27.825225,0 days 00:01:58.853621,111,True,3,0.3,70,187,294.0,86.0,COMPLETE
25,0.9782411456108093,2023-09-24 20:28:27.829730,2023-09-24 20:29:05.437318,0 days 00:00:37.607588,128,True,2,0.3,70,189,305.0,,COMPLETE
26,0.9800543785095215,2023-09-24 20:29:05.437912,2023-09-24 20:29:56.509487,0 days 00:00:51.071575,111,True,3,0.3,89,189,283.0,97.0,COMPLETE
27,0.9057117104530334,2023-09-24 20:29:56.510749,2023-09-24 20:30:42.138362,0 days 00:00:45.627613,64,True,3,0.3,70,149,205.0,201.0,COMPLETE
28,0.9773345589637756,2023-09-24 20:30:42.139876,2023-09-24 20:31:22.501731,0 days 00:00:40.361855,107,True,2,0.3,90,121,236.0,,COMPLETE
29,0.9075249433517456,2023-09-24 20:31:22.503016,2023-09-24 20:32:06.437929,0 days 00:00:43.934913,36,False,3,0.3,52,232,280.0,90.0,COMPLETE
30,0.9873073697090149,2023-09-24 20:32:06.438855,2023-09-24 20:32:57.202182,0 days 00:00:50.763327,119,True,2,0.1,38,140,184.0,,COMPLETE
31,0.9800543785095215,2023-09-24 20:32:57.203483,2023-09-24 20:33:44.116133,0 days 00:00:46.912650,123,True,2,0.1,38,99,177.0,,COMPLETE
32,0.9791477918624878,2023-09-24 20:33:44.116936,2023-09-24 20:34:25.371517,0 days 00:00:41.254581,116,True,2,0.1,82,142,203.0,,COMPLETE
33,0.9791477918624878,2023-09-24 20:34:25.373262,2023-09-24 20:35:16.674532,0 days 00:00:51.301270,119,True,2,0.5,71,175,292.0,,COMPLETE
34,0.9809610247612,2023-09-24 20:35:16.675180,2023-09-24 20:35:40.323320,0 days 00:00:23.648140,22,True,1,0.1,55,205,,,COMPLETE
35,0.9845874905586243,2023-09-24 20:35:40.324650,2023-09-24 20:36:07.865569,0 days 00:00:27.540919,104,True,1,0.1,34,158,,,COMPLETE
36,0.9338168501853943,2023-09-24 20:36:07.866586,2023-09-24 20:36:28.724305,0 days 00:00:20.857719,115,False,2,0.5,95,105,150.0,,COMPLETE
37,0.9873073697090149,2023-09-24 20:36:28.725489,2023-09-24 20:37:27.031093,0 days 00:00:58.305604,75,True,2,0.0,65,133,109.0,,COMPLETE
38,0.9165911078453064,2023-09-24 20:37:27.032383,2023-09-24 20:37:55.091772,0 days 00:00:28.059389,92,False,1,0.3,79,193,,,COMPLETE
39,0.9818676114082336,2023-09-24 20:37:55.092344,2023-09-24 20:39:47.966961,0 days 00:01:52.874617,58,True,3,0.4,91,271,245.0,298.0,COMPLETE
40,0.9138712882995605,2023-09-24 20:39:47.973092,2023-09-24 20:40:13.309516,0 days 00:00:25.336424,128,False,2,0.0,20,7,102.0,,COMPLETE
41,0.9800543785095215,2023-09-24 20:40:13.310194,2023-09-24 20:40:51.465924,0 days 00:00:38.155730,75,True,2,0.0,67,132,89.0,,COMPLETE
42,0.9836808443069458,2023-09-24 20:40:51.467219,2023-09-24 20:41:24.916480,0 days 00:00:33.449261,43,True,2,0.0,60,92,84.0,,COMPLETE
43,0.985494077205658,2023-09-24 20:41:24.917096,2023-09-24 20:42:33.059504,0 days 00:01:08.142408,80,True,2,0.0,64,164,159.0,,COMPLETE
44,0.9718948602676392,2023-09-24 20:42:33.061844,2023-09-24 20:43:10.767159,0 days 00:00:37.705315,104,True,2,0.0,74,117,186.0,,COMPLETE
45,0.9864007234573364,2023-09-24 20:43:10.767820,2023-09-24 20:44:16.729871,0 days 00:01:05.962051,69,True,2,0.1,54,32,222.0,,COMPLETE
46,0.9882139563560486,2023-09-24 20:44:16.731750,2023-09-24 20:45:30.575434,0 days 00:01:13.843684,53,True,3,0.4,48,176,263.0,60.0,COMPLETE
47,0.9836808443069458,2023-09-24 20:45:30.577775,2023-09-24 20:46:46.276847,0 days 00:01:15.699072,53,True,3,0.4,47,173,261.0,69.0,COMPLETE
48,0.9120579957962036,2023-09-24 20:46:46.283248,2023-09-24 20:47:30.810523,0 days 00:00:44.527275,42,False,3,0.4,33,221,272.0,121.0,COMPLETE
49,0.9845874905586243,2023-09-24 20:47:30.811556,2023-09-24 20:48:30.378272,0 days 00:00:59.566716,51,True,3,0.4,28,241,250.0,50.0,COMPLETE
50,0.985494077205658,2023-09-24 20:48:30.379463,2023-09-24 20:50:26.650259,0 days 00:01:56.270796,24,True,3,0.4,58,198,299.0,180.0,COMPLETE
51,0.9773345589637756,2023-09-24 20:50:26.652554,2023-09-24 20:51:05.446238,0 days 00:00:38.793684,89,True,3,0.3,44,139,201.0,120.0,COMPLETE
52,0.9791477918624878,2023-09-24 20:51:05.446794,2023-09-24 20:52:08.046830,0 days 00:01:02.600036,59,True,3,0.5,38,149,229.0,62.0,COMPLETE
53,0.9809610247612,2023-09-24 20:52:08.049278,2023-09-24 20:52:56.767092,0 days 00:00:48.717814,121,True,2,0.0,79,82,212.0,,COMPLETE
54,0.9918404221534729,2023-09-24 20:52:56.767815,2023-09-24 20:54:11.037012,0 days 00:01:14.269197,113,True,3,0.3,64,215,46.0,149.0,COMPLETE
55,0.9782411456108093,2023-09-24 20:54:11.037829,2023-09-24 20:55:08.191053,0 days 00:00:57.153224,113,True,3,0.3,51,216,61.0,152.0,COMPLETE
56,0.9800543785095215,2023-09-24 20:55:08.191776,2023-09-24 20:56:15.353941,0 days 00:01:07.162165,101,True,3,0.3,72,180,320.0,108.0,COMPLETE
57,0.9691749811172485,2023-09-24 20:56:15.355581,2023-09-24 20:56:54.596565,0 days 00:00:39.240984,124,True,3,0.3,58,229,50.0,192.0,COMPLETE
58,0.9700815677642822,2023-09-24 20:56:54.597241,2023-09-24 20:57:30.665079,0 days 00:00:36.067838,110,True,3,0.3,85,257,38.0,80.0,COMPLETE
59,0.9809610247612,2023-09-24 20:57:30.666880,2023-09-24 20:58:23.330582,0 days 00:00:52.663702,48,True,3,0.2,66,158,143.0,137.0,COMPLETE
60,0.989120602607727,2023-09-24 20:58:23.331595,2023-09-24 21:00:21.353434,0 days 00:01:58.021839,118,True,3,0.3,48,202,192.0,173.0,COMPLETE
61,0.9873073697090149,2023-09-24 21:00:21.355683,2023-09-24 21:01:48.817112,0 days 00:01:27.461429,117,True,3,0.3,48,199,197.0,169.0,COMPLETE
62,0.9791477918624878,2023-09-24 21:01:48.818470,2023-09-24 21:02:54.030719,0 days 00:01:05.212249,103,True,3,0.3,43,237,173.0,214.0,COMPLETE
63,0.9637352824211121,2023-09-24 21:02:54.033352,2023-09-24 21:03:11.774089,0 days 00:00:17.740737,108,True,3,0.3,1,183,184.0,104.0,COMPLETE
64,0.9836808443069458,2023-09-24 21:03:11.774731,2023-09-24 21:04:13.147616,0 days 00:01:01.372885,120,True,3,0.3,62,213,238.0,134.0,COMPLETE
65,0.9691749811172485,2023-09-24 21:04:13.150188,2023-09-24 21:05:01.851877,0 days 00:00:48.701689,125,True,3,0.1,40,248,217.0,48.0,COMPLETE
66,0.9791477918624878,2023-09-24 21:05:01.852616,2023-09-24 21:05:44.891903,0 days 00:00:43.039287,94,True,3,0.3,69,222,162.0,78.0,COMPLETE
67,0.9211242198944092,2023-09-24 21:05:44.892752,2023-09-24 21:06:18.185236,0 days 00:00:33.292484,113,False,3,0.3,50,203,271.0,227.0,COMPLETE
68,0.9655485153198242,2023-09-24 21:06:18.186648,2023-09-24 21:07:11.991698,0 days 00:00:53.805050,66,True,3,0.4,76,265,251.0,27.0,COMPLETE
69,0.989120602607727,2023-09-24 21:07:11.992406,2023-09-24 21:08:34.078749,0 days 00:01:22.086343,42,True,3,0.3,81,192,22.0,158.0,COMPLETE
70,0.9737080931663513,2023-09-24 21:08:34.082583,2023-09-24 21:09:20.688808,0 days 00:00:46.606225,39,True,3,0.3,81,188,22.0,162.0,COMPLETE
71,0.9782411456108093,2023-09-24 21:09:20.689811,2023-09-24 21:11:10.104070,0 days 00:01:49.414259,45,True,3,0.3,73,167,19.0,180.0,COMPLETE
72,0.9728014469146729,2023-09-24 21:11:10.111170,2023-09-24 21:11:46.953509,0 days 00:00:36.842339,55,True,3,0.3,76,206,36.0,118.0,COMPLETE
73,0.9900271892547607,2023-09-24 21:11:46.954191,2023-09-24 21:13:26.876272,0 days 00:01:39.922081,28,True,3,0.1,36,177,5.0,148.0,COMPLETE
74,0.9582955837249756,2023-09-24 21:13:26.879049,2023-09-24 21:14:06.426695,0 days 00:00:39.547646,29,True,3,0.3,82,177,1.0,154.0,COMPLETE
75,0.9882139563560486,2023-09-24 21:14:06.427767,2023-09-24 21:15:31.274271,0 days 00:01:24.846504,35,True,3,0.2,17,193,31.0,141.0,COMPLETE
76,0.9791477918624878,2023-09-24 21:15:31.281090,2023-09-24 21:16:22.196620,0 days 00:00:50.915530,22,True,3,0.3,88,227,8.0,177.0,COMPLETE
77,0.9900271892547607,2023-09-24 21:16:22.197294,2023-09-24 21:17:14.453916,0 days 00:00:52.256622,15,True,3,0.5,69,214,63.0,146.0,COMPLETE
78,0.9156845211982727,2023-09-24 21:17:14.455326,2023-09-24 21:17:52.217810,0 days 00:00:37.762484,12,False,3,0.5,68,217,66.0,153.0,COMPLETE
79,0.9882139563560486,2023-09-24 21:17:52.219186,2023-09-24 21:18:53.858390,0 days 00:01:01.639204,15,True,3,0.5,78,238,51.0,129.0,COMPLETE
80,0.9800543785095215,2023-09-24 21:18:53.859891,2023-09-24 21:20:12.546553,0 days 00:01:18.686662,5,True,3,0.5,86,282,12.0,193.0,COMPLETE
81,0.9809610247612,2023-09-24 21:20:12.552978,2023-09-24 21:20:58.482928,0 days 00:00:45.929950,47,True,3,0.5,71,211,27.0,144.0,COMPLETE
82,0.9773345589637756,2023-09-24 21:20:58.484146,2023-09-24 21:21:36.010628,0 days 00:00:37.526482,28,True,3,0.1,63,170,72.0,106.0,COMPLETE
83,0.989120602607727,2023-09-24 21:21:36.011264,2023-09-24 21:23:40.164648,0 days 00:02:04.153384,19,True,3,0.3,56,184,283.0,91.0,COMPLETE
84,0.9755213260650635,2023-09-24 21:23:40.169025,2023-09-24 21:24:23.022820,0 days 00:00:42.853795,18,True,3,0.3,57,186,44.0,92.0,COMPLETE
85,0.985494077205658,2023-09-24 21:24:23.024895,2023-09-24 21:25:36.443421,0 days 00:01:13.418526,6,True,3,0.3,61,196,310.0,118.0,COMPLETE
86,0.9782411456108093,2023-09-24 21:25:36.443999,2023-09-24 21:26:44.909685,0 days 00:01:08.465686,18,True,3,0.3,68,224,286.0,164.0,COMPLETE
87,0.974614679813385,2023-09-24 21:26:44.911024,2023-09-24 21:27:36.333528,0 days 00:00:51.422504,26,True,3,0.3,54,205,295.0,129.0,COMPLETE
88,0.9845874905586243,2023-09-24 21:27:36.334162,2023-09-24 21:28:38.155920,0 days 00:01:01.821758,33,True,3,0.3,74,158,194.0,81.0,COMPLETE
89,0.9927470684051514,2023-09-24 21:28:38.158698,2023-09-24 21:31:19.551040,0 days 00:02:41.392342,13,True,3,0.1,65,234,210.0,171.0,COMPLETE
90,0.9836808443069458,2023-09-24 21:31:19.556463,2023-09-24 21:32:24.475726,0 days 00:01:04.919263,10,True,3,0.1,64,253,127.0,172.0,COMPLETE
91,0.9873073697090149,2023-09-24 21:32:24.477372,2023-09-24 21:34:03.610408,0 days 00:01:39.133036,18,True,3,0.1,65,244,213.0,146.0,COMPLETE
92,0.9800543785095215,2023-09-24 21:34:03.613123,2023-09-24 21:34:59.288942,0 days 00:00:55.675819,13,True,3,0.1,70,209,231.0,188.0,COMPLETE
93,0.9773345589637756,2023-09-24 21:34:59.289891,2023-09-24 21:35:48.388773,0 days 00:00:49.098882,15,True,3,0.1,60,236,9.0,202.0,COMPLETE
94,0.9882139563560486,2023-09-24 21:35:48.390146,2023-09-24 21:37:51.420054,0 days 00:02:03.029908,39,True,3,0.3,76,232,164.0,161.0,COMPLETE
95,0.5222121477127075,2023-09-24 21:37:51.424923,2023-09-24 21:38:21.788061,0 days 00:00:30.363138,106,False,3,0.5,56,217,207.0,96.0,COMPLETE
96,0.9936536550521851,2023-09-24 21:38:21.789086,2023-09-24 21:40:35.136578,0 days 00:02:13.347492,2,True,3,0.3,35,199,17.0,115.0,COMPLETE
97,0.985494077205658,2023-09-24 21:40:35.139365,2023-09-24 21:41:38.633242,0 days 00:01:03.493877,2,True,3,0.3,25,193,24.0,125.0,COMPLETE
98,0.9873073697090149,2023-09-24 21:41:38.636039,2023-09-24 21:42:48.409568,0 days 00:01:09.773529,5,True,3,0.1,36,183,31.0,148.0,COMPLETE
99,0.9882139563560486,2023-09-24 21:42:48.410940,2023-09-24 21:44:17.589824,0 days 00:01:29.178884,24,True,3,0.2,42,201,14.0,104.0,COMPLETE
100,0.9909338355064392,2023-09-24 21:44:17.592746,2023-09-24 21:45:30.046788,0 days 00:01:12.454042,9,True,3,0.3,31,150,42.0,74.0,COMPLETE
101,0.9882139563560486,2023-09-24 21:45:30.054136,2023-09-24 21:46:41.110672,0 days 00:01:11.056536,8,True,3,0.3,33,164,43.0,70.0,COMPLETE
102,0.989120602607727,2023-09-24 21:46:41.113405,2023-09-24 21:47:52.591252,0 days 00:01:11.477847,1,True,3,0.3,27,152,57.0,85.0,COMPLETE
103,0.9873073697090149,2023-09-24 21:47:52.593154,2023-09-24 21:49:07.543109,0 days 00:01:14.949955,9,True,3,0.3,26,151,57.0,82.0,COMPLETE
104,0.9918404221534729,2023-09-24 21:49:07.546095,2023-09-24 21:50:26.551029,0 days 00:01:19.004934,2,True,3,0.3,21,151,75.0,67.0,COMPLETE
105,0.9918404221534729,2023-09-24 21:50:26.555433,2023-09-24 21:51:44.471882,0 days 00:01:17.916449,21,True,3,0.3,22,127,77.0,72.0,COMPLETE
106,0.9873073697090149,2023-09-24 21:51:44.476142,2023-09-24 21:52:53.207444,0 days 00:01:08.731302,7,True,3,0.3,13,124,80.0,33.0,COMPLETE
107,0.9864007234573364,2023-09-24 21:52:53.209818,2023-09-24 21:53:43.357195,0 days 00:00:50.147377,14,True,3,0.3,23,143,96.0,54.0,COMPLETE
108,0.985494077205658,2023-09-24 21:53:43.358411,2023-09-24 21:54:28.503053,0 days 00:00:45.144642,4,True,3,0.1,23,126,74.0,65.0,COMPLETE
109,0.9845874905586243,2023-09-24 21:54:28.503644,2023-09-24 21:55:30.757803,0 days 00:01:02.254159,21,True,3,0.3,29,138,113.0,303.0,COMPLETE
110,0.9864007234573364,2023-09-24 21:55:30.760792,2023-09-24 21:56:42.310939,0 days 00:01:11.550147,11,True,3,0.5,30,191,45.0,73.0,COMPLETE
111,0.9827742576599121,2023-09-24 21:56:42.317340,2023-09-24 21:57:31.434058,0 days 00:00:49.116718,20,True,3,0.3,17,173,67.0,57.0,COMPLETE
112,0.989120602607727,2023-09-24 21:57:31.434697,2023-09-24 21:58:31.458395,0 days 00:01:00.023698,16,True,3,0.3,18,112,89.0,44.0,COMPLETE
113,0.9827742576599121,2023-09-24 21:58:31.459499,2023-09-24 21:59:36.761220,0 days 00:01:05.301721,10,True,3,0.3,31,161,37.0,171.0,COMPLETE
114,0.989120602607727,2023-09-24 21:59:36.761799,2023-09-24 22:00:50.238476,0 days 00:01:13.476677,2,True,3,0.3,35,183,18.0,93.0,COMPLETE
115,0.985494077205658,2023-09-24 22:00:50.243369,2023-09-24 22:01:20.022756,0 days 00:00:29.779387,25,True,1,0.3,24,171,,,COMPLETE
116,0.5222121477127075,2023-09-24 22:01:20.023417,2023-09-24 22:01:38.187905,0 days 00:00:18.164488,17,False,3,0.3,20,179,1.0,112.0,COMPLETE
117,0.9818676114082336,2023-09-24 22:01:38.188504,2023-09-24 22:02:15.988655,0 days 00:00:37.800151,30,True,3,0.3,11,198,28.0,157.0,COMPLETE
118,0.985494077205658,2023-09-24 22:02:15.991361,2023-09-24 22:03:07.072517,0 days 00:00:51.081156,13,True,3,0.1,45,132,63.0,137.0,COMPLETE
119,0.9809610247612,2023-09-24 22:03:07.073194,2023-09-24 22:04:07.137598,0 days 00:01:00.064404,4,True,3,0.3,9,146,50.0,282.0,COMPLETE
120,0.9864007234573364,2023-09-24 22:04:07.139768,2023-09-24 22:06:10.194538,0 days 00:02:03.054770,113,True,3,0.3,59,314,38.0,185.0,COMPLETE
121,0.9900271892547607,2023-09-24 22:06:10.197593,2023-09-24 22:07:40.565287,0 days 00:01:30.367694,2,True,3,0.3,27,152,54.0,73.0,COMPLETE
122,0.985494077205658,2023-09-24 22:07:40.631223,2023-09-24 22:08:35.746708,0 days 00:00:55.115485,1,True,3,0.3,39,157,77.0,76.0,COMPLETE
123,0.985494077205658,2023-09-24 22:08:35.747975,2023-09-24 22:09:52.579009,0 days 00:01:16.831034,7,True,3,0.3,37,212,301.0,64.0,COMPLETE
124,0.9900271892547607,2023-09-24 22:09:52.582551,2023-09-24 22:11:06.325797,0 days 00:01:13.743246,20,True,3,0.2,32,188,70.0,89.0,COMPLETE
125,0.9882139563560486,2023-09-24 22:11:06.332180,2023-09-24 22:12:13.178708,0 days 00:01:06.846528,11,True,3,0.2,32,167,70.0,165.0,COMPLETE
126,0.9873073697090149,2023-09-24 22:12:13.180217,2023-09-24 22:13:09.820969,0 days 00:00:56.640752,27,True,3,0.2,22,117,93.0,99.0,COMPLETE
127,0.9709882140159607,2023-09-24 22:13:09.821772,2023-09-24 22:13:46.936549,0 days 00:00:37.114777,8,True,3,0.2,35,202,62.0,69.0,COMPLETE
128,0.9918404221534729,2023-09-24 22:13:46.937130,2023-09-24 22:15:03.598536,0 days 00:01:16.661406,81,True,3,0.2,27,190,82.0,85.0,COMPLETE
129,0.9900271892547607,2023-09-24 22:15:03.602497,2023-09-24 22:16:30.818076,0 days 00:01:27.215579,117,True,3,0.2,28,100,83.0,75.0,COMPLETE
130,0.9836808443069458,2023-09-24 22:16:30.825645,2023-09-24 22:17:25.187061,0 days 00:00:54.361416,4,True,3,0.2,28,88,81.0,87.0,COMPLETE
131,0.9864007234573364,2023-09-24 22:17:25.188250,2023-09-24 22:18:23.898824,0 days 00:00:58.710574,117,True,3,0.2,30,73,56.0,76.0,COMPLETE
132,0.9827742576599121,2023-09-24 22:18:23.899499,2023-09-24 22:19:13.433582,0 days 00:00:49.534083,122,True,3,0.2,27,134,102.0,50.0,COMPLETE
133,0.9864007234573364,2023-09-24 22:19:13.434599,2023-09-24 22:20:16.476461,0 days 00:01:03.041862,84,True,3,0.2,20,100,88.0,61.0,COMPLETE
134,0.9800543785095215,2023-09-24 22:20:16.479610,2023-09-24 22:21:02.380538,0 days 00:00:45.900928,109,True,3,0.2,25,154,77.0,86.0,COMPLETE
135,0.974614679813385,2023-09-24 22:21:02.381156,2023-09-24 22:21:55.080563,0 days 00:00:52.699407,114,True,3,0.2,30,38,139.0,111.0,COMPLETE
136,0.9818676114082336,2023-09-24 22:21:55.081817,2023-09-24 22:22:48.485479,0 days 00:00:53.403662,100,True,3,0.2,33,218,84.0,100.0,COMPLETE
137,0.919310986995697,2023-09-24 22:22:48.486876,2023-09-24 22:23:15.961659,0 days 00:00:27.474783,126,False,3,0.5,21,178,113.0,72.0,COMPLETE
138,0.9873073697090149,2023-09-24 22:23:15.962288,2023-09-24 22:24:12.293495,0 days 00:00:56.331207,117,True,3,0.2,15,58,50.0,82.0,COMPLETE
139,0.9882139563560486,2023-09-24 22:24:12.295035,2023-09-24 22:25:24.834809,0 days 00:01:12.539774,119,True,3,0.0,28,226,152.0,56.0,COMPLETE
140,0.9864007234573364,2023-09-24 22:25:24.838063,2023-09-24 22:26:33.462280,0 days 00:01:08.624217,63,True,3,0.1,41,188,102.0,177.0,COMPLETE
141,0.9782411456108093,2023-09-24 22:26:33.463786,2023-09-24 22:27:10.716725,0 days 00:00:37.252939,23,True,3,0.2,92,198,70.0,142.0,COMPLETE
142,0.9737080931663513,2023-09-24 22:27:10.719002,2023-09-24 22:27:48.733049,0 days 00:00:38.014047,13,True,3,0.3,32,187,43.0,151.0,COMPLETE
143,0.9845874905586243,2023-09-24 22:27:48.734488,2023-09-24 22:28:41.270161,0 days 00:00:52.535673,6,True,3,0.5,25,205,15.0,159.0,COMPLETE
144,0.9773345589637756,2023-09-24 22:28:41.271568,2023-09-24 22:29:29.979211,0 days 00:00:48.707643,21,True,3,0.1,34,108,7.0,66.0,COMPLETE
145,0.9864007234573364,2023-09-24 22:29:29.979850,2023-09-24 22:30:34.500107,0 days 00:01:04.520257,111,True,3,0.3,67,165,32.0,38.0,COMPLETE
146,0.9882139563560486,2023-09-24 22:30:34.503384,2023-09-24 22:31:31.191407,0 days 00:00:56.688023,3,True,3,0.3,18,192,58.0,132.0,COMPLETE
147,0.9873073697090149,2023-09-24 22:31:31.192199,2023-09-24 22:32:38.253769,0 days 00:01:07.061570,90,True,3,0.4,36,210,65.0,173.0,COMPLETE
148,0.9845874905586243,2023-09-24 22:32:38.254429,2023-09-24 22:33:27.588465,0 days 00:00:49.334036,77,True,3,0.2,26,173,22.0,89.0,COMPLETE
149,0.9864007234573364,2023-09-24 22:33:27.589409,2023-09-24 22:34:22.695110,0 days 00:00:55.105701,15,True,3,0.3,23,215,46.0,78.0,COMPLETE
150,0.9909338355064392,2023-09-24 22:34:22.696488,2023-09-24 22:36:03.235214,0 days 00:01:40.538726,10,True,3,0.1,31,194,74.0,15.0,COMPLETE
151,0.9909338355064392,2023-09-24 22:36:03.238649,2023-09-24 22:37:26.682761,0 days 00:01:23.444112,8,True,3,0.1,31,193,76.0,23.0,COMPLETE
152,0.989120602607727,2023-09-24 22:37:26.687255,2023-09-24 22:38:38.047131,0 days 00:01:11.359876,10,True,3,0.1,31,197,95.0,23.0,COMPLETE
153,0.9637352824211121,2023-09-24 22:38:38.050472,2023-09-24 22:39:09.242394,0 days 00:00:31.191922,9,True,3,0.1,29,202,73.0,6.0,COMPLETE
154,0.8612874150276184,2023-09-24 22:39:09.243028,2023-09-24 22:39:41.036026,0 days 00:00:31.792998,6,True,3,0.1,37,180,87.0,14.0,COMPLETE
