number,value,datetime_start,datetime_complete,duration,params_batch_size,params_bidirectional,params_depth,params_drop_out,params_epochs,params_lstm_units_0,params_lstm_units_1,params_lstm_units_2,state
155,0.9873073697090149,2023-09-24 22:39:41.037992,2023-09-24 22:40:24.719254,0 days 00:00:43.681262,12,True,3,0.1,33,147,80.0,17.0,COMPLETE
156,0.9954668879508972,2023-09-24 22:40:24.719919,2023-09-24 22:41:56.278210,0 days 00:01:31.558291,1,True,3,0.1,27,191,53.0,29.0,COMPLETE
157,0.9864007234573364,2023-09-24 22:41:56.281374,2023-09-24 22:42:49.961190,0 days 00:00:53.679816,1,True,3,0.1,28,187,67.0,13.0,COMPLETE
158,0.9592021703720093,2023-09-24 22:42:49.962490,2023-09-24 22:43:20.597000,0 days 00:00:30.634510,8,True,3,0.1,31,175,53.0,1.0,COMPLETE
159,0.9873073697090149,2023-09-24 22:43:20.597591,2023-09-24 22:44:26.247358,0 days 00:01:05.649767,4,True,3,0.1,26,193,62.0,23.0,COMPLETE
160,0.567543089389801,2023-09-24 22:44:26.250938,2023-09-24 22:44:48.573727,0 days 00:00:22.322789,16,False,3,0.1,22,162,74.0,34.0,COMPLETE
161,0.9864007234573364,2023-09-24 22:44:48.574362,2023-09-24 22:45:43.769452,0 days 00:00:55.195090,5,True,3,0.1,29,206,56.0,124.0,COMPLETE
162,0.9800543785095215,2023-09-24 22:45:43.772806,2023-09-24 22:46:21.368317,0 days 00:00:37.595511,1,True,3,0.1,39,181,82.0,30.0,COMPLETE
163,0.9782411456108093,2023-09-24 22:46:21.368970,2023-09-24 22:46:58.090641,0 days 00:00:36.721671,19,True,3,0.1,72,210,69.0,51.0,COMPLETE
164,0.9791477918624878,2023-09-24 22:46:58.093765,2023-09-24 22:47:40.607998,0 days 00:00:42.514233,8,True,3,0.1,34,139,175.0,41.0,COMPLETE
165,0.9836808443069458,2023-09-24 22:47:40.608715,2023-09-24 22:48:37.888311,0 days 00:00:57.279596,11,True,3,0.5,25,196,40.0,95.0,COMPLETE
166,0.9791477918624878,2023-09-24 22:48:37.891621,2023-09-24 22:49:41.629894,0 days 00:01:03.738273,3,True,3,0.0,66,220,49.0,72.0,COMPLETE
167,0.9882139563560486,2023-09-24 22:49:41.631712,2023-09-24 22:50:53.477360,0 days 00:01:11.845648,96,True,3,0.1,63,190,64.0,167.0,COMPLETE
168,0.9782411456108093,2023-09-24 22:50:53.480157,2023-09-24 22:51:32.299208,0 days 00:00:38.819051,14,True,3,0.2,70,171,75.0,196.0,COMPLETE
169,0.9918404221534729,2023-09-24 22:51:32.300626,2023-09-24 22:53:04.030442,0 days 00:01:31.729816,121,True,3,0.3,27,201,94.0,61.0,COMPLETE
170,0.9864007234573364,2023-09-24 22:53:04.033293,2023-09-24 22:53:54.917906,0 days 00:00:50.884613,122,True,3,0.3,100,184,92.0,63.0,COMPLETE
171,0.9864007234573364,2023-09-24 22:53:54.918534,2023-09-24 22:55:03.759769,0 days 00:01:08.841235,120,True,3,0.3,27,200,86.0,77.0,COMPLETE
172,0.9873073697090149,2023-09-24 22:55:03.761071,2023-09-24 22:56:04.301357,0 days 00:01:00.540286,115,True,3,0.3,31,231,98.0,59.0,COMPLETE
173,0.9827742576599121,2023-09-24 22:56:04.301978,2023-09-24 22:56:50.967079,0 days 00:00:46.665101,117,True,3,0.3,24,207,78.0,84.0,COMPLETE
174,0.9864007234573364,2023-09-24 22:56:50.967868,2023-09-24 22:57:52.228573,0 days 00:01:01.260705,71,True,3,0.3,29,196,61.0,69.0,COMPLETE
175,0.9773345589637756,2023-09-24 22:57:52.229943,2023-09-24 22:58:39.740489,0 days 00:00:47.510546,6,True,3,0.3,35,203,254.0,47.0,COMPLETE
176,0.989120602607727,2023-09-24 22:58:39.741513,2023-09-24 23:00:20.736687,0 days 00:01:40.995174,126,True,3,0.1,19,215,121.0,101.0,COMPLETE
177,0.985494077205658,2023-09-24 23:00:20.740657,2023-09-24 23:01:17.887194,0 days 00:00:57.146537,123,True,3,0.2,22,120,70.0,148.0,COMPLETE
178,0.9673617482185364,2023-09-24 23:01:17.887837,2023-09-24 23:01:53.845768,0 days 00:00:35.957931,9,True,3,0.5,32,186,52.0,18.0,COMPLETE
179,0.9800543785095215,2023-09-24 23:01:53.847789,2023-09-24 23:02:49.244673,0 days 00:00:55.396884,3,True,3,0.4,27,153,85.0,94.0,COMPLETE
180,0.9845874905586243,2023-09-24 23:02:49.245294,2023-09-24 23:03:46.479178,0 days 00:00:57.233884,113,True,3,0.3,16,178,193.0,81.0,COMPLETE
181,0.9809610247612,2023-09-24 23:03:46.480579,2023-09-24 23:04:39.126335,0 days 00:00:52.645756,17,True,3,0.3,30,193,11.0,157.0,COMPLETE
182,0.9936536550521851,2023-09-24 23:04:39.126986,2023-09-24 23:06:09.459030,0 days 00:01:30.332044,22,True,3,0.3,25,189,28.0,142.0,COMPLETE
183,0.9882139563560486,2023-09-24 23:06:09.460347,2023-09-24 23:07:10.129611,0 days 00:01:00.669264,23,True,3,0.3,25,200,35.0,139.0,COMPLETE
184,0.9256572723388672,2023-09-24 23:07:10.131755,2023-09-24 23:08:06.491532,0 days 00:00:56.359777,20,True,3,0.3,21,189,222.0,145.0,COMPLETE
185,0.9800543785095215,2023-09-24 23:08:06.492234,2023-09-24 23:08:39.507566,0 days 00:00:33.015332,119,True,1,0.3,27,223,,,COMPLETE
186,0.9827742576599121,2023-09-24 23:08:39.508986,2023-09-24 23:09:44.299651,0 days 00:01:04.790665,107,True,3,0.3,24,167,24.0,133.0,COMPLETE
187,0.9864007234573364,2023-09-24 23:09:44.300675,2023-09-24 23:10:46.850145,0 days 00:01:02.549470,26,True,3,0.2,69,182,40.0,184.0,COMPLETE
188,0.9909338355064392,2023-09-24 23:10:46.851815,2023-09-24 23:12:15.939902,0 days 00:01:29.088087,12,True,3,0.1,33,208,274.0,7.0,COMPLETE
189,0.5222121477127075,2023-09-24 23:12:15.942818,2023-09-24 23:12:41.470213,0 days 00:00:25.527395,13,False,3,0.1,32,209,308.0,1.0,COMPLETE
190,0.9809610247612,2023-09-24 23:12:41.471210,2023-09-24 23:13:31.996166,0 days 00:00:50.524956,15,True,3,0.1,29,95,32.0,115.0,COMPLETE
191,0.9782411456108093,2023-09-24 23:13:31.999030,2023-09-24 23:14:22.133080,0 days 00:00:50.134050,7,True,3,0.1,34,197,241.0,6.0,COMPLETE
192,0.9900271892547607,2023-09-24 23:14:22.133713,2023-09-24 23:16:13.548748,0 days 00:01:51.415035,1,True,3,0.1,37,205,181.0,152.0,COMPLETE
193,0.974614679813385,2023-09-24 23:16:13.551701,2023-09-24 23:17:00.174488,0 days 00:00:46.622787,1,True,3,0.1,35,206,277.0,9.0,COMPLETE
194,0.9791477918624878,2023-09-24 23:17:00.175207,2023-09-24 23:17:45.805728,0 days 00:00:45.630521,11,True,3,0.1,38,128,183.0,27.0,COMPLETE
195,0.9845874905586243,2023-09-24 23:17:45.806580,2023-09-24 23:18:24.370073,0 days 00:00:38.563493,3,True,3,0.1,37,216,57.0,149.0,COMPLETE
196,0.9818676114082336,2023-09-24 23:18:24.372090,2023-09-24 23:19:31.576100,0 days 00:01:07.204010,7,True,3,0.1,32,191,315.0,77.0,COMPLETE
197,0.9845874905586243,2023-09-24 23:19:31.577534,2023-09-24 23:20:26.551996,0 days 00:00:54.974462,18,True,3,0.1,28,147,76.0,89.0,COMPLETE
198,0.9764279127120972,2023-09-24 23:20:26.553353,2023-09-24 23:21:15.826328,0 days 00:00:49.272975,4,True,3,0.1,30,73,5.0,65.0,COMPLETE
199,0.9610154032707214,2023-09-24 23:21:15.826995,2023-09-24 23:22:07.709256,0 days 00:00:51.882261,1,True,3,0.1,23,211,289.0,154.0,COMPLETE
200,0.9873073697090149,2023-09-24 23:22:07.712871,2023-09-24 23:23:26.382318,0 days 00:01:18.669447,10,True,3,0.2,26,158,16.0,12.0,COMPLETE
201,0.9882139563560486,2023-09-24 23:23:26.383819,2023-09-24 23:24:26.755227,0 days 00:01:00.371408,111,True,3,0.3,33,203,67.0,163.0,COMPLETE
202,0.989120602607727,2023-09-24 23:24:26.758356,2023-09-24 23:26:31.683409,0 days 00:02:04.925053,6,True,3,0.3,46,198,267.0,174.0,COMPLETE
203,0.989120602607727,2023-09-24 23:26:31.687369,2023-09-24 23:27:30.502255,0 days 00:00:58.814886,21,True,3,0.3,40,186,198.0,71.0,COMPLETE
204,0.9827742576599121,2023-09-24 23:27:30.503993,2023-09-24 23:28:19.763202,0 days 00:00:49.259209,79,True,3,0.5,42,196,170.0,141.0,COMPLETE
205,0.9818676114082336,2023-09-24 23:28:19.763840,2023-09-24 23:29:17.100815,0 days 00:00:57.336975,12,True,3,0.3,36,204,209.0,20.0,COMPLETE
206,0.9809610247612,2023-09-24 23:29:17.104527,2023-09-24 23:30:01.031559,0 days 00:00:43.927032,117,True,3,0.0,30,177,189.0,82.0,COMPLETE
207,0.9764279127120972,2023-09-24 23:30:01.032276,2023-09-24 23:30:49.445148,0 days 00:00:48.412872,5,True,3,0.1,68,192,167.0,107.0,COMPLETE
208,0.9809610247612,2023-09-24 23:30:49.445971,2023-09-24 23:31:58.072579,0 days 00:01:08.626608,15,True,3,0.3,52,221,296.0,168.0,COMPLETE
209,0.9864007234573364,2023-09-24 23:31:58.074044,2023-09-24 23:33:09.911800,0 days 00:01:11.837756,8,True,3,0.2,28,210,179.0,56.0,COMPLETE
210,0.989120602607727,2023-09-24 23:33:09.915817,2023-09-24 23:34:32.858429,0 days 00:01:22.942612,1,True,3,0.1,65,185,46.0,73.0,COMPLETE
211,0.985494077205658,2023-09-24 23:34:32.863347,2023-09-24 23:35:40.823591,0 days 00:01:07.960244,29,True,3,0.3,31,192,19.0,159.0,COMPLETE
212,0.9718948602676392,2023-09-24 23:35:40.825580,2023-09-24 23:36:24.547888,0 days 00:00:43.722308,42,True,3,0.3,50,202,82.0,165.0,COMPLETE
213,0.9755213260650635,2023-09-24 23:36:24.549302,2023-09-24 23:37:02.460557,0 days 00:00:37.911255,115,True,3,0.3,26,194,28.0,149.0,COMPLETE
214,0.9909338355064392,2023-09-24 23:37:02.461247,2023-09-24 23:38:07.372962,0 days 00:01:04.911715,24,True,3,0.3,80,186,72.0,153.0,COMPLETE
215,0.9918404221534729,2023-09-24 23:38:07.374859,2023-09-24 23:39:25.799438,0 days 00:01:18.424579,24,True,3,0.3,74,174,156.0,146.0,COMPLETE
216,0.9782411456108093,2023-09-24 23:39:25.800918,2023-09-24 23:40:02.932973,0 days 00:00:37.132055,21,True,3,0.3,77,177,72.0,140.0,COMPLETE
217,0.9845874905586243,2023-09-24 23:40:02.934438,2023-09-24 23:40:51.504419,0 days 00:00:48.569981,32,True,3,0.3,74,171,146.0,130.0,COMPLETE
218,0.9818676114082336,2023-09-24 23:40:51.505827,2023-09-24 23:41:32.683957,0 days 00:00:41.178130,24,True,3,0.1,72,163,62.0,152.0,COMPLETE
219,0.9873073697090149,2023-09-24 23:41:32.684657,2023-09-24 23:42:33.200293,0 days 00:01:00.515636,24,True,3,0.3,80,182,53.0,136.0,COMPLETE
220,0.9864007234573364,2023-09-24 23:42:33.201082,2023-09-24 23:43:44.183463,0 days 00:01:10.982381,16,True,3,0.4,87,141,90.0,145.0,COMPLETE
221,0.9773345589637756,2023-09-24 23:43:44.186281,2023-09-24 23:44:21.920641,0 days 00:00:37.734360,26,True,3,0.3,70,186,79.0,154.0,COMPLETE
222,0.9936536550521851,2023-09-24 23:44:21.921480,2023-09-24 23:45:56.493543,0 days 00:01:34.572063,19,True,3,0.3,34,174,161.0,87.0,COMPLETE
223,0.9864007234573364,2023-09-24 23:45:56.494680,2023-09-24 23:47:02.923351,0 days 00:01:06.428671,18,True,3,0.3,34,172,70.0,86.0,COMPLETE
224,0.9909338355064392,2023-09-24 23:47:02.925103,2023-09-24 23:48:32.535694,0 days 00:01:29.610591,22,True,3,0.3,82,178,138.0,92.0,COMPLETE
225,0.9882139563560486,2023-09-24 23:48:32.538209,2023-09-24 23:49:40.038652,0 days 00:01:07.500443,23,True,3,0.3,81,175,158.0,91.0,COMPLETE
226,0.7207615375518799,2023-09-24 23:49:40.041249,2023-09-24 23:49:58.666060,0 days 00:00:18.624811,20,False,3,0.3,82,168,131.0,98.0,COMPLETE
227,0.9709882140159607,2023-09-24 23:49:58.666705,2023-09-24 23:50:29.146993,0 days 00:00:30.480288,26,True,3,0.3,24,180,153.0,80.0,COMPLETE
228,0.9864007234573364,2023-09-24 23:50:29.147689,2023-09-24 23:51:17.720058,0 days 00:00:48.572369,28,True,3,0.3,74,155,60.0,66.0,COMPLETE
229,0.9845874905586243,2023-09-24 23:51:17.721470,2023-09-24 23:52:25.298479,0 days 00:01:07.577009,21,True,3,0.3,78,162,122.0,76.0,COMPLETE
230,0.985494077205658,2023-09-24 23:52:25.299946,2023-09-24 23:53:17.712361,0 days 00:00:52.412415,18,True,3,0.2,83,186,76.0,84.0,COMPLETE
231,0.9836808443069458,2023-09-24 23:53:17.713083,2023-09-24 23:54:10.130447,0 days 00:00:52.417364,19,True,3,0.3,84,189,137.0,71.0,COMPLETE
232,0.9836808443069458,2023-09-24 23:54:10.131987,2023-09-24 23:55:20.068488,0 days 00:01:09.936501,23,True,3,0.5,32,179,106.0,96.0,COMPLETE
233,0.9737080931663513,2023-09-24 23:55:20.069945,2023-09-24 23:56:03.875331,0 days 00:00:43.805386,13,True,3,0.1,36,194,163.0,87.0,COMPLETE
234,0.9773345589637756,2023-09-24 23:56:03.876996,2023-09-24 23:56:41.467472,0 days 00:00:37.590476,16,True,3,0.3,29,172,84.0,61.0,COMPLETE
235,0.985494077205658,2023-09-24 23:56:41.468305,2023-09-24 23:57:34.842116,0 days 00:00:53.373811,5,True,3,0.3,20,199,142.0,122.0,COMPLETE
236,0.9882139563560486,2023-09-24 23:57:34.844169,2023-09-24 23:58:33.837217,0 days 00:00:58.993048,10,True,3,0.1,34,180,150.0,145.0,COMPLETE
237,0.9764279127120972,2023-09-24 23:58:33.837936,2023-09-24 23:59:13.353049,0 days 00:00:39.515113,22,True,3,0.2,67,149,157.0,24.0,COMPLETE
238,0.9900271892547607,2023-09-24 23:59:13.353732,2023-09-25 00:00:30.030331,0 days 00:01:16.676599,13,True,3,0.3,28,248,66.0,32.0,COMPLETE
239,0.9873073697090149,2023-09-25 00:00:30.034425,2023-09-25 00:01:29.840616,0 days 00:00:59.806191,3,True,3,0.3,31,190,76.0,78.0,COMPLETE
240,0.9818676114082336,2023-09-25 00:01:29.841271,2023-09-25 00:02:24.207314,0 days 00:00:54.366043,17,True,3,0.1,22,186,46.0,246.0,COMPLETE
241,0.9827742576599121,2023-09-25 00:02:24.209142,2023-09-25 00:03:14.661547,0 days 00:00:50.452405,13,True,3,0.3,27,103,67.0,34.0,COMPLETE
242,0.9882139563560486,2023-09-25 00:03:14.662244,2023-09-25 00:04:11.737447,0 days 00:00:57.075203,9,True,3,0.3,28,253,63.0,27.0,COMPLETE
243,0.9845874905586243,2023-09-25 00:04:11.738737,2023-09-25 00:05:16.879599,0 days 00:01:05.140862,56,True,3,0.3,26,243,72.0,18.0,COMPLETE
244,0.985494077205658,2023-09-25 00:05:16.881288,2023-09-25 00:06:09.058630,0 days 00:00:52.177342,14,True,3,0.3,33,213,84.0,12.0,COMPLETE
245,0.9909338355064392,2023-09-25 00:06:09.059320,2023-09-25 00:07:41.790033,0 days 00:01:32.730713,20,True,3,0.3,30,268,56.0,91.0,COMPLETE
246,0.9700815677642822,2023-09-25 00:07:41.793459,2023-09-25 00:08:13.030812,0 days 00:00:31.237353,20,True,3,0.3,31,198,52.0,92.0,COMPLETE
247,0.9873073697090149,2023-09-25 00:08:13.031662,2023-09-25 00:09:26.386358,0 days 00:01:13.354696,87,True,3,0.1,85,206,55.0,107.0,COMPLETE
248,0.9900271892547607,2023-09-25 00:09:26.388040,2023-09-25 00:10:56.285700,0 days 00:01:29.897660,27,True,3,0.2,38,308,41.0,101.0,COMPLETE
249,0.9836808443069458,2023-09-25 00:10:56.291878,2023-09-25 00:11:51.566951,0 days 00:00:55.275073,21,True,3,0.3,30,182,57.0,86.0,COMPLETE
250,0.9691749811172485,2023-09-25 00:11:51.567629,2023-09-25 00:12:34.159122,0 days 00:00:42.591493,24,True,3,0.5,35,190,1.0,155.0,COMPLETE
251,0.9909338355064392,2023-09-25 00:12:34.160646,2023-09-25 00:13:59.491041,0 days 00:01:25.330395,1,True,3,0.0,62,135,78.0,76.0,COMPLETE
252,0.9927470684051514,2023-09-25 00:13:59.494901,2023-09-25 00:15:33.457553,0 days 00:01:33.962652,4,True,3,0.0,67,134,76.0,77.0,COMPLETE
253,0.9882139563560486,2023-09-25 00:15:33.460109,2023-09-25 00:17:05.395565,0 days 00:01:31.935456,3,True,3,0.0,63,273,73.0,68.0,COMPLETE
254,0.9927470684051514,2023-09-25 00:17:05.400037,2023-09-25 00:18:29.259824,0 days 00:01:23.859787,6,True,3,0.0,61,283,90.0,82.0,COMPLETE
255,0.9900271892547607,2023-09-25 00:18:29.264262,2023-09-25 00:19:43.126843,0 days 00:01:13.862581,6,True,3,0.0,64,287,92.0,80.0,COMPLETE
256,0.9927470684051514,2023-09-25 00:19:43.129538,2023-09-25 00:21:16.409396,0 days 00:01:33.279858,5,True,3,0.0,61,282,95.0,75.0,COMPLETE
257,0.8975521326065063,2023-09-25 00:21:16.411365,2023-09-25 00:21:42.514458,0 days 00:00:26.103093,5,False,3,0.0,62,268,99.0,318.0,COMPLETE
258,0.9909338355064392,2023-09-25 00:21:42.515764,2023-09-25 00:23:31.460820,0 days 00:01:48.945056,8,True,3,0.0,66,281,89.0,75.0,COMPLETE
259,0.9782411456108093,2023-09-25 00:23:31.465160,2023-09-25 00:24:09.931169,0 days 00:00:38.466009,8,True,3,0.0,61,278,91.0,74.0,COMPLETE
260,0.9827742576599121,2023-09-25 00:24:09.932233,2023-09-25 00:24:55.706043,0 days 00:00:45.773810,7,True,3,0.0,66,132,111.0,67.0,COMPLETE
261,0.985494077205658,2023-09-25 00:24:55.708238,2023-09-25 00:25:54.590540,0 days 00:00:58.882302,4,True,3,0.0,59,284,96.0,81.0,COMPLETE
262,0.9873073697090149,2023-09-25 00:25:54.591456,2023-09-25 00:26:57.914615,0 days 00:01:03.323159,128,True,3,0.0,61,296,89.0,92.0,COMPLETE
263,0.9900271892547607,2023-09-25 00:26:57.916647,2023-09-25 00:28:05.838227,0 days 00:01:07.921580,103,True,3,0.0,64,293,102.0,60.0,COMPLETE
264,0.9728014469146729,2023-09-25 00:28:05.838884,2023-09-25 00:28:48.226538,0 days 00:00:42.387654,9,True,3,0.0,67,263,81.0,86.0,COMPLETE
265,0.9818676114082336,2023-09-25 00:28:48.228945,2023-09-25 00:29:37.205455,0 days 00:00:48.976510,6,True,3,0.0,59,300,87.0,76.0,COMPLETE
266,0.9791477918624878,2023-09-25 00:29:37.206939,2023-09-25 00:30:26.051418,0 days 00:00:48.844479,1,True,3,0.0,65,281,81.0,71.0,COMPLETE
267,0.989120602607727,2023-09-25 00:30:26.054369,2023-09-25 00:31:41.636728,0 days 00:01:15.582359,11,True,3,0.0,57,289,94.0,79.0,COMPLETE
268,0.9111514091491699,2023-09-25 00:31:41.637775,2023-09-25 00:32:34.505838,0 days 00:00:52.868063,4,True,3,0.0,63,275,278.0,89.0,COMPLETE
269,0.989120602607727,2023-09-25 00:32:34.507167,2023-09-25 00:33:53.399071,0 days 00:01:18.891904,9,True,3,0.0,69,140,78.0,7.0,COMPLETE
270,0.9900271892547607,2023-09-25 00:33:53.404173,2023-09-25 00:35:33.222158,0 days 00:01:39.817985,62,True,3,0.0,61,125,85.0,66.0,COMPLETE
271,0.9909338355064392,2023-09-25 00:35:33.224539,2023-09-25 00:36:24.185600,0 days 00:00:50.961061,31,True,3,0.0,66,136,117.0,94.0,COMPLETE
272,0.985494077205658,2023-09-25 00:36:24.186249,2023-09-25 00:37:19.529769,0 days 00:00:55.343520,7,True,2,0.0,67,139,133.0,,COMPLETE
273,0.9845874905586243,2023-09-25 00:37:19.530513,2023-09-25 00:38:13.536787,0 days 00:00:54.006274,67,True,3,0.0,65,122,107.0,93.0,COMPLETE
274,0.9782411456108093,2023-09-25 00:38:13.537449,2023-09-25 00:38:56.625805,0 days 00:00:43.088356,34,True,3,0.0,71,136,117.0,98.0,COMPLETE
275,0.9900271892547607,2023-09-25 00:38:56.629149,2023-09-25 00:39:57.692827,0 days 00:01:01.063678,4,True,3,0.0,68,270,128.0,83.0,COMPLETE
276,0.9836808443069458,2023-09-25 00:39:57.694468,2023-09-25 00:40:46.863183,0 days 00:00:49.168715,11,True,3,0.0,64,285,99.0,103.0,COMPLETE
277,0.9755213260650635,2023-09-25 00:40:46.864601,2023-09-25 00:41:25.984078,0 days 00:00:39.119477,1,True,3,0.0,54,303,94.0,84.0,COMPLETE
278,0.9138712882995605,2023-09-25 00:41:25.984793,2023-09-25 00:41:59.126995,0 days 00:00:33.142202,8,False,3,0.0,66,131,76.0,115.0,COMPLETE
279,0.9800543785095215,2023-09-25 00:41:59.128717,2023-09-25 00:42:20.878887,0 days 00:00:21.750170,5,True,1,0.0,62,116,,,COMPLETE
280,0.9827742576599121,2023-09-25 00:42:20.879666,2023-09-25 00:43:11.803211,0 days 00:00:50.923545,3,True,3,0.0,79,147,89.0,76.0,COMPLETE
281,0.9900271892547607,2023-09-25 00:43:11.803918,2023-09-25 00:44:33.717647,0 days 00:01:21.913729,11,True,3,0.4,72,128,105.0,52.0,COMPLETE
282,0.9882139563560486,2023-09-25 00:44:33.719193,2023-09-25 00:45:33.317207,0 days 00:00:59.598014,29,True,3,0.3,76,292,80.0,91.0,COMPLETE
283,0.9845874905586243,2023-09-25 00:45:33.320889,2023-09-25 00:46:31.617458,0 days 00:00:58.296569,51,True,3,0.0,68,281,117.0,42.0,COMPLETE
284,0.9845874905586243,2023-09-25 00:46:31.618493,2023-09-25 00:47:18.391061,0 days 00:00:46.772568,72,True,3,0.3,66,139,32.0,74.0,COMPLETE
285,0.9864007234573364,2023-09-25 00:47:18.392784,2023-09-25 00:48:38.725724,0 days 00:01:20.332940,6,True,3,0.3,60,134,85.0,82.0,COMPLETE
286,0.9818676114082336,2023-09-25 00:48:38.727327,2023-09-25 00:49:27.233143,0 days 00:00:48.505816,92,True,3,0.0,63,147,70.0,96.0,COMPLETE
287,0.9864007234573364,2023-09-25 00:49:27.234832,2023-09-25 00:50:37.663823,0 days 00:01:10.428991,25,True,3,0.3,70,259,234.0,62.0,COMPLETE
288,0.9728014469146729,2023-09-25 00:50:37.666723,2023-09-25 00:51:01.932304,0 days 00:00:24.265581,1,True,3,0.3,2,275,145.0,68.0,COMPLETE
289,0.9864007234573364,2023-09-25 00:51:01.933617,2023-09-25 00:52:22.453665,0 days 00:01:20.520048,18,True,3,0.3,24,144,98.0,16.0,COMPLETE
290,0.9900271892547607,2023-09-25 00:52:22.456969,2023-09-25 00:53:53.151157,0 days 00:01:30.694188,98,True,3,0.0,65,131,257.0,86.0,COMPLETE
291,0.9718948602676392,2023-09-25 00:53:53.156278,2023-09-25 00:54:45.671142,0 days 00:00:52.514864,31,True,3,0.3,18,320,301.0,73.0,COMPLETE
292,0.9646418690681458,2023-09-25 00:54:45.671947,2023-09-25 00:55:20.057514,0 days 00:00:34.385567,9,True,3,0.3,21,25,319.0,57.0,COMPLETE
293,0.9791477918624878,2023-09-25 00:55:20.059181,2023-09-25 00:56:09.666692,0 days 00:00:49.607511,22,True,3,0.0,63,267,37.0,77.0,COMPLETE
294,0.9918404221534729,2023-09-25 00:56:09.667652,2023-09-25 00:59:25.560252,0 days 00:03:15.892600,4,True,3,0.3,58,280,285.0,108.0,COMPLETE
295,0.985494077205658,2023-09-25 00:59:25.565541,2023-09-25 01:00:25.718970,0 days 00:01:00.153429,4,True,3,0.3,57,282,77.0,112.0,COMPLETE
296,0.9365367293357849,2023-09-25 01:00:25.720212,2023-09-25 01:01:34.334179,0 days 00:01:08.613967,7,True,3,0.3,61,288,274.0,105.0,COMPLETE
297,0.9909338355064392,2023-09-25 01:01:34.338447,2023-09-25 01:03:13.616300,0 days 00:01:39.277853,3,True,3,0.0,55,275,89.0,2.0,COMPLETE
298,0.9057117104530334,2023-09-25 01:03:13.620385,2023-09-25 01:03:40.867147,0 days 00:00:27.246762,6,False,3,0.3,60,281,72.0,122.0,COMPLETE
299,0.974614679813385,2023-09-25 01:03:40.868054,2023-09-25 01:04:24.901635,0 days 00:00:44.033581,39,True,3,0.3,58,294,26.0,9.0,COMPLETE
300,0.9882139563560486,2023-09-25 01:04:24.904745,2023-09-25 01:06:00.823296,0 days 00:01:35.918551,15,True,3,0.3,62,158,281.0,101.0,COMPLETE
301,0.9936536550521851,2023-09-25 01:06:00.825371,2023-09-25 01:07:33.335951,0 days 00:01:32.510580,11,True,3,0.0,24,127,45.0,93.0,COMPLETE
302,0.9691749811172485,2023-09-25 01:07:33.338634,2023-09-25 01:08:05.659511,0 days 00:00:32.320877,9,True,3,0.3,22,116,46.0,90.0,COMPLETE
303,0.9873073697090149,2023-09-25 01:08:05.661187,2023-09-25 01:09:07.402900,0 days 00:01:01.741713,13,True,3,0.4,25,125,43.0,22.0,COMPLETE
304,0.9900271892547607,2023-09-25 01:09:07.403674,2023-09-25 01:10:30.812075,0 days 00:01:23.408401,12,True,3,0.1,24,120,37.0,162.0,COMPLETE
305,0.9791477918624878,2023-09-25 01:10:30.816800,2023-09-25 01:11:13.823136,0 days 00:00:43.006336,10,True,3,0.3,20,270,49.0,81.0,COMPLETE
306,0.9818676114082336,2023-09-25 01:11:13.824920,2023-09-25 01:12:46.546560,0 days 00:01:32.721640,6,True,3,0.0,27,199,287.0,128.0,COMPLETE
307,0.9782411456108093,2023-09-25 01:12:46.548657,2023-09-25 01:13:41.689359,0 days 00:00:55.140702,2,True,3,0.3,29,167,225.0,68.0,COMPLETE
308,0.9728014469146729,2023-09-25 01:13:41.691081,2023-09-25 01:14:24.448690,0 days 00:00:42.757609,4,True,3,0.1,24,279,60.0,62.0,COMPLETE
309,0.9818676114082336,2023-09-25 01:14:24.449447,2023-09-25 01:15:28.843278,0 days 00:01:04.393831,8,True,3,0.3,59,110,65.0,182.0,COMPLETE
