number,value,datetime_start,datetime_complete,duration,params_batch_size,params_bidirectional,params_depth,params_drop_out,params_epochs,params_lstm_units_0,params_lstm_units_1,params_lstm_units_2,state
310,0.989120602607727,2023-09-25 01:15:28.845842,2023-09-25 01:16:20.969742,0 days 00:00:52.123900,16,True,3,0.0,30,235,80.0,106.0,COMPLETE
311,0.9845874905586243,2023-09-25 01:16:20.971368,2023-09-25 01:17:12.476989,0 days 00:00:51.505621,11,True,3,0.3,26,173,85.0,85.0,COMPLETE
312,0.9900271892547607,2023-09-25 01:17:12.477843,2023-09-25 01:18:32.146818,0 days 00:01:19.668975,1,True,3,0.3,83,286,50.0,137.0,COMPLETE
313,0.9782411456108093,2023-09-25 01:18:32.152078,2023-09-25 01:19:18.769506,0 days 00:00:46.617428,6,True,3,0.1,22,196,69.0,72.0,COMPLETE
314,0.9773345589637756,2023-09-25 01:19:18.770219,2023-09-25 01:19:56.226109,0 days 00:00:37.455890,4,True,3,0.0,80,185,171.0,96.0,COMPLETE
315,0.9882139563560486,2023-09-25 01:19:56.227848,2023-09-25 01:21:01.657437,0 days 00:01:05.429589,8,True,3,0.3,90,191,75.0,13.0,COMPLETE
316,0.989120602607727,2023-09-25 01:21:01.659739,2023-09-25 01:22:25.163323,0 days 00:01:23.503584,18,True,3,0.3,33,127,216.0,78.0,COMPLETE
317,0.9138712882995605,2023-09-25 01:22:25.165969,2023-09-25 01:22:57.508583,0 days 00:00:32.342614,82,False,3,0.0,19,178,92.0,110.0,COMPLETE
318,0.9900271892547607,2023-09-25 01:22:57.509243,2023-09-25 01:24:15.991642,0 days 00:01:18.482399,13,True,3,0.1,32,260,31.0,88.0,COMPLETE
319,0.9773345589637756,2023-09-25 01:24:15.994059,2023-09-25 01:25:49.931969,0 days 00:01:33.937910,10,True,3,0.3,29,226,245.0,118.0,COMPLETE
320,0.9900271892547607,2023-09-25 01:25:49.936285,2023-09-25 01:27:21.434795,0 days 00:01:31.498510,1,True,2,0.0,26,204,64.0,,COMPLETE
321,0.9900271892547607,2023-09-25 01:27:21.440045,2023-09-25 01:28:59.280168,0 days 00:01:37.840123,24,True,3,0.3,62,154,267.0,27.0,COMPLETE
322,0.974614679813385,2023-09-25 01:28:59.282134,2023-09-25 01:29:48.380188,0 days 00:00:49.098054,4,True,3,0.1,23,299,20.0,37.0,COMPLETE
323,0.9900271892547607,2023-09-25 01:29:48.381582,2023-09-25 01:31:12.601895,0 days 00:01:24.220313,15,True,3,0.3,30,196,203.0,80.0,COMPLETE
324,0.9909338355064392,2023-09-25 01:31:12.606546,2023-09-25 01:32:24.083399,0 days 00:01:11.476853,7,True,3,0.0,28,163,42.0,46.0,COMPLETE
325,0.9873073697090149,2023-09-25 01:32:24.084866,2023-09-25 01:33:40.335193,0 days 00:01:16.250327,5,True,3,0.3,86,184,57.0,170.0,COMPLETE
326,0.9900271892547607,2023-09-25 01:33:40.337437,2023-09-25 01:34:53.700951,0 days 00:01:13.363514,21,True,3,0.4,64,277,78.0,68.0,COMPLETE
327,0.9864007234573364,2023-09-25 01:34:53.702842,2023-09-25 01:36:28.323415,0 days 00:01:34.620573,11,True,3,0.1,59,291,291.0,18.0,COMPLETE
328,0.9864007234573364,2023-09-25 01:36:28.328560,2023-09-25 01:37:21.337874,0 days 00:00:53.009314,19,True,3,0.3,25,202,85.0,99.0,COMPLETE
329,0.9927470684051514,2023-09-25 01:37:21.338574,2023-09-25 01:39:10.445755,0 days 00:01:49.107181,8,True,3,0.0,33,177,96.0,209.0,COMPLETE
330,0.9845874905586243,2023-09-25 01:39:10.451225,2023-09-25 01:40:12.472755,0 days 00:01:02.021530,3,True,3,0.3,34,175,107.0,204.0,COMPLETE
331,0.9800543785095215,2023-09-25 01:40:12.477390,2023-09-25 01:41:27.887006,0 days 00:01:15.409616,14,True,3,0.1,31,168,94.0,241.0,COMPLETE
332,0.9800543785095215,2023-09-25 01:41:27.891365,2023-09-25 01:42:11.644480,0 days 00:00:43.753115,6,True,3,0.3,31,182,71.0,222.0,COMPLETE
333,0.9845874905586243,2023-09-25 01:42:11.645341,2023-09-25 01:43:18.929726,0 days 00:01:07.284385,26,True,3,0.0,32,191,99.0,146.0,COMPLETE
334,0.9836808443069458,2023-09-25 01:43:18.933368,2023-09-25 01:43:58.921779,0 days 00:00:39.988411,1,True,3,0.3,34,143,36.0,140.0,COMPLETE
335,0.9138712882995605,2023-09-25 01:43:58.922540,2023-09-25 01:44:35.322017,0 days 00:00:36.399477,17,False,3,0.3,14,176,53.0,132.0,COMPLETE
336,0.9809610247612,2023-09-25 01:44:35.322799,2023-09-25 01:45:21.006367,0 days 00:00:45.683568,10,True,3,0.1,27,209,157.0,191.0,COMPLETE
337,0.9836808443069458,2023-09-25 01:45:21.008098,2023-09-25 01:46:18.993563,0 days 00:00:57.985465,4,True,3,0.0,93,193,46.0,215.0,COMPLETE
338,0.9673617482185364,2023-09-25 01:46:18.994262,2023-09-25 01:47:11.858851,0 days 00:00:52.864589,22,True,3,0.3,36,186,13.0,235.0,COMPLETE
339,0.9864007234573364,2023-09-25 01:47:11.860954,2023-09-25 01:48:07.634975,0 days 00:00:55.774021,7,True,3,0.3,29,122,25.0,155.0,COMPLETE
340,0.9809610247612,2023-09-25 01:48:07.636050,2023-09-25 01:48:49.096350,0 days 00:00:41.460300,13,True,3,0.1,55,170,82.0,92.0,COMPLETE
341,0.9945603013038635,2023-09-25 01:48:49.097079,2023-09-25 01:50:22.386204,0 days 00:01:33.289125,9,True,3,0.0,21,133,60.0,204.0,COMPLETE
342,0.9800543785095215,2023-09-25 01:50:22.389855,2023-09-25 01:51:09.310015,0 days 00:00:46.920160,11,True,3,0.3,20,215,64.0,102.0,COMPLETE
343,0.9836808443069458,2023-09-25 01:51:09.310715,2023-09-25 01:51:39.611042,0 days 00:00:30.300327,16,True,1,0.3,18,161,,,COMPLETE
344,0.985494077205658,2023-09-25 01:51:39.612336,2023-09-25 01:53:07.355796,0 days 00:01:27.743460,8,True,3,0.0,22,180,59.0,209.0,COMPLETE
345,0.9809610247612,2023-09-25 01:53:07.357363,2023-09-25 01:53:55.931493,0 days 00:00:48.574130,124,True,3,0.1,23,195,59.0,160.0,COMPLETE
346,0.9728014469146729,2023-09-25 01:53:55.932443,2023-09-25 01:54:34.964991,0 days 00:00:39.032548,12,True,3,0.3,25,130,47.0,217.0,COMPLETE
347,0.9845874905586243,2023-09-25 01:54:34.965757,2023-09-25 01:55:18.922761,0 days 00:00:43.957004,9,True,3,0.3,33,113,66.0,88.0,COMPLETE
348,0.9873073697090149,2023-09-25 01:55:18.926985,2023-09-25 01:56:24.962034,0 days 00:01:06.035049,19,True,3,0.0,21,200,54.0,7.0,COMPLETE
349,0.9791477918624878,2023-09-25 01:56:24.963395,2023-09-25 01:57:07.336274,0 days 00:00:42.372879,14,True,3,0.3,27,188,50.0,201.0,COMPLETE
