[I 2023-09-01 21:20:29,094] Trial 97 finished with value: 0.9918404221534729 and parameters: {'epochs': 81, 'batch_size': 88, 'depth': 2, 'bidirectional': True, 'num_neurons': 254, 'drop_out': 0.5}. Best is trial 22 with value: 0.9981867671012878.
[I 2023-09-01 21:24:09,135] Trial 98 finished with value: 0.9900271892547607 and parameters: {'epochs': 88, 'batch_size': 38, 'depth': 2, 'bidirectional': True, 'num_neurons': 50, 'drop_out': 0.5}. Best is trial 22 with value: 0.9981867671012878.
[I 2023-09-01 21:32:03,419] Trial 99 finished with value: 0.9936536550521851 and parameters: {'epochs': 94, 'batch_size': 82, 'depth': 3, 'bidirectional': True, 'num_neurons': 179, 'drop_out': 0.3}. Best is trial 22 with value: 0.9981867671012878.
2023-09-01 21:37:10.085236: I tensorflow/core/framework/local_rendezvous.cc:405] Local rendezvous recv item cancelled. Key hash: 14595744113253457367
2023-09-01 21:37:10.086365: I tensorflow/core/framework/local_rendezvous.cc:405] Local rendezvous recv item cancelled. Key hash: 11910527543113205549
[I 2023-09-01 21:37:10,106] Trial 100 finished with value: 0.9936536550521851 and parameters: {'epochs': 83, 'batch_size': 70, 'depth': 2, 'bidirectional': True, 'num_neurons': 165, 'drop_out': 0.5}. Best is trial 22 with value: 0.9981867671012878.
2023-09-01 21:41:02.509528: I tensorflow/core/framework/local_rendezvous.cc:405] Local rendezvous recv item cancelled. Key hash: 11910527543113205549
[I 2023-09-01 21:41:02,528] Trial 101 finished with value: 0.9954668879508972 and parameters: {'epochs': 92, 'batch_size': 91, 'depth': 2, 'bidirectional': True, 'num_neurons': 65, 'drop_out': 0.5}. Best is trial 22 with value: 0.9981867671012878.
2023-09-01 21:41:10.624092: I tensorflow/core/framework/local_rendezvous.cc:405] Local rendezvous recv item cancelled. Key hash: 11910527543113205549
2023-09-01 21:44:47.165211: I tensorflow/core/framework/local_rendezvous.cc:405] Local rendezvous recv item cancelled. Key hash: 11910527543113205549
[I 2023-09-01 21:44:47,183] Trial 102 finished with value: 0.9945603013038635 and parameters: {'epochs': 90, 'batch_size': 94, 'depth': 2, 'bidirectional': True, 'num_neurons': 60, 'drop_out': 0.5}. Best is trial 22 with value: 0.9981867671012878.
[I 2023-09-01 21:48:31,881] Trial 103 finished with value: 0.9918404221534729 and parameters: {'epochs': 98, 'batch_size': 48, 'depth': 2, 'bidirectional': True, 'num_neurons': 15, 'drop_out': 0.5}. Best is trial 22 with value: 0.9981867671012878.
2023-09-01 21:52:08.089308: I tensorflow/core/framework/local_rendezvous.cc:405] Local rendezvous recv item cancelled. Key hash: 11910527543113205549
[I 2023-09-01 21:52:08,106] Trial 104 finished with value: 0.9918404221534729 and parameters: {'epochs': 92, 'batch_size': 85, 'depth': 2, 'bidirectional': True, 'num_neurons': 40, 'drop_out': 0.4}. Best is trial 22 with value: 0.9981867671012878.
[I 2023-09-01 21:54:22,295] Trial 105 finished with value: 0.9927470684051514 and parameters: {'epochs': 53, 'batch_size': 8, 'depth': 2, 'bidirectional': True, 'num_neurons': 52, 'drop_out': 0.5}. Best is trial 22 with value: 0.9981867671012878.
2023-09-01 21:54:27.377642: I tensorflow/core/framework/local_rendezvous.cc:405] Local rendezvous recv item cancelled. Key hash: 16305685420698651970
2023-09-01 21:57:44.848859: I tensorflow/core/framework/local_rendezvous.cc:405] Local rendezvous recv item cancelled. Key hash: 16305685420698651970
[I 2023-09-01 21:57:44,870] Trial 106 finished with value: 0.9728014469146729 and parameters: {'epochs': 95, 'batch_size': 78, 'depth': 2, 'bidirectional': False, 'num_neurons': 93, 'drop_out': 0}. Best is trial 22 with value: 0.9981867671012878.
2023-09-01 21:57:54.279744: I tensorflow/core/framework/local_rendezvous.cc:405] Local rendezvous recv item cancelled. Key hash: 14595744113253457367
2023-09-01 22:00:21.360808: I tensorflow/core/framework/local_rendezvous.cc:405] Local rendezvous recv item cancelled. Key hash: 14595744113253457367
[I 2023-09-01 22:00:21,372] Trial 107 finished with value: 0.9873073697090149 and parameters: {'epochs': 66, 'batch_size': 98, 'depth': 2, 'bidirectional': True, 'num_neurons': 23, 'drop_out': 0.5}. Best is trial 22 with value: 0.9981867671012878.
[I 2023-09-01 22:03:48,209] Trial 108 finished with value: 0.9927470684051514 and parameters: {'epochs': 79, 'batch_size': 92, 'depth': 2, 'bidirectional': True, 'num_neurons': 82, 'drop_out': 0.3}. Best is trial 22 with value: 0.9981867671012878.
2023-09-01 22:07:08.235319: I tensorflow/core/framework/local_rendezvous.cc:405] Local rendezvous recv item cancelled. Key hash: 11910527543113205549
[I 2023-09-01 22:07:08,247] Trial 109 finished with value: 0.9936536550521851 and parameters: {'epochs': 86, 'batch_size': 86, 'depth': 2, 'bidirectional': True, 'num_neurons': 29, 'drop_out': 0.5}. Best is trial 22 with value: 0.9981867671012878.
2023-09-01 22:07:18.149612: I tensorflow/core/framework/local_rendezvous.cc:405] Local rendezvous recv item cancelled. Key hash: 14595744113253457367
2023-09-01 22:07:18.149681: I tensorflow/core/framework/local_rendezvous.cc:405] Local rendezvous recv item cancelled. Key hash: 11910527543113205549
[I 2023-09-01 22:12:44,580] Trial 110 finished with value: 0.9954668879508972 and parameters: {'epochs': 99, 'batch_size': 81, 'depth': 2, 'bidirectional': True, 'num_neurons': 155, 'drop_out': 0.5}. Best is trial 22 with value: 0.9981867671012878.
[I 2023-09-01 22:19:10,011] Trial 111 finished with value: 0.9927470684051514 and parameters: {'epochs': 89, 'batch_size': 96, 'depth': 2, 'bidirectional': True, 'num_neurons': 202, 'drop_out': 0.2}. Best is trial 22 with value: 0.9981867671012878.
2023-09-01 22:19:18.878122: I tensorflow/core/framework/local_rendezvous.cc:405] Local rendezvous recv item cancelled. Key hash: 11910527543113205549
[I 2023-09-01 22:25:15,121] Trial 112 finished with value: 0.9927470684051514 and parameters: {'epochs': 93, 'batch_size': 89, 'depth': 2, 'bidirectional': True, 'num_neurons': 187, 'drop_out': 0.2}. Best is trial 22 with value: 0.9981867671012878.
[I 2023-09-01 22:31:35,006] Trial 113 finished with value: 0.9927470684051514 and parameters: {'epochs': 91, 'batch_size': 107, 'depth': 2, 'bidirectional': True, 'num_neurons': 194, 'drop_out': 0.2}. Best is trial 22 with value: 0.9981867671012878.
[I 2023-09-01 22:36:03,622] Trial 114 finished with value: 0.9918404221534729 and parameters: {'epochs': 62, 'batch_size': 75, 'depth': 2, 'bidirectional': True, 'num_neurons': 213, 'drop_out': 0.2}. Best is trial 22 with value: 0.9981867671012878.
2023-09-01 22:41:34.960282: I tensorflow/core/framework/local_rendezvous.cc:405] Local rendezvous recv item cancelled. Key hash: 14595744113253457367
[I 2023-09-01 22:41:34,990] Trial 115 finished with value: 0.9963735342025757 and parameters: {'epochs': 95, 'batch_size': 94, 'depth': 2, 'bidirectional': True, 'num_neurons': 172, 'drop_out': 0.2}. Best is trial 22 with value: 0.9981867671012878.
2023-09-01 22:45:17.114069: I tensorflow/core/framework/local_rendezvous.cc:405] Local rendezvous recv item cancelled. Key hash: 14595744113253457367
[I 2023-09-01 22:45:17,132] Trial 116 finished with value: 0.9936536550521851 and parameters: {'epochs': 89, 'batch_size': 102, 'depth': 2, 'bidirectional': True, 'num_neurons': 72, 'drop_out': 0.4}. Best is trial 22 with value: 0.9981867671012878.
2023-09-01 22:52:13.545673: I tensorflow/core/framework/local_rendezvous.cc:405] Local rendezvous recv item cancelled. Key hash: 11910527543113205549
[I 2023-09-01 22:52:13,555] Trial 117 finished with value: 0.9945603013038635 and parameters: {'epochs': 87, 'batch_size': 87, 'depth': 2, 'bidirectional': True, 'num_neurons': 230, 'drop_out': 0.1}. Best is trial 22 with value: 0.9981867671012878.
2023-09-01 22:56:15.256230: I tensorflow/core/framework/local_rendezvous.cc:405] Local rendezvous recv item cancelled. Key hash: 14595744113253457367
2023-09-01 22:56:15.256889: I tensorflow/core/framework/local_rendezvous.cc:405] Local rendezvous recv item cancelled. Key hash: 11910527543113205549
[I 2023-09-01 22:56:15,266] Trial 118 finished with value: 0.9954668879508972 and parameters: {'epochs': 100, 'batch_size': 55, 'depth': 2, 'bidirectional': True, 'num_neurons': 46, 'drop_out': 0.3}. Best is trial 22 with value: 0.9981867671012878.
2023-09-01 22:56:20.179885: I tensorflow/core/framework/local_rendezvous.cc:405] Local rendezvous recv item cancelled. Key hash: 16305685420698651970
2023-09-01 22:59:17.976152: I tensorflow/core/framework/local_rendezvous.cc:405] Local rendezvous recv item cancelled. Key hash: 13751019030119335233
2023-09-01 22:59:17.976828: I tensorflow/core/framework/local_rendezvous.cc:405] Local rendezvous recv item cancelled. Key hash: 16305685420698651970
[I 2023-09-01 22:59:17,991] Trial 119 finished with value: 0.9945603013038635 and parameters: {'epochs': 92, 'batch_size': 77, 'depth': 1, 'bidirectional': True, 'num_neurons': 57, 'drop_out': 0.5}. Best is trial 22 with value: 0.9981867671012878.
2023-09-01 22:59:23.987478: I tensorflow/core/framework/local_rendezvous.cc:405] Local rendezvous recv item cancelled. Key hash: 16305685420698651970
2023-09-01 23:02:14.658558: I tensorflow/core/framework/local_rendezvous.cc:405] Local rendezvous recv item cancelled. Key hash: 13751019030119335233
[I 2023-09-01 23:02:14,675] Trial 120 finished with value: 0.9800543785095215 and parameters: {'epochs': 97, 'batch_size': 84, 'depth': 2, 'bidirectional': False, 'num_neurons': 38, 'drop_out': 0.5}. Best is trial 22 with value: 0.9981867671012878.
2023-09-01 23:07:57.418864: I tensorflow/core/framework/local_rendezvous.cc:405] Local rendezvous recv item cancelled. Key hash: 11910527543113205549
[I 2023-09-01 23:07:57,430] Trial 121 finished with value: 0.9900271892547607 and parameters: {'epochs': 95, 'batch_size': 94, 'depth': 2, 'bidirectional': True, 'num_neurons': 174, 'drop_out': 0.2}. Best is trial 22 with value: 0.9981867671012878.
[I 2023-09-01 23:14:46,467] Trial 122 finished with value: 0.9963735342025757 and parameters: {'epochs': 95, 'batch_size': 94, 'depth': 2, 'bidirectional': True, 'num_neurons': 205, 'drop_out': 0.2}. Best is trial 22 with value: 0.9981867671012878.
[I 2023-09-01 23:21:27,331] Trial 123 finished with value: 0.9918404221534729 and parameters: {'epochs': 90, 'batch_size': 99, 'depth': 2, 'bidirectional': True, 'num_neurons': 221, 'drop_out': 0.2}. Best is trial 22 with value: 0.9981867671012878.
[I 2023-09-01 23:27:46,223] Trial 124 finished with value: 0.9945603013038635 and parameters: {'epochs': 85, 'batch_size': 90, 'depth': 2, 'bidirectional': True, 'num_neurons': 194, 'drop_out': 0.2}. Best is trial 22 with value: 0.9981867671012878.
2023-09-01 23:33:02.901714: I tensorflow/core/framework/local_rendezvous.cc:405] Local rendezvous recv item cancelled. Key hash: 11910527543113205549
[I 2023-09-01 23:33:02,914] Trial 125 finished with value: 0.9900271892547607 and parameters: {'epochs': 83, 'batch_size': 59, 'depth': 2, 'bidirectional': True, 'num_neurons': 171, 'drop_out': 0.2}. Best is trial 22 with value: 0.9981867671012878.
[I 2023-09-01 23:36:10,604] Trial 126 finished with value: 0.9918404221534729 and parameters: {'epochs': 47, 'batch_size': 92, 'depth': 2, 'bidirectional': True, 'num_neurons': 185, 'drop_out': 0.3}. Best is trial 22 with value: 0.9981867671012878.
2023-09-01 23:37:54.262974: I tensorflow/core/framework/local_rendezvous.cc:405] Local rendezvous recv item cancelled. Key hash: 14595744113253457367
[I 2023-09-01 23:37:54,278] Trial 127 finished with value: 0.989120602607727 and parameters: {'epochs': 40, 'batch_size': 83, 'depth': 2, 'bidirectional': True, 'num_neurons': 64, 'drop_out': 0.5}. Best is trial 22 with value: 0.9981867671012878.
2023-09-01 23:41:29.811604: I tensorflow/core/framework/local_rendezvous.cc:405] Local rendezvous recv item cancelled. Key hash: 14595744113253457367
2023-09-01 23:41:29.812412: I tensorflow/core/framework/local_rendezvous.cc:405] Local rendezvous recv item cancelled. Key hash: 11910527543113205549
[I 2023-09-01 23:41:29,840] Trial 128 finished with value: 0.9963735342025757 and parameters: {'epochs': 93, 'batch_size': 73, 'depth': 2, 'bidirectional': True, 'num_neurons': 18, 'drop_out': 0.2}. Best is trial 22 with value: 0.9981867671012878.
[I 2023-09-01 23:47:19,613] Trial 129 finished with value: 0.9936536550521851 and parameters: {'epochs': 97, 'batch_size': 95, 'depth': 2, 'bidirectional': True, 'num_neurons': 162, 'drop_out': 0.4}. Best is trial 22 with value: 0.9981867671012878.
2023-09-01 23:48:50.426370: I tensorflow/core/framework/local_rendezvous.cc:405] Local rendezvous recv item cancelled. Key hash: 14595744113253457367
[I 2023-09-01 23:48:50,439] Trial 130 finished with value: 0.9882139563560486 and parameters: {'epochs': 21, 'batch_size': 103, 'depth': 2, 'bidirectional': True, 'num_neurons': 180, 'drop_out': 0.5}. Best is trial 22 with value: 0.9981867671012878.
2023-09-01 23:55:45.428846: I tensorflow/core/framework/local_rendezvous.cc:405] Local rendezvous recv item cancelled. Key hash: 11910527543113205549
[I 2023-09-01 23:55:45,437] Trial 131 finished with value: 0.9945603013038635 and parameters: {'epochs': 95, 'batch_size': 88, 'depth': 2, 'bidirectional': True, 'num_neurons': 207, 'drop_out': 0.2}. Best is trial 22 with value: 0.9981867671012878.
2023-09-01 23:55:54.743644: I tensorflow/core/framework/local_rendezvous.cc:405] Local rendezvous recv item cancelled. Key hash: 14595744113253457367
2023-09-02 00:02:44.813780: I tensorflow/core/framework/local_rendezvous.cc:405] Local rendezvous recv item cancelled. Key hash: 14595744113253457367
[I 2023-09-02 00:02:44,828] Trial 132 finished with value: 0.9909338355064392 and parameters: {'epochs': 94, 'batch_size': 100, 'depth': 2, 'bidirectional': True, 'num_neurons': 202, 'drop_out': 0.2}. Best is trial 22 with value: 0.9981867671012878.
2023-09-02 00:08:30.480493: I tensorflow/core/framework/local_rendezvous.cc:405] Local rendezvous recv item cancelled. Key hash: 14595744113253457367
[I 2023-09-02 00:08:30,499] Trial 133 finished with value: 0.9900271892547607 and parameters: {'epochs': 87, 'batch_size': 96, 'depth': 2, 'bidirectional': True, 'num_neurons': 188, 'drop_out': 0.2}. Best is trial 22 with value: 0.9981867671012878.
[I 2023-09-02 00:14:55,693] Trial 134 finished with value: 0.9963735342025757 and parameters: {'epochs': 91, 'batch_size': 92, 'depth': 2, 'bidirectional': True, 'num_neurons': 210, 'drop_out': 0.2}. Best is trial 22 with value: 0.9981867671012878.
2023-09-02 00:21:44.447658: I tensorflow/core/framework/local_rendezvous.cc:405] Local rendezvous recv item cancelled. Key hash: 14595744113253457367
[I 2023-09-02 00:21:44,463] Trial 135 finished with value: 0.9936536550521851 and parameters: {'epochs': 96, 'batch_size': 80, 'depth': 2, 'bidirectional': True, 'num_neurons': 199, 'drop_out': 0}. Best is trial 22 with value: 0.9981867671012878.
2023-09-02 00:29:08.460603: I tensorflow/core/framework/local_rendezvous.cc:405] Local rendezvous recv item cancelled. Key hash: 14595744113253457367
[I 2023-09-02 00:29:08,476] Trial 136 finished with value: 0.9909338355064392 and parameters: {'epochs': 100, 'batch_size': 105, 'depth': 2, 'bidirectional': True, 'num_neurons': 223, 'drop_out': 0.5}. Best is trial 22 with value: 0.9981867671012878.
2023-09-02 00:34:04.317068: I tensorflow/core/framework/local_rendezvous.cc:405] Local rendezvous recv item cancelled. Key hash: 11910527543113205549
[I 2023-09-02 00:34:04,335] Trial 137 finished with value: 0.9918404221534729 and parameters: {'epochs': 90, 'batch_size': 63, 'depth': 2, 'bidirectional': True, 'num_neurons': 141, 'drop_out': 0.2}. Best is trial 22 with value: 0.9981867671012878.
2023-09-02 00:41:37.687209: I tensorflow/core/framework/local_rendezvous.cc:405] Local rendezvous recv item cancelled. Key hash: 11910527543113205549
[I 2023-09-02 00:41:37,705] Trial 138 finished with value: 0.9936536550521851 and parameters: {'epochs': 94, 'batch_size': 86, 'depth': 2, 'bidirectional': True, 'num_neurons': 242, 'drop_out': 0.3}. Best is trial 22 with value: 0.9981867671012878.
[I 2023-09-02 00:45:22,501] Trial 139 finished with value: 0.9963735342025757 and parameters: {'epochs': 98, 'batch_size': 44, 'depth': 2, 'bidirectional': True, 'num_neurons': 5, 'drop_out': 0.5}. Best is trial 22 with value: 0.9981867671012878.
2023-09-02 00:48:18.944533: I tensorflow/core/framework/local_rendezvous.cc:405] Local rendezvous recv item cancelled. Key hash: 11910527543113205549
[I 2023-09-02 00:48:18,962] Trial 140 finished with value: 0.9927470684051514 and parameters: {'epochs': 68, 'batch_size': 94, 'depth': 2, 'bidirectional': True, 'num_neurons': 78, 'drop_out': 0.5}. Best is trial 22 with value: 0.9981867671012878.
2023-09-02 00:51:52.285429: I tensorflow/core/framework/local_rendezvous.cc:405] Local rendezvous recv item cancelled. Key hash: 14595744113253457367
2023-09-02 00:51:52.286354: I tensorflow/core/framework/local_rendezvous.cc:405] Local rendezvous recv item cancelled. Key hash: 11910527543113205549
[I 2023-09-02 00:51:52,301] Trial 141 finished with value: 0.9954668879508972 and parameters: {'epochs': 92, 'batch_size': 74, 'depth': 2, 'bidirectional': True, 'num_neurons': 20, 'drop_out': 0.2}. Best is trial 22 with value: 0.9981867671012878.
2023-09-02 00:55:19.048986: I tensorflow/core/framework/local_rendezvous.cc:405] Local rendezvous recv item cancelled. Key hash: 14595744113253457367
[I 2023-09-02 00:55:19,068] Trial 142 finished with value: 0.9936536550521851 and parameters: {'epochs': 89, 'batch_size': 68, 'depth': 2, 'bidirectional': True, 'num_neurons': 14, 'drop_out': 0.2}. Best is trial 22 with value: 0.9981867671012878.
[I 2023-09-02 00:58:56,422] Trial 143 finished with value: 0.9936536550521851 and parameters: {'epochs': 93, 'batch_size': 65, 'depth': 2, 'bidirectional': True, 'num_neurons': 35, 'drop_out': 0.2}. Best is trial 22 with value: 0.9981867671012878.
2023-09-02 00:59:05.745434: I tensorflow/core/framework/local_rendezvous.cc:405] Local rendezvous recv item cancelled. Key hash: 14595744113253457367
2023-09-02 01:02:57.711928: I tensorflow/core/framework/local_rendezvous.cc:405] Local rendezvous recv item cancelled. Key hash: 14595744113253457367
[I 2023-09-02 01:02:57,722] Trial 144 finished with value: 0.9936536550521851 and parameters: {'epochs': 96, 'batch_size': 71, 'depth': 2, 'bidirectional': True, 'num_neurons': 69, 'drop_out': 0.2}. Best is trial 22 with value: 0.9981867671012878.
2023-09-02 01:06:18.956816: I tensorflow/core/framework/local_rendezvous.cc:405] Local rendezvous recv item cancelled. Key hash: 14595744113253457367
[I 2023-09-02 01:06:18,973] Trial 145 finished with value: 0.9972801208496094 and parameters: {'epochs': 86, 'batch_size': 26, 'depth': 2, 'bidirectional': True, 'num_neurons': 28, 'drop_out': 0.2}. Best is trial 22 with value: 0.9981867671012878.
2023-09-02 01:09:50.315384: I tensorflow/core/framework/local_rendezvous.cc:405] Local rendezvous recv item cancelled. Key hash: 14595744113253457367
[I 2023-09-02 01:09:50,334] Trial 146 finished with value: 0.9954668879508972 and parameters: {'epochs': 85, 'batch_size': 26, 'depth': 2, 'bidirectional': True, 'num_neurons': 50, 'drop_out': 0.1}. Best is trial 22 with value: 0.9981867671012878.
2023-09-02 01:09:55.436944: I tensorflow/core/framework/local_rendezvous.cc:405] Local rendezvous recv item cancelled. Key hash: 16305685420698651970
2023-09-02 01:11:13.898509: I tensorflow/core/framework/local_rendezvous.cc:405] Local rendezvous recv item cancelled. Key hash: 13751019030119335233
[I 2023-09-02 01:11:13,918] Trial 147 finished with value: 0.9202175736427307 and parameters: {'epochs': 44, 'batch_size': 18, 'depth': 2, 'bidirectional': False, 'num_neurons': 43, 'drop_out': 0.4}. Best is trial 22 with value: 0.9981867671012878.
[I 2023-09-02 01:18:10,424] Trial 148 finished with value: 0.989120602607727 and parameters: {'epochs': 82, 'batch_size': 41, 'depth': 2, 'bidirectional': True, 'num_neurons': 279, 'drop_out': 0.5}. Best is trial 22 with value: 0.9981867671012878.
2023-09-02 01:20:31.971547: I tensorflow/core/framework/local_rendezvous.cc:405] Local rendezvous recv item cancelled. Key hash: 13751019030119335233
2023-09-02 01:20:31.972404: I tensorflow/core/framework/local_rendezvous.cc:405] Local rendezvous recv item cancelled. Key hash: 16305685420698651970
[I 2023-09-02 01:20:31,988] Trial 149 finished with value: 0.9918404221534729 and parameters: {'epochs': 79, 'batch_size': 29, 'depth': 1, 'bidirectional': True, 'num_neurons': 29, 'drop_out': 0.3}. Best is trial 22 with value: 0.9981867671012878.
Traceback (most recent call last):
  File "/scratch/nas/3/agirones/tfm/myenv/lib/python3.10/site-packages/optuna/visualization/_plotly_imports.py", line 7, in <module>
    import plotly
ModuleNotFoundError: No module named 'plotly'

The above exception was the direct cause of the following exception:

Traceback (most recent call last):
  File "/scratch/nas/3/agirones/data/job/test6/test7.py", line 164, in <module>
    history_plot = optuna.visualization.plot_optimization_history(study)
  File "/scratch/nas/3/agirones/tfm/myenv/lib/python3.10/site-packages/optuna/visualization/_optimization_history.py", line 222, in plot_optimization_history
    _imports.check()
  File "/scratch/nas/3/agirones/tfm/myenv/lib/python3.10/site-packages/optuna/_imports.py", line 89, in check
    raise ImportError(message) from exc_value
ImportError: Tried to import 'plotly' but failed. Please make sure that the package is installed correctly to use this feature. Actual error: No module named 'plotly'.

real	592m11.114s
user	824m41.004s
sys	32m8.367s
