[I 2023-09-01 18:08:03,265] Trial 47 finished with value: 0.9945603013038635 and parameters: {'epochs': 96, 'batch_size': 19, 'depth': 2, 'bidirectional': True, 'num_neurons': 79, 'drop_out': 0.2}. Best is trial 22 with value: 0.9981867671012878.
2023-09-01 18:12:20.193158: I tensorflow/core/framework/local_rendezvous.cc:405] Local rendezvous recv item cancelled. Key hash: 14595744113253457367
[I 2023-09-01 18:12:20,208] Trial 48 finished with value: 0.9927470684051514 and parameters: {'epochs': 58, 'batch_size': 68, 'depth': 2, 'bidirectional': True, 'num_neurons': 214, 'drop_out': 0.5}. Best is trial 22 with value: 0.9981867671012878.
2023-09-01 18:15:38.311203: I tensorflow/core/framework/local_rendezvous.cc:405] Local rendezvous recv item cancelled. Key hash: 3601755458586481507
2023-09-01 18:15:38.312567: I tensorflow/core/framework/local_rendezvous.cc:405] Local rendezvous recv item cancelled. Key hash: 3778482771939779416
[I 2023-09-01 18:15:38,341] Trial 49 finished with value: 0.5222121477127075 and parameters: {'epochs': 48, 'batch_size': 92, 'depth': 3, 'bidirectional': False, 'num_neurons': 238, 'drop_out': 0.3}. Best is trial 22 with value: 0.9981867671012878.
[I 2023-09-01 18:19:22,160] Trial 50 finished with value: 0.9909338355064392 and parameters: {'epochs': 42, 'batch_size': 78, 'depth': 2, 'bidirectional': True, 'num_neurons': 297, 'drop_out': 0.1}. Best is trial 22 with value: 0.9981867671012878.
2023-09-01 18:23:01.276668: I tensorflow/core/framework/local_rendezvous.cc:405] Local rendezvous recv item cancelled. Key hash: 14595744113253457367
2023-09-01 18:23:01.277545: I tensorflow/core/framework/local_rendezvous.cc:405] Local rendezvous recv item cancelled. Key hash: 11910527543113205549
[I 2023-09-01 18:23:01,288] Trial 51 finished with value: 0.9972801208496094 and parameters: {'epochs': 88, 'batch_size': 80, 'depth': 2, 'bidirectional': True, 'num_neurons': 65, 'drop_out': 0.5}. Best is trial 22 with value: 0.9981867671012878.
2023-09-01 18:26:23.451851: I tensorflow/core/framework/local_rendezvous.cc:405] Local rendezvous recv item cancelled. Key hash: 11910527543113205549
[I 2023-09-01 18:26:23,467] Trial 52 finished with value: 0.9972801208496094 and parameters: {'epochs': 87, 'batch_size': 78, 'depth': 2, 'bidirectional': True, 'num_neurons': 17, 'drop_out': 0.5}. Best is trial 22 with value: 0.9981867671012878.
[I 2023-09-01 18:29:43,133] Trial 53 finished with value: 0.9909338355064392 and parameters: {'epochs': 86, 'batch_size': 76, 'depth': 2, 'bidirectional': True, 'num_neurons': 13, 'drop_out': 0.5}. Best is trial 22 with value: 0.9981867671012878.
2023-09-01 18:33:56.493199: I tensorflow/core/framework/local_rendezvous.cc:405] Local rendezvous recv item cancelled. Key hash: 11910527543113205549
[I 2023-09-01 18:33:56,509] Trial 54 finished with value: 0.9900271892547607 and parameters: {'epochs': 65, 'batch_size': 58, 'depth': 2, 'bidirectional': True, 'num_neurons': 177, 'drop_out': 0.5}. Best is trial 22 with value: 0.9981867671012878.
[I 2023-09-01 18:37:50,910] Trial 55 finished with value: 0.9981867671012878 and parameters: {'epochs': 97, 'batch_size': 65, 'depth': 2, 'bidirectional': True, 'num_neurons': 46, 'drop_out': 0.5}. Best is trial 22 with value: 0.9981867671012878.
2023-09-01 18:41:36.707521: I tensorflow/core/framework/local_rendezvous.cc:405] Local rendezvous recv item cancelled. Key hash: 14595744113253457367
2023-09-01 18:41:36.708279: I tensorflow/core/framework/local_rendezvous.cc:405] Local rendezvous recv item cancelled. Key hash: 11910527543113205549
[I 2023-09-01 18:41:36,717] Trial 56 finished with value: 0.9945603013038635 and parameters: {'epochs': 95, 'batch_size': 66, 'depth': 2, 'bidirectional': True, 'num_neurons': 48, 'drop_out': 0.5}. Best is trial 22 with value: 0.9981867671012878.
2023-09-01 18:41:46.055307: I tensorflow/core/framework/local_rendezvous.cc:405] Local rendezvous recv item cancelled. Key hash: 11910527543113205549
[I 2023-09-01 18:45:52,925] Trial 57 finished with value: 0.9918404221534729 and parameters: {'epochs': 98, 'batch_size': 61, 'depth': 2, 'bidirectional': True, 'num_neurons': 89, 'drop_out': 0.5}. Best is trial 22 with value: 0.9981867671012878.
2023-09-01 18:49:38.813819: I tensorflow/core/framework/local_rendezvous.cc:405] Local rendezvous recv item cancelled. Key hash: 14595744113253457367
[I 2023-09-01 18:49:38,844] Trial 58 finished with value: 0.9954668879508972 and parameters: {'epochs': 97, 'batch_size': 38, 'depth': 2, 'bidirectional': True, 'num_neurons': 30, 'drop_out': 0.5}. Best is trial 22 with value: 0.9981867671012878.
2023-09-01 18:49:48.069902: I tensorflow/core/framework/local_rendezvous.cc:405] Local rendezvous recv item cancelled. Key hash: 11910527543113205549
[I 2023-09-01 18:52:46,891] Trial 59 finished with value: 0.9918404221534729 and parameters: {'epochs': 77, 'batch_size': 47, 'depth': 2, 'bidirectional': True, 'num_neurons': 47, 'drop_out': 0.4}. Best is trial 22 with value: 0.9981867671012878.
2023-09-01 18:52:56.456040: I tensorflow/core/framework/local_rendezvous.cc:405] Local rendezvous recv item cancelled. Key hash: 14595744113253457367
[I 2023-09-01 18:59:35,272] Trial 60 finished with value: 0.9963735342025757 and parameters: {'epochs': 91, 'batch_size': 55, 'depth': 2, 'bidirectional': True, 'num_neurons': 205, 'drop_out': 0.2}. Best is trial 22 with value: 0.9981867671012878.
[I 2023-09-01 19:02:57,434] Trial 61 finished with value: 0.9927470684051514 and parameters: {'epochs': 87, 'batch_size': 82, 'depth': 2, 'bidirectional': True, 'num_neurons': 11, 'drop_out': 0.5}. Best is trial 22 with value: 0.9981867671012878.
2023-09-01 19:06:42.717183: I tensorflow/core/framework/local_rendezvous.cc:405] Local rendezvous recv item cancelled. Key hash: 14595744113253457367
[I 2023-09-01 19:06:42,732] Trial 62 finished with value: 0.9147778749465942 and parameters: {'epochs': 100, 'batch_size': 80, 'depth': 2, 'bidirectional': True, 'num_neurons': 1, 'drop_out': 0.5}. Best is trial 22 with value: 0.9981867671012878.
2023-09-01 19:10:08.728886: I tensorflow/core/framework/local_rendezvous.cc:405] Local rendezvous recv item cancelled. Key hash: 14595744113253457367
[I 2023-09-01 19:10:08,743] Trial 63 finished with value: 0.9954668879508972 and parameters: {'epochs': 88, 'batch_size': 73, 'depth': 2, 'bidirectional': True, 'num_neurons': 25, 'drop_out': 0.5}. Best is trial 22 with value: 0.9981867671012878.
2023-09-01 19:13:49.518851: I tensorflow/core/framework/local_rendezvous.cc:405] Local rendezvous recv item cancelled. Key hash: 14595744113253457367
2023-09-01 19:13:49.519909: I tensorflow/core/framework/local_rendezvous.cc:405] Local rendezvous recv item cancelled. Key hash: 11910527543113205549
[I 2023-09-01 19:13:49,534] Trial 64 finished with value: 0.9927470684051514 and parameters: {'epochs': 94, 'batch_size': 87, 'depth': 2, 'bidirectional': True, 'num_neurons': 40, 'drop_out': 0.5}. Best is trial 22 with value: 0.9981867671012878.
2023-09-01 19:13:57.716092: I tensorflow/core/framework/local_rendezvous.cc:405] Local rendezvous recv item cancelled. Key hash: 14595744113253457367
[I 2023-09-01 19:17:34,855] Trial 65 finished with value: 0.9963735342025757 and parameters: {'epochs': 92, 'batch_size': 93, 'depth': 2, 'bidirectional': True, 'num_neurons': 60, 'drop_out': 0.5}. Best is trial 22 with value: 0.9981867671012878.
2023-09-01 19:20:27.296380: I tensorflow/core/framework/local_rendezvous.cc:405] Local rendezvous recv item cancelled. Key hash: 11910527543113205549
[I 2023-09-01 19:20:27,308] Trial 66 finished with value: 0.9918404221534729 and parameters: {'epochs': 74, 'batch_size': 65, 'depth': 2, 'bidirectional': True, 'num_neurons': 18, 'drop_out': 0}. Best is trial 22 with value: 0.9981867671012878.
2023-09-01 19:23:17.022103: I tensorflow/core/framework/local_rendezvous.cc:405] Local rendezvous recv item cancelled. Key hash: 13751019030119335233
[I 2023-09-01 19:23:17,032] Trial 67 finished with value: 0.9519492387771606 and parameters: {'epochs': 84, 'batch_size': 101, 'depth': 2, 'bidirectional': False, 'num_neurons': 69, 'drop_out': 0.5}. Best is trial 22 with value: 0.9981867671012878.
2023-09-01 19:26:38.434732: I tensorflow/core/framework/local_rendezvous.cc:405] Local rendezvous recv item cancelled. Key hash: 14595744113253457367
2023-09-01 19:26:38.435566: I tensorflow/core/framework/local_rendezvous.cc:405] Local rendezvous recv item cancelled. Key hash: 11910527543113205549
[I 2023-09-01 19:26:38,449] Trial 68 finished with value: 0.9954668879508972 and parameters: {'epochs': 81, 'batch_size': 86, 'depth': 2, 'bidirectional': True, 'num_neurons': 56, 'drop_out': 0.5}. Best is trial 22 with value: 0.9981867671012878.
2023-09-01 19:26:47.658496: I tensorflow/core/framework/local_rendezvous.cc:405] Local rendezvous recv item cancelled. Key hash: 14595744113253457367
2023-09-01 19:26:47.658566: I tensorflow/core/framework/local_rendezvous.cc:405] Local rendezvous recv item cancelled. Key hash: 11910527543113205549
2023-09-01 19:28:05.494025: I tensorflow/core/framework/local_rendezvous.cc:405] Local rendezvous recv item cancelled. Key hash: 14595744113253457367
2023-09-01 19:28:05.495078: I tensorflow/core/framework/local_rendezvous.cc:405] Local rendezvous recv item cancelled. Key hash: 11910527543113205549
[I 2023-09-01 19:28:05,505] Trial 69 finished with value: 0.9945603013038635 and parameters: {'epochs': 31, 'batch_size': 75, 'depth': 2, 'bidirectional': True, 'num_neurons': 84, 'drop_out': 0.3}. Best is trial 22 with value: 0.9981867671012878.
2023-09-01 19:32:49.043770: I tensorflow/core/framework/local_rendezvous.cc:405] Local rendezvous recv item cancelled. Key hash: 14595744113253457367
2023-09-01 19:32:49.044538: I tensorflow/core/framework/local_rendezvous.cc:405] Local rendezvous recv item cancelled. Key hash: 11910527543113205549
[I 2023-09-01 19:32:49,053] Trial 70 finished with value: 0.9936536550521851 and parameters: {'epochs': 100, 'batch_size': 70, 'depth': 2, 'bidirectional': True, 'num_neurons': 108, 'drop_out': 0.4}. Best is trial 22 with value: 0.9981867671012878.
2023-09-01 19:32:58.429026: I tensorflow/core/framework/local_rendezvous.cc:405] Local rendezvous recv item cancelled. Key hash: 14595744113253457367
2023-09-01 19:32:58.429087: I tensorflow/core/framework/local_rendezvous.cc:405] Local rendezvous recv item cancelled. Key hash: 11910527543113205549
[I 2023-09-01 19:36:29,742] Trial 71 finished with value: 0.9945603013038635 and parameters: {'epochs': 88, 'batch_size': 96, 'depth': 2, 'bidirectional': True, 'num_neurons': 72, 'drop_out': 0.3}. Best is trial 22 with value: 0.9981867671012878.
2023-09-01 19:40:06.473663: I tensorflow/core/framework/local_rendezvous.cc:405] Local rendezvous recv item cancelled. Key hash: 14595744113253457367
2023-09-01 19:40:06.474698: I tensorflow/core/framework/local_rendezvous.cc:405] Local rendezvous recv item cancelled. Key hash: 11910527543113205549
[I 2023-09-01 19:40:06,490] Trial 72 finished with value: 0.9909338355064392 and parameters: {'epochs': 90, 'batch_size': 90, 'depth': 2, 'bidirectional': True, 'num_neurons': 42, 'drop_out': 0.3}. Best is trial 22 with value: 0.9981867671012878.
[I 2023-09-01 19:44:34,586] Trial 73 finished with value: 0.9945603013038635 and parameters: {'epochs': 82, 'batch_size': 84, 'depth': 2, 'bidirectional': True, 'num_neurons': 122, 'drop_out': 0.3}. Best is trial 22 with value: 0.9981867671012878.
[I 2023-09-01 19:48:12,234] Trial 74 finished with value: 0.9954668879508972 and parameters: {'epochs': 93, 'batch_size': 79, 'depth': 2, 'bidirectional': True, 'num_neurons': 31, 'drop_out': 0.1}. Best is trial 22 with value: 0.9981867671012878.
2023-09-01 19:51:14.634619: I tensorflow/core/framework/local_rendezvous.cc:405] Local rendezvous recv item cancelled. Key hash: 11910527543113205549
[I 2023-09-01 19:51:14,651] Trial 75 finished with value: 0.9954668879508972 and parameters: {'epochs': 78, 'batch_size': 108, 'depth': 2, 'bidirectional': True, 'num_neurons': 9, 'drop_out': 0.3}. Best is trial 22 with value: 0.9981867671012878.
2023-09-01 19:55:11.364577: I tensorflow/core/framework/local_rendezvous.cc:405] Local rendezvous recv item cancelled. Key hash: 14595744113253457367
2023-09-01 19:55:11.365766: I tensorflow/core/framework/local_rendezvous.cc:405] Local rendezvous recv item cancelled. Key hash: 11910527543113205549
[I 2023-09-01 19:55:11,379] Trial 76 finished with value: 0.9836808443069458 and parameters: {'epochs': 96, 'batch_size': 115, 'depth': 2, 'bidirectional': True, 'num_neurons': 53, 'drop_out': 0.5}. Best is trial 22 with value: 0.9981867671012878.
2023-09-01 19:55:26.193693: I tensorflow/core/framework/local_rendezvous.cc:405] Local rendezvous recv item cancelled. Key hash: 13751019030119335233
2023-09-01 19:55:26.193755: I tensorflow/core/framework/local_rendezvous.cc:405] Local rendezvous recv item cancelled. Key hash: 16305685420698651970
[I 2023-09-01 19:55:26,197] Trial 77 finished with value: 0.8993653655052185 and parameters: {'epochs': 4, 'batch_size': 62, 'depth': 2, 'bidirectional': False, 'num_neurons': 66, 'drop_out': 0.5}. Best is trial 22 with value: 0.9981867671012878.
2023-09-01 19:58:56.851470: I tensorflow/core/framework/local_rendezvous.cc:405] Local rendezvous recv item cancelled. Key hash: 14595744113253457367
[I 2023-09-01 19:58:56,868] Trial 78 finished with value: 0.9954668879508972 and parameters: {'epochs': 90, 'batch_size': 102, 'depth': 2, 'bidirectional': True, 'num_neurons': 21, 'drop_out': 0.2}. Best is trial 22 with value: 0.9981867671012878.
2023-09-01 19:59:05.093697: I tensorflow/core/framework/local_rendezvous.cc:405] Local rendezvous recv item cancelled. Key hash: 11910527543113205549
2023-09-01 20:00:29.161019: I tensorflow/core/framework/local_rendezvous.cc:405] Local rendezvous recv item cancelled. Key hash: 14595744113253457367
2023-09-01 20:00:29.162171: I tensorflow/core/framework/local_rendezvous.cc:405] Local rendezvous recv item cancelled. Key hash: 11910527543113205549
[I 2023-09-01 20:00:29,179] Trial 79 finished with value: 0.9900271892547607 and parameters: {'epochs': 37, 'batch_size': 89, 'depth': 2, 'bidirectional': True, 'num_neurons': 33, 'drop_out': 0.3}. Best is trial 22 with value: 0.9981867671012878.
2023-09-01 20:00:38.746206: I tensorflow/core/framework/local_rendezvous.cc:405] Local rendezvous recv item cancelled. Key hash: 11910527543113205549
2023-09-01 20:05:10.162082: I tensorflow/core/framework/local_rendezvous.cc:405] Local rendezvous recv item cancelled. Key hash: 14595744113253457367
[I 2023-09-01 20:05:10,183] Trial 80 finished with value: 0.9927470684051514 and parameters: {'epochs': 84, 'batch_size': 93, 'depth': 2, 'bidirectional': True, 'num_neurons': 142, 'drop_out': 0.4}. Best is trial 22 with value: 0.9981867671012878.
2023-09-01 20:07:56.727184: I tensorflow/core/framework/local_rendezvous.cc:405] Local rendezvous recv item cancelled. Key hash: 13751019030119335233
2023-09-01 20:07:56.728200: I tensorflow/core/framework/local_rendezvous.cc:405] Local rendezvous recv item cancelled. Key hash: 16305685420698651970
[I 2023-09-01 20:07:56,751] Trial 81 finished with value: 0.9945603013038635 and parameters: {'epochs': 81, 'batch_size': 82, 'depth': 1, 'bidirectional': True, 'num_neurons': 62, 'drop_out': 0.5}. Best is trial 22 with value: 0.9981867671012878.
2023-09-01 20:13:54.581385: I tensorflow/core/framework/local_rendezvous.cc:405] Local rendezvous recv item cancelled. Key hash: 10543232963383531934
[I 2023-09-01 20:13:54,593] Trial 82 finished with value: 0.9927470684051514 and parameters: {'epochs': 73, 'batch_size': 84, 'depth': 3, 'bidirectional': True, 'num_neurons': 99, 'drop_out': 0.5}. Best is trial 22 with value: 0.9981867671012878.
2023-09-01 20:13:59.447861: I tensorflow/core/framework/local_rendezvous.cc:405] Local rendezvous recv item cancelled. Key hash: 13751019030119335233
2023-09-01 20:13:59.447927: I tensorflow/core/framework/local_rendezvous.cc:405] Local rendezvous recv item cancelled. Key hash: 16305685420698651970
2023-09-01 20:15:38.684786: I tensorflow/core/framework/local_rendezvous.cc:405] Local rendezvous recv item cancelled. Key hash: 13751019030119335233
[I 2023-09-01 20:15:38,701] Trial 83 finished with value: 0.9945603013038635 and parameters: {'epochs': 50, 'batch_size': 75, 'depth': 1, 'bidirectional': True, 'num_neurons': 79, 'drop_out': 0.5}. Best is trial 22 with value: 0.9981867671012878.
2023-09-01 20:18:36.450327: I tensorflow/core/framework/local_rendezvous.cc:405] Local rendezvous recv item cancelled. Key hash: 13751019030119335233
2023-09-01 20:18:36.451168: I tensorflow/core/framework/local_rendezvous.cc:405] Local rendezvous recv item cancelled. Key hash: 16305685420698651970
[I 2023-09-01 20:18:36,467] Trial 84 finished with value: 0.989120602607727 and parameters: {'epochs': 97, 'batch_size': 72, 'depth': 1, 'bidirectional': True, 'num_neurons': 45, 'drop_out': 0.5}. Best is trial 22 with value: 0.9981867671012878.
[I 2023-09-01 20:22:20,171] Trial 85 finished with value: 0.9909338355064392 and parameters: {'epochs': 86, 'batch_size': 22, 'depth': 2, 'bidirectional': True, 'num_neurons': 87, 'drop_out': 0}. Best is trial 22 with value: 0.9981867671012878.
2023-09-01 20:25:19.397103: I tensorflow/core/framework/local_rendezvous.cc:405] Local rendezvous recv item cancelled. Key hash: 10543232963383531934
[I 2023-09-01 20:25:19,412] Trial 86 finished with value: 0.9900271892547607 and parameters: {'epochs': 43, 'batch_size': 99, 'depth': 3, 'bidirectional': True, 'num_neurons': 57, 'drop_out': 0.5}. Best is trial 22 with value: 0.9981867671012878.
2023-09-01 20:27:51.410907: I tensorflow/core/framework/local_rendezvous.cc:405] Local rendezvous recv item cancelled. Key hash: 13751019030119335233
2023-09-01 20:27:51.411921: I tensorflow/core/framework/local_rendezvous.cc:405] Local rendezvous recv item cancelled. Key hash: 16305685420698651970
[I 2023-09-01 20:27:51,430] Trial 87 finished with value: 0.9945603013038635 and parameters: {'epochs': 70, 'batch_size': 79, 'depth': 1, 'bidirectional': True, 'num_neurons': 74, 'drop_out': 0.5}. Best is trial 22 with value: 0.9981867671012878.
2023-09-01 20:30:39.597885: I tensorflow/core/framework/local_rendezvous.cc:405] Local rendezvous recv item cancelled. Key hash: 13751019030119335233
[I 2023-09-01 20:30:39,607] Trial 88 finished with value: 0.9320036172866821 and parameters: {'epochs': 93, 'batch_size': 58, 'depth': 2, 'bidirectional': False, 'num_neurons': 35, 'drop_out': 0.3}. Best is trial 22 with value: 0.9981867671012878.
2023-09-01 20:30:48.682210: I tensorflow/core/framework/local_rendezvous.cc:405] Local rendezvous recv item cancelled. Key hash: 14595744113253457367
2023-09-01 20:33:36.824286: I tensorflow/core/framework/local_rendezvous.cc:405] Local rendezvous recv item cancelled. Key hash: 14595744113253457367
2023-09-01 20:33:36.825244: I tensorflow/core/framework/local_rendezvous.cc:405] Local rendezvous recv item cancelled. Key hash: 11910527543113205549
[I 2023-09-01 20:33:36,835] Trial 89 finished with value: 0.9936536550521851 and parameters: {'epochs': 75, 'batch_size': 31, 'depth': 2, 'bidirectional': True, 'num_neurons': 26, 'drop_out': 0.4}. Best is trial 22 with value: 0.9981867671012878.
2023-09-01 20:36:59.761397: I tensorflow/core/framework/local_rendezvous.cc:405] Local rendezvous recv item cancelled. Key hash: 11910527543113205549
[I 2023-09-01 20:36:59,775] Trial 90 finished with value: 0.9882139563560486 and parameters: {'epochs': 88, 'batch_size': 52, 'depth': 2, 'bidirectional': True, 'num_neurons': 7, 'drop_out': 0.5}. Best is trial 22 with value: 0.9981867671012878.
2023-09-01 20:43:37.468836: I tensorflow/core/framework/local_rendezvous.cc:405] Local rendezvous recv item cancelled. Key hash: 11910527543113205549
[I 2023-09-01 20:43:37,489] Trial 91 finished with value: 0.9927470684051514 and parameters: {'epochs': 91, 'batch_size': 52, 'depth': 2, 'bidirectional': True, 'num_neurons': 220, 'drop_out': 0.2}. Best is trial 22 with value: 0.9981867671012878.
[I 2023-09-01 20:50:00,028] Trial 92 finished with value: 0.9963735342025757 and parameters: {'epochs': 91, 'batch_size': 95, 'depth': 2, 'bidirectional': True, 'num_neurons': 196, 'drop_out': 0.2}. Best is trial 22 with value: 0.9981867671012878.
2023-09-01 20:56:47.624916: I tensorflow/core/framework/local_rendezvous.cc:405] Local rendezvous recv item cancelled. Key hash: 11910527543113205549
[I 2023-09-01 20:56:47,646] Trial 93 finished with value: 0.9909338355064392 and parameters: {'epochs': 96, 'batch_size': 56, 'depth': 2, 'bidirectional': True, 'num_neurons': 199, 'drop_out': 0.2}. Best is trial 22 with value: 0.9981867671012878.
2023-09-01 21:04:27.466190: I tensorflow/core/framework/local_rendezvous.cc:405] Local rendezvous recv item cancelled. Key hash: 14595744113253457367
[I 2023-09-01 21:04:27,484] Trial 94 finished with value: 0.9936536550521851 and parameters: {'epochs': 98, 'batch_size': 43, 'depth': 2, 'bidirectional': True, 'num_neurons': 229, 'drop_out': 0.2}. Best is trial 22 with value: 0.9981867671012878.
[I 2023-09-01 21:09:46,684] Trial 95 finished with value: 0.9918404221534729 and parameters: {'epochs': 85, 'batch_size': 67, 'depth': 2, 'bidirectional': True, 'num_neurons': 184, 'drop_out': 0.1}. Best is trial 22 with value: 0.9981867671012878.
2023-09-01 21:09:56.234694: I tensorflow/core/framework/local_rendezvous.cc:405] Local rendezvous recv item cancelled. Key hash: 11910527543113205549
[I 2023-09-01 21:13:59,942] Trial 96 finished with value: 0.9836808443069458 and parameters: {'epochs': 57, 'batch_size': 62, 'depth': 2, 'bidirectional': True, 'num_neurons': 207, 'drop_out': 0.2}. Best is trial 22 with value: 0.9981867671012878.
2023-09-01 21:20:29.078010: I tensorflow/core/framework/local_rendezvous.cc:405] Local rendezvous recv item cancelled. Key hash: 14595744113253457367
