2023-09-01 15:34:07.828500: I tensorflow/core/util/port.cc:110] oneDNN custom operations are on. You may see slightly different numerical results due to floating-point round-off errors from different computation orders. To turn them off, set the environment variable `TF_ENABLE_ONEDNN_OPTS=0`.
2023-09-01 15:34:13.975645: I tensorflow/core/platform/cpu_feature_guard.cc:182] This TensorFlow binary is optimized to use available CPU instructions in performance-critical operations.
To enable the following instructions: AVX2 AVX512F AVX512_VNNI FMA, in other operations, rebuild TensorFlow with the appropriate compiler flags.
2023-09-01 15:34:28.438460: W tensorflow/compiler/tf2tensorrt/utils/py_utils.cc:38] TF-TRT Warning: Could not find TensorRT
2023-09-01 15:35:34.286021: I tensorflow/core/common_runtime/gpu/gpu_device.cc:1639] Created device /job:localhost/replica:0/task:0/device:GPU:0 with 9621 MB memory:  -> device: 0, name: NVIDIA GeForce RTX 2080 Ti, pci bus id: 0000:3e:00.0, compute capability: 7.5
[I 2023-09-01 15:35:35,457] A new study created in memory with name: no-name-32d86da4-ada5-438b-9db3-de6e9d014fbf
2023-09-01 15:35:42.076964: I tensorflow/compiler/xla/stream_executor/cuda/cuda_dnn.cc:432] Loaded cuDNN version 8904
2023-09-01 15:35:42.919603: I tensorflow/compiler/xla/service/service.cc:168] XLA service 0x7f45b68c64b0 initialized for platform CUDA (this does not guarantee that XLA will be used). Devices:
2023-09-01 15:35:42.919676: I tensorflow/compiler/xla/service/service.cc:176]   StreamExecutor device (0): NVIDIA GeForce RTX 2080 Ti, Compute Capability 7.5
2023-09-01 15:35:44.161928: I tensorflow/compiler/mlir/tensorflow/utils/dump_mlir_util.cc:255] disabling MLIR crash reproducer, set env var `MLIR_CRASH_REPRODUCER_DIRECTORY` to enable.
2023-09-01 15:35:46.304867: I tensorflow/tsl/platform/default/subprocess.cc:304] Start cannot spawn child process: No such file or directory
2023-09-01 15:35:46.799956: I ./tensorflow/compiler/jit/device_compiler.h:186] Compiled cluster using XLA!  This line is logged at most once for the lifetime of the process.
2023-09-01 15:35:49.112626: I tensorflow/core/framework/local_rendezvous.cc:405] Local rendezvous recv item cancelled. Key hash: 13751019030119335233
2023-09-01 15:35:49.112687: I tensorflow/core/framework/local_rendezvous.cc:405] Local rendezvous recv item cancelled. Key hash: 16305685420698651970
2023-09-01 15:37:49.880738: I tensorflow/core/framework/local_rendezvous.cc:405] Local rendezvous recv item cancelled. Key hash: 16305685420698651970
[I 2023-09-01 15:37:49,890] Trial 0 finished with value: 0.9093381762504578 and parameters: {'epochs': 64, 'batch_size': 111, 'depth': 2, 'bidirectional': False, 'num_neurons': 15, 'drop_out': 0.5}. Best is trial 0 with value: 0.9093381762504578.
2023-09-01 15:37:53.469428: I tensorflow/core/framework/local_rendezvous.cc:405] Local rendezvous recv item cancelled. Key hash: 12988999226285204992
2023-09-01 15:39:21.099684: I tensorflow/core/framework/local_rendezvous.cc:405] Local rendezvous recv item cancelled. Key hash: 2643882283147632287
2023-09-01 15:39:21.100129: I tensorflow/core/framework/local_rendezvous.cc:405] Local rendezvous recv item cancelled. Key hash: 12988999226285204992
[I 2023-09-01 15:39:21,113] Trial 1 finished with value: 0.9827742576599121 and parameters: {'epochs': 40, 'batch_size': 3, 'depth': 1, 'bidirectional': False, 'num_neurons': 229, 'drop_out': 0.5}. Best is trial 1 with value: 0.9827742576599121.
2023-09-01 15:43:21.753250: I tensorflow/core/framework/local_rendezvous.cc:405] Local rendezvous recv item cancelled. Key hash: 14595744113253457367
2023-09-01 15:43:21.754128: I tensorflow/core/framework/local_rendezvous.cc:405] Local rendezvous recv item cancelled. Key hash: 11910527543113205549
[I 2023-09-01 15:43:21,769] Trial 2 finished with value: 0.9954668879508972 and parameters: {'epochs': 98, 'batch_size': 86, 'depth': 2, 'bidirectional': True, 'num_neurons': 49, 'drop_out': 0.3}. Best is trial 2 with value: 0.9954668879508972.
2023-09-01 15:43:31.198041: I tensorflow/core/framework/local_rendezvous.cc:405] Local rendezvous recv item cancelled. Key hash: 11910527543113205549
[I 2023-09-01 15:46:33,428] Trial 3 finished with value: 0.9927470684051514 and parameters: {'epochs': 50, 'batch_size': 26, 'depth': 2, 'bidirectional': True, 'num_neurons': 187, 'drop_out': 0.1}. Best is trial 2 with value: 0.9954668879508972.
2023-09-01 15:48:24.384123: I tensorflow/core/framework/local_rendezvous.cc:405] Local rendezvous recv item cancelled. Key hash: 14595744113253457367
[I 2023-09-01 15:48:24,398] Trial 4 finished with value: 0.9945603013038635 and parameters: {'epochs': 46, 'batch_size': 72, 'depth': 2, 'bidirectional': True, 'num_neurons': 25, 'drop_out': 0.4}. Best is trial 2 with value: 0.9954668879508972.
[I 2023-09-01 15:49:35,896] Trial 5 finished with value: 0.9437896609306335 and parameters: {'epochs': 29, 'batch_size': 70, 'depth': 3, 'bidirectional': False, 'num_neurons': 77, 'drop_out': 0.4}. Best is trial 2 with value: 0.9954668879508972.
[I 2023-09-01 15:52:16,032] Trial 6 finished with value: 0.9873073697090149 and parameters: {'epochs': 61, 'batch_size': 50, 'depth': 3, 'bidirectional': False, 'num_neurons': 220, 'drop_out': 0.3}. Best is trial 2 with value: 0.9954668879508972.
2023-09-01 15:52:21.440331: I tensorflow/core/framework/local_rendezvous.cc:405] Local rendezvous recv item cancelled. Key hash: 13751019030119335233
[I 2023-09-01 15:54:48,481] Trial 7 finished with value: 0.9918404221534729 and parameters: {'epochs': 60, 'batch_size': 44, 'depth': 1, 'bidirectional': True, 'num_neurons': 264, 'drop_out': 0.1}. Best is trial 2 with value: 0.9954668879508972.
2023-09-01 15:59:18.115619: I tensorflow/core/framework/local_rendezvous.cc:405] Local rendezvous recv item cancelled. Key hash: 10543232963383531934
[I 2023-09-01 15:59:18,129] Trial 8 finished with value: 0.9909338355064392 and parameters: {'epochs': 56, 'batch_size': 112, 'depth': 3, 'bidirectional': True, 'num_neurons': 167, 'drop_out': 0}. Best is trial 2 with value: 0.9954668879508972.
[I 2023-09-01 16:02:08,354] Trial 9 finished with value: 0.985494077205658 and parameters: {'epochs': 35, 'batch_size': 1, 'depth': 3, 'bidirectional': True, 'num_neurons': 151, 'drop_out': 0.3}. Best is trial 2 with value: 0.9954668879508972.
2023-09-01 16:05:46.986486: I tensorflow/core/framework/local_rendezvous.cc:405] Local rendezvous recv item cancelled. Key hash: 16305685420698651970
[I 2023-09-01 16:05:47,021] Trial 10 finished with value: 0.9945603013038635 and parameters: {'epochs': 99, 'batch_size': 90, 'depth': 1, 'bidirectional': True, 'num_neurons': 100, 'drop_out': 0.2}. Best is trial 2 with value: 0.9954668879508972.
[I 2023-09-01 16:06:20,805] Trial 11 finished with value: 0.9800543785095215 and parameters: {'epochs': 11, 'batch_size': 78, 'depth': 2, 'bidirectional': True, 'num_neurons': 4, 'drop_out': 0.4}. Best is trial 2 with value: 0.9954668879508972.
2023-09-01 16:10:02.423919: I tensorflow/core/framework/local_rendezvous.cc:405] Local rendezvous recv item cancelled. Key hash: 14595744113253457367
[I 2023-09-01 16:10:02,444] Trial 12 finished with value: 0.9963735342025757 and parameters: {'epochs': 89, 'batch_size': 90, 'depth': 2, 'bidirectional': True, 'num_neurons': 70, 'drop_out': 0.3}. Best is trial 12 with value: 0.9963735342025757.
2023-09-01 16:14:21.590654: I tensorflow/core/framework/local_rendezvous.cc:405] Local rendezvous recv item cancelled. Key hash: 14595744113253457367
2023-09-01 16:14:21.591374: I tensorflow/core/framework/local_rendezvous.cc:405] Local rendezvous recv item cancelled. Key hash: 11910527543113205549
[I 2023-09-01 16:14:21,606] Trial 13 finished with value: 0.9954668879508972 and parameters: {'epochs': 100, 'batch_size': 96, 'depth': 2, 'bidirectional': True, 'num_neurons': 82, 'drop_out': 0.3}. Best is trial 12 with value: 0.9963735342025757.
[I 2023-09-01 16:18:45,210] Trial 14 finished with value: 0.9945603013038635 and parameters: {'epochs': 79, 'batch_size': 128, 'depth': 2, 'bidirectional': True, 'num_neurons': 113, 'drop_out': 0.3}. Best is trial 12 with value: 0.9963735342025757.
2023-09-01 16:21:24.821418: I tensorflow/core/framework/local_rendezvous.cc:405] Local rendezvous recv item cancelled. Key hash: 13751019030119335233
2023-09-01 16:21:24.822067: I tensorflow/core/framework/local_rendezvous.cc:405] Local rendezvous recv item cancelled. Key hash: 16305685420698651970
[I 2023-09-01 16:21:24,831] Trial 15 finished with value: 0.9909338355064392 and parameters: {'epochs': 82, 'batch_size': 97, 'depth': 1, 'bidirectional': True, 'num_neurons': 53, 'drop_out': 0.3}. Best is trial 12 with value: 0.9963735342025757.
[I 2023-09-01 16:28:26,560] Trial 16 finished with value: 0.9945603013038635 and parameters: {'epochs': 84, 'batch_size': 52, 'depth': 2, 'bidirectional': True, 'num_neurons': 131, 'drop_out': 0.2}. Best is trial 12 with value: 0.9963735342025757.
[I 2023-09-01 16:32:19,896] Trial 17 finished with value: 0.9900271892547607 and parameters: {'epochs': 89, 'batch_size': 82, 'depth': 1, 'bidirectional': True, 'num_neurons': 320, 'drop_out': 0}. Best is trial 12 with value: 0.9963735342025757.
2023-09-01 16:34:41.667856: I tensorflow/core/framework/local_rendezvous.cc:405] Local rendezvous recv item cancelled. Key hash: 13751019030119335233
[I 2023-09-01 16:34:41,684] Trial 18 finished with value: 0.4904805123806 and parameters: {'epochs': 72, 'batch_size': 110, 'depth': 2, 'bidirectional': False, 'num_neurons': 54, 'drop_out': 0.3}. Best is trial 12 with value: 0.9963735342025757.
[I 2023-09-01 16:40:33,710] Trial 19 finished with value: 0.9954668879508972 and parameters: {'epochs': 90, 'batch_size': 125, 'depth': 3, 'bidirectional': True, 'num_neurons': 49, 'drop_out': 0.3}. Best is trial 12 with value: 0.9963735342025757.
[I 2023-09-01 16:44:53,000] Trial 20 finished with value: 0.9900271892547607 and parameters: {'epochs': 71, 'batch_size': 61, 'depth': 2, 'bidirectional': True, 'num_neurons': 121, 'drop_out': 0.3}. Best is trial 12 with value: 0.9963735342025757.
2023-09-01 16:49:14.031515: I tensorflow/core/framework/local_rendezvous.cc:405] Local rendezvous recv item cancelled. Key hash: 11910527543113205549
[I 2023-09-01 16:49:14,048] Trial 21 finished with value: 0.9927470684051514 and parameters: {'epochs': 100, 'batch_size': 96, 'depth': 2, 'bidirectional': True, 'num_neurons': 92, 'drop_out': 0.3}. Best is trial 12 with value: 0.9963735342025757.
2023-09-01 16:53:25.294172: I tensorflow/core/framework/local_rendezvous.cc:405] Local rendezvous recv item cancelled. Key hash: 14595744113253457367
2023-09-01 16:53:25.294926: I tensorflow/core/framework/local_rendezvous.cc:405] Local rendezvous recv item cancelled. Key hash: 11910527543113205549
[I 2023-09-01 16:53:25,304] Trial 22 finished with value: 0.9981867671012878 and parameters: {'epochs': 96, 'batch_size': 86, 'depth': 2, 'bidirectional': True, 'num_neurons': 82, 'drop_out': 0.3}. Best is trial 22 with value: 0.9981867671012878.
2023-09-01 16:53:33.506953: I tensorflow/core/framework/local_rendezvous.cc:405] Local rendezvous recv item cancelled. Key hash: 11910527543113205549
[I 2023-09-01 16:56:58,599] Trial 23 finished with value: 0.9954668879508972 and parameters: {'epochs': 91, 'batch_size': 84, 'depth': 2, 'bidirectional': True, 'num_neurons': 37, 'drop_out': 0.3}. Best is trial 22 with value: 0.9981867671012878.
2023-09-01 16:57:07.776827: I tensorflow/core/framework/local_rendezvous.cc:405] Local rendezvous recv item cancelled. Key hash: 14595744113253457367
2023-09-01 16:57:07.776896: I tensorflow/core/framework/local_rendezvous.cc:405] Local rendezvous recv item cancelled. Key hash: 11910527543113205549
[I 2023-09-01 17:00:10,236] Trial 24 finished with value: 0.989120602607727 and parameters: {'epochs': 74, 'batch_size': 64, 'depth': 2, 'bidirectional': True, 'num_neurons': 75, 'drop_out': 0.3}. Best is trial 22 with value: 0.9981867671012878.
2023-09-01 17:07:12.682183: I tensorflow/core/framework/local_rendezvous.cc:405] Local rendezvous recv item cancelled. Key hash: 15421629305330734831
2023-09-01 17:07:12.683303: I tensorflow/core/framework/local_rendezvous.cc:405] Local rendezvous recv item cancelled. Key hash: 10543232963383531934
[I 2023-09-01 17:07:12,703] Trial 25 finished with value: 0.989120602607727 and parameters: {'epochs': 92, 'batch_size': 105, 'depth': 3, 'bidirectional': True, 'num_neurons': 137, 'drop_out': 0.2}. Best is trial 22 with value: 0.9981867671012878.
[I 2023-09-01 17:09:58,566] Trial 26 finished with value: 0.9963735342025757 and parameters: {'epochs': 81, 'batch_size': 83, 'depth': 1, 'bidirectional': True, 'num_neurons': 61, 'drop_out': 0.5}. Best is trial 22 with value: 0.9981867671012878.
2023-09-01 17:10:02.014997: I tensorflow/core/framework/local_rendezvous.cc:405] Local rendezvous recv item cancelled. Key hash: 2643882283147632287
2023-09-01 17:10:02.015067: I tensorflow/core/framework/local_rendezvous.cc:405] Local rendezvous recv item cancelled. Key hash: 12988999226285204992
2023-09-01 17:12:02.278494: I tensorflow/core/framework/local_rendezvous.cc:405] Local rendezvous recv item cancelled. Key hash: 2643882283147632287
2023-09-01 17:12:02.279274: I tensorflow/core/framework/local_rendezvous.cc:405] Local rendezvous recv item cancelled. Key hash: 12988999226285204992
[I 2023-09-01 17:12:02,292] Trial 27 finished with value: 0.9184043407440186 and parameters: {'epochs': 79, 'batch_size': 75, 'depth': 1, 'bidirectional': False, 'num_neurons': 1, 'drop_out': 0.5}. Best is trial 22 with value: 0.9981867671012878.
2023-09-01 17:12:31.833708: I tensorflow/core/framework/local_rendezvous.cc:405] Local rendezvous recv item cancelled. Key hash: 13751019030119335233
[I 2023-09-01 17:12:31,837] Trial 28 finished with value: 0.9827742576599121 and parameters: {'epochs': 12, 'batch_size': 118, 'depth': 1, 'bidirectional': True, 'num_neurons': 67, 'drop_out': 0.5}. Best is trial 22 with value: 0.9981867671012878.
2023-09-01 17:14:24.839651: I tensorflow/core/framework/local_rendezvous.cc:405] Local rendezvous recv item cancelled. Key hash: 12988999226285204992
[I 2023-09-01 17:14:24,852] Trial 29 finished with value: 0.9156845211982727 and parameters: {'epochs': 69, 'batch_size': 99, 'depth': 1, 'bidirectional': False, 'num_neurons': 25, 'drop_out': 0.5}. Best is trial 22 with value: 0.9981867671012878.
2023-09-01 17:17:36.430714: I tensorflow/core/framework/local_rendezvous.cc:405] Local rendezvous recv item cancelled. Key hash: 13751019030119335233
2023-09-01 17:17:36.431508: I tensorflow/core/framework/local_rendezvous.cc:405] Local rendezvous recv item cancelled. Key hash: 16305685420698651970
[I 2023-09-01 17:17:36,443] Trial 30 finished with value: 0.989120602607727 and parameters: {'epochs': 86, 'batch_size': 34, 'depth': 1, 'bidirectional': True, 'num_neurons': 107, 'drop_out': 0.5}. Best is trial 22 with value: 0.9981867671012878.
2023-09-01 17:21:31.289282: I tensorflow/core/framework/local_rendezvous.cc:405] Local rendezvous recv item cancelled. Key hash: 14595744113253457367
[I 2023-09-01 17:21:31,304] Trial 31 finished with value: 0.9927470684051514 and parameters: {'epochs': 94, 'batch_size': 87, 'depth': 2, 'bidirectional': True, 'num_neurons': 62, 'drop_out': 0.1}. Best is trial 22 with value: 0.9981867671012878.
[I 2023-09-01 17:25:15,941] Trial 32 finished with value: 0.9972801208496094 and parameters: {'epochs': 95, 'batch_size': 89, 'depth': 2, 'bidirectional': True, 'num_neurons': 34, 'drop_out': 0.5}. Best is trial 22 with value: 0.9981867671012878.
2023-09-01 17:28:16.475087: I tensorflow/core/framework/local_rendezvous.cc:405] Local rendezvous recv item cancelled. Key hash: 14595744113253457367
[I 2023-09-01 17:28:16,491] Trial 33 finished with value: 0.9927470684051514 and parameters: {'epochs': 77, 'batch_size': 104, 'depth': 2, 'bidirectional': True, 'num_neurons': 31, 'drop_out': 0.5}. Best is trial 22 with value: 0.9981867671012878.
2023-09-01 17:28:22.416822: I tensorflow/core/framework/local_rendezvous.cc:405] Local rendezvous recv item cancelled. Key hash: 16305685420698651970
2023-09-01 17:31:09.320164: I tensorflow/core/framework/local_rendezvous.cc:405] Local rendezvous recv item cancelled. Key hash: 16305685420698651970
[I 2023-09-01 17:31:09,337] Trial 34 finished with value: 0.9918404221534729 and parameters: {'epochs': 84, 'batch_size': 90, 'depth': 1, 'bidirectional': True, 'num_neurons': 95, 'drop_out': 0.5}. Best is trial 22 with value: 0.9981867671012878.
2023-09-01 17:31:17.453514: I tensorflow/core/framework/local_rendezvous.cc:405] Local rendezvous recv item cancelled. Key hash: 11910527543113205549
2023-09-01 17:33:44.246249: I tensorflow/core/framework/local_rendezvous.cc:405] Local rendezvous recv item cancelled. Key hash: 14595744113253457367
2023-09-01 17:33:44.246789: I tensorflow/core/framework/local_rendezvous.cc:405] Local rendezvous recv item cancelled. Key hash: 11910527543113205549
[I 2023-09-01 17:33:44,260] Trial 35 finished with value: 0.9972801208496094 and parameters: {'epochs': 66, 'batch_size': 57, 'depth': 2, 'bidirectional': True, 'num_neurons': 15, 'drop_out': 0.5}. Best is trial 22 with value: 0.9981867671012878.
2023-09-01 17:35:46.850224: I tensorflow/core/framework/local_rendezvous.cc:405] Local rendezvous recv item cancelled. Key hash: 13751019030119335233
[I 2023-09-01 17:35:46,865] Trial 36 finished with value: 0.9138712882995605 and parameters: {'epochs': 67, 'batch_size': 58, 'depth': 2, 'bidirectional': False, 'num_neurons': 12, 'drop_out': 0.5}. Best is trial 22 with value: 0.9981867671012878.
2023-09-01 17:39:23.731879: I tensorflow/core/framework/local_rendezvous.cc:405] Local rendezvous recv item cancelled. Key hash: 11910527543113205549
[I 2023-09-01 17:39:23,751] Trial 37 finished with value: 0.9936536550521851 and parameters: {'epochs': 94, 'batch_size': 69, 'depth': 2, 'bidirectional': True, 'num_neurons': 36, 'drop_out': 0}. Best is trial 22 with value: 0.9981867671012878.
2023-09-01 17:42:40.173654: I tensorflow/core/framework/local_rendezvous.cc:405] Local rendezvous recv item cancelled. Key hash: 14595744113253457367
2023-09-01 17:42:40.174291: I tensorflow/core/framework/local_rendezvous.cc:405] Local rendezvous recv item cancelled. Key hash: 11910527543113205549
[I 2023-09-01 17:42:40,182] Trial 38 finished with value: 0.9972801208496094 and parameters: {'epochs': 45, 'batch_size': 39, 'depth': 2, 'bidirectional': True, 'num_neurons': 196, 'drop_out': 0.4}. Best is trial 22 with value: 0.9981867671012878.
2023-09-01 17:44:12.844171: I tensorflow/core/framework/local_rendezvous.cc:405] Local rendezvous recv item cancelled. Key hash: 13751019030119335233
2023-09-01 17:44:12.845380: I tensorflow/core/framework/local_rendezvous.cc:405] Local rendezvous recv item cancelled. Key hash: 16305685420698651970
[I 2023-09-01 17:44:12,865] Trial 39 finished with value: 0.9546690583229065 and parameters: {'epochs': 45, 'batch_size': 30, 'depth': 2, 'bidirectional': False, 'num_neurons': 192, 'drop_out': 0.4}. Best is trial 22 with value: 0.9981867671012878.
[I 2023-09-01 17:46:56,347] Trial 40 finished with value: 0.9873073697090149 and parameters: {'epochs': 20, 'batch_size': 40, 'depth': 3, 'bidirectional': True, 'num_neurons': 214, 'drop_out': 0.4}. Best is trial 22 with value: 0.9981867671012878.
2023-09-01 17:51:23.377039: I tensorflow/core/framework/local_rendezvous.cc:405] Local rendezvous recv item cancelled. Key hash: 14595744113253457367
2023-09-01 17:51:23.378360: I tensorflow/core/framework/local_rendezvous.cc:405] Local rendezvous recv item cancelled. Key hash: 11910527543113205549
[I 2023-09-01 17:51:23,397] Trial 41 finished with value: 0.989120602607727 and parameters: {'epochs': 54, 'batch_size': 19, 'depth': 2, 'bidirectional': True, 'num_neurons': 250, 'drop_out': 0.4}. Best is trial 22 with value: 0.9981867671012878.
[I 2023-09-01 17:54:02,356] Trial 42 finished with value: 0.9882139563560486 and parameters: {'epochs': 38, 'batch_size': 54, 'depth': 2, 'bidirectional': True, 'num_neurons': 193, 'drop_out': 0.1}. Best is trial 22 with value: 0.9981867671012878.
[I 2023-09-01 17:57:50,302] Trial 43 finished with value: 0.9936536550521851 and parameters: {'epochs': 62, 'batch_size': 9, 'depth': 2, 'bidirectional': True, 'num_neurons': 168, 'drop_out': 0.4}. Best is trial 22 with value: 0.9981867671012878.
[I 2023-09-01 17:59:06,348] Trial 44 finished with value: 0.985494077205658 and parameters: {'epochs': 30, 'batch_size': 44, 'depth': 2, 'bidirectional': True, 'num_neurons': 20, 'drop_out': 0.5}. Best is trial 22 with value: 0.9981867671012878.
2023-09-01 18:01:02.598779: I tensorflow/core/framework/local_rendezvous.cc:405] Local rendezvous recv item cancelled. Key hash: 14595744113253457367
2023-09-01 18:01:02.599926: I tensorflow/core/framework/local_rendezvous.cc:405] Local rendezvous recv item cancelled. Key hash: 11910527543113205549
[I 2023-09-01 18:01:02,618] Trial 45 finished with value: 0.9945603013038635 and parameters: {'epochs': 46, 'batch_size': 72, 'depth': 2, 'bidirectional': True, 'num_neurons': 41, 'drop_out': 0.4}. Best is trial 22 with value: 0.9981867671012878.
[I 2023-09-01 18:03:57,864] Trial 46 finished with value: 0.9909338355064392 and parameters: {'epochs': 53, 'batch_size': 48, 'depth': 2, 'bidirectional': True, 'num_neurons': 150, 'drop_out': 0}. Best is trial 22 with value: 0.9981867671012878.
2023-09-01 18:08:03.247145: I tensorflow/core/framework/local_rendezvous.cc:405] Local rendezvous recv item cancelled. Key hash: 11910527543113205549
