number,value,datetime_start,datetime_complete,duration,params_batch_size,params_bidirectional,params_depth,params_drop_out,params_epochs,params_num_neurons,state
0,0.9909338355064392,2023-09-13 23:42:27.009572,2023-09-13 23:45:32.557322,0 days 00:03:05.547750,51,True,2,0.4,62,120,COMPLETE
1,0.9900271892547607,2023-09-13 23:45:32.558382,2023-09-13 23:54:52.268435,0 days 00:09:19.710053,120,True,3,0.0,82,223,COMPLETE
2,0.9156845211982727,2023-09-13 23:54:52.270455,2023-09-13 23:55:30.205316,0 days 00:00:37.934861,71,False,1,0.0,19,52,COMPLETE
3,0.9882139563560486,2023-09-13 23:55:30.205761,2023-09-13 23:57:24.063849,0 days 00:01:53.858088,49,False,1,0.0,65,183,COMPLETE
4,0.9927470684051514,2023-09-13 23:57:24.065559,2023-09-13 23:58:43.741495,0 days 00:01:19.675936,100,True,1,0.0,38,163,COMPLETE
5,0.9102447628974915,2023-09-13 23:58:43.743864,2023-09-13 23:59:33.297867,0 days 00:00:49.554003,35,False,1,0.1,22,251,COMPLETE
6,0.5321849584579468,2023-09-13 23:59:33.299040,2023-09-13 23:59:46.478363,0 days 00:00:13.179323,18,False,3,0.2,2,291,COMPLETE
7,0.9845874905586243,2023-09-13 23:59:46.479897,2023-09-14 00:00:38.497451,0 days 00:00:52.017554,9,True,2,0.5,18,63,COMPLETE
8,0.9900271892547607,2023-09-14 00:00:38.497951,2023-09-14 00:03:26.801944,0 days 00:02:48.303993,52,True,2,0.1,41,177,COMPLETE
9,0.5222121477127075,2023-09-14 00:03:26.803619,2023-09-14 00:06:21.933213,0 days 00:02:55.129594,68,False,3,0.2,76,165,COMPLETE
10,0.9864007234573364,2023-09-14 00:06:21.935060,2023-09-14 00:07:43.572829,0 days 00:01:21.637769,109,True,1,0.3,43,3,COMPLETE
11,0.9909338355064392,2023-09-14 00:07:43.574013,2023-09-14 00:11:58.239603,0 days 00:04:14.665590,90,True,2,0.4,96,104,COMPLETE
12,0.9900271892547607,2023-09-14 00:11:58.240972,2023-09-14 00:15:36.315753,0 days 00:03:38.074781,91,True,2,0.4,58,113,COMPLETE
13,0.989120602607727,2023-09-14 00:15:36.316741,2023-09-14 00:17:09.384723,0 days 00:01:33.067982,87,True,1,0.4,39,115,COMPLETE
14,0.9909338355064392,2023-09-14 00:17:09.385613,2023-09-14 00:21:14.229742,0 days 00:04:04.844129,34,True,2,0.5,54,221,COMPLETE
15,0.9864007234573364,2023-09-14 00:21:14.231106,2023-09-14 00:22:26.166573,0 days 00:01:11.935467,107,True,1,0.3,31,127,COMPLETE
16,0.9963735342025757,2023-09-14 00:22:26.169098,2023-09-14 00:27:23.274588,0 days 00:04:57.105490,125,True,3,0.0,68,69,COMPLETE
17,0.9864007234573364,2023-09-14 00:27:23.276168,2023-09-14 00:31:03.682087,0 days 00:03:40.405919,125,True,3,0.0,74,17,COMPLETE
18,0.9963735342025757,2023-09-14 00:31:03.684136,2023-09-14 00:37:19.329701,0 days 00:06:15.645565,107,True,3,0.0,90,69,COMPLETE
19,0.9936536550521851,2023-09-14 00:37:19.331425,2023-09-14 00:44:16.772810,0 days 00:06:57.441385,127,True,3,0.0,93,65,COMPLETE
20,0.9900271892547607,2023-09-14 00:44:16.776191,2023-09-14 00:48:35.468762,0 days 00:04:18.692571,113,True,3,0.0,86,34,COMPLETE
21,0.9936536550521851,2023-09-14 00:48:35.470524,2023-09-14 00:56:08.952611,0 days 00:07:33.482087,127,True,3,0.0,99,75,COMPLETE
22,0.9918404221534729,2023-09-14 00:56:08.954063,2023-09-14 01:03:25.204240,0 days 00:07:16.250177,116,True,3,0.0,87,89,COMPLETE
23,0.9936536550521851,2023-09-14 01:03:25.205228,2023-09-14 01:07:12.619959,0 days 00:03:47.414731,97,True,3,0.0,70,41,COMPLETE
24,0.989120602607727,2023-09-14 01:07:12.621610,2023-09-14 01:14:42.368378,0 days 00:07:29.746768,128,True,3,0.0,90,82,COMPLETE
25,0.9936536550521851,2023-09-14 01:14:42.370128,2023-09-14 01:20:30.105984,0 days 00:05:47.735856,105,True,3,0.0,78,145,COMPLETE
26,0.9682683348655701,2023-09-14 01:20:30.107854,2023-09-14 01:23:37.346499,0 days 00:03:07.238645,81,False,3,0.1,94,27,COMPLETE
27,0.9900271892547607,2023-09-14 01:23:37.349238,2023-09-14 01:28:19.579676,0 days 00:04:42.230438,116,True,3,0.2,70,59,COMPLETE
28,0.9900271892547607,2023-09-14 01:28:19.581627,2023-09-14 01:36:45.390769,0 days 00:08:25.809142,79,True,3,0.3,100,93,COMPLETE
29,0.9909338355064392,2023-09-14 01:36:45.393507,2023-09-14 01:41:52.063380,0 days 00:05:06.669873,98,True,2,0.5,62,132,COMPLETE
30,0.9945603013038635,2023-09-14 01:41:52.066022,2023-09-14 01:45:00.485822,0 days 00:03:08.419800,120,True,2,0.0,82,6,COMPLETE
31,0.9927470684051514,2023-09-14 01:45:00.488339,2023-09-14 01:48:10.712370,0 days 00:03:10.224031,118,True,2,0.0,82,2,COMPLETE
32,0.9936536550521851,2023-09-14 01:48:10.713793,2023-09-14 01:51:49.423439,0 days 00:03:38.709646,123,True,2,0.0,92,46,COMPLETE
33,0.9909338355064392,2023-09-14 01:51:49.424933,2023-09-14 01:55:18.985056,0 days 00:03:29.560123,112,True,2,0.0,84,70,COMPLETE
34,0.9954668879508972,2023-09-14 01:55:18.987219,2023-09-14 01:59:17.346740,0 days 00:03:58.359521,120,True,3,0.0,80,19,COMPLETE
35,0.9165911078453064,2023-09-14 01:59:17.349394,2023-09-14 02:01:21.102243,0 days 00:02:03.752849,104,False,2,0.0,68,22,COMPLETE
36,0.9945603013038635,2023-09-14 02:01:21.104455,2023-09-14 02:05:16.567744,0 days 00:03:55.463289,119,True,3,0.0,79,14,COMPLETE
37,0.9066182971000671,2023-09-14 02:05:16.580833,2023-09-14 02:07:24.230746,0 days 00:02:07.649913,100,False,3,0.0,62,45,COMPLETE
38,0.9972801208496094,2023-09-14 02:07:24.232695,2023-09-14 02:11:05.257398,0 days 00:03:41.024703,75,True,3,0.1,73,32,COMPLETE
39,0.9918404221534729,2023-09-14 02:11:05.260505,2023-09-14 02:15:03.802848,0 days 00:03:58.542343,58,True,3,0.1,47,97,COMPLETE
40,0.9147778749465942,2023-09-14 02:15:03.805472,2023-09-14 02:17:30.127421,0 days 00:02:26.321949,79,False,3,0.1,72,33,COMPLETE
41,0.9873073697090149,2023-09-14 02:17:30.129644,2023-09-14 02:21:23.643975,0 days 00:03:53.514331,38,True,3,0.1,78,3,COMPLETE
42,0.9954668879508972,2023-09-14 02:21:23.646099,2023-09-14 02:25:37.035403,0 days 00:04:13.389304,120,True,3,0.1,65,50,COMPLETE
43,0.9963735342025757,2023-09-14 02:25:37.037160,2023-09-14 02:29:56.903125,0 days 00:04:19.865965,62,True,3,0.1,66,51,COMPLETE
44,0.9945603013038635,2023-09-14 02:29:56.905161,2023-09-14 02:33:22.941740,0 days 00:03:26.036579,72,True,3,0.1,49,58,COMPLETE
45,0.989120602607727,2023-09-14 02:33:22.944237,2023-09-14 02:41:16.308370,0 days 00:07:53.364133,58,True,3,0.1,58,218,COMPLETE
46,0.989120602607727,2023-09-14 02:41:16.309585,2023-09-14 02:50:47.768037,0 days 00:09:31.458452,46,True,3,0.1,56,317,COMPLETE
47,0.9909338355064392,2023-09-14 02:50:47.769414,2023-09-14 02:55:47.645610,0 days 00:04:59.876196,64,True,3,0.2,66,77,COMPLETE
48,0.9202175736427307,2023-09-14 02:55:47.646602,2023-09-14 02:58:46.629945,0 days 00:02:58.983343,26,False,3,0.4,88,28,COMPLETE
49,0.9709882140159607,2023-09-14 02:58:46.632904,2023-09-14 02:59:03.123632,0 days 00:00:16.490728,86,True,3,0.5,1,187,COMPLETE
50,0.9918404221534729,2023-09-14 02:59:03.124252,2023-09-14 03:05:11.196167,0 days 00:06:08.071915,7,True,3,0.3,74,103,COMPLETE
51,0.9963735342025757,2023-09-14 03:05:11.199321,2023-09-14 03:08:27.380754,0 days 00:03:16.181433,110,True,3,0.1,53,50,COMPLETE
52,0.9945603013038635,2023-09-14 03:08:27.383106,2023-09-14 03:11:50.295722,0 days 00:03:22.912616,110,True,3,0.1,52,54,COMPLETE
53,0.9945603013038635,2023-09-14 03:11:50.296766,2023-09-14 03:14:59.937472,0 days 00:03:09.640706,72,True,3,0.1,61,40,COMPLETE
54,0.9909338355064392,2023-09-14 03:14:59.939631,2023-09-14 03:18:43.794624,0 days 00:03:43.854993,93,True,3,0.1,74,17,COMPLETE
55,0.9945603013038635,2023-09-14 03:18:43.796708,2023-09-14 03:21:45.899426,0 days 00:03:02.102718,59,True,3,0.1,45,67,COMPLETE
56,0.989120602607727,2023-09-14 03:21:45.901238,2023-09-14 03:27:17.906801,0 days 00:05:32.005563,46,True,3,0.4,67,86,COMPLETE
57,0.9954668879508972,2023-09-14 03:27:17.908322,2023-09-14 03:29:06.417375,0 days 00:01:48.509053,102,True,3,0.2,33,35,COMPLETE
58,0.9954668879508972,2023-09-14 03:29:06.420245,2023-09-14 03:33:37.025845,0 days 00:04:30.605600,110,True,3,0.1,58,75,COMPLETE
59,0.9537624716758728,2023-09-14 03:33:37.028658,2023-09-14 03:34:53.999900,0 days 00:01:16.971242,64,True,3,0.5,8,258,COMPLETE
60,0.9909338355064392,2023-09-14 03:34:54.002552,2023-09-14 03:37:55.475069,0 days 00:03:01.472517,115,True,1,0.0,78,117,COMPLETE
61,0.9927470684051514,2023-09-14 03:37:55.477863,2023-09-14 03:42:12.657118,0 days 00:04:17.179255,123,True,3,0.1,64,50,COMPLETE
62,0.9918404221534729,2023-09-14 03:42:12.658791,2023-09-14 03:47:00.467757,0 days 00:04:47.808966,123,True,3,0.1,71,62,COMPLETE
63,0.9945603013038635,2023-09-14 03:47:00.470912,2023-09-14 03:49:46.604458,0 days 00:02:46.133546,94,True,3,0.1,54,23,COMPLETE
64,0.9927470684051514,2023-09-14 03:49:46.606183,2023-09-14 03:53:54.144344,0 days 00:04:07.538161,109,True,3,0.3,65,52,COMPLETE
65,0.9963735342025757,2023-09-14 03:53:54.147444,2023-09-14 03:58:09.417970,0 days 00:04:15.270526,128,True,3,0.1,85,11,COMPLETE
66,0.9972801208496094,2023-09-14 03:58:09.419434,2023-09-14 04:02:52.092518,0 days 00:04:42.673084,126,True,3,0.0,96,12,COMPLETE
67,0.9202175736427307,2023-09-14 04:02:52.094672,2023-09-14 04:06:02.379073,0 days 00:03:10.284401,128,False,3,0.1,96,11,COMPLETE
68,0.9927470684051514,2023-09-14 04:06:02.380681,2023-09-14 04:10:35.520905,0 days 00:04:33.140224,114,True,3,0.0,89,37,COMPLETE
69,0.9927470684051514,2023-09-14 04:10:35.523982,2023-09-14 04:14:48.325290,0 days 00:04:12.801308,14,True,3,0.4,84,28,COMPLETE
70,0.9927470684051514,2023-09-14 04:14:48.326740,2023-09-14 04:19:25.310129,0 days 00:04:36.983389,106,True,3,0.0,96,1,COMPLETE
71,0.9918404221534729,2023-09-14 04:19:25.311939,2023-09-14 04:23:21.846927,0 days 00:03:56.534988,124,True,3,0.0,80,16,COMPLETE
72,0.9936536550521851,2023-09-14 04:23:21.848470,2023-09-14 04:27:53.611764,0 days 00:04:31.763294,120,True,3,0.0,92,21,COMPLETE
73,0.9909338355064392,2023-09-14 04:27:53.613589,2023-09-14 04:32:36.327835,0 days 00:04:42.714246,128,True,3,0.0,84,41,COMPLETE
74,0.9972801208496094,2023-09-14 04:32:36.328769,2023-09-14 04:36:25.515610,0 days 00:03:49.186841,114,True,3,0.0,76,30,COMPLETE
75,0.9918404221534729,2023-09-14 04:36:25.518374,2023-09-14 04:41:45.842287,0 days 00:05:20.323913,1,True,3,0.0,75,67,COMPLETE
76,0.9972801208496094,2023-09-14 04:41:45.843541,2023-09-14 04:46:12.677816,0 days 00:04:26.834275,115,True,3,0.2,86,10,COMPLETE
77,0.9927470684051514,2023-09-14 04:46:12.678773,2023-09-14 04:51:11.446698,0 days 00:04:58.767925,117,True,3,0.2,98,29,COMPLETE
78,0.9954668879508972,2023-09-14 04:51:11.448478,2023-09-14 04:55:55.656108,0 days 00:04:44.207630,112,True,3,0.2,90,45,COMPLETE
79,0.9202175736427307,2023-09-14 04:55:55.658470,2023-09-14 04:58:29.528102,0 days 00:02:33.869632,85,False,3,0.2,68,151,COMPLETE
80,0.974614679813385,2023-09-14 04:58:29.530464,2023-09-14 05:05:23.399327,0 days 00:06:53.868863,68,True,3,0.2,82,84,COMPLETE
81,0.9882139563560486,2023-09-14 05:05:23.403284,2023-09-14 05:09:41.333434,0 days 00:04:17.930150,124,True,3,0.1,86,9,COMPLETE
82,0.9945603013038635,2023-09-14 05:09:41.336455,2023-09-14 05:14:19.889298,0 days 00:04:38.552843,52,True,3,0.0,94,13,COMPLETE
83,0.9936536550521851,2023-09-14 05:14:19.890385,2023-09-14 05:19:14.276986,0 days 00:04:54.386601,117,True,3,0.5,77,56,COMPLETE
84,0.9945603013038635,2023-09-14 05:19:14.279491,2023-09-14 05:22:56.556389,0 days 00:03:42.276898,107,True,3,0.3,72,34,COMPLETE
85,0.9972801208496094,2023-09-14 05:22:56.559516,2023-09-14 05:27:16.321670,0 days 00:04:19.762154,102,True,3,0.1,87,9,COMPLETE
86,0.9972801208496094,2023-09-14 05:27:16.323712,2023-09-14 05:30:45.679197,0 days 00:03:29.355485,98,True,2,0.0,91,26,COMPLETE
87,0.9972801208496094,2023-09-14 05:30:45.681661,2023-09-14 05:34:13.770873,0 days 00:03:28.089212,97,True,2,0.0,90,24,COMPLETE
88,0.9954668879508972,2023-09-14 05:34:13.772050,2023-09-14 05:37:45.529044,0 days 00:03:31.756994,97,True,2,0.0,91,25,COMPLETE
89,0.9936536550521851,2023-09-14 05:37:45.532110,2023-09-14 05:41:36.906742,0 days 00:03:51.374632,102,True,2,0.0,100,2,COMPLETE
90,0.9202175736427307,2023-09-14 05:41:36.909606,2023-09-14 05:44:15.195417,0 days 00:02:38.285811,91,False,2,0.0,88,18,COMPLETE
91,0.989120602607727,2023-09-14 05:44:15.196598,2023-09-14 05:47:52.455168,0 days 00:03:37.258570,76,True,2,0.0,94,32,COMPLETE
92,0.9945603013038635,2023-09-14 05:47:52.458216,2023-09-14 05:51:05.621426,0 days 00:03:13.163210,101,True,2,0.0,82,42,COMPLETE
93,0.9936536550521851,2023-09-14 05:51:05.624824,2023-09-14 05:54:48.443612,0 days 00:03:42.818788,97,True,2,0.0,97,24,COMPLETE
94,0.9809610247612,2023-09-14 05:54:48.445556,2023-09-14 05:58:23.417019,0 days 00:03:34.971463,88,True,2,0.0,93,6,COMPLETE
95,0.9945603013038635,2023-09-14 05:58:23.418748,2023-09-14 06:01:52.448333,0 days 00:03:29.029585,105,True,2,0.0,89,38,COMPLETE
96,0.9945603013038635,2023-09-14 06:01:52.450144,2023-09-14 06:05:29.853165,0 days 00:03:37.403021,114,True,2,0.2,87,61,COMPLETE
97,0.9936536550521851,2023-09-14 06:05:29.854941,2023-09-14 06:07:45.454799,0 days 00:02:15.599858,94,True,1,0.0,76,9,COMPLETE
98,0.9927470684051514,2023-09-14 06:07:45.456325,2023-09-14 06:11:12.620661,0 days 00:03:27.164336,99,True,2,0.4,80,73,COMPLETE
99,0.9954668879508972,2023-09-14 06:11:12.622512,2023-09-14 06:14:47.782197,0 days 00:03:35.159685,109,True,2,0.0,91,46,COMPLETE
100,0.989120602607727,2023-09-14 06:14:47.784101,2023-09-14 06:22:30.953087,0 days 00:07:43.168986,60,True,3,0.0,95,97,COMPLETE
101,0.9972801208496094,2023-09-14 06:22:30.954517,2023-09-14 06:26:05.594485,0 days 00:03:34.639968,83,True,3,0.1,70,31,COMPLETE
102,0.9945603013038635,2023-09-14 06:26:05.595107,2023-09-14 06:29:36.100299,0 days 00:03:30.505192,75,True,3,0.1,69,31,COMPLETE
103,0.9936536550521851,2023-09-14 06:29:36.101757,2023-09-14 06:32:48.491674,0 days 00:03:12.389917,80,True,3,0.1,63,20,COMPLETE
104,0.9936536550521851,2023-09-14 06:32:48.494995,2023-09-14 06:36:27.691453,0 days 00:03:39.196458,103,True,3,0.1,73,16,COMPLETE
105,0.9963735342025757,2023-09-14 06:36:27.694680,2023-09-14 06:40:44.893122,0 days 00:04:17.198442,83,True,3,0.5,86,24,COMPLETE
106,0.9954668879508972,2023-09-14 06:40:44.894616,2023-09-14 06:45:54.768838,0 days 00:05:09.874222,67,True,3,0.1,61,190,COMPLETE
107,0.9945603013038635,2023-09-14 06:45:54.770683,2023-09-14 06:50:07.287396,0 days 00:04:12.516713,75,True,3,0.3,82,37,COMPLETE
108,0.9963735342025757,2023-09-14 06:50:07.289072,2023-09-14 06:54:29.241951,0 days 00:04:21.952879,121,True,3,0.0,76,56,COMPLETE
109,0.9646418690681458,2023-09-14 06:54:29.243951,2023-09-14 06:58:07.948929,0 days 00:03:38.704978,88,False,3,0.2,99,80,COMPLETE
110,0.9972801208496094,2023-09-14 06:58:07.951728,2023-09-14 07:02:04.889738,0 days 00:03:56.938010,107,True,3,0.1,70,47,COMPLETE
111,0.9927470684051514,2023-09-14 07:02:04.892846,2023-09-14 07:06:34.041547,0 days 00:04:29.148701,113,True,3,0.1,67,49,COMPLETE
112,0.9954668879508972,2023-09-14 07:06:34.042783,2023-09-14 07:10:07.239819,0 days 00:03:33.197036,108,True,3,0.1,70,29,COMPLETE
113,0.9945603013038635,2023-09-14 07:10:07.241453,2023-09-14 07:14:20.105206,0 days 00:04:12.863753,105,True,3,0.1,84,7,COMPLETE
114,0.9945603013038635,2023-09-14 07:14:20.106255,2023-09-14 07:18:06.165515,0 days 00:03:46.059260,111,True,3,0.1,72,41,COMPLETE
115,0.9945603013038635,2023-09-14 07:18:06.167954,2023-09-14 07:23:05.190809,0 days 00:04:59.022855,95,True,3,0.1,69,65,COMPLETE
116,0.9954668879508972,2023-09-14 07:23:05.193012,2023-09-14 07:26:04.497920,0 days 00:02:59.304908,91,True,3,0.0,59,13,COMPLETE
117,0.9945603013038635,2023-09-14 07:26:04.499136,2023-09-14 07:29:45.823327,0 days 00:03:41.324191,116,True,3,0.1,74,32,COMPLETE
118,0.9936536550521851,2023-09-14 07:29:45.825526,2023-09-14 07:33:38.210454,0 days 00:03:52.384928,62,True,3,0.0,79,1,COMPLETE
119,0.9963735342025757,2023-09-14 07:33:38.213851,2023-09-14 07:37:22.202317,0 days 00:03:43.988466,101,True,2,0.4,90,52,COMPLETE
120,0.9936536550521851,2023-09-14 07:37:22.205860,2023-09-14 07:45:02.300281,0 days 00:07:40.094421,121,True,3,0.2,92,107,COMPLETE
121,0.9963735342025757,2023-09-14 07:45:02.303805,2023-09-14 07:47:27.508634,0 days 00:02:25.204829,112,True,3,0.1,41,47,COMPLETE
122,0.9972801208496094,2023-09-14 07:47:27.509916,2023-09-14 07:48:54.110762,0 days 00:01:26.600846,107,True,3,0.1,26,20,COMPLETE
123,0.989120602607727,2023-09-14 07:48:54.112479,2023-09-14 07:50:35.841903,0 days 00:01:41.729424,104,True,3,0.1,31,23,COMPLETE
124,0.9573889374732971,2023-09-14 07:50:35.845796,2023-09-14 07:51:35.167513,0 days 00:00:59.321717,118,True,3,0.1,16,17,COMPLETE
125,0.9909338355064392,2023-09-14 07:51:35.168314,2023-09-14 07:53:06.657792,0 days 00:01:31.489478,56,True,3,0.1,27,27,COMPLETE
126,0.9873073697090149,2023-09-14 07:53:06.660310,2023-09-14 07:54:07.627316,0 days 00:01:00.967006,99,True,3,0.0,17,37,COMPLETE
127,0.9918404221534729,2023-09-14 07:54:07.628050,2023-09-14 08:01:32.445753,0 days 00:07:24.817703,55,True,3,0.1,88,124,COMPLETE
128,0.9918404221534729,2023-09-14 08:01:32.446875,2023-09-14 08:05:01.451596,0 days 00:03:29.004721,125,True,3,0.0,70,9,COMPLETE
129,0.9057117104530334,2023-09-14 08:05:01.453772,2023-09-14 08:07:17.710577,0 days 00:02:16.256805,107,False,3,0.0,66,21,COMPLETE
130,0.9791477918624878,2023-09-14 08:07:17.712582,2023-09-14 08:07:46.314982,0 days 00:00:28.602400,96,True,2,0.5,8,13,COMPLETE
131,0.9900271892547607,2023-09-14 08:07:46.315605,2023-09-14 08:11:03.486708,0 days 00:03:17.171103,110,True,3,0.1,47,63,COMPLETE
132,0.9936536550521851,2023-09-14 08:11:03.488637,2023-09-14 08:14:22.393314,0 days 00:03:18.904677,115,True,3,0.1,56,44,COMPLETE
133,0.9963735342025757,2023-09-14 08:14:22.396700,2023-09-14 08:17:47.965633,0 days 00:03:25.568933,107,True,3,0.1,50,57,COMPLETE
134,0.9954668879508972,2023-09-14 08:17:47.969224,2023-09-14 08:24:18.080966,0 days 00:06:30.111742,104,True,3,0.1,97,72,COMPLETE
135,0.9945603013038635,2023-09-14 08:24:18.084726,2023-09-14 08:26:21.971162,0 days 00:02:03.886436,69,True,3,0.1,38,39,COMPLETE
136,0.9954668879508972,2023-09-14 08:26:21.973876,2023-09-14 08:29:38.087392,0 days 00:03:16.113516,99,True,3,0.0,64,29,COMPLETE
137,0.9845874905586243,2023-09-14 08:29:38.090806,2023-09-14 08:34:48.519357,0 days 00:05:10.428551,125,True,3,0.2,34,263,COMPLETE
138,0.9963735342025757,2023-09-14 08:34:48.522167,2023-09-14 08:39:34.800035,0 days 00:04:46.277868,118,True,3,0.3,94,34,COMPLETE
139,0.989120602607727,2023-09-14 08:39:34.802359,2023-09-14 08:41:04.731561,0 days 00:01:29.929202,112,True,3,0.1,22,52,COMPLETE
140,0.9963735342025757,2023-09-14 08:41:04.733387,2023-09-14 08:44:42.434822,0 days 00:03:37.701435,84,True,3,0.0,72,18,COMPLETE
141,0.9963735342025757,2023-09-14 08:44:42.437488,2023-09-14 08:48:55.564944,0 days 00:04:13.127456,128,True,3,0.1,84,7,COMPLETE
142,0.9954668879508972,2023-09-14 08:48:55.568469,2023-09-14 08:53:13.331393,0 days 00:04:17.762924,125,True,3,0.1,86,12,COMPLETE
143,0.9918404221534729,2023-09-14 08:53:13.334906,2023-09-14 08:57:31.161688,0 days 00:04:17.826782,122,True,3,0.1,85,25,COMPLETE
144,0.9945603013038635,2023-09-14 08:57:31.163971,2023-09-14 09:02:41.763411,0 days 00:05:10.599440,102,True,3,0.1,89,45,COMPLETE
145,0.9972801208496094,2023-09-14 09:02:41.765731,2023-09-14 09:10:10.863270,0 days 00:07:29.097539,109,True,3,0.1,92,171,COMPLETE
146,0.9900271892547607,2023-09-14 09:10:10.866150,2023-09-14 09:14:57.060630,0 days 00:04:46.194480,109,True,2,0.0,93,140,COMPLETE
147,0.9981867671012878,2023-09-14 09:14:57.062423,2023-09-14 09:22:35.614239,0 days 00:07:38.551816,114,True,3,0.1,91,178,COMPLETE
148,0.989120602607727,2023-09-14 09:22:35.617293,2023-09-14 09:29:54.074220,0 days 00:07:18.456927,106,True,3,0.1,91,165,COMPLETE
149,0.9927470684051514,2023-09-14 09:29:54.077093,2023-09-14 09:37:34.950859,0 days 00:07:40.873766,116,True,3,0.0,95,188,COMPLETE
