number,value,datetime_start,datetime_complete,duration,params_batch_size,params_bidirectional,params_depth,params_drop_out,params_epochs,params_num_neurons,state
0,0.9882139563560486,2023-09-14 15:30:47.912095,2023-09-14 15:31:55.662513,0 days 00:01:07.750418,97,True,1,0.2,35,98,COMPLETE
1,0.9465095400810242,2023-09-14 15:31:55.663767,2023-09-14 15:32:23.801067,0 days 00:00:28.137300,62,False,1,0.2,54,279,COMPLETE
2,0.8603807687759399,2023-09-14 15:32:23.802670,2023-09-14 15:32:43.489724,0 days 00:00:19.687054,87,False,2,0.0,29,31,COMPLETE
3,0.9184043407440186,2023-09-14 15:32:43.490181,2023-09-14 15:33:14.910448,0 days 00:00:31.420267,7,False,1,0.0,100,33,COMPLETE
4,0.9909338355064392,2023-09-14 15:33:14.912118,2023-09-14 15:35:21.062302,0 days 00:02:06.150184,46,True,2,0.2,91,257,COMPLETE
5,0.9927470684051514,2023-09-14 15:35:21.064293,2023-09-14 15:38:34.735946,0 days 00:03:13.671653,119,True,3,0.0,24,224,COMPLETE
6,0.9057117104530334,2023-09-14 15:38:34.738099,2023-09-14 15:38:59.149267,0 days 00:00:24.411168,18,False,3,0.1,64,112,COMPLETE
7,0.9156845211982727,2023-09-14 15:38:59.149917,2023-09-14 15:39:24.699941,0 days 00:00:25.550024,24,False,1,0.3,23,24,COMPLETE
8,0.9184043407440186,2023-09-14 15:39:24.700504,2023-09-14 15:39:46.102270,0 days 00:00:21.401766,33,False,3,0.1,29,106,COMPLETE
9,0.9918404221534729,2023-09-14 15:39:46.102875,2023-09-14 15:41:12.955301,0 days 00:01:26.852426,82,True,2,0.0,25,232,COMPLETE
10,0.9800543785095215,2023-09-14 15:41:12.958060,2023-09-14 15:42:54.150678,0 days 00:01:41.192618,125,True,3,0.5,10,199,COMPLETE
11,0.9836808443069458,2023-09-14 15:42:54.153210,2023-09-14 15:43:52.130122,0 days 00:00:57.976912,121,True,2,0.0,10,206,COMPLETE
12,0.9827742576599121,2023-09-14 15:43:52.130721,2023-09-14 15:46:18.072361,0 days 00:02:25.941640,93,True,3,0.4,44,304,COMPLETE
13,0.9909338355064392,2023-09-14 15:46:18.074291,2023-09-14 15:47:40.162252,0 days 00:01:22.087961,105,True,2,0.0,68,227,COMPLETE
14,0.9537624716758728,2023-09-14 15:47:40.165187,2023-09-14 15:47:50.982280,0 days 00:00:10.817093,73,True,2,0.0,1,191,COMPLETE
15,0.9827742576599121,2023-09-14 15:47:50.982930,2023-09-14 15:48:50.979750,0 days 00:00:59.996820,71,True,3,0.3,16,149,COMPLETE
16,0.9782411456108093,2023-09-14 15:48:50.981326,2023-09-14 15:49:59.382457,0 days 00:01:08.401131,113,True,2,0.4,42,247,COMPLETE
17,0.9836808443069458,2023-09-14 15:49:59.383870,2023-09-14 15:54:04.356050,0 days 00:04:04.972180,54,True,3,0.5,55,317,COMPLETE
18,0.9900271892547607,2023-09-14 15:54:04.358150,2023-09-14 15:55:25.877715,0 days 00:01:21.519565,81,True,2,0.0,20,155,COMPLETE
19,0.944696307182312,2023-09-14 15:55:25.879751,2023-09-14 15:56:12.057919,0 days 00:00:46.178168,105,True,2,0.0,38,275,COMPLETE
20,0.9818676114082336,2023-09-14 15:56:12.058954,2023-09-14 15:57:14.867688,0 days 00:01:02.808734,82,True,3,0.0,75,174,COMPLETE
21,0.9882139563560486,2023-09-14 15:57:14.868525,2023-09-14 15:58:58.233268,0 days 00:01:43.364743,45,True,2,0.2,98,249,COMPLETE
22,0.9918404221534729,2023-09-14 15:58:58.236315,2023-09-14 16:01:05.089731,0 days 00:02:06.853416,48,True,2,0.2,85,230,COMPLETE
23,0.9900271892547607,2023-09-14 16:01:05.092480,2023-09-14 16:02:56.369320,0 days 00:01:51.276840,35,True,2,0.2,77,222,COMPLETE
24,0.985494077205658,2023-09-14 16:02:56.371501,2023-09-14 16:04:24.683453,0 days 00:01:28.311952,59,True,2,0.3,83,229,COMPLETE
25,0.9800543785095215,2023-09-14 16:04:24.685670,2023-09-14 16:05:24.207593,0 days 00:00:59.521923,115,True,1,0.5,63,286,COMPLETE
26,0.9809610247612,2023-09-14 16:05:24.208983,2023-09-14 16:06:37.432332,0 days 00:01:13.223349,72,True,3,0.1,46,174,COMPLETE
27,0.9864007234573364,2023-09-14 16:06:37.433820,2023-09-14 16:07:47.972603,0 days 00:01:10.538783,47,True,2,0.2,30,260,COMPLETE
28,0.9782411456108093,2023-09-14 16:07:47.973787,2023-09-14 16:08:27.318116,0 days 00:00:39.344329,98,True,3,0.4,4,216,COMPLETE
29,0.9900271892547607,2023-09-14 16:08:27.318762,2023-09-14 16:09:37.226209,0 days 00:01:09.907447,127,True,1,0.2,35,134,COMPLETE
30,0.9845874905586243,2023-09-14 16:09:37.227585,2023-09-14 16:10:41.829817,0 days 00:01:04.602232,100,True,2,0.0,21,80,COMPLETE
31,0.9809610247612,2023-09-14 16:10:41.831480,2023-09-14 16:11:55.999288,0 days 00:01:14.167808,45,True,2,0.2,90,246,COMPLETE
32,0.9873073697090149,2023-09-14 16:11:56.000820,2023-09-14 16:13:22.416928,0 days 00:01:26.416108,53,True,2,0.2,88,272,COMPLETE
33,0.9864007234573364,2023-09-14 16:13:22.418261,2023-09-14 16:14:58.832481,0 days 00:01:36.414220,35,True,2,0.2,93,233,COMPLETE
34,0.9165911078453064,2023-09-14 16:14:58.835769,2023-09-14 16:15:32.252705,0 days 00:00:33.416936,62,False,1,0.2,83,184,COMPLETE
35,0.9809610247612,2023-09-14 16:15:32.253246,2023-09-14 16:17:24.793343,0 days 00:01:52.540097,21,False,2,0.0,54,296,COMPLETE
36,0.9936536550521851,2023-09-14 16:17:24.794889,2023-09-14 16:18:44.981160,0 days 00:01:20.186271,7,True,1,0.2,74,206,COMPLETE
37,0.9836808443069458,2023-09-14 16:18:44.983832,2023-09-14 16:19:17.047378,0 days 00:00:32.063546,3,True,1,0.0,73,206,COMPLETE
38,0.8513146042823792,2023-09-14 16:19:17.048054,2023-09-14 16:19:51.409089,0 days 00:00:34.361035,10,False,1,0.1,58,139,COMPLETE
39,0.9864007234573364,2023-09-14 16:19:51.409895,2023-09-14 16:20:35.076845,0 days 00:00:43.666950,12,True,1,0.2,83,51,COMPLETE
40,0.9174977540969849,2023-09-14 16:20:35.077422,2023-09-14 16:21:03.380004,0 days 00:00:28.302582,85,False,1,0.3,28,170,COMPLETE
41,0.9918404221534729,2023-09-14 16:21:03.381174,2023-09-14 16:23:05.213036,0 days 00:02:01.831862,30,True,2,0.2,93,260,COMPLETE
42,0.9818676114082336,2023-09-14 16:23:05.214402,2023-09-14 16:24:09.809401,0 days 00:01:04.594999,15,True,2,0.2,98,209,COMPLETE
43,0.9791477918624878,2023-09-14 16:24:09.811261,2023-09-14 16:24:55.015949,0 days 00:00:45.204688,25,True,2,0.2,94,3,COMPLETE
44,0.9809610247612,2023-09-14 16:24:55.016587,2023-09-14 16:26:37.661714,0 days 00:01:42.645127,28,True,3,0.2,87,263,COMPLETE
45,0.9909338355064392,2023-09-14 16:26:37.663643,2023-09-14 16:27:20.587603,0 days 00:00:42.923960,1,True,1,0.0,69,236,COMPLETE
46,0.9818676114082336,2023-09-14 16:27:20.588417,2023-09-14 16:28:29.394014,0 days 00:01:08.805597,29,True,2,0.4,13,189,COMPLETE
47,0.9882139563560486,2023-09-14 16:28:29.397414,2023-09-14 16:30:56.227078,0 days 00:02:26.829664,41,True,3,0.5,79,243,COMPLETE
48,0.904805064201355,2023-09-14 16:30:56.229203,2023-09-14 16:32:02.120846,0 days 00:01:05.891643,116,False,2,0.2,50,287,COMPLETE
49,0.9945603013038635,2023-09-14 16:32:02.122951,2023-09-14 16:34:40.812834,0 days 00:02:38.689883,91,True,3,0.0,26,194,COMPLETE
50,0.9882139563560486,2023-09-14 16:34:40.815723,2023-09-14 16:37:39.169086,0 days 00:02:58.353363,93,True,3,0.0,30,194,COMPLETE
51,0.9909338355064392,2023-09-14 16:37:39.171894,2023-09-14 16:39:27.531057,0 days 00:01:48.359163,78,True,3,0.0,26,216,COMPLETE
52,0.9918404221534729,2023-09-14 16:39:27.532838,2023-09-14 16:42:44.194133,0 days 00:03:16.661295,67,True,3,0.0,35,263,COMPLETE
53,0.9836808443069458,2023-09-14 16:42:44.195783,2023-09-14 16:44:20.712728,0 days 00:01:36.516945,108,True,3,0.0,17,202,COMPLETE
54,0.9655485153198242,2023-09-14 16:44:20.714803,2023-09-14 16:45:53.662574,0 days 00:01:32.947771,91,True,3,0.1,9,225,COMPLETE
55,0.9909338355064392,2023-09-14 16:45:53.663863,2023-09-14 16:47:22.474774,0 days 00:01:28.810911,55,True,2,0.0,100,183,COMPLETE
56,0.9728014469146729,2023-09-14 16:47:22.477064,2023-09-14 16:48:13.234221,0 days 00:00:50.757157,67,True,2,0.3,24,164,COMPLETE
57,0.9791477918624878,2023-09-14 16:48:13.234775,2023-09-14 16:49:47.683087,0 days 00:01:34.448312,89,True,3,0.0,39,240,COMPLETE
58,0.9882139563560486,2023-09-14 16:49:47.685864,2023-09-14 16:51:21.878378,0 days 00:01:34.192514,76,True,2,0.5,95,254,COMPLETE
59,0.9918404221534729,2023-09-14 16:51:21.881045,2023-09-14 16:55:09.789139,0 days 00:03:47.908094,38,True,3,0.4,80,213,COMPLETE
60,0.985494077205658,2023-09-14 16:55:09.792488,2023-09-14 16:58:16.275065,0 days 00:03:06.482577,50,True,2,0.2,71,273,COMPLETE
61,0.9845874905586243,2023-09-14 16:58:16.278311,2023-09-14 17:01:37.155219,0 days 00:03:20.876908,63,True,3,0.0,33,259,COMPLETE
62,0.9909338355064392,2023-09-14 17:01:37.157742,2023-09-14 17:04:23.821207,0 days 00:02:46.663465,69,True,3,0.0,18,316,COMPLETE
63,0.989120602607727,2023-09-14 17:04:23.823663,2023-09-14 17:07:09.745800,0 days 00:02:45.922137,58,True,3,0.0,22,224,COMPLETE
64,0.9900271892547607,2023-09-14 17:07:09.747468,2023-09-14 17:10:55.299992,0 days 00:03:45.552524,123,True,3,0.0,33,270,COMPLETE
65,0.9918404221534729,2023-09-14 17:10:55.302088,2023-09-14 17:13:37.422369,0 days 00:02:42.120281,83,True,3,0.0,64,199,COMPLETE
66,0.9900271892547607,2023-09-14 17:13:37.423932,2023-09-14 17:17:53.745116,0 days 00:04:16.321184,76,True,2,0.2,40,285,COMPLETE
67,0.9845874905586243,2023-09-14 17:17:53.748467,2023-09-14 17:19:39.081282,0 days 00:01:45.332815,67,True,3,0.0,45,253,COMPLETE
68,0.919310986995697,2023-09-14 17:19:39.083885,2023-09-14 17:20:42.004853,0 days 00:01:02.920968,102,False,2,0.2,14,298,COMPLETE
69,0.9827742576599121,2023-09-14 17:20:42.007876,2023-09-14 17:22:13.372795,0 days 00:01:31.364919,95,True,3,0.1,26,230,COMPLETE
70,0.9945603013038635,2023-09-14 17:22:13.375465,2023-09-14 17:24:50.287173,0 days 00:02:36.911708,17,True,2,0.3,36,219,COMPLETE
71,0.985494077205658,2023-09-14 17:24:50.289449,2023-09-14 17:26:04.124546,0 days 00:01:13.835097,19,True,2,0.3,37,236,COMPLETE
72,0.9927470684051514,2023-09-14 17:26:04.126106,2023-09-14 17:27:35.567982,0 days 00:01:31.441876,15,True,2,0.3,35,216,COMPLETE
73,0.9864007234573364,2023-09-14 17:27:35.570521,2023-09-14 17:28:48.153605,0 days 00:01:12.583084,7,True,2,0.3,87,221,COMPLETE
74,0.9900271892547607,2023-09-14 17:28:48.156160,2023-09-14 17:30:07.418794,0 days 00:01:19.262634,14,True,2,0.3,43,183,COMPLETE
75,0.989120602607727,2023-09-14 17:30:07.421041,2023-09-14 17:31:26.252599,0 days 00:01:18.831558,7,True,2,0.3,48,206,COMPLETE
76,0.9900271892547607,2023-09-14 17:31:26.254330,2023-09-14 17:33:07.438205,0 days 00:01:41.183875,23,True,2,0.3,24,195,COMPLETE
77,0.9827742576599121,2023-09-14 17:33:07.439295,2023-09-14 17:34:17.996929,0 days 00:01:10.557634,18,True,2,0.3,32,217,COMPLETE
78,0.9918404221534729,2023-09-14 17:34:17.998461,2023-09-14 17:35:50.482007,0 days 00:01:32.483546,32,True,2,0.3,60,246,COMPLETE
79,0.9310970306396484,2023-09-14 17:35:50.484481,2023-09-14 17:36:31.684395,0 days 00:00:41.199914,27,False,2,0.2,19,147,COMPLETE
80,0.9864007234573364,2023-09-14 17:36:31.685099,2023-09-14 17:37:19.688544,0 days 00:00:48.003445,6,True,1,0.5,28,177,COMPLETE
81,0.989120602607727,2023-09-14 17:37:19.689614,2023-09-14 17:39:22.062269,0 days 00:02:02.372655,15,True,2,0.0,36,264,COMPLETE
82,0.985494077205658,2023-09-14 17:39:22.064723,2023-09-14 17:40:52.840030,0 days 00:01:30.775307,11,True,2,0.4,40,233,COMPLETE
83,0.9474161267280579,2023-09-14 17:40:52.842280,2023-09-14 17:42:32.553652,0 days 00:01:39.711372,111,True,2,0.2,26,249,COMPLETE
84,0.9882139563560486,2023-09-14 17:42:32.557133,2023-09-14 17:44:02.930160,0 days 00:01:30.373027,18,True,2,0.3,34,207,COMPLETE
85,0.9909338355064392,2023-09-14 17:44:02.932259,2023-09-14 17:48:13.369630,0 days 00:04:10.437371,23,True,3,0.0,89,227,COMPLETE
86,0.9909338355064392,2023-09-14 17:48:13.372478,2023-09-14 17:49:23.267771,0 days 00:01:09.895293,4,True,1,0.2,85,216,COMPLETE
87,0.9709882140159607,2023-09-14 17:49:23.270408,2023-09-14 17:50:55.318293,0 days 00:01:32.047885,118,True,2,0.0,92,281,COMPLETE
88,0.9918404221534729,2023-09-14 17:50:55.320061,2023-09-14 17:52:41.484716,0 days 00:01:46.164655,42,True,2,0.1,21,242,COMPLETE
89,0.9927470684051514,2023-09-14 17:52:41.486904,2023-09-14 17:56:24.797554,0 days 00:03:43.310650,87,True,3,0.2,31,199,COMPLETE
90,0.8893925547599792,2023-09-14 17:56:24.799936,2023-09-14 17:56:45.709857,0 days 00:00:20.909921,98,False,2,0.2,31,190,COMPLETE
91,0.9945603013038635,2023-09-14 17:56:45.710382,2023-09-14 18:00:51.995836,0 days 00:04:06.285454,103,True,3,0.2,29,200,COMPLETE
92,0.9873073697090149,2023-09-14 18:00:51.999287,2023-09-14 18:03:14.114367,0 days 00:02:22.115080,86,True,3,0.2,30,200,COMPLETE
93,0.9809610247612,2023-09-14 18:03:14.116732,2023-09-14 18:04:12.997355,0 days 00:00:58.880623,105,True,3,0.2,27,164,COMPLETE
94,0.9900271892547607,2023-09-14 18:04:12.998382,2023-09-14 18:06:22.131496,0 days 00:02:09.133114,90,True,3,0.2,24,208,COMPLETE
95,0.9900271892547607,2023-09-14 18:06:22.133478,2023-09-14 18:09:26.977336,0 days 00:03:04.843858,110,True,3,0.2,97,220,COMPLETE
96,0.9755213260650635,2023-09-14 18:09:26.979932,2023-09-14 18:10:24.361202,0 days 00:00:57.381270,102,True,3,0.2,14,212,COMPLETE
97,0.9909338355064392,2023-09-14 18:10:24.362170,2023-09-14 18:14:02.487030,0 days 00:03:38.124860,96,True,3,0.2,29,179,COMPLETE
98,0.989120602607727,2023-09-14 18:14:02.488247,2023-09-14 18:15:35.040217,0 days 00:01:32.551970,79,True,2,0.2,22,195,COMPLETE
99,0.9909338355064392,2023-09-14 18:15:35.042871,2023-09-14 18:16:32.266846,0 days 00:00:57.223975,128,True,1,0.3,76,189,COMPLETE
100,0.9836808443069458,2023-09-14 18:16:32.268009,2023-09-14 18:17:36.308905,0 days 00:01:04.040896,93,True,3,0.2,80,123,COMPLETE
101,0.989120602607727,2023-09-14 18:17:36.309443,2023-09-14 18:19:44.022304,0 days 00:02:07.712861,59,True,3,0.0,35,235,COMPLETE
102,0.9900271892547607,2023-09-14 18:19:44.024981,2023-09-14 18:22:21.197645,0 days 00:02:37.172664,74,True,3,0.0,38,225,COMPLETE
103,0.985494077205658,2023-09-14 18:22:21.200400,2023-09-14 18:25:05.268619,0 days 00:02:44.068219,84,True,3,0.5,41,256,COMPLETE
104,0.9936536550521851,2023-09-14 18:25:05.270657,2023-09-14 18:29:18.696884,0 days 00:04:13.426227,88,True,3,0.0,32,201,COMPLETE
105,0.985494077205658,2023-09-14 18:29:18.700066,2023-09-14 18:30:54.142280,0 days 00:01:35.442214,88,True,3,0.4,32,200,COMPLETE
106,0.9900271892547607,2023-09-14 18:30:54.145325,2023-09-14 18:32:35.564767,0 days 00:01:41.419442,79,True,2,0.2,24,212,COMPLETE
107,0.9900271892547607,2023-09-14 18:32:35.567578,2023-09-14 18:34:05.617989,0 days 00:01:30.050411,32,True,3,0.0,20,86,COMPLETE
108,0.9836808443069458,2023-09-14 18:34:05.619693,2023-09-14 18:36:23.946231,0 days 00:02:18.326538,82,True,3,0.3,28,204,COMPLETE
109,0.9174977540969849,2023-09-14 18:36:23.948344,2023-09-14 18:36:58.447085,0 days 00:00:34.498741,1,False,2,0.2,91,155,COMPLETE
110,0.989120602607727,2023-09-14 18:36:58.447900,2023-09-14 18:38:37.632432,0 days 00:01:39.184532,120,True,2,0.0,66,239,COMPLETE
111,0.9900271892547607,2023-09-14 18:38:37.634295,2023-09-14 18:40:34.209960,0 days 00:01:56.575665,10,True,3,0.0,35,172,COMPLETE
112,0.989120602607727,2023-09-14 18:40:34.212618,2023-09-14 18:44:28.243236,0 days 00:03:54.030618,92,True,3,0.0,37,230,COMPLETE
113,0.9927470684051514,2023-09-14 18:44:28.246094,2023-09-14 18:49:24.837678,0 days 00:04:56.591584,87,True,3,0.0,30,267,COMPLETE
114,0.9800543785095215,2023-09-14 18:49:24.839962,2023-09-14 18:50:47.217928,0 days 00:01:22.377966,99,True,3,0.0,26,220,COMPLETE
115,0.9936536550521851,2023-09-14 18:50:47.219641,2023-09-14 18:54:02.678053,0 days 00:03:15.458412,86,True,3,0.0,30,185,COMPLETE
116,0.985494077205658,2023-09-14 18:54:02.681097,2023-09-14 18:55:20.966707,0 days 00:01:18.285610,86,True,3,0.0,31,185,COMPLETE
117,0.9791477918624878,2023-09-14 18:55:20.970469,2023-09-14 18:56:39.937394,0 days 00:01:18.966925,94,True,3,0.0,29,191,COMPLETE
118,0.9610154032707214,2023-09-14 18:56:39.938876,2023-09-14 18:57:55.340187,0 days 00:01:15.401311,87,True,3,0.0,52,201,COMPLETE
119,0.9882139563560486,2023-09-14 18:57:55.341901,2023-09-14 19:00:36.408427,0 days 00:02:41.066526,107,True,3,0.0,33,210,COMPLETE
120,0.9918404221534729,2023-09-14 19:00:36.411129,2023-09-14 19:02:26.742785,0 days 00:01:50.331656,90,True,3,0.1,16,170,COMPLETE
121,0.9782411456108093,2023-09-14 19:02:26.746270,2023-09-14 19:03:37.797567,0 days 00:01:11.051297,13,True,3,0.3,25,195,COMPLETE
122,0.9864007234573364,2023-09-14 19:03:37.800968,2023-09-14 19:05:40.937552,0 days 00:02:03.136584,102,True,3,0.0,30,217,COMPLETE
123,0.9882139563560486,2023-09-14 19:05:40.939596,2023-09-14 19:07:24.484459,0 days 00:01:43.544863,49,True,2,0.2,23,228,COMPLETE
124,0.9374433159828186,2023-09-14 19:07:24.486897,2023-09-14 19:09:28.228013,0 days 00:02:03.741116,83,True,3,0.0,27,249,COMPLETE
125,0.9836808443069458,2023-09-14 19:09:28.231912,2023-09-14 19:10:01.790485,0 days 00:00:33.558573,80,True,1,0.2,43,184,COMPLETE
126,0.9864007234573364,2023-09-14 19:10:01.791125,2023-09-14 19:11:11.653328,0 days 00:01:09.862203,90,True,2,0.3,33,203,COMPLETE
127,0.9809610247612,2023-09-14 19:11:11.656369,2023-09-14 19:12:28.754212,0 days 00:01:17.097843,16,True,3,0.0,38,267,COMPLETE
128,0.9836808443069458,2023-09-14 19:12:28.755329,2023-09-14 19:13:35.352004,0 days 00:01:06.596675,75,True,2,0.5,85,179,COMPLETE
129,0.5222121477127075,2023-09-14 19:13:35.353326,2023-09-14 19:14:12.074465,0 days 00:00:36.721139,70,False,3,0.4,96,277,COMPLETE
130,0.9909338355064392,2023-09-14 19:14:12.075333,2023-09-14 19:15:55.177565,0 days 00:01:43.102232,38,True,2,0.2,31,212,COMPLETE
131,0.9873073697090149,2023-09-14 19:15:55.180996,2023-09-14 19:18:06.009399,0 days 00:02:10.828403,85,True,3,0.0,36,259,COMPLETE
132,0.989120602607727,2023-09-14 19:18:06.013012,2023-09-14 19:22:50.628801,0 days 00:04:44.615789,96,True,3,0.0,28,241,COMPLETE
133,0.9791477918624878,2023-09-14 19:22:50.631381,2023-09-14 19:24:17.208846,0 days 00:01:26.577465,72,True,3,0.0,35,223,COMPLETE
134,0.9791477918624878,2023-09-14 19:24:17.211186,2023-09-14 19:25:32.234437,0 days 00:01:15.023251,53,True,3,0.0,22,254,COMPLETE
135,0.9755213260650635,2023-09-14 19:25:32.236172,2023-09-14 19:27:09.110718,0 days 00:01:36.874546,123,True,3,0.2,33,287,COMPLETE
136,0.989120602607727,2023-09-14 19:27:09.113654,2023-09-14 19:30:33.813376,0 days 00:03:24.699722,65,True,3,0.0,29,269,COMPLETE
137,0.989120602607727,2023-09-14 19:30:33.815217,2023-09-14 19:33:42.048626,0 days 00:03:08.233409,77,True,3,0.3,39,195,COMPLETE
138,0.9900271892547607,2023-09-14 19:33:42.051717,2023-09-14 19:35:01.758442,0 days 00:01:19.706725,21,True,2,0.2,74,220,COMPLETE
139,0.9900271892547607,2023-09-14 19:35:01.759947,2023-09-14 19:36:18.890144,0 days 00:01:17.130197,9,True,2,0.0,18,231,COMPLETE
140,0.9764279127120972,2023-09-14 19:36:18.891425,2023-09-14 19:38:25.055335,0 days 00:02:06.163910,88,True,3,0.1,47,293,COMPLETE
141,0.9918404221534729,2023-09-14 19:38:25.057908,2023-09-14 19:42:28.546297,0 days 00:04:03.488389,38,True,3,0.4,80,214,COMPLETE
142,0.9764279127120972,2023-09-14 19:42:28.548980,2023-09-14 19:44:23.041579,0 days 00:01:54.492599,30,True,3,0.4,82,207,COMPLETE
143,0.9927470684051514,2023-09-14 19:44:23.044734,2023-09-14 19:47:19.228786,0 days 00:02:56.184052,44,True,3,0.4,78,202,COMPLETE
144,0.9873073697090149,2023-09-14 19:47:19.232040,2023-09-14 19:50:01.971210,0 days 00:02:42.739170,26,True,3,0.4,100,199,COMPLETE
145,0.9909338355064392,2023-09-14 19:50:01.974558,2023-09-14 19:53:05.728299,0 days 00:03:03.753741,42,True,3,0.4,85,185,COMPLETE
146,0.9773345589637756,2023-09-14 19:53:05.730801,2023-09-14 19:54:21.096313,0 days 00:01:15.365512,56,True,3,0.2,78,190,COMPLETE
147,0.9836808443069458,2023-09-14 19:54:21.097663,2023-09-14 19:56:51.759825,0 days 00:02:30.662162,81,True,3,0.0,70,246,COMPLETE
148,0.985494077205658,2023-09-14 19:56:51.761388,2023-09-14 19:57:46.855467,0 days 00:00:55.094079,113,True,1,0.3,26,205,COMPLETE
149,0.9845874905586243,2023-09-14 19:57:46.856892,2023-09-14 19:58:56.800018,0 days 00:01:09.943126,45,True,2,0.0,56,235,COMPLETE
