number,value,datetime_start,datetime_complete,duration,params_batch_size,params_depth,params_drop_out,params_epochs,params_lstm_units_0,params_lstm_units_1,params_lstm_units_2,state
331,0.9873073697090149,2023-09-21 00:46:53.227032,2023-09-21 00:47:51.279889,0 days 00:00:58.052857,10,2,0.4,13,162,10.0,,COMPLETE
332,0.9791477918624878,2023-09-21 00:47:51.281603,2023-09-21 00:48:21.037918,0 days 00:00:29.756315,62,2,0.3,36,108,126.0,,COMPLETE
333,0.9791477918624878,2023-09-21 00:48:21.038621,2023-09-21 00:48:44.507418,0 days 00:00:23.468797,30,1,0.4,74,85,,,COMPLETE
334,0.9782411456108093,2023-09-21 00:48:44.508181,2023-09-21 00:49:28.414455,0 days 00:00:43.906274,119,2,0.0,60,75,234.0,,COMPLETE
335,0.9864007234573364,2023-09-21 00:49:28.416223,2023-09-21 00:50:18.444878,0 days 00:00:50.028655,53,2,0.5,23,48,34.0,,COMPLETE
336,0.9791477918624878,2023-09-21 00:50:18.445586,2023-09-21 00:50:45.001572,0 days 00:00:26.555986,56,1,0.2,45,135,,,COMPLETE
337,0.9836808443069458,2023-09-21 00:50:45.002335,2023-09-21 00:51:40.697602,0 days 00:00:55.695267,102,2,0.4,84,97,149.0,,COMPLETE
338,0.9800543785095215,2023-09-21 00:51:40.699482,2023-09-21 00:52:21.238767,0 days 00:00:40.539285,107,2,0.0,31,239,60.0,,COMPLETE
339,0.9873073697090149,2023-09-21 00:52:21.239428,2023-09-21 00:53:14.870295,0 days 00:00:53.630867,16,2,0.4,79,154,22.0,,COMPLETE
340,0.9818676114082336,2023-09-21 00:53:14.871695,2023-09-21 00:53:42.229054,0 days 00:00:27.357359,105,1,0.5,39,178,,,COMPLETE
341,0.9909338355064392,2023-09-21 00:53:42.230767,2023-09-21 00:54:52.115932,0 days 00:01:09.885165,125,2,0.3,64,147,40.0,,COMPLETE
342,0.9818676114082336,2023-09-21 00:54:52.117136,2023-09-21 00:55:30.556668,0 days 00:00:38.439532,50,2,0.4,71,135,48.0,,COMPLETE
343,0.9836808443069458,2023-09-21 00:55:30.557876,2023-09-21 00:56:23.482601,0 days 00:00:52.924725,92,2,0.5,33,114,53.0,,COMPLETE
344,0.9836808443069458,2023-09-21 00:56:23.483557,2023-09-21 00:57:02.532436,0 days 00:00:39.048879,114,1,0.0,55,131,,,COMPLETE
345,0.9836808443069458,2023-09-21 00:57:02.533135,2023-09-21 00:57:53.872998,0 days 00:00:51.339863,26,2,0.4,26,63,29.0,,COMPLETE
346,0.9809610247612,2023-09-21 00:57:53.873973,2023-09-21 00:58:28.987537,0 days 00:00:35.113564,19,2,0.5,75,140,77.0,,COMPLETE
347,0.9864007234573364,2023-09-21 00:58:28.988293,2023-09-21 00:59:26.026989,0 days 00:00:57.038696,31,2,0.1,51,84,99.0,,COMPLETE
348,0.989120602607727,2023-09-21 00:59:26.027683,2023-09-21 01:00:40.003676,0 days 00:01:13.975993,84,3,0.4,49,187,64.0,83.0,COMPLETE
349,0.9918404221534729,2023-09-21 01:00:40.005334,2023-09-21 01:01:59.898999,0 days 00:01:19.893665,102,2,0.3,86,76,41.0,,COMPLETE
