number,value,datetime_start,datetime_complete,duration,params_batch_size,params_depth,params_drop_out,params_epochs,params_lstm_units_0,params_lstm_units_1,params_lstm_units_2,state
0,0.989120602607727,2023-09-20 20:03:17.047221,2023-09-20 20:05:19.773090,0 days 00:02:02.725869,59,3,0.4,74,185,81.0,179.0,COMPLETE
1,0.9864007234573364,2023-09-20 20:05:19.775529,2023-09-20 20:06:58.324778,0 days 00:01:38.549249,30,3,0.0,53,224,282.0,121.0,COMPLETE
2,0.9764279127120972,2023-09-20 20:06:58.327607,2023-09-20 20:07:53.577646,0 days 00:00:55.250039,14,3,0.1,7,250,111.0,231.0,COMPLETE
3,0.9655485153198242,2023-09-20 20:07:53.579523,2023-09-20 20:08:23.236658,0 days 00:00:29.657135,13,2,0.3,21,299,163.0,,COMPLETE
4,0.9873073697090149,2023-09-20 20:08:23.237354,2023-09-20 20:09:26.758975,0 days 00:01:03.521621,66,2,0.4,45,292,143.0,,COMPLETE
5,0.9818676114082336,2023-09-20 20:09:26.760830,2023-09-20 20:10:36.452300,0 days 00:01:09.691470,126,3,0.5,28,228,211.0,232.0,COMPLETE
6,0.9845874905586243,2023-09-20 20:10:36.455012,2023-09-20 20:11:29.457929,0 days 00:00:53.002917,6,3,0.3,92,137,91.0,77.0,COMPLETE
7,0.9782411456108093,2023-09-20 20:11:29.459051,2023-09-20 20:12:14.761908,0 days 00:00:45.302857,100,2,0.5,60,86,314.0,,COMPLETE
8,0.9909338355064392,2023-09-20 20:12:14.762491,2023-09-20 20:13:05.911366,0 days 00:00:51.148875,29,1,0.4,33,193,,,COMPLETE
9,0.9655485153198242,2023-09-20 20:13:05.912342,2023-09-20 20:13:30.274909,0 days 00:00:24.362567,52,2,0.5,3,138,51.0,,COMPLETE
10,0.9809610247612,2023-09-20 20:13:30.275689,2023-09-20 20:14:01.896373,0 days 00:00:31.620684,40,1,0.2,34,8,,,COMPLETE
11,0.9791477918624878,2023-09-20 20:14:01.896948,2023-09-20 20:14:34.157651,0 days 00:00:32.260703,71,1,0.4,76,179,,,COMPLETE
12,0.974614679813385,2023-09-20 20:14:34.158737,2023-09-20 20:15:01.799152,0 days 00:00:27.640415,82,1,0.4,69,172,,,COMPLETE
13,0.989120602607727,2023-09-20 20:15:01.799976,2023-09-20 20:15:45.804301,0 days 00:00:44.004325,40,1,0.4,96,77,,,COMPLETE
14,0.9900271892547607,2023-09-20 20:15:45.804803,2023-09-20 20:17:04.244066,0 days 00:01:18.439263,28,2,0.4,76,198,24.0,,COMPLETE
15,0.9800543785095215,2023-09-20 20:17:04.246439,2023-09-20 20:17:32.941533,0 days 00:00:28.695094,27,1,0.1,42,255,,,COMPLETE
16,0.9673617482185364,2023-09-20 20:17:32.942168,2023-09-20 20:18:05.337982,0 days 00:00:32.395814,24,2,0.2,86,105,2.0,,COMPLETE
17,0.9864007234573364,2023-09-20 20:18:05.338764,2023-09-20 20:18:53.032956,0 days 00:00:47.694192,43,1,0.0,17,224,,,COMPLETE
18,0.9773345589637756,2023-09-20 20:18:53.033596,2023-09-20 20:19:33.350871,0 days 00:00:40.317275,1,2,0.4,61,199,5.0,,COMPLETE
19,0.9900271892547607,2023-09-20 20:19:33.352065,2023-09-20 20:20:33.466505,0 days 00:01:00.114440,95,2,0.4,82,141,193.0,,COMPLETE
20,0.9827742576599121,2023-09-20 20:20:33.467994,2023-09-20 20:21:00.282151,0 days 00:00:26.814157,23,1,0.4,36,39,,,COMPLETE
21,0.9927470684051514,2023-09-20 20:21:00.282603,2023-09-20 20:22:53.089382,0 days 00:01:52.806779,98,2,0.4,82,135,219.0,,COMPLETE
22,0.9809610247612,2023-09-20 20:22:53.092675,2023-09-20 20:23:32.634173,0 days 00:00:39.541498,121,2,0.4,66,115,243.0,,COMPLETE
23,0.9818676114082336,2023-09-20 20:23:32.634979,2023-09-20 20:24:21.223588,0 days 00:00:48.588609,101,2,0.4,54,157,244.0,,COMPLETE
24,0.9900271892547607,2023-09-20 20:24:21.225639,2023-09-20 20:25:32.705438,0 days 00:01:11.479799,84,2,0.4,100,196,157.0,,COMPLETE
25,0.9773345589637756,2023-09-20 20:25:32.706350,2023-09-20 20:26:06.852773,0 days 00:00:34.146423,53,1,0.0,87,268,,,COMPLETE
26,0.9818676114082336,2023-09-20 20:26:06.853866,2023-09-20 20:26:44.686752,0 days 00:00:37.832886,112,2,0.2,77,212,45.0,,COMPLETE
27,0.9936536550521851,2023-09-20 20:26:44.687992,2023-09-20 20:28:35.737377,0 days 00:01:51.049385,33,3,0.3,48,152,205.0,5.0,COMPLETE
28,0.9737080931663513,2023-09-20 20:28:35.739482,2023-09-20 20:29:42.079792,0 days 00:01:06.340310,75,3,0.3,44,70,217.0,4.0,COMPLETE
29,0.9755213260650635,2023-09-20 20:29:42.081344,2023-09-20 20:30:22.688995,0 days 00:00:40.607651,61,3,0.3,30,116,273.0,24.0,COMPLETE
30,0.9873073697090149,2023-09-20 20:30:22.689529,2023-09-20 20:31:24.067162,0 days 00:01:01.377633,46,3,0.3,21,151,177.0,103.0,COMPLETE
31,0.9845874905586243,2023-09-20 20:31:24.069971,2023-09-20 20:32:14.140825,0 days 00:00:50.070854,32,2,0.4,69,175,136.0,,COMPLETE
32,0.9818676114082336,2023-09-20 20:32:14.141372,2023-09-20 20:33:11.233793,0 days 00:00:57.092421,34,3,0.1,56,192,236.0,319.0,COMPLETE
33,0.9873073697090149,2023-09-20 20:33:11.234823,2023-09-20 20:34:15.194072,0 days 00:01:03.959249,16,3,0.3,49,169,198.0,52.0,COMPLETE
34,0.9664551019668579,2023-09-20 20:34:15.195516,2023-09-20 20:35:07.097200,0 days 00:00:51.901684,17,2,0.0,39,232,270.0,,COMPLETE
35,0.9945603013038635,2023-09-20 20:35:07.098378,2023-09-20 20:36:23.949684,0 days 00:01:16.851306,52,2,0.4,50,125,109.0,,COMPLETE
36,0.9873073697090149,2023-09-20 20:36:23.951834,2023-09-20 20:37:24.857446,0 days 00:01:00.905612,54,3,0.3,47,98,129.0,159.0,COMPLETE
37,0.9682683348655701,2023-09-20 20:37:24.858592,2023-09-20 20:37:54.783513,0 days 00:00:29.924921,51,1,0.1,29,319,,,COMPLETE
38,0.9528558254241943,2023-09-20 20:37:54.784320,2023-09-20 20:38:30.278509,0 days 00:00:35.494189,62,2,0.4,11,59,104.0,,COMPLETE
39,0.9909338355064392,2023-09-20 20:38:30.280251,2023-09-20 20:41:04.464570,0 days 00:02:34.184319,34,3,0.5,59,125,181.0,315.0,COMPLETE
40,0.985494077205658,2023-09-20 20:41:04.467367,2023-09-20 20:41:48.079707,0 days 00:00:43.612340,67,2,0.3,50,130,61.0,,COMPLETE
41,0.9800543785095215,2023-09-20 20:41:48.080230,2023-09-20 20:42:44.907084,0 days 00:00:56.826854,32,3,0.5,60,126,173.0,312.0,COMPLETE
42,0.9845874905586243,2023-09-20 20:42:44.907855,2023-09-20 20:44:32.891303,0 days 00:01:47.983448,36,3,0.5,56,153,223.0,246.0,COMPLETE
43,0.9755213260650635,2023-09-20 20:44:32.893591,2023-09-20 20:45:27.302647,0 days 00:00:54.409056,19,3,0.5,40,99,191.0,179.0,COMPLETE
44,0.9755213260650635,2023-09-20 20:45:27.303870,2023-09-20 20:46:06.891270,0 days 00:00:39.587400,39,3,0.5,23,146,122.0,271.0,COMPLETE
45,0.9782411456108093,2023-09-20 20:46:06.891909,2023-09-20 20:46:52.399554,0 days 00:00:45.507645,10,3,0.5,34,122,153.0,126.0,COMPLETE
46,0.9818676114082336,2023-09-20 20:46:52.400338,2023-09-20 20:47:46.727109,0 days 00:00:54.326771,57,3,0.4,68,88,83.0,279.0,COMPLETE
47,0.9773345589637756,2023-09-20 20:47:46.727829,2023-09-20 20:48:26.814503,0 days 00:00:40.086674,47,2,0.4,65,165,255.0,,COMPLETE
48,0.9864007234573364,2023-09-20 20:48:26.815087,2023-09-20 20:49:06.224829,0 days 00:00:39.409742,78,1,0.2,52,183,,,COMPLETE
49,0.9827742576599121,2023-09-20 20:49:06.226898,2023-09-20 20:50:14.177118,0 days 00:01:07.950220,88,2,0.5,46,109,314.0,,COMPLETE
50,0.9782411456108093,2023-09-20 20:50:14.178379,2023-09-20 20:50:39.915972,0 days 00:00:25.737593,25,1,0.4,26,209,,,COMPLETE
51,0.9918404221534729,2023-09-20 20:50:39.916813,2023-09-20 20:51:41.689556,0 days 00:01:01.772743,27,2,0.4,79,135,28.0,,COMPLETE
52,0.9800543785095215,2023-09-20 20:51:41.690856,2023-09-20 20:52:17.712523,0 days 00:00:36.021667,21,2,0.4,83,134,176.0,,COMPLETE
53,0.9882139563560486,2023-09-20 20:52:17.713007,2023-09-20 20:53:35.959502,0 days 00:01:18.246495,10,2,0.4,91,163,205.0,,COMPLETE
54,0.9764279127120972,2023-09-20 20:53:35.960637,2023-09-20 20:54:13.736943,0 days 00:00:37.776306,44,2,0.4,72,143,224.0,,COMPLETE
55,0.9873073697090149,2023-09-20 20:54:13.737456,2023-09-20 20:55:06.126390,0 days 00:00:52.388934,38,2,0.1,80,133,102.0,,COMPLETE
56,0.9936536550521851,2023-09-20 20:55:06.127478,2023-09-20 20:56:36.583442,0 days 00:01:30.455964,26,2,0.4,64,88,36.0,,COMPLETE
57,0.9818676114082336,2023-09-20 20:56:36.585404,2023-09-20 20:57:30.214719,0 days 00:00:53.629315,27,2,0.4,73,89,24.0,,COMPLETE
58,0.9836808443069458,2023-09-20 20:57:30.215287,2023-09-20 20:58:21.888953,0 days 00:00:51.673666,3,2,0.4,88,43,36.0,,COMPLETE
59,0.9918404221534729,2023-09-20 20:58:21.889493,2023-09-20 20:59:32.431219,0 days 00:01:10.541726,12,2,0.4,80,73,60.0,,COMPLETE
60,0.9882139563560486,2023-09-20 20:59:32.432663,2023-09-20 21:00:18.787357,0 days 00:00:46.354694,13,2,0.4,64,68,66.0,,COMPLETE
61,0.9873073697090149,2023-09-20 21:00:18.787980,2023-09-20 21:01:43.509882,0 days 00:01:24.721902,30,2,0.4,78,15,23.0,,COMPLETE
62,0.9845874905586243,2023-09-20 21:01:43.511939,2023-09-20 21:02:37.258404,0 days 00:00:53.746465,21,2,0.4,94,55,77.0,,COMPLETE
63,0.9827742576599121,2023-09-20 21:02:37.259324,2023-09-20 21:03:14.683536,0 days 00:00:37.424212,7,2,0.4,84,77,41.0,,COMPLETE
64,0.9918404221534729,2023-09-20 21:03:14.684059,2023-09-20 21:04:15.998548,0 days 00:01:01.314489,105,2,0.0,72,110,61.0,,COMPLETE
65,0.9709882140159607,2023-09-20 21:04:15.999594,2023-09-20 21:05:09.283305,0 days 00:00:53.283711,109,2,0.0,73,109,11.0,,COMPLETE
66,0.9864007234573364,2023-09-20 21:05:09.283918,2023-09-20 21:05:50.314145,0 days 00:00:41.030227,126,2,0.0,80,97,56.0,,COMPLETE
67,0.9873073697090149,2023-09-20 21:05:50.314829,2023-09-20 21:06:47.523532,0 days 00:00:57.208703,92,2,0.0,71,82,75.0,,COMPLETE
68,0.985494077205658,2023-09-20 21:06:47.525496,2023-09-20 21:07:46.334398,0 days 00:00:58.808902,109,2,0.0,64,116,32.0,,COMPLETE
69,0.9773345589637756,2023-09-20 21:07:46.335073,2023-09-20 21:08:21.196896,0 days 00:00:34.861823,120,2,0.2,75,24,15.0,,COMPLETE
70,0.9936536550521851,2023-09-20 21:08:21.197865,2023-09-20 21:09:46.686296,0 days 00:01:25.488431,102,2,0.3,86,93,91.0,,COMPLETE
71,0.9836808443069458,2023-09-20 21:09:46.688017,2023-09-20 21:10:27.598892,0 days 00:00:40.910875,100,2,0.3,90,95,95.0,,COMPLETE
72,0.9882139563560486,2023-09-20 21:10:27.599895,2023-09-20 21:11:14.076860,0 days 00:00:46.476965,100,2,0.3,85,107,50.0,,COMPLETE
73,0.9827742576599121,2023-09-20 21:11:14.077482,2023-09-20 21:12:00.802985,0 days 00:00:46.725503,105,2,0.3,99,67,70.0,,COMPLETE
74,0.989120602607727,2023-09-20 21:12:00.803959,2023-09-20 21:13:25.571851,0 days 00:01:24.767892,95,2,0.3,78,118,111.0,,COMPLETE
75,0.9809610247612,2023-09-20 21:13:25.573889,2023-09-20 21:14:13.842673,0 days 00:00:48.268784,114,2,0.3,81,140,86.0,,COMPLETE
76,0.985494077205658,2023-09-20 21:14:13.843609,2023-09-20 21:15:06.537405,0 days 00:00:52.693796,114,2,0.4,89,155,55.0,,COMPLETE
77,0.9791477918624878,2023-09-20 21:15:06.538120,2023-09-20 21:15:52.282863,0 days 00:00:45.744743,105,2,0.0,54,50,43.0,,COMPLETE
78,0.9882139563560486,2023-09-20 21:15:52.283881,2023-09-20 21:16:28.467505,0 days 00:00:36.183624,67,2,0.4,96,80,64.0,,COMPLETE
79,0.9836808443069458,2023-09-20 21:16:28.468831,2023-09-20 21:17:13.248038,0 days 00:00:44.779207,95,2,0.1,69,104,121.0,,COMPLETE
80,0.9845874905586243,2023-09-20 21:17:13.248554,2023-09-20 21:18:03.794492,0 days 00:00:50.545938,86,2,0.3,76,120,93.0,,COMPLETE
81,0.9909338355064392,2023-09-20 21:18:03.797164,2023-09-20 21:18:43.613351,0 days 00:00:39.816187,28,1,0.4,43,178,,,COMPLETE
82,0.9773345589637756,2023-09-20 21:18:43.613927,2023-09-20 21:19:04.124183,0 days 00:00:20.510256,17,2,0.4,34,129,34.0,,COMPLETE
83,0.9827742576599121,2023-09-20 21:19:04.124855,2023-09-20 21:19:44.270839,0 days 00:00:40.145984,48,1,0.4,14,144,,,COMPLETE
84,0.9873073697090149,2023-09-20 21:19:44.271782,2023-09-20 21:20:36.023125,0 days 00:00:51.751343,22,2,0.4,86,189,24.0,,COMPLETE
85,0.9864007234573364,2023-09-20 21:20:36.024385,2023-09-20 21:21:28.695873,0 days 00:00:52.671488,119,2,0.2,56,93,143.0,,COMPLETE
86,0.9818676114082336,2023-09-20 21:21:28.696395,2023-09-20 21:22:12.625342,0 days 00:00:43.928947,42,2,0.4,49,240,233.0,,COMPLETE
87,0.9755213260650635,2023-09-20 21:22:12.626324,2023-09-20 21:22:46.400951,0 days 00:00:33.774627,34,1,0.4,61,161,,,COMPLETE
88,0.9755213260650635,2023-09-20 21:22:46.402205,2023-09-20 21:23:34.376991,0 days 00:00:47.974786,71,2,0.3,40,75,165.0,,COMPLETE
89,0.985494077205658,2023-09-20 21:23:34.377801,2023-09-20 21:24:17.584541,0 days 00:00:43.206740,24,2,0.0,82,61,53.0,,COMPLETE
90,0.9773345589637756,2023-09-20 21:24:17.586006,2023-09-20 21:25:04.423209,0 days 00:00:46.837203,37,2,0.4,67,206,208.0,,COMPLETE
91,0.9800543785095215,2023-09-20 21:25:04.424644,2023-09-20 21:26:04.685845,0 days 00:01:00.261201,30,3,0.5,58,127,196.0,199.0,COMPLETE
92,0.9909338355064392,2023-09-20 21:26:04.686944,2023-09-20 21:27:34.707534,0 days 00:01:30.020590,34,3,0.5,71,170,187.0,69.0,COMPLETE
93,0.9845874905586243,2023-09-20 21:27:34.710097,2023-09-20 21:28:27.826487,0 days 00:00:53.116390,56,3,0.4,59,112,185.0,138.0,COMPLETE
94,0.9818676114082336,2023-09-20 21:28:27.827800,2023-09-20 21:29:28.485476,0 days 00:01:00.657676,15,3,0.5,63,148,220.0,206.0,COMPLETE
95,0.9836808443069458,2023-09-20 21:29:28.486024,2023-09-20 21:30:25.828340,0 days 00:00:57.342316,105,3,0.1,37,136,213.0,86.0,COMPLETE
96,0.989120602607727,2023-09-20 21:30:25.829365,2023-09-20 21:31:23.909624,0 days 00:00:58.080259,10,2,0.4,52,102,71.0,,COMPLETE
97,0.9782411456108093,2023-09-20 21:31:23.910898,2023-09-20 21:31:59.782418,0 days 00:00:35.871520,19,2,0.3,47,84,5.0,,COMPLETE
98,0.9691749811172485,2023-09-20 21:31:59.783781,2023-09-20 21:32:43.195905,0 days 00:00:43.412124,40,3,0.4,62,124,300.0,280.0,COMPLETE
99,0.9836808443069458,2023-09-20 21:32:43.197045,2023-09-20 21:33:37.246592,0 days 00:00:54.049547,31,2,0.0,79,156,147.0,,COMPLETE
100,0.9873073697090149,2023-09-20 21:33:37.247846,2023-09-20 21:34:38.624149,0 days 00:01:01.376303,50,2,0.4,67,271,168.0,,COMPLETE
101,0.9718948602676392,2023-09-20 21:34:38.625236,2023-09-20 21:35:01.939882,0 days 00:00:23.314646,27,1,0.4,44,177,,,COMPLETE
102,0.9546690583229065,2023-09-20 21:35:01.941060,2023-09-20 21:35:17.313217,0 days 00:00:15.372157,27,1,0.4,44,181,,,COMPLETE
103,0.985494077205658,2023-09-20 21:35:17.313790,2023-09-20 21:35:57.721759,0 days 00:00:40.407969,43,1,0.4,57,223,,,COMPLETE
104,0.9800543785095215,2023-09-20 21:35:57.723538,2023-09-20 21:36:25.499996,0 days 00:00:27.776458,34,1,0.4,32,197,,,COMPLETE
105,0.9809610247612,2023-09-20 21:36:25.500635,2023-09-20 21:36:51.783440,0 days 00:00:26.282805,29,1,0.2,42,137,,,COMPLETE
106,0.9827742576599121,2023-09-20 21:36:51.784037,2023-09-20 21:37:24.543015,0 days 00:00:32.758978,20,1,0.5,50,150,,,COMPLETE
107,0.9755213260650635,2023-09-20 21:37:24.545755,2023-09-20 21:38:04.888968,0 days 00:00:40.343213,25,2,0.3,54,165,258.0,,COMPLETE
108,0.9791477918624878,2023-09-20 21:38:04.890118,2023-09-20 21:38:32.720593,0 days 00:00:27.830475,37,1,0.4,83,90,,,COMPLETE
109,0.9782411456108093,2023-09-20 21:38:32.722354,2023-09-20 21:39:13.702976,0 days 00:00:40.980622,91,2,0.4,87,114,202.0,,COMPLETE
110,0.9809610247612,2023-09-20 21:39:13.703535,2023-09-20 21:39:52.887978,0 days 00:00:39.184443,3,2,0.0,74,190,84.0,,COMPLETE
111,0.9610154032707214,2023-09-20 21:39:52.889221,2023-09-20 21:40:30.286009,0 days 00:00:37.396788,34,3,0.5,71,176,180.0,43.0,COMPLETE
112,0.9737080931663513,2023-09-20 21:40:30.287357,2023-09-20 21:41:12.565685,0 days 00:00:42.278328,23,3,0.5,77,123,183.0,9.0,COMPLETE
113,0.9827742576599121,2023-09-20 21:41:12.566244,2023-09-20 21:42:03.423845,0 days 00:00:50.857601,28,3,0.5,48,171,191.0,52.0,COMPLETE
114,0.9782411456108093,2023-09-20 21:42:03.425086,2023-09-20 21:43:03.287183,0 days 00:00:59.862097,32,3,0.5,70,202,227.0,78.0,COMPLETE
115,0.9954668879508972,2023-09-20 21:43:03.287765,2023-09-20 21:45:06.359355,0 days 00:02:03.071590,103,3,0.5,26,169,154.0,38.0,COMPLETE
116,0.9873073697090149,2023-09-20 21:45:06.362764,2023-09-20 21:46:28.922246,0 days 00:01:22.559482,103,3,0.3,28,185,129.0,30.0,COMPLETE
117,0.9773345589637756,2023-09-20 21:46:28.924414,2023-09-20 21:46:59.997405,0 days 00:00:31.072991,97,2,0.4,22,142,103.0,,COMPLETE
118,0.9818676114082336,2023-09-20 21:46:59.998711,2023-09-20 21:47:41.710708,0 days 00:00:41.711997,82,3,0.4,84,156,111.0,111.0,COMPLETE
119,0.9927470684051514,2023-09-20 21:47:41.712046,2023-09-20 21:48:59.372789,0 days 00:01:17.660743,109,2,0.1,32,131,45.0,,COMPLETE
120,0.9782411456108093,2023-09-20 21:48:59.375359,2023-09-20 21:49:32.710722,0 days 00:00:33.335363,111,2,0.1,32,131,44.0,,COMPLETE
121,0.9845874905586243,2023-09-20 21:49:32.711364,2023-09-20 21:50:24.418043,0 days 00:00:51.706679,102,2,0.1,25,106,62.0,,COMPLETE
122,0.9918404221534729,2023-09-20 21:50:24.419374,2023-09-20 21:51:53.655447,0 days 00:01:29.236073,108,2,0.1,26,119,157.0,,COMPLETE
123,0.9909338355064392,2023-09-20 21:51:53.657593,2023-09-20 21:53:06.815239,0 days 00:01:13.157646,108,2,0.1,19,121,38.0,,COMPLETE
124,0.989120602607727,2023-09-20 21:53:06.816120,2023-09-20 21:54:23.858782,0 days 00:01:17.042662,118,2,0.1,26,101,153.0,,COMPLETE
125,0.974614679813385,2023-09-20 21:54:23.862570,2023-09-20 21:55:09.335489,0 days 00:00:45.472919,106,2,0.1,30,134,28.0,,COMPLETE
126,0.9809610247612,2023-09-20 21:55:09.336319,2023-09-20 21:55:59.581189,0 days 00:00:50.244870,116,2,0.1,24,117,16.0,,COMPLETE
127,0.9773345589637756,2023-09-20 21:55:59.582224,2023-09-20 21:56:25.744604,0 days 00:00:26.162380,99,2,0.3,37,71,173.0,,COMPLETE
128,0.9873073697090149,2023-09-20 21:56:25.745684,2023-09-20 21:57:19.838091,0 days 00:00:54.092407,122,2,0.1,27,128,48.0,,COMPLETE
129,0.9800543785095215,2023-09-20 21:57:19.838857,2023-09-20 21:57:54.162804,0 days 00:00:34.323947,111,2,0.5,93,147,136.0,,COMPLETE
130,0.974614679813385,2023-09-20 21:57:54.164168,2023-09-20 21:58:31.419471,0 days 00:00:37.255303,98,2,0.1,19,216,158.0,,COMPLETE
131,0.974614679813385,2023-09-20 21:58:31.420431,2023-09-20 21:58:51.158086,0 days 00:00:19.737655,107,2,0.4,2,162,77.0,,COMPLETE
132,0.9927470684051514,2023-09-20 21:58:51.158648,2023-09-20 22:00:09.014159,0 days 00:01:17.855511,103,2,0.0,31,111,55.0,,COMPLETE
133,0.989120602607727,2023-09-20 22:00:09.016496,2023-09-20 22:01:27.910074,0 days 00:01:18.893578,103,2,0.0,32,113,55.0,,COMPLETE
134,0.9791477918624878,2023-09-20 22:01:27.912165,2023-09-20 22:02:11.096053,0 days 00:00:43.183888,91,2,0.0,35,95,31.0,,COMPLETE
135,0.989120602607727,2023-09-20 22:02:11.097114,2023-09-20 22:03:22.906774,0 days 00:01:11.809660,112,2,0.0,80,87,69.0,,COMPLETE
136,0.9845874905586243,2023-09-20 22:03:22.908375,2023-09-20 22:04:14.173972,0 days 00:00:51.265597,96,2,0.0,10,109,18.0,,COMPLETE
137,0.9791477918624878,2023-09-20 22:04:14.175116,2023-09-20 22:04:56.139711,0 days 00:00:41.964595,102,2,0.2,29,139,57.0,,COMPLETE
138,0.9827742576599121,2023-09-20 22:04:56.140952,2023-09-20 22:05:41.125233,0 days 00:00:44.984281,13,2,0.0,39,127,89.0,,COMPLETE
139,0.9791477918624878,2023-09-20 22:05:41.127085,2023-09-20 22:06:12.450611,0 days 00:00:31.323526,114,2,0.3,31,121,117.0,,COMPLETE
140,0.9809610247612,2023-09-20 22:06:12.451501,2023-09-20 22:06:53.587206,0 days 00:00:41.135705,104,2,0.1,20,104,97.0,,COMPLETE
141,0.9882139563560486,2023-09-20 22:06:53.588497,2023-09-20 22:07:56.778996,0 days 00:01:03.190499,109,2,0.4,23,134,47.0,,COMPLETE
142,0.974614679813385,2023-09-20 22:07:56.781875,2023-09-20 22:08:42.736523,0 days 00:00:45.954648,64,3,0.4,41,151,216.0,33.0,COMPLETE
143,0.9800543785095215,2023-09-20 22:08:42.737959,2023-09-20 22:09:07.517284,0 days 00:00:24.779325,100,1,0.4,52,112,,,COMPLETE
144,0.9592021703720093,2023-09-20 22:09:07.517994,2023-09-20 22:09:36.940435,0 days 00:00:29.422441,25,2,0.4,36,98,237.0,,COMPLETE
145,0.9818676114082336,2023-09-20 22:09:36.941254,2023-09-20 22:10:12.755752,0 days 00:00:35.814498,40,2,0.5,75,64,39.0,,COMPLETE
146,0.9755213260650635,2023-09-20 22:10:12.757056,2023-09-20 22:10:55.585268,0 days 00:00:42.828212,7,2,0.4,45,81,200.0,,COMPLETE
147,0.9927470684051514,2023-09-20 22:10:55.585843,2023-09-20 22:12:32.099231,0 days 00:01:36.513388,45,3,0.3,82,144,62.0,166.0,COMPLETE
148,0.9809610247612,2023-09-20 22:12:32.101347,2023-09-20 22:13:23.084927,0 days 00:00:50.983580,57,3,0.3,85,141,62.0,165.0,COMPLETE
149,0.9864007234573364,2023-09-20 22:13:23.085817,2023-09-20 22:14:14.543530,0 days 00:00:51.457713,45,3,0.3,16,129,50.0,204.0,COMPLETE
150,0.9764279127120972,2023-09-20 22:14:14.544391,2023-09-20 22:14:55.045299,0 days 00:00:40.500908,50,3,0.3,88,147,72.0,2.0,COMPLETE
151,0.9845874905586243,2023-09-20 22:14:55.047185,2023-09-20 22:15:59.658153,0 days 00:01:04.610968,60,3,0.3,78,117,148.0,248.0,COMPLETE
152,0.9628286361694336,2023-09-20 22:15:59.660144,2023-09-20 22:16:34.864200,0 days 00:00:35.204056,36,3,0.4,82,165,162.0,17.0,COMPLETE
153,0.9873073697090149,2023-09-20 22:16:34.864886,2023-09-20 22:17:33.880921,0 days 00:00:59.016035,110,3,0.0,81,123,77.0,94.0,COMPLETE
154,0.9818676114082336,2023-09-20 22:17:33.883026,2023-09-20 22:17:57.821994,0 days 00:00:23.938968,18,1,0.3,27,182,,,COMPLETE
155,0.9728014469146729,2023-09-20 22:17:57.822748,2023-09-20 22:18:28.810308,0 days 00:00:30.987560,31,2,0.5,51,134,42.0,,COMPLETE
156,0.9791477918624878,2023-09-20 22:18:28.810877,2023-09-20 22:18:54.533840,0 days 00:00:25.722963,106,2,0.4,33,158,168.0,,COMPLETE
157,0.9882139563560486,2023-09-20 22:18:54.534487,2023-09-20 22:20:11.079230,0 days 00:01:16.544743,53,3,0.4,29,75,59.0,144.0,COMPLETE
158,0.9864007234573364,2023-09-20 22:20:11.081150,2023-09-20 22:21:05.329090,0 days 00:00:54.247940,28,2,0.1,47,141,208.0,,COMPLETE
159,0.9682683348655701,2023-09-20 22:21:05.331061,2023-09-20 22:21:30.518398,0 days 00:00:25.187337,40,2,0.3,55,93,135.0,,COMPLETE
160,0.985494077205658,2023-09-20 22:21:30.519091,2023-09-20 22:22:17.426693,0 days 00:00:46.907602,22,2,0.4,43,169,28.0,,COMPLETE
161,0.9827742576599121,2023-09-20 22:22:17.427435,2023-09-20 22:23:05.065230,0 days 00:00:47.637795,34,3,0.5,66,171,188.0,70.0,COMPLETE
162,0.9700815677642822,2023-09-20 22:23:05.066874,2023-09-20 22:23:43.630408,0 days 00:00:38.563534,33,3,0.5,74,152,197.0,69.0,COMPLETE
163,0.9827742576599121,2023-09-20 22:23:43.631451,2023-09-20 22:24:27.274908,0 days 00:00:43.643457,37,3,0.5,77,107,82.0,52.0,COMPLETE
164,0.9610154032707214,2023-09-20 22:24:27.277250,2023-09-20 22:25:08.921605,0 days 00:00:41.644355,42,3,0.5,60,188,35.0,23.0,COMPLETE
