number,value,datetime_start,datetime_complete,duration,params_batch_size,params_depth,params_drop_out,params_epochs,params_lstm_units_0,params_lstm_units_1,params_lstm_units_2,state
165,0.9845874905586243,2023-09-20 22:25:08.922276,2023-09-20 22:25:45.523801,0 days 00:00:36.601525,30,3,0.5,69,159,173.0,40.0,COMPLETE
166,0.9728014469146729,2023-09-20 22:25:45.525173,2023-09-20 22:26:19.527987,0 days 00:00:34.002814,25,3,0.0,79,177,193.0,57.0,COMPLETE
167,0.9836808443069458,2023-09-20 22:26:19.528682,2023-09-20 22:26:42.673854,0 days 00:00:23.145172,48,1,0.2,90,195,,,COMPLETE
168,0.989120602607727,2023-09-20 22:26:42.674771,2023-09-20 22:28:03.915930,0 days 00:01:21.241159,107,2,0.4,86,127,66.0,,COMPLETE
169,0.9882139563560486,2023-09-20 22:28:03.920181,2023-09-20 22:29:23.178356,0 days 00:01:19.258175,94,3,0.1,72,146,227.0,101.0,COMPLETE
170,0.9818676114082336,2023-09-20 22:29:23.179773,2023-09-20 22:30:15.244542,0 days 00:00:52.064769,36,2,0.5,65,118,178.0,,COMPLETE
171,0.9845874905586243,2023-09-20 22:30:15.245669,2023-09-20 22:31:08.913044,0 days 00:00:53.667375,108,2,0.1,18,122,36.0,,COMPLETE
172,0.9836808443069458,2023-09-20 22:31:08.913662,2023-09-20 22:32:02.834774,0 days 00:00:53.921112,102,2,0.1,83,136,9.0,,COMPLETE
173,0.9782411456108093,2023-09-20 22:32:02.836084,2023-09-20 22:32:33.298972,0 days 00:00:30.462888,105,2,0.1,23,110,52.0,,COMPLETE
174,0.9755213260650635,2023-09-20 22:32:33.299662,2023-09-20 22:33:03.505444,0 days 00:00:30.205782,113,2,0.1,38,101,21.0,,COMPLETE
175,0.9882139563560486,2023-09-20 22:33:03.506326,2023-09-20 22:34:13.348434,0 days 00:01:09.842108,109,2,0.4,50,131,43.0,,COMPLETE
176,0.9845874905586243,2023-09-20 22:34:13.351204,2023-09-20 22:35:27.074296,0 days 00:01:13.723092,116,2,0.3,14,121,205.0,,COMPLETE
177,0.9845874905586243,2023-09-20 22:35:27.076099,2023-09-20 22:36:11.035677,0 days 00:00:43.959578,98,2,0.1,80,86,27.0,,COMPLETE
178,0.9728014469146729,2023-09-20 22:36:11.036283,2023-09-20 22:36:50.785296,0 days 00:00:39.749013,28,3,0.0,25,166,39.0,293.0,COMPLETE
179,0.9918404221534729,2023-09-20 22:36:50.786123,2023-09-20 22:38:21.015648,0 days 00:01:30.229525,32,2,0.4,21,140,48.0,,COMPLETE
180,0.9873073697090149,2023-09-20 22:38:21.017944,2023-09-20 22:40:00.791430,0 days 00:01:39.773486,33,2,0.4,21,151,54.0,,COMPLETE
181,0.9864007234573364,2023-09-20 22:40:00.793570,2023-09-20 22:40:50.070459,0 days 00:00:49.276889,32,2,0.4,16,138,46.0,,COMPLETE
182,0.985494077205658,2023-09-20 22:40:50.071696,2023-09-20 22:41:50.251460,0 days 00:01:00.179764,29,2,0.4,21,126,60.0,,COMPLETE
183,0.9764279127120972,2023-09-20 22:41:50.252072,2023-09-20 22:42:15.369491,0 days 00:00:25.117419,70,1,0.4,28,142,,,COMPLETE
184,0.974614679813385,2023-09-20 22:42:15.370397,2023-09-20 22:42:43.455533,0 days 00:00:28.085136,103,2,0.4,25,113,65.0,,COMPLETE
185,0.9773345589637756,2023-09-20 22:42:43.456901,2023-09-20 22:43:07.501226,0 days 00:00:24.044325,25,2,0.3,31,131,50.0,,COMPLETE
186,0.9709882140159607,2023-09-20 22:43:07.501836,2023-09-20 22:43:43.906058,0 days 00:00:36.404222,39,2,0.4,58,118,70.0,,COMPLETE
187,0.9918404221534729,2023-09-20 22:43:43.906913,2023-09-20 22:44:58.758224,0 days 00:01:14.851311,101,2,0.5,18,137,33.0,,COMPLETE
188,0.985494077205658,2023-09-20 22:44:58.761228,2023-09-20 22:46:03.451515,0 days 00:01:04.690287,99,2,0.5,85,156,212.0,,COMPLETE
189,0.9864007234573364,2023-09-20 22:46:03.452881,2023-09-20 22:46:48.487579,0 days 00:00:45.034698,30,2,0.5,76,173,31.0,,COMPLETE
190,0.9882139563560486,2023-09-20 22:46:48.488896,2023-09-20 22:48:05.810023,0 days 00:01:17.321127,101,3,0.5,83,137,154.0,15.0,COMPLETE
191,0.9628286361694336,2023-09-20 22:48:05.812236,2023-09-20 22:48:30.372995,0 days 00:00:24.560759,107,2,0.5,18,146,39.0,,COMPLETE
192,0.989120602607727,2023-09-20 22:48:30.374096,2023-09-20 22:49:34.475082,0 days 00:01:04.100986,104,2,0.1,14,124,24.0,,COMPLETE
193,0.9827742576599121,2023-09-20 22:49:34.475846,2023-09-20 22:50:21.011457,0 days 00:00:46.535611,78,2,0.5,20,129,13.0,,COMPLETE
194,0.989120602607727,2023-09-20 22:50:21.012713,2023-09-20 22:51:35.661332,0 days 00:01:14.648619,26,2,0.4,22,182,185.0,,COMPLETE
195,0.989120602607727,2023-09-20 22:51:35.663131,2023-09-20 22:52:27.504677,0 days 00:00:51.841546,111,2,0.0,17,145,34.0,,COMPLETE
196,0.9827742576599121,2023-09-20 22:52:27.506171,2023-09-20 22:53:10.894070,0 days 00:00:43.387899,35,2,0.3,63,53,60.0,,COMPLETE
197,0.9900271892547607,2023-09-20 22:53:10.894782,2023-09-20 22:54:27.488517,0 days 00:01:16.593735,22,2,0.4,34,134,47.0,,COMPLETE
198,0.9864007234573364,2023-09-20 22:54:27.489829,2023-09-20 22:55:20.101297,0 days 00:00:52.611468,106,3,0.5,81,114,42.0,241.0,COMPLETE
199,0.9809610247612,2023-09-20 22:55:20.102101,2023-09-20 22:56:02.946872,0 days 00:00:42.844771,100,2,0.4,26,203,142.0,,COMPLETE
200,0.9800543785095215,2023-09-20 22:56:02.950450,2023-09-20 22:56:27.638939,0 days 00:00:24.688489,108,1,0.1,53,104,,,COMPLETE
201,0.9864007234573364,2023-09-20 22:56:27.639573,2023-09-20 22:57:30.867442,0 days 00:01:03.227869,30,2,0.4,73,212,21.0,,COMPLETE
202,0.9782411456108093,2023-09-20 22:57:30.869325,2023-09-20 22:58:09.734044,0 days 00:00:38.864719,32,2,0.4,76,189,36.0,,COMPLETE
203,0.9709882140159607,2023-09-20 22:58:09.734682,2023-09-20 22:58:40.645023,0 days 00:00:30.910341,28,2,0.4,71,140,53.0,,COMPLETE
204,0.9809610247612,2023-09-20 22:58:40.645809,2023-09-20 22:59:29.827720,0 days 00:00:49.181911,38,2,0.4,79,178,29.0,,COMPLETE
205,0.9773345589637756,2023-09-20 22:59:29.830077,2023-09-20 23:00:27.010606,0 days 00:00:57.180529,24,2,0.2,48,199,220.0,,COMPLETE
206,0.9873073697090149,2023-09-20 23:00:27.011316,2023-09-20 23:01:33.580974,0 days 00:01:06.569658,104,2,0.0,30,192,18.0,,COMPLETE
207,0.9836808443069458,2023-09-20 23:01:33.582654,2023-09-20 23:02:21.236533,0 days 00:00:47.653879,35,2,0.3,78,161,107.0,,COMPLETE
208,0.9909338355064392,2023-09-20 23:02:21.237217,2023-09-20 23:03:34.589143,0 days 00:01:13.351926,43,3,0.4,68,122,47.0,222.0,COMPLETE
209,0.989120602607727,2023-09-20 23:03:34.590526,2023-09-20 23:04:52.779237,0 days 00:01:18.188711,46,3,0.4,67,122,56.0,176.0,COMPLETE
210,0.9818676114082336,2023-09-20 23:04:52.781057,2023-09-20 23:05:39.183006,0 days 00:00:46.401949,49,3,0.5,70,130,76.0,212.0,COMPLETE
211,0.9836808443069458,2023-09-20 23:05:39.183631,2023-09-20 23:06:45.001814,0 days 00:01:05.818183,45,3,0.4,73,119,46.0,189.0,COMPLETE
212,0.9827742576599121,2023-09-20 23:06:45.004533,2023-09-20 23:07:59.834498,0 days 00:01:14.829965,27,3,0.4,74,134,162.0,224.0,COMPLETE
213,0.9728014469146729,2023-09-20 23:07:59.835198,2023-09-20 23:08:48.281742,0 days 00:00:48.446544,43,3,0.4,68,126,4.0,150.0,COMPLETE
214,0.9864007234573364,2023-09-20 23:08:48.282858,2023-09-20 23:09:30.306769,0 days 00:00:42.023911,32,1,0.4,46,109,,,COMPLETE
215,0.9918404221534729,2023-09-20 23:09:30.308135,2023-09-20 23:11:05.345039,0 days 00:01:35.036904,20,3,0.4,19,91,33.0,256.0,COMPLETE
216,0.9809610247612,2023-09-20 23:11:05.349478,2023-09-20 23:11:49.389737,0 days 00:00:44.040259,12,3,0.1,24,90,41.0,298.0,COMPLETE
217,0.9827742576599121,2023-09-20 23:11:49.392456,2023-09-20 23:12:47.019183,0 days 00:00:57.626727,18,3,0.4,16,96,35.0,270.0,COMPLETE
218,0.989120602607727,2023-09-20 23:12:47.020021,2023-09-20 23:13:44.949312,0 days 00:00:57.929291,102,3,0.3,13,82,49.0,254.0,COMPLETE
219,0.989120602607727,2023-09-20 23:13:44.952991,2023-09-20 23:14:52.272793,0 days 00:01:07.319802,55,3,0.4,19,152,66.0,224.0,COMPLETE
220,0.9818676114082336,2023-09-20 23:14:52.274367,2023-09-20 23:16:46.118469,0 days 00:01:53.844102,21,3,0.5,22,311,58.0,305.0,COMPLETE
221,0.9882139563560486,2023-09-20 23:16:46.121720,2023-09-20 23:18:17.512669,0 days 00:01:31.390949,27,3,0.4,35,74,24.0,256.0,COMPLETE
222,0.9737080931663513,2023-09-20 23:18:17.515249,2023-09-20 23:18:54.595649,0 days 00:00:37.080400,30,3,0.4,5,99,28.0,128.0,COMPLETE
223,0.985494077205658,2023-09-20 23:18:54.596307,2023-09-20 23:19:27.095194,0 days 00:00:32.498887,110,1,0.4,19,116,,,COMPLETE
224,0.9755213260650635,2023-09-20 23:19:27.095822,2023-09-20 23:20:15.543402,0 days 00:00:48.447580,15,3,0.4,82,144,33.0,266.0,COMPLETE
225,0.9873073697090149,2023-09-20 23:20:15.544666,2023-09-20 23:21:07.612813,0 days 00:00:52.068147,25,2,0.0,68,137,43.0,,COMPLETE
226,0.9800543785095215,2023-09-20 23:21:07.613433,2023-09-20 23:22:17.439202,0 days 00:01:09.825769,33,3,0.4,65,123,121.0,289.0,COMPLETE
227,0.989120602607727,2023-09-20 23:22:17.442924,2023-09-20 23:23:13.347037,0 days 00:00:55.904113,23,2,0.1,28,170,97.0,,COMPLETE
228,0.9818676114082336,2023-09-20 23:23:13.347656,2023-09-20 23:23:57.876522,0 days 00:00:44.528866,41,2,0.4,76,69,169.0,,COMPLETE
229,0.9864007234573364,2023-09-20 23:23:57.877852,2023-09-20 23:24:32.470566,0 days 00:00:34.592714,106,1,0.3,33,88,,,COMPLETE
230,0.985494077205658,2023-09-20 23:24:32.471157,2023-09-20 23:25:53.270380,0 days 00:01:20.799223,38,3,0.5,70,108,50.0,319.0,COMPLETE
231,0.9900271892547607,2023-09-20 23:25:53.272354,2023-09-20 23:27:13.810712,0 days 00:01:20.538358,95,2,0.4,82,133,191.0,,COMPLETE
232,0.9800543785095215,2023-09-20 23:27:13.812952,2023-09-20 23:27:54.244373,0 days 00:00:40.431421,99,2,0.4,84,139,199.0,,COMPLETE
233,0.9782411456108093,2023-09-20 23:27:54.245331,2023-09-20 23:28:28.990885,0 days 00:00:34.745554,93,2,0.4,80,149,181.0,,COMPLETE
234,0.9909338355064392,2023-09-20 23:28:28.991482,2023-09-20 23:29:30.603214,0 days 00:01:01.611732,101,2,0.4,86,127,210.0,,COMPLETE
235,0.9773345589637756,2023-09-20 23:29:30.606079,2023-09-20 23:30:15.936163,0 days 00:00:45.330084,102,2,0.4,87,128,217.0,,COMPLETE
236,0.9845874905586243,2023-09-20 23:30:15.936787,2023-09-20 23:31:11.654083,0 days 00:00:55.717296,104,2,0.4,89,121,232.0,,COMPLETE
237,0.9782411456108093,2023-09-20 23:31:11.656169,2023-09-20 23:31:54.155298,0 days 00:00:42.499129,97,2,0.0,86,116,210.0,,COMPLETE
238,0.9845874905586243,2023-09-20 23:31:54.156104,2023-09-20 23:32:48.056344,0 days 00:00:53.900240,109,2,0.1,61,125,38.0,,COMPLETE
239,0.9773345589637756,2023-09-20 23:32:48.059763,2023-09-20 23:33:32.484975,0 days 00:00:44.425212,101,2,0.4,20,80,203.0,,COMPLETE
240,0.9864007234573364,2023-09-20 23:33:32.485679,2023-09-20 23:34:28.816039,0 days 00:00:56.330360,29,2,0.5,16,208,30.0,,COMPLETE
241,0.9764279127120972,2023-09-20 23:34:28.817494,2023-09-20 23:35:04.690843,0 days 00:00:35.873349,98,2,0.4,84,132,200.0,,COMPLETE
242,0.9900271892547607,2023-09-20 23:35:04.692067,2023-09-20 23:36:16.578215,0 days 00:01:11.886148,105,2,0.4,78,142,207.0,,COMPLETE
243,0.9782411456108093,2023-09-20 23:36:16.578947,2023-09-20 23:36:57.376311,0 days 00:00:40.797364,35,2,0.4,51,137,185.0,,COMPLETE
244,0.9528558254241943,2023-09-20 23:36:57.378624,2023-09-20 23:37:45.964261,0 days 00:00:48.585637,100,2,0.4,80,130,225.0,,COMPLETE
245,0.985494077205658,2023-09-20 23:37:45.964928,2023-09-20 23:39:12.225931,0 days 00:01:26.261003,31,3,0.3,72,145,214.0,234.0,COMPLETE
246,0.9782411456108093,2023-09-20 23:39:12.228829,2023-09-20 23:39:44.631240,0 days 00:00:32.402411,103,2,0.4,82,163,196.0,,COMPLETE
247,0.9827742576599121,2023-09-20 23:39:44.631932,2023-09-20 23:40:25.626215,0 days 00:00:40.994283,88,2,0.2,85,110,42.0,,COMPLETE
248,0.9782411456108093,2023-09-20 23:40:25.630243,2023-09-20 23:41:35.543811,0 days 00:01:09.913568,108,2,0.4,49,153,190.0,,COMPLETE
249,0.989120602607727,2023-09-20 23:41:35.545247,2023-09-20 23:42:36.075844,0 days 00:01:00.530597,27,3,0.1,31,127,63.0,190.0,COMPLETE
250,0.989120602607727,2023-09-20 23:42:36.077588,2023-09-20 23:43:52.329548,0 days 00:01:16.251960,97,2,0.5,24,185,55.0,,COMPLETE
251,0.985494077205658,2023-09-20 23:43:52.331205,2023-09-20 23:44:46.753382,0 days 00:00:54.422177,51,3,0.4,18,101,158.0,1.0,COMPLETE
252,0.9818676114082336,2023-09-20 23:44:46.754788,2023-09-20 23:45:11.833969,0 days 00:00:25.079181,7,1,0.0,21,117,,,COMPLETE
253,0.9782411456108093,2023-09-20 23:45:11.834617,2023-09-20 23:45:48.537394,0 days 00:00:36.702777,106,2,0.3,75,195,17.0,,COMPLETE
254,0.9864007234573364,2023-09-20 23:45:48.538076,2023-09-20 23:46:36.872111,0 days 00:00:48.334035,112,2,0.4,78,92,128.0,,COMPLETE
255,0.9900271892547607,2023-09-20 23:46:36.873576,2023-09-20 23:49:19.734697,0 days 00:02:42.861121,32,3,0.4,91,176,174.0,280.0,COMPLETE
256,0.9927470684051514,2023-09-20 23:49:19.738312,2023-09-20 23:50:37.782191,0 days 00:01:18.043879,102,2,0.5,83,138,47.0,,COMPLETE
257,0.9800543785095215,2023-09-20 23:50:37.783254,2023-09-20 23:51:14.534470,0 days 00:00:36.751216,103,2,0.5,87,136,46.0,,COMPLETE
258,0.9818676114082336,2023-09-20 23:51:14.535607,2023-09-20 23:51:54.693247,0 days 00:00:40.157640,58,2,0.5,84,121,147.0,,COMPLETE
259,0.9900271892547607,2023-09-20 23:51:54.693857,2023-09-20 23:52:34.642019,0 days 00:00:39.948162,20,1,0.5,29,142,,,COMPLETE
260,0.9737080931663513,2023-09-20 23:52:34.642961,2023-09-20 23:53:10.243894,0 days 00:00:35.600933,107,3,0.5,81,131,37.0,170.0,COMPLETE
261,0.9809610247612,2023-09-20 23:53:10.244770,2023-09-20 23:53:39.782089,0 days 00:00:29.537319,29,2,0.5,69,158,54.0,,COMPLETE
262,0.989120602607727,2023-09-20 23:53:39.782727,2023-09-20 23:54:36.728333,0 days 00:00:56.945606,36,2,0.1,26,62,51.0,,COMPLETE
263,0.9845874905586243,2023-09-20 23:54:36.730687,2023-09-20 23:55:31.511195,0 days 00:00:54.780508,101,2,0.3,37,114,25.0,,COMPLETE
264,0.9873073697090149,2023-09-20 23:55:31.512067,2023-09-20 23:56:31.216971,0 days 00:00:59.704904,23,3,0.5,41,124,86.0,37.0,COMPLETE
265,0.9728014469146729,2023-09-20 23:56:31.218897,2023-09-20 23:57:22.056841,0 days 00:00:50.837944,27,2,0.0,11,105,36.0,,COMPLETE
266,0.9827742576599121,2023-09-20 23:57:22.058055,2023-09-20 23:58:03.021861,0 days 00:00:40.963806,105,3,0.1,56,136,44.0,157.0,COMPLETE
267,0.9900271892547607,2023-09-20 23:58:03.022493,2023-09-20 23:59:38.423456,0 days 00:01:35.400963,34,2,0.5,22,150,243.0,,COMPLETE
268,0.9873073697090149,2023-09-20 23:59:38.425358,2023-09-21 00:00:42.277798,0 days 00:01:03.852440,110,2,0.4,66,168,71.0,,COMPLETE
269,0.9882139563560486,2023-09-21 00:00:42.280357,2023-09-21 00:01:46.739584,0 days 00:01:04.459227,103,2,0.3,88,42,60.0,,COMPLETE
270,0.9800543785095215,2023-09-21 00:01:46.740253,2023-09-21 00:03:01.157371,0 days 00:01:14.417118,30,3,0.4,83,131,28.0,26.0,COMPLETE
271,0.9827742576599121,2023-09-21 00:03:01.158748,2023-09-21 00:03:46.375462,0 days 00:00:45.216714,100,2,0.0,18,125,32.0,,COMPLETE
272,0.9827742576599121,2023-09-21 00:03:46.376097,2023-09-21 00:04:42.417628,0 days 00:00:56.041531,47,3,0.5,63,95,47.0,118.0,COMPLETE
273,0.9818676114082336,2023-09-21 00:04:42.419107,2023-09-21 00:05:27.314826,0 days 00:00:44.895719,17,2,0.1,45,85,20.0,,COMPLETE
274,0.9782411456108093,2023-09-21 00:05:27.315778,2023-09-21 00:05:54.137758,0 days 00:00:26.821980,11,1,0.4,71,141,,,COMPLETE
275,0.9845874905586243,2023-09-21 00:05:54.138355,2023-09-21 00:06:53.741365,0 days 00:00:59.603010,108,2,0.4,77,113,41.0,,COMPLETE
276,0.9873073697090149,2023-09-21 00:06:53.742961,2023-09-21 00:07:37.292665,0 days 00:00:43.549704,26,2,0.3,81,120,64.0,,COMPLETE
277,0.9836808443069458,2023-09-21 00:07:37.293283,2023-09-21 00:08:45.595541,0 days 00:01:08.302258,32,3,0.2,53,185,56.0,211.0,COMPLETE
278,0.9836808443069458,2023-09-21 00:08:45.598400,2023-09-21 00:09:45.636953,0 days 00:01:00.038553,39,2,0.4,27,145,221.0,,COMPLETE
279,0.985494077205658,2023-09-21 00:09:45.637648,2023-09-21 00:10:43.456547,0 days 00:00:57.818899,24,2,0.5,33,200,165.0,,COMPLETE
280,0.9864007234573364,2023-09-21 00:10:43.458190,2023-09-21 00:11:28.928010,0 days 00:00:45.469820,105,3,0.4,16,126,113.0,60.0,COMPLETE
281,0.9845874905586243,2023-09-21 00:11:28.929690,2023-09-21 00:12:16.963662,0 days 00:00:48.033972,63,2,0.1,23,133,80.0,,COMPLETE
282,0.9918404221534729,2023-09-21 00:12:16.965094,2023-09-21 00:13:55.717560,0 days 00:01:38.752466,53,2,0.0,73,74,13.0,,COMPLETE
283,0.9909338355064392,2023-09-21 00:13:55.719350,2023-09-21 00:14:58.132187,0 days 00:01:02.412837,4,2,0.0,68,73,49.0,,COMPLETE
284,0.9791477918624878,2023-09-21 00:14:58.132878,2023-09-21 00:15:44.893692,0 days 00:00:46.760814,44,3,0.3,85,81,138.0,16.0,COMPLETE
285,0.9927470684051514,2023-09-21 00:15:44.895301,2023-09-21 00:16:31.374861,0 days 00:00:46.479560,124,1,0.0,71,70,,,COMPLETE
286,0.9873073697090149,2023-09-21 00:16:31.375578,2023-09-21 00:17:15.901402,0 days 00:00:44.525824,125,1,0.0,70,67,,,COMPLETE
287,0.9827742576599121,2023-09-21 00:17:15.902037,2023-09-21 00:17:39.629243,0 days 00:00:23.727206,54,1,0.0,70,59,,,COMPLETE
288,0.9936536550521851,2023-09-21 00:17:39.630806,2023-09-21 00:18:40.704897,0 days 00:01:01.074091,53,1,0.0,74,75,,,COMPLETE
289,0.9818676114082336,2023-09-21 00:18:40.705705,2023-09-21 00:19:09.209061,0 days 00:00:28.503356,54,1,0.0,74,77,,,COMPLETE
290,0.9836808443069458,2023-09-21 00:19:09.209714,2023-09-21 00:19:43.942126,0 days 00:00:34.732412,52,1,0.0,74,72,,,COMPLETE
291,0.9864007234573364,2023-09-21 00:19:43.944301,2023-09-21 00:20:24.831605,0 days 00:00:40.887304,122,1,0.0,43,76,,,COMPLETE
292,0.9827742576599121,2023-09-21 00:20:24.832359,2023-09-21 00:20:47.731049,0 days 00:00:22.898690,50,1,0.0,76,64,,,COMPLETE
293,0.9782411456108093,2023-09-21 00:20:47.731694,2023-09-21 00:21:13.366085,0 days 00:00:25.634391,128,1,0.0,72,84,,,COMPLETE
294,0.9773345589637756,2023-09-21 00:21:13.367283,2023-09-21 00:21:33.529397,0 days 00:00:20.162114,60,1,0.0,73,70,,,COMPLETE
295,0.9800543785095215,2023-09-21 00:21:33.530454,2023-09-21 00:21:59.076263,0 days 00:00:25.545809,58,1,0.0,47,54,,,COMPLETE
296,0.9909338355064392,2023-09-21 00:21:59.076992,2023-09-21 00:22:49.168884,0 days 00:00:50.091892,116,1,0.0,20,90,,,COMPLETE
297,0.9864007234573364,2023-09-21 00:22:49.169619,2023-09-21 00:23:16.345043,0 days 00:00:27.175424,52,1,0.0,79,77,,,COMPLETE
298,0.9827742576599121,2023-09-21 00:23:16.346979,2023-09-21 00:23:49.228318,0 days 00:00:32.881339,20,1,0.0,31,84,,,COMPLETE
299,0.9827742576599121,2023-09-21 00:23:49.229211,2023-09-21 00:24:29.342746,0 days 00:00:40.113535,78,1,0.0,76,65,,,COMPLETE
300,0.9773345589637756,2023-09-21 00:24:29.344165,2023-09-21 00:24:59.377183,0 days 00:00:30.033018,14,1,0.5,50,78,,,COMPLETE
301,0.9836808443069458,2023-09-21 00:24:59.378276,2023-09-21 00:25:58.929142,0 days 00:00:59.550866,117,2,0.1,54,156,16.0,,COMPLETE
302,0.9918404221534729,2023-09-21 00:25:58.931132,2023-09-21 00:27:11.406899,0 days 00:01:12.475767,96,2,0.5,35,173,66.0,,COMPLETE
303,0.9628286361694336,2023-09-21 00:27:11.411419,2023-09-21 00:27:52.690611,0 days 00:00:41.279192,56,2,0.5,35,173,9.0,,COMPLETE
304,0.9900271892547607,2023-09-21 00:27:52.691327,2023-09-21 00:28:56.601221,0 days 00:01:03.909894,66,2,0.5,39,179,72.0,,COMPLETE
305,0.9800543785095215,2023-09-21 00:28:56.601983,2023-09-21 00:29:45.259212,0 days 00:00:48.657229,94,2,0.5,33,171,91.0,,COMPLETE
306,0.9836808443069458,2023-09-21 00:29:45.260609,2023-09-21 00:30:42.272923,0 days 00:00:57.012314,101,2,0.5,30,159,302.0,,COMPLETE
307,0.9773345589637756,2023-09-21 00:30:42.273714,2023-09-21 00:31:06.649774,0 days 00:00:24.376060,97,1,0.5,35,167,,,COMPLETE
308,0.974614679813385,2023-09-21 00:31:06.651536,2023-09-21 00:32:02.740124,0 days 00:00:56.088588,98,2,0.0,58,96,67.0,,COMPLETE
309,0.989120602607727,2023-09-21 00:32:02.741042,2023-09-21 00:33:05.938778,0 days 00:01:03.197736,35,2,0.3,37,59,77.0,,COMPLETE
310,0.9791477918624878,2023-09-21 00:33:05.939456,2023-09-21 00:33:53.152388,0 days 00:00:47.212932,48,2,0.5,28,283,154.0,,COMPLETE
311,0.9737080931663513,2023-09-21 00:33:53.154467,2023-09-21 00:34:22.368897,0 days 00:00:29.214430,90,2,0.0,32,150,103.0,,COMPLETE
312,0.9918404221534729,2023-09-21 00:34:22.370295,2023-09-21 00:35:23.184605,0 days 00:01:00.814310,125,1,0.5,73,90,,,COMPLETE
313,0.9782411456108093,2023-09-21 00:35:23.186390,2023-09-21 00:35:46.263473,0 days 00:00:23.077083,121,1,0.5,79,85,,,COMPLETE
314,0.985494077205658,2023-09-21 00:35:46.264251,2023-09-21 00:36:25.018138,0 days 00:00:38.753887,113,1,0.3,75,102,,,COMPLETE
315,0.9827742576599121,2023-09-21 00:36:25.019008,2023-09-21 00:36:55.260297,0 days 00:00:30.241289,127,1,0.0,73,91,,,COMPLETE
316,0.9827742576599121,2023-09-21 00:36:55.261603,2023-09-21 00:37:22.694894,0 days 00:00:27.433291,122,1,0.5,82,70,,,COMPLETE
317,0.9836808443069458,2023-09-21 00:37:22.695627,2023-09-21 00:38:03.437875,0 days 00:00:40.742248,124,2,0.2,48,80,61.0,,COMPLETE
318,0.9773345589637756,2023-09-21 00:38:03.438519,2023-09-21 00:38:29.652134,0 days 00:00:26.213615,120,2,0.3,25,141,70.0,,COMPLETE
319,0.9737080931663513,2023-09-21 00:38:29.653147,2023-09-21 00:39:05.258679,0 days 00:00:35.605532,99,2,0.5,30,90,57.0,,COMPLETE
320,0.9864007234573364,2023-09-21 00:39:05.260095,2023-09-21 00:40:27.292160,0 days 00:01:22.032065,127,2,0.0,77,72,4.0,,COMPLETE
321,0.985494077205658,2023-09-21 00:40:27.293655,2023-09-21 00:41:06.545319,0 days 00:00:39.251664,103,1,0.5,72,103,,,COMPLETE
322,0.9800543785095215,2023-09-21 00:41:06.547410,2023-09-21 00:41:41.351344,0 days 00:00:34.803934,69,2,0.0,34,89,88.0,,COMPLETE
323,0.9809610247612,2023-09-21 00:41:41.352020,2023-09-21 00:42:24.488792,0 days 00:00:43.136772,124,2,0.3,80,80,82.0,,COMPLETE
324,0.9800543785095215,2023-09-21 00:42:24.489531,2023-09-21 00:42:56.584941,0 days 00:00:32.095410,28,1,0.5,52,148,,,COMPLETE
325,0.9764279127120972,2023-09-21 00:42:56.589003,2023-09-21 00:43:28.613570,0 days 00:00:32.024567,95,2,0.0,83,94,14.0,,COMPLETE
326,0.9873073697090149,2023-09-21 00:43:28.614272,2023-09-21 00:44:20.213878,0 days 00:00:51.599606,25,2,0.5,29,137,26.0,,COMPLETE
327,0.9755213260650635,2023-09-21 00:44:20.214523,2023-09-21 00:44:55.726348,0 days 00:00:35.511825,104,2,0.3,41,67,251.0,,COMPLETE
328,0.9737080931663513,2023-09-21 00:44:55.728194,2023-09-21 00:45:22.346592,0 days 00:00:26.618398,22,1,0.4,77,2,,,COMPLETE
329,0.9900271892547607,2023-09-21 00:45:22.347414,2023-09-21 00:46:21.215435,0 days 00:00:58.868021,100,2,0.0,81,100,66.0,,COMPLETE
330,0.9764279127120972,2023-09-21 00:46:21.216346,2023-09-21 00:46:53.226376,0 days 00:00:32.010030,97,2,0.5,27,143,52.0,,COMPLETE
