2023-09-20 20:01:27.593137: I tensorflow/core/util/port.cc:110] oneDNN custom operations are on. You may see slightly different numerical results due to floating-point round-off errors from different computation orders. To turn them off, set the environment variable `TF_ENABLE_ONEDNN_OPTS=0`.
2023-09-20 20:01:34.251545: I tensorflow/core/platform/cpu_feature_guard.cc:182] This TensorFlow binary is optimized to use available CPU instructions in performance-critical operations.
To enable the following instructions: AVX2 AVX512F AVX512_VNNI FMA, in other operations, rebuild TensorFlow with the appropriate compiler flags.
2023-09-20 20:01:43.530304: W tensorflow/compiler/tf2tensorrt/utils/py_utils.cc:38] TF-TRT Warning: Could not find TensorRT
2023-09-20 20:03:16.236468: I tensorflow/core/common_runtime/gpu/gpu_device.cc:1639] Created device /job:localhost/replica:0/task:0/device:GPU:0 with 9621 MB memory:  -> device: 0, name: NVIDIA GeForce RTX 2080 Ti, pci bus id: 0000:3e:00.0, compute capability: 7.5
[I 2023-09-20 20:03:17,045] A new study created in memory with name: no-name-e91e2b11-ba0d-45f6-bf1d-8e4a19514cea
2023-09-20 20:03:28.769837: I tensorflow/compiler/xla/stream_executor/cuda/cuda_dnn.cc:432] Loaded cuDNN version 8904
2023-09-20 20:03:29.767716: I tensorflow/compiler/xla/service/service.cc:168] XLA service 0x7fb21c14dd50 initialized for platform CUDA (this does not guarantee that XLA will be used). Devices:
2023-09-20 20:03:29.767760: I tensorflow/compiler/xla/service/service.cc:176]   StreamExecutor device (0): NVIDIA GeForce RTX 2080 Ti, Compute Capability 7.5
2023-09-20 20:03:31.229073: I tensorflow/compiler/mlir/tensorflow/utils/dump_mlir_util.cc:255] disabling MLIR crash reproducer, set env var `MLIR_CRASH_REPRODUCER_DIRECTORY` to enable.
2023-09-20 20:03:34.313927: I tensorflow/tsl/platform/default/subprocess.cc:304] Start cannot spawn child process: No such file or directory
2023-09-20 20:03:34.788815: I ./tensorflow/compiler/jit/device_compiler.h:186] Compiled cluster using XLA!  This line is logged at most once for the lifetime of the process.
[I 2023-09-20 20:05:19,774] Trial 0 finished with value: 0.989120602607727 and parameters: {'epochs': 74, 'batch_size': 59, 'depth': 3, 'lstm_units_0': 185, 'lstm_units_1': 81, 'lstm_units_2': 179, 'drop_out': 0.4}. Best is trial 0 with value: 0.989120602607727.
[I 2023-09-20 20:06:58,326] Trial 1 finished with value: 0.9864007234573364 and parameters: {'epochs': 53, 'batch_size': 30, 'depth': 3, 'lstm_units_0': 224, 'lstm_units_1': 282, 'lstm_units_2': 121, 'drop_out': 0}. Best is trial 0 with value: 0.989120602607727.
[I 2023-09-20 20:07:53,578] Trial 2 finished with value: 0.9764279127120972 and parameters: {'epochs': 7, 'batch_size': 14, 'depth': 3, 'lstm_units_0': 250, 'lstm_units_1': 111, 'lstm_units_2': 231, 'drop_out': 0.1}. Best is trial 0 with value: 0.989120602607727.
[I 2023-09-20 20:08:23,237] Trial 3 finished with value: 0.9655485153198242 and parameters: {'epochs': 21, 'batch_size': 13, 'depth': 2, 'lstm_units_0': 299, 'lstm_units_1': 163, 'drop_out': 0.3}. Best is trial 0 with value: 0.989120602607727.
2023-09-20 20:08:34.732728: I tensorflow/core/framework/local_rendezvous.cc:405] Local rendezvous recv item cancelled. Key hash: 2147636091668645859
2023-09-20 20:09:26.739130: I tensorflow/core/framework/local_rendezvous.cc:405] Local rendezvous recv item cancelled. Key hash: 2147636091668645859
[I 2023-09-20 20:09:26,760] Trial 4 finished with value: 0.9873073697090149 and parameters: {'epochs': 45, 'batch_size': 66, 'depth': 2, 'lstm_units_0': 292, 'lstm_units_1': 143, 'drop_out': 0.4}. Best is trial 0 with value: 0.989120602607727.
[I 2023-09-20 20:10:36,453] Trial 5 finished with value: 0.9818676114082336 and parameters: {'epochs': 28, 'batch_size': 126, 'depth': 3, 'lstm_units_0': 228, 'lstm_units_1': 211, 'lstm_units_2': 232, 'drop_out': 0.5}. Best is trial 0 with value: 0.989120602607727.
[I 2023-09-20 20:11:29,458] Trial 6 finished with value: 0.9845874905586243 and parameters: {'epochs': 92, 'batch_size': 6, 'depth': 3, 'lstm_units_0': 137, 'lstm_units_1': 91, 'lstm_units_2': 77, 'drop_out': 0.3}. Best is trial 0 with value: 0.989120602607727.
[I 2023-09-20 20:12:14,762] Trial 7 finished with value: 0.9782411456108093 and parameters: {'epochs': 60, 'batch_size': 100, 'depth': 2, 'lstm_units_0': 86, 'lstm_units_1': 314, 'drop_out': 0.5}. Best is trial 0 with value: 0.989120602607727.
[I 2023-09-20 20:13:05,912] Trial 8 finished with value: 0.9909338355064392 and parameters: {'epochs': 33, 'batch_size': 29, 'depth': 1, 'lstm_units_0': 193, 'drop_out': 0.4}. Best is trial 8 with value: 0.9909338355064392.
2023-09-20 20:13:15.550105: I tensorflow/core/framework/local_rendezvous.cc:405] Local rendezvous recv item cancelled. Key hash: 2147636091668645859
2023-09-20 20:13:17.103083: I tensorflow/core/framework/local_rendezvous.cc:405] Local rendezvous recv item cancelled. Key hash: 2147636091668645859
2023-09-20 20:13:17.103169: I tensorflow/core/framework/local_rendezvous.cc:405] Local rendezvous recv item cancelled. Key hash: 14652361877384035544
[I 2023-09-20 20:13:30,275] Trial 9 finished with value: 0.9655485153198242 and parameters: {'epochs': 3, 'batch_size': 52, 'depth': 2, 'lstm_units_0': 138, 'lstm_units_1': 51, 'drop_out': 0.5}. Best is trial 8 with value: 0.9909338355064392.
2023-09-20 20:13:37.129416: I tensorflow/core/framework/local_rendezvous.cc:405] Local rendezvous recv item cancelled. Key hash: 16089345290376772671
2023-09-20 20:14:01.893024: I tensorflow/core/framework/local_rendezvous.cc:405] Local rendezvous recv item cancelled. Key hash: 16089345290376772671
[I 2023-09-20 20:14:01,896] Trial 10 finished with value: 0.9809610247612 and parameters: {'epochs': 34, 'batch_size': 40, 'depth': 1, 'lstm_units_0': 8, 'drop_out': 0.2}. Best is trial 8 with value: 0.9909338355064392.
[I 2023-09-20 20:14:34,158] Trial 11 finished with value: 0.9791477918624878 and parameters: {'epochs': 76, 'batch_size': 71, 'depth': 1, 'lstm_units_0': 179, 'drop_out': 0.4}. Best is trial 8 with value: 0.9909338355064392.
2023-09-20 20:14:41.064237: I tensorflow/core/framework/local_rendezvous.cc:405] Local rendezvous recv item cancelled. Key hash: 14833893592832816932
[I 2023-09-20 20:15:01,799] Trial 12 finished with value: 0.974614679813385 and parameters: {'epochs': 69, 'batch_size': 82, 'depth': 1, 'lstm_units_0': 172, 'drop_out': 0.4}. Best is trial 8 with value: 0.9909338355064392.
[I 2023-09-20 20:15:45,804] Trial 13 finished with value: 0.989120602607727 and parameters: {'epochs': 96, 'batch_size': 40, 'depth': 1, 'lstm_units_0': 77, 'drop_out': 0.4}. Best is trial 8 with value: 0.9909338355064392.
[I 2023-09-20 20:17:04,245] Trial 14 finished with value: 0.9900271892547607 and parameters: {'epochs': 76, 'batch_size': 28, 'depth': 2, 'lstm_units_0': 198, 'lstm_units_1': 24, 'drop_out': 0.4}. Best is trial 8 with value: 0.9909338355064392.
2023-09-20 20:17:10.332711: I tensorflow/core/framework/local_rendezvous.cc:405] Local rendezvous recv item cancelled. Key hash: 16089345290376772671
2023-09-20 20:17:10.332770: I tensorflow/core/framework/local_rendezvous.cc:405] Local rendezvous recv item cancelled. Key hash: 14833893592832816932
2023-09-20 20:17:11.371412: I tensorflow/core/framework/local_rendezvous.cc:405] Local rendezvous recv item cancelled. Key hash: 14833893592832816932
2023-09-20 20:17:32.936736: I tensorflow/core/framework/local_rendezvous.cc:405] Local rendezvous recv item cancelled. Key hash: 14833893592832816932
[I 2023-09-20 20:17:32,941] Trial 15 finished with value: 0.9800543785095215 and parameters: {'epochs': 42, 'batch_size': 27, 'depth': 1, 'lstm_units_0': 255, 'drop_out': 0.1}. Best is trial 8 with value: 0.9909338355064392.
[I 2023-09-20 20:18:05,338] Trial 16 finished with value: 0.9673617482185364 and parameters: {'epochs': 86, 'batch_size': 24, 'depth': 2, 'lstm_units_0': 105, 'lstm_units_1': 2, 'drop_out': 0.2}. Best is trial 8 with value: 0.9909338355064392.
2023-09-20 20:18:10.584894: I tensorflow/core/framework/local_rendezvous.cc:405] Local rendezvous recv item cancelled. Key hash: 16089345290376772671
2023-09-20 20:18:53.029062: I tensorflow/core/framework/local_rendezvous.cc:405] Local rendezvous recv item cancelled. Key hash: 16089345290376772671
[I 2023-09-20 20:18:53,033] Trial 17 finished with value: 0.9864007234573364 and parameters: {'epochs': 17, 'batch_size': 43, 'depth': 1, 'lstm_units_0': 224, 'drop_out': 0}. Best is trial 8 with value: 0.9909338355064392.
[I 2023-09-20 20:19:33,351] Trial 18 finished with value: 0.9773345589637756 and parameters: {'epochs': 61, 'batch_size': 1, 'depth': 2, 'lstm_units_0': 199, 'lstm_units_1': 5, 'drop_out': 0.4}. Best is trial 8 with value: 0.9909338355064392.
2023-09-20 20:19:45.049730: I tensorflow/core/framework/local_rendezvous.cc:405] Local rendezvous recv item cancelled. Key hash: 2147636091668645859
2023-09-20 20:20:33.454021: I tensorflow/core/framework/local_rendezvous.cc:405] Local rendezvous recv item cancelled. Key hash: 2147636091668645859
2023-09-20 20:20:33.454112: I tensorflow/core/framework/local_rendezvous.cc:405] Local rendezvous recv item cancelled. Key hash: 14652361877384035544
[I 2023-09-20 20:20:33,467] Trial 19 finished with value: 0.9900271892547607 and parameters: {'epochs': 82, 'batch_size': 95, 'depth': 2, 'lstm_units_0': 141, 'lstm_units_1': 193, 'drop_out': 0.4}. Best is trial 8 with value: 0.9909338355064392.
2023-09-20 20:20:38.696841: I tensorflow/core/framework/local_rendezvous.cc:405] Local rendezvous recv item cancelled. Key hash: 16089345290376772671
2023-09-20 20:20:38.696902: I tensorflow/core/framework/local_rendezvous.cc:405] Local rendezvous recv item cancelled. Key hash: 14833893592832816932
2023-09-20 20:20:40.229927: I tensorflow/core/framework/local_rendezvous.cc:405] Local rendezvous recv item cancelled. Key hash: 14833893592832816932
[I 2023-09-20 20:21:00,282] Trial 20 finished with value: 0.9827742576599121 and parameters: {'epochs': 36, 'batch_size': 23, 'depth': 1, 'lstm_units_0': 39, 'drop_out': 0.4}. Best is trial 8 with value: 0.9909338355064392.
[I 2023-09-20 20:22:53,090] Trial 21 finished with value: 0.9927470684051514 and parameters: {'epochs': 82, 'batch_size': 98, 'depth': 2, 'lstm_units_0': 135, 'lstm_units_1': 219, 'drop_out': 0.4}. Best is trial 21 with value: 0.9927470684051514.
[I 2023-09-20 20:23:32,634] Trial 22 finished with value: 0.9809610247612 and parameters: {'epochs': 66, 'batch_size': 121, 'depth': 2, 'lstm_units_0': 115, 'lstm_units_1': 243, 'drop_out': 0.4}. Best is trial 21 with value: 0.9927470684051514.
2023-09-20 20:23:44.811001: I tensorflow/core/framework/local_rendezvous.cc:405] Local rendezvous recv item cancelled. Key hash: 2147636091668645859
2023-09-20 20:24:21.205798: I tensorflow/core/framework/local_rendezvous.cc:405] Local rendezvous recv item cancelled. Key hash: 2147636091668645859
[I 2023-09-20 20:24:21,224] Trial 23 finished with value: 0.9818676114082336 and parameters: {'epochs': 54, 'batch_size': 101, 'depth': 2, 'lstm_units_0': 157, 'lstm_units_1': 244, 'drop_out': 0.4}. Best is trial 21 with value: 0.9927470684051514.
2023-09-20 20:24:32.881314: I tensorflow/core/framework/local_rendezvous.cc:405] Local rendezvous recv item cancelled. Key hash: 2147636091668645859
2023-09-20 20:24:32.881422: I tensorflow/core/framework/local_rendezvous.cc:405] Local rendezvous recv item cancelled. Key hash: 14652361877384035544
2023-09-20 20:25:32.694571: I tensorflow/core/framework/local_rendezvous.cc:405] Local rendezvous recv item cancelled. Key hash: 2147636091668645859
[I 2023-09-20 20:25:32,706] Trial 24 finished with value: 0.9900271892547607 and parameters: {'epochs': 100, 'batch_size': 84, 'depth': 2, 'lstm_units_0': 196, 'lstm_units_1': 157, 'drop_out': 0.4}. Best is trial 21 with value: 0.9927470684051514.
2023-09-20 20:25:38.863643: I tensorflow/core/framework/local_rendezvous.cc:405] Local rendezvous recv item cancelled. Key hash: 16089345290376772671
2023-09-20 20:25:38.863717: I tensorflow/core/framework/local_rendezvous.cc:405] Local rendezvous recv item cancelled. Key hash: 14833893592832816932
[I 2023-09-20 20:26:06,853] Trial 25 finished with value: 0.9773345589637756 and parameters: {'epochs': 87, 'batch_size': 53, 'depth': 1, 'lstm_units_0': 268, 'drop_out': 0}. Best is trial 21 with value: 0.9927470684051514.
2023-09-20 20:26:18.238154: I tensorflow/core/framework/local_rendezvous.cc:405] Local rendezvous recv item cancelled. Key hash: 2147636091668645859
2023-09-20 20:26:18.238229: I tensorflow/core/framework/local_rendezvous.cc:405] Local rendezvous recv item cancelled. Key hash: 14652361877384035544
[I 2023-09-20 20:26:44,687] Trial 26 finished with value: 0.9818676114082336 and parameters: {'epochs': 77, 'batch_size': 112, 'depth': 2, 'lstm_units_0': 212, 'lstm_units_1': 45, 'drop_out': 0.2}. Best is trial 21 with value: 0.9927470684051514.
2023-09-20 20:28:35.717338: I tensorflow/core/framework/local_rendezvous.cc:405] Local rendezvous recv item cancelled. Key hash: 13523801627682760480
2023-09-20 20:28:35.718495: I tensorflow/core/framework/local_rendezvous.cc:405] Local rendezvous recv item cancelled. Key hash: 13918036023543080942
[I 2023-09-20 20:28:35,738] Trial 27 finished with value: 0.9936536550521851 and parameters: {'epochs': 48, 'batch_size': 33, 'depth': 3, 'lstm_units_0': 152, 'lstm_units_1': 205, 'lstm_units_2': 5, 'drop_out': 0.3}. Best is trial 27 with value: 0.9936536550521851.
[I 2023-09-20 20:29:42,080] Trial 28 finished with value: 0.9737080931663513 and parameters: {'epochs': 44, 'batch_size': 75, 'depth': 3, 'lstm_units_0': 70, 'lstm_units_1': 217, 'lstm_units_2': 4, 'drop_out': 0.3}. Best is trial 27 with value: 0.9936536550521851.
2023-09-20 20:29:56.134676: I tensorflow/core/framework/local_rendezvous.cc:405] Local rendezvous recv item cancelled. Key hash: 13918036023543080942
[I 2023-09-20 20:30:22,689] Trial 29 finished with value: 0.9755213260650635 and parameters: {'epochs': 30, 'batch_size': 61, 'depth': 3, 'lstm_units_0': 116, 'lstm_units_1': 273, 'lstm_units_2': 24, 'drop_out': 0.3}. Best is trial 27 with value: 0.9936536550521851.
[I 2023-09-20 20:31:24,068] Trial 30 finished with value: 0.9873073697090149 and parameters: {'epochs': 21, 'batch_size': 46, 'depth': 3, 'lstm_units_0': 151, 'lstm_units_1': 177, 'lstm_units_2': 103, 'drop_out': 0.3}. Best is trial 27 with value: 0.9936536550521851.
[I 2023-09-20 20:32:14,141] Trial 31 finished with value: 0.9845874905586243 and parameters: {'epochs': 69, 'batch_size': 32, 'depth': 2, 'lstm_units_0': 175, 'lstm_units_1': 136, 'drop_out': 0.4}. Best is trial 27 with value: 0.9936536550521851.
2023-09-20 20:32:32.788779: I tensorflow/core/framework/local_rendezvous.cc:405] Local rendezvous recv item cancelled. Key hash: 13523801627682760480
[I 2023-09-20 20:33:11,234] Trial 32 finished with value: 0.9818676114082336 and parameters: {'epochs': 56, 'batch_size': 34, 'depth': 3, 'lstm_units_0': 192, 'lstm_units_1': 236, 'lstm_units_2': 319, 'drop_out': 0.1}. Best is trial 27 with value: 0.9936536550521851.
[I 2023-09-20 20:34:15,195] Trial 33 finished with value: 0.9873073697090149 and parameters: {'epochs': 49, 'batch_size': 16, 'depth': 3, 'lstm_units_0': 169, 'lstm_units_1': 198, 'lstm_units_2': 52, 'drop_out': 0.3}. Best is trial 27 with value: 0.9936536550521851.
[I 2023-09-20 20:35:07,097] Trial 34 finished with value: 0.9664551019668579 and parameters: {'epochs': 39, 'batch_size': 17, 'depth': 2, 'lstm_units_0': 232, 'lstm_units_1': 270, 'drop_out': 0}. Best is trial 27 with value: 0.9936536550521851.
[I 2023-09-20 20:36:23,950] Trial 35 finished with value: 0.9945603013038635 and parameters: {'epochs': 50, 'batch_size': 52, 'depth': 2, 'lstm_units_0': 125, 'lstm_units_1': 109, 'drop_out': 0.4}. Best is trial 35 with value: 0.9945603013038635.
2023-09-20 20:36:40.030888: I tensorflow/core/framework/local_rendezvous.cc:405] Local rendezvous recv item cancelled. Key hash: 13523801627682760480
[I 2023-09-20 20:37:24,858] Trial 36 finished with value: 0.9873073697090149 and parameters: {'epochs': 47, 'batch_size': 54, 'depth': 3, 'lstm_units_0': 98, 'lstm_units_1': 129, 'lstm_units_2': 159, 'drop_out': 0.3}. Best is trial 35 with value: 0.9945603013038635.
2023-09-20 20:37:31.341710: I tensorflow/core/framework/local_rendezvous.cc:405] Local rendezvous recv item cancelled. Key hash: 16089345290376772671
2023-09-20 20:37:32.381929: I tensorflow/core/framework/local_rendezvous.cc:405] Local rendezvous recv item cancelled. Key hash: 16089345290376772671
2023-09-20 20:37:32.382010: I tensorflow/core/framework/local_rendezvous.cc:405] Local rendezvous recv item cancelled. Key hash: 14833893592832816932
2023-09-20 20:37:54.778507: I tensorflow/core/framework/local_rendezvous.cc:405] Local rendezvous recv item cancelled. Key hash: 16089345290376772671
[I 2023-09-20 20:37:54,784] Trial 37 finished with value: 0.9682683348655701 and parameters: {'epochs': 29, 'batch_size': 51, 'depth': 1, 'lstm_units_0': 319, 'drop_out': 0.1}. Best is trial 35 with value: 0.9945603013038635.
2023-09-20 20:38:06.040498: I tensorflow/core/framework/local_rendezvous.cc:405] Local rendezvous recv item cancelled. Key hash: 14652361877384035544
2023-09-20 20:38:30.266231: I tensorflow/core/framework/local_rendezvous.cc:405] Local rendezvous recv item cancelled. Key hash: 14652361877384035544
[I 2023-09-20 20:38:30,279] Trial 38 finished with value: 0.9528558254241943 and parameters: {'epochs': 11, 'batch_size': 62, 'depth': 2, 'lstm_units_0': 59, 'lstm_units_1': 104, 'drop_out': 0.4}. Best is trial 35 with value: 0.9945603013038635.
[I 2023-09-20 20:41:04,465] Trial 39 finished with value: 0.9909338355064392 and parameters: {'epochs': 59, 'batch_size': 34, 'depth': 3, 'lstm_units_0': 125, 'lstm_units_1': 181, 'lstm_units_2': 315, 'drop_out': 0.5}. Best is trial 35 with value: 0.9945603013038635.
2023-09-20 20:41:15.841064: I tensorflow/core/framework/local_rendezvous.cc:405] Local rendezvous recv item cancelled. Key hash: 2147636091668645859
[I 2023-09-20 20:41:48,080] Trial 40 finished with value: 0.985494077205658 and parameters: {'epochs': 50, 'batch_size': 67, 'depth': 2, 'lstm_units_0': 130, 'lstm_units_1': 61, 'drop_out': 0.3}. Best is trial 35 with value: 0.9945603013038635.
2023-09-20 20:42:05.867564: I tensorflow/core/framework/local_rendezvous.cc:405] Local rendezvous recv item cancelled. Key hash: 13523801627682760480
2023-09-20 20:42:05.867696: I tensorflow/core/framework/local_rendezvous.cc:405] Local rendezvous recv item cancelled. Key hash: 13918036023543080942
[I 2023-09-20 20:42:44,907] Trial 41 finished with value: 0.9800543785095215 and parameters: {'epochs': 60, 'batch_size': 32, 'depth': 3, 'lstm_units_0': 126, 'lstm_units_1': 173, 'lstm_units_2': 312, 'drop_out': 0.5}. Best is trial 35 with value: 0.9945603013038635.
2023-09-20 20:44:32.874480: I tensorflow/core/framework/local_rendezvous.cc:405] Local rendezvous recv item cancelled. Key hash: 13918036023543080942
2023-09-20 20:44:32.875379: I tensorflow/core/framework/local_rendezvous.cc:405] Local rendezvous recv item cancelled. Key hash: 13523801627682760480
[I 2023-09-20 20:44:32,892] Trial 42 finished with value: 0.9845874905586243 and parameters: {'epochs': 56, 'batch_size': 36, 'depth': 3, 'lstm_units_0': 153, 'lstm_units_1': 223, 'lstm_units_2': 246, 'drop_out': 0.5}. Best is trial 35 with value: 0.9945603013038635.
2023-09-20 20:45:27.297317: I tensorflow/core/framework/local_rendezvous.cc:405] Local rendezvous recv item cancelled. Key hash: 13918036023543080942
2023-09-20 20:45:27.297405: I tensorflow/core/framework/local_rendezvous.cc:405] Local rendezvous recv item cancelled. Key hash: 13523801627682760480
[I 2023-09-20 20:45:27,303] Trial 43 finished with value: 0.9755213260650635 and parameters: {'epochs': 40, 'batch_size': 19, 'depth': 3, 'lstm_units_0': 99, 'lstm_units_1': 191, 'lstm_units_2': 179, 'drop_out': 0.5}. Best is trial 35 with value: 0.9945603013038635.
[I 2023-09-20 20:46:06,891] Trial 44 finished with value: 0.9755213260650635 and parameters: {'epochs': 23, 'batch_size': 39, 'depth': 3, 'lstm_units_0': 146, 'lstm_units_1': 122, 'lstm_units_2': 271, 'drop_out': 0.5}. Best is trial 35 with value: 0.9945603013038635.
[I 2023-09-20 20:46:52,399] Trial 45 finished with value: 0.9782411456108093 and parameters: {'epochs': 34, 'batch_size': 10, 'depth': 3, 'lstm_units_0': 122, 'lstm_units_1': 153, 'lstm_units_2': 126, 'drop_out': 0.5}. Best is trial 35 with value: 0.9945603013038635.
2023-09-20 20:47:09.166256: I tensorflow/core/framework/local_rendezvous.cc:405] Local rendezvous recv item cancelled. Key hash: 13918036023543080942
[I 2023-09-20 20:47:46,727] Trial 46 finished with value: 0.9818676114082336 and parameters: {'epochs': 68, 'batch_size': 57, 'depth': 3, 'lstm_units_0': 88, 'lstm_units_1': 83, 'lstm_units_2': 279, 'drop_out': 0.4}. Best is trial 35 with value: 0.9945603013038635.
[I 2023-09-20 20:48:26,814] Trial 47 finished with value: 0.9773345589637756 and parameters: {'epochs': 65, 'batch_size': 47, 'depth': 2, 'lstm_units_0': 165, 'lstm_units_1': 255, 'drop_out': 0.4}. Best is trial 35 with value: 0.9945603013038635.
2023-09-20 20:48:33.307926: I tensorflow/core/framework/local_rendezvous.cc:405] Local rendezvous recv item cancelled. Key hash: 14833893592832816932
2023-09-20 20:49:06.206844: I tensorflow/core/framework/local_rendezvous.cc:405] Local rendezvous recv item cancelled. Key hash: 14833893592832816932
[I 2023-09-20 20:49:06,225] Trial 48 finished with value: 0.9864007234573364 and parameters: {'epochs': 52, 'batch_size': 78, 'depth': 1, 'lstm_units_0': 183, 'drop_out': 0.2}. Best is trial 35 with value: 0.9945603013038635.
