[I 2023-09-20 20:50:14,177] Trial 49 finished with value: 0.9827742576599121 and parameters: {'epochs': 46, 'batch_size': 88, 'depth': 2, 'lstm_units_0': 109, 'lstm_units_1': 314, 'drop_out': 0.5}. Best is trial 35 with value: 0.9945603013038635.
2023-09-20 20:50:21.410306: I tensorflow/core/framework/local_rendezvous.cc:405] Local rendezvous recv item cancelled. Key hash: 14833893592832816932
2023-09-20 20:50:39.911035: I tensorflow/core/framework/local_rendezvous.cc:405] Local rendezvous recv item cancelled. Key hash: 14833893592832816932
[I 2023-09-20 20:50:39,916] Trial 50 finished with value: 0.9782411456108093 and parameters: {'epochs': 26, 'batch_size': 25, 'depth': 1, 'lstm_units_0': 209, 'drop_out': 0.4}. Best is trial 35 with value: 0.9945603013038635.
2023-09-20 20:51:41.672994: I tensorflow/core/framework/local_rendezvous.cc:405] Local rendezvous recv item cancelled. Key hash: 2147636091668645859
[I 2023-09-20 20:51:41,690] Trial 51 finished with value: 0.9918404221534729 and parameters: {'epochs': 79, 'batch_size': 27, 'depth': 2, 'lstm_units_0': 135, 'lstm_units_1': 28, 'drop_out': 0.4}. Best is trial 35 with value: 0.9945603013038635.
[I 2023-09-20 20:52:17,712] Trial 52 finished with value: 0.9800543785095215 and parameters: {'epochs': 83, 'batch_size': 21, 'depth': 2, 'lstm_units_0': 134, 'lstm_units_1': 176, 'drop_out': 0.4}. Best is trial 35 with value: 0.9945603013038635.
2023-09-20 20:52:29.574385: I tensorflow/core/framework/local_rendezvous.cc:405] Local rendezvous recv item cancelled. Key hash: 14652361877384035544
2023-09-20 20:53:35.947544: I tensorflow/core/framework/local_rendezvous.cc:405] Local rendezvous recv item cancelled. Key hash: 14652361877384035544
[I 2023-09-20 20:53:35,960] Trial 53 finished with value: 0.9882139563560486 and parameters: {'epochs': 91, 'batch_size': 10, 'depth': 2, 'lstm_units_0': 163, 'lstm_units_1': 205, 'drop_out': 0.4}. Best is trial 35 with value: 0.9945603013038635.
[I 2023-09-20 20:54:13,737] Trial 54 finished with value: 0.9764279127120972 and parameters: {'epochs': 72, 'batch_size': 44, 'depth': 2, 'lstm_units_0': 143, 'lstm_units_1': 224, 'drop_out': 0.4}. Best is trial 35 with value: 0.9945603013038635.
2023-09-20 20:54:25.055469: I tensorflow/core/framework/local_rendezvous.cc:405] Local rendezvous recv item cancelled. Key hash: 2147636091668645859
2023-09-20 20:54:25.055536: I tensorflow/core/framework/local_rendezvous.cc:405] Local rendezvous recv item cancelled. Key hash: 14652361877384035544
2023-09-20 20:55:06.115693: I tensorflow/core/framework/local_rendezvous.cc:405] Local rendezvous recv item cancelled. Key hash: 2147636091668645859
[I 2023-09-20 20:55:06,126] Trial 55 finished with value: 0.9873073697090149 and parameters: {'epochs': 80, 'batch_size': 38, 'depth': 2, 'lstm_units_0': 133, 'lstm_units_1': 102, 'drop_out': 0.1}. Best is trial 35 with value: 0.9945603013038635.
2023-09-20 20:55:17.068670: I tensorflow/core/framework/local_rendezvous.cc:405] Local rendezvous recv item cancelled. Key hash: 2147636091668645859
2023-09-20 20:55:17.068734: I tensorflow/core/framework/local_rendezvous.cc:405] Local rendezvous recv item cancelled. Key hash: 14652361877384035544
[I 2023-09-20 20:56:36,584] Trial 56 finished with value: 0.9936536550521851 and parameters: {'epochs': 64, 'batch_size': 26, 'depth': 2, 'lstm_units_0': 88, 'lstm_units_1': 36, 'drop_out': 0.4}. Best is trial 35 with value: 0.9945603013038635.
2023-09-20 20:56:47.794788: I tensorflow/core/framework/local_rendezvous.cc:405] Local rendezvous recv item cancelled. Key hash: 14652361877384035544
2023-09-20 20:57:30.210966: I tensorflow/core/framework/local_rendezvous.cc:405] Local rendezvous recv item cancelled. Key hash: 14652361877384035544
[I 2023-09-20 20:57:30,215] Trial 57 finished with value: 0.9818676114082336 and parameters: {'epochs': 73, 'batch_size': 27, 'depth': 2, 'lstm_units_0': 89, 'lstm_units_1': 24, 'drop_out': 0.4}. Best is trial 35 with value: 0.9945603013038635.
2023-09-20 20:58:21.884381: I tensorflow/core/framework/local_rendezvous.cc:405] Local rendezvous recv item cancelled. Key hash: 2147636091668645859
2023-09-20 20:58:21.884449: I tensorflow/core/framework/local_rendezvous.cc:405] Local rendezvous recv item cancelled. Key hash: 14652361877384035544
[I 2023-09-20 20:58:21,889] Trial 58 finished with value: 0.9836808443069458 and parameters: {'epochs': 88, 'batch_size': 3, 'depth': 2, 'lstm_units_0': 43, 'lstm_units_1': 36, 'drop_out': 0.4}. Best is trial 35 with value: 0.9945603013038635.
2023-09-20 20:58:31.601449: I tensorflow/core/framework/local_rendezvous.cc:405] Local rendezvous recv item cancelled. Key hash: 14652361877384035544
2023-09-20 20:58:33.166659: I tensorflow/core/framework/local_rendezvous.cc:405] Local rendezvous recv item cancelled. Key hash: 2147636091668645859
[I 2023-09-20 20:59:32,432] Trial 59 finished with value: 0.9918404221534729 and parameters: {'epochs': 80, 'batch_size': 12, 'depth': 2, 'lstm_units_0': 73, 'lstm_units_1': 60, 'drop_out': 0.4}. Best is trial 35 with value: 0.9945603013038635.
2023-09-20 20:59:44.011424: I tensorflow/core/framework/local_rendezvous.cc:405] Local rendezvous recv item cancelled. Key hash: 2147636091668645859
2023-09-20 21:00:18.783929: I tensorflow/core/framework/local_rendezvous.cc:405] Local rendezvous recv item cancelled. Key hash: 2147636091668645859
[I 2023-09-20 21:00:18,787] Trial 60 finished with value: 0.9882139563560486 and parameters: {'epochs': 64, 'batch_size': 13, 'depth': 2, 'lstm_units_0': 68, 'lstm_units_1': 66, 'drop_out': 0.4}. Best is trial 35 with value: 0.9945603013038635.
[I 2023-09-20 21:01:43,510] Trial 61 finished with value: 0.9873073697090149 and parameters: {'epochs': 78, 'batch_size': 30, 'depth': 2, 'lstm_units_0': 15, 'lstm_units_1': 23, 'drop_out': 0.4}. Best is trial 35 with value: 0.9945603013038635.
[I 2023-09-20 21:02:37,258] Trial 62 finished with value: 0.9845874905586243 and parameters: {'epochs': 94, 'batch_size': 21, 'depth': 2, 'lstm_units_0': 55, 'lstm_units_1': 77, 'drop_out': 0.4}. Best is trial 35 with value: 0.9945603013038635.
2023-09-20 21:03:14.679886: I tensorflow/core/framework/local_rendezvous.cc:405] Local rendezvous recv item cancelled. Key hash: 2147636091668645859
[I 2023-09-20 21:03:14,683] Trial 63 finished with value: 0.9827742576599121 and parameters: {'epochs': 84, 'batch_size': 7, 'depth': 2, 'lstm_units_0': 77, 'lstm_units_1': 41, 'drop_out': 0.4}. Best is trial 35 with value: 0.9945603013038635.
2023-09-20 21:03:25.096095: I tensorflow/core/framework/local_rendezvous.cc:405] Local rendezvous recv item cancelled. Key hash: 2147636091668645859
[I 2023-09-20 21:04:15,999] Trial 64 finished with value: 0.9918404221534729 and parameters: {'epochs': 72, 'batch_size': 105, 'depth': 2, 'lstm_units_0': 110, 'lstm_units_1': 61, 'drop_out': 0}. Best is trial 35 with value: 0.9945603013038635.
[I 2023-09-20 21:05:09,283] Trial 65 finished with value: 0.9709882140159607 and parameters: {'epochs': 73, 'batch_size': 109, 'depth': 2, 'lstm_units_0': 109, 'lstm_units_1': 11, 'drop_out': 0}. Best is trial 35 with value: 0.9945603013038635.
2023-09-20 21:05:19.032375: I tensorflow/core/framework/local_rendezvous.cc:405] Local rendezvous recv item cancelled. Key hash: 14652361877384035544
2023-09-20 21:05:20.567695: I tensorflow/core/framework/local_rendezvous.cc:405] Local rendezvous recv item cancelled. Key hash: 2147636091668645859
2023-09-20 21:05:50.310131: I tensorflow/core/framework/local_rendezvous.cc:405] Local rendezvous recv item cancelled. Key hash: 2147636091668645859
2023-09-20 21:05:50.310227: I tensorflow/core/framework/local_rendezvous.cc:405] Local rendezvous recv item cancelled. Key hash: 14652361877384035544
[I 2023-09-20 21:05:50,314] Trial 66 finished with value: 0.9864007234573364 and parameters: {'epochs': 80, 'batch_size': 126, 'depth': 2, 'lstm_units_0': 97, 'lstm_units_1': 56, 'drop_out': 0}. Best is trial 35 with value: 0.9945603013038635.
2023-09-20 21:05:59.886241: I tensorflow/core/framework/local_rendezvous.cc:405] Local rendezvous recv item cancelled. Key hash: 2147636091668645859
2023-09-20 21:05:59.886299: I tensorflow/core/framework/local_rendezvous.cc:405] Local rendezvous recv item cancelled. Key hash: 14652361877384035544
[I 2023-09-20 21:06:47,524] Trial 67 finished with value: 0.9873073697090149 and parameters: {'epochs': 71, 'batch_size': 92, 'depth': 2, 'lstm_units_0': 82, 'lstm_units_1': 75, 'drop_out': 0}. Best is trial 35 with value: 0.9945603013038635.
[I 2023-09-20 21:07:46,334] Trial 68 finished with value: 0.985494077205658 and parameters: {'epochs': 64, 'batch_size': 109, 'depth': 2, 'lstm_units_0': 116, 'lstm_units_1': 32, 'drop_out': 0}. Best is trial 35 with value: 0.9945603013038635.
2023-09-20 21:08:21.193001: I tensorflow/core/framework/local_rendezvous.cc:405] Local rendezvous recv item cancelled. Key hash: 2147636091668645859
[I 2023-09-20 21:08:21,197] Trial 69 finished with value: 0.9773345589637756 and parameters: {'epochs': 75, 'batch_size': 120, 'depth': 2, 'lstm_units_0': 24, 'lstm_units_1': 15, 'drop_out': 0.2}. Best is trial 35 with value: 0.9945603013038635.
2023-09-20 21:08:32.640969: I tensorflow/core/framework/local_rendezvous.cc:405] Local rendezvous recv item cancelled. Key hash: 2147636091668645859
[I 2023-09-20 21:09:46,687] Trial 70 finished with value: 0.9936536550521851 and parameters: {'epochs': 86, 'batch_size': 102, 'depth': 2, 'lstm_units_0': 93, 'lstm_units_1': 91, 'drop_out': 0.3}. Best is trial 35 with value: 0.9945603013038635.
[I 2023-09-20 21:10:27,599] Trial 71 finished with value: 0.9836808443069458 and parameters: {'epochs': 90, 'batch_size': 100, 'depth': 2, 'lstm_units_0': 95, 'lstm_units_1': 95, 'drop_out': 0.3}. Best is trial 35 with value: 0.9945603013038635.
2023-09-20 21:11:14.065210: I tensorflow/core/framework/local_rendezvous.cc:405] Local rendezvous recv item cancelled. Key hash: 2147636091668645859
[I 2023-09-20 21:11:14,077] Trial 72 finished with value: 0.9882139563560486 and parameters: {'epochs': 85, 'batch_size': 100, 'depth': 2, 'lstm_units_0': 107, 'lstm_units_1': 50, 'drop_out': 0.3}. Best is trial 35 with value: 0.9945603013038635.
[I 2023-09-20 21:12:00,803] Trial 73 finished with value: 0.9827742576599121 and parameters: {'epochs': 99, 'batch_size': 105, 'depth': 2, 'lstm_units_0': 67, 'lstm_units_1': 70, 'drop_out': 0.3}. Best is trial 35 with value: 0.9945603013038635.
[I 2023-09-20 21:13:25,572] Trial 74 finished with value: 0.989120602607727 and parameters: {'epochs': 78, 'batch_size': 95, 'depth': 2, 'lstm_units_0': 118, 'lstm_units_1': 111, 'drop_out': 0.3}. Best is trial 35 with value: 0.9945603013038635.
[I 2023-09-20 21:14:13,843] Trial 75 finished with value: 0.9809610247612 and parameters: {'epochs': 81, 'batch_size': 114, 'depth': 2, 'lstm_units_0': 140, 'lstm_units_1': 86, 'drop_out': 0.3}. Best is trial 35 with value: 0.9945603013038635.
2023-09-20 21:14:25.226763: I tensorflow/core/framework/local_rendezvous.cc:405] Local rendezvous recv item cancelled. Key hash: 14652361877384035544
2023-09-20 21:15:06.527721: I tensorflow/core/framework/local_rendezvous.cc:405] Local rendezvous recv item cancelled. Key hash: 14652361877384035544
[I 2023-09-20 21:15:06,537] Trial 76 finished with value: 0.985494077205658 and parameters: {'epochs': 89, 'batch_size': 114, 'depth': 2, 'lstm_units_0': 155, 'lstm_units_1': 55, 'drop_out': 0.4}. Best is trial 35 with value: 0.9945603013038635.
2023-09-20 21:15:17.585688: I tensorflow/core/framework/local_rendezvous.cc:405] Local rendezvous recv item cancelled. Key hash: 2147636091668645859
[I 2023-09-20 21:15:52,283] Trial 77 finished with value: 0.9791477918624878 and parameters: {'epochs': 54, 'batch_size': 105, 'depth': 2, 'lstm_units_0': 50, 'lstm_units_1': 43, 'drop_out': 0}. Best is trial 35 with value: 0.9945603013038635.
2023-09-20 21:16:03.381372: I tensorflow/core/framework/local_rendezvous.cc:405] Local rendezvous recv item cancelled. Key hash: 14652361877384035544
[I 2023-09-20 21:16:28,468] Trial 78 finished with value: 0.9882139563560486 and parameters: {'epochs': 96, 'batch_size': 67, 'depth': 2, 'lstm_units_0': 80, 'lstm_units_1': 64, 'drop_out': 0.4}. Best is trial 35 with value: 0.9945603013038635.
2023-09-20 21:16:38.180275: I tensorflow/core/framework/local_rendezvous.cc:405] Local rendezvous recv item cancelled. Key hash: 2147636091668645859
2023-09-20 21:16:38.180329: I tensorflow/core/framework/local_rendezvous.cc:405] Local rendezvous recv item cancelled. Key hash: 14652361877384035544
2023-09-20 21:16:39.802515: I tensorflow/core/framework/local_rendezvous.cc:405] Local rendezvous recv item cancelled. Key hash: 14652361877384035544
[I 2023-09-20 21:17:13,248] Trial 79 finished with value: 0.9836808443069458 and parameters: {'epochs': 69, 'batch_size': 95, 'depth': 2, 'lstm_units_0': 104, 'lstm_units_1': 121, 'drop_out': 0.1}. Best is trial 35 with value: 0.9945603013038635.
[I 2023-09-20 21:18:03,795] Trial 80 finished with value: 0.9845874905586243 and parameters: {'epochs': 76, 'batch_size': 86, 'depth': 2, 'lstm_units_0': 120, 'lstm_units_1': 93, 'drop_out': 0.3}. Best is trial 35 with value: 0.9945603013038635.
2023-09-20 21:18:09.202703: I tensorflow/core/framework/local_rendezvous.cc:405] Local rendezvous recv item cancelled. Key hash: 14833893592832816932
2023-09-20 21:18:10.201798: I tensorflow/core/framework/local_rendezvous.cc:405] Local rendezvous recv item cancelled. Key hash: 16089345290376772671
2023-09-20 21:18:43.609394: I tensorflow/core/framework/local_rendezvous.cc:405] Local rendezvous recv item cancelled. Key hash: 16089345290376772671
2023-09-20 21:18:43.609476: I tensorflow/core/framework/local_rendezvous.cc:405] Local rendezvous recv item cancelled. Key hash: 14833893592832816932
[I 2023-09-20 21:18:43,613] Trial 81 finished with value: 0.9909338355064392 and parameters: {'epochs': 43, 'batch_size': 28, 'depth': 1, 'lstm_units_0': 178, 'drop_out': 0.4}. Best is trial 35 with value: 0.9945603013038635.
2023-09-20 21:19:04.113103: I tensorflow/core/framework/local_rendezvous.cc:405] Local rendezvous recv item cancelled. Key hash: 2147636091668645859
2023-09-20 21:19:04.113176: I tensorflow/core/framework/local_rendezvous.cc:405] Local rendezvous recv item cancelled. Key hash: 14652361877384035544
[I 2023-09-20 21:19:04,124] Trial 82 finished with value: 0.9773345589637756 and parameters: {'epochs': 34, 'batch_size': 17, 'depth': 2, 'lstm_units_0': 129, 'lstm_units_1': 34, 'drop_out': 0.4}. Best is trial 35 with value: 0.9945603013038635.
[I 2023-09-20 21:19:44,271] Trial 83 finished with value: 0.9827742576599121 and parameters: {'epochs': 14, 'batch_size': 48, 'depth': 1, 'lstm_units_0': 144, 'drop_out': 0.4}. Best is trial 35 with value: 0.9945603013038635.
[I 2023-09-20 21:20:36,024] Trial 84 finished with value: 0.9873073697090149 and parameters: {'epochs': 86, 'batch_size': 22, 'depth': 2, 'lstm_units_0': 189, 'lstm_units_1': 24, 'drop_out': 0.4}. Best is trial 35 with value: 0.9945603013038635.
2023-09-20 21:21:28.691835: I tensorflow/core/framework/local_rendezvous.cc:405] Local rendezvous recv item cancelled. Key hash: 2147636091668645859
[I 2023-09-20 21:21:28,696] Trial 85 finished with value: 0.9864007234573364 and parameters: {'epochs': 56, 'batch_size': 119, 'depth': 2, 'lstm_units_0': 93, 'lstm_units_1': 143, 'drop_out': 0.2}. Best is trial 35 with value: 0.9945603013038635.
2023-09-20 21:21:40.458335: I tensorflow/core/framework/local_rendezvous.cc:405] Local rendezvous recv item cancelled. Key hash: 2147636091668645859
2023-09-20 21:21:40.458411: I tensorflow/core/framework/local_rendezvous.cc:405] Local rendezvous recv item cancelled. Key hash: 14652361877384035544
2023-09-20 21:22:12.621173: I tensorflow/core/framework/local_rendezvous.cc:405] Local rendezvous recv item cancelled. Key hash: 2147636091668645859
[I 2023-09-20 21:22:12,625] Trial 86 finished with value: 0.9818676114082336 and parameters: {'epochs': 49, 'batch_size': 42, 'depth': 2, 'lstm_units_0': 240, 'lstm_units_1': 233, 'drop_out': 0.4}. Best is trial 35 with value: 0.9945603013038635.
2023-09-20 21:22:19.110237: I tensorflow/core/framework/local_rendezvous.cc:405] Local rendezvous recv item cancelled. Key hash: 16089345290376772671
2023-09-20 21:22:46.386719: I tensorflow/core/framework/local_rendezvous.cc:405] Local rendezvous recv item cancelled. Key hash: 16089345290376772671
2023-09-20 21:22:46.386798: I tensorflow/core/framework/local_rendezvous.cc:405] Local rendezvous recv item cancelled. Key hash: 14833893592832816932
[I 2023-09-20 21:22:46,401] Trial 87 finished with value: 0.9755213260650635 and parameters: {'epochs': 61, 'batch_size': 34, 'depth': 1, 'lstm_units_0': 161, 'drop_out': 0.4}. Best is trial 35 with value: 0.9945603013038635.
[I 2023-09-20 21:23:34,377] Trial 88 finished with value: 0.9755213260650635 and parameters: {'epochs': 40, 'batch_size': 71, 'depth': 2, 'lstm_units_0': 75, 'lstm_units_1': 165, 'drop_out': 0.3}. Best is trial 35 with value: 0.9945603013038635.
2023-09-20 21:24:17.572383: I tensorflow/core/framework/local_rendezvous.cc:405] Local rendezvous recv item cancelled. Key hash: 2147636091668645859
[I 2023-09-20 21:24:17,585] Trial 89 finished with value: 0.985494077205658 and parameters: {'epochs': 82, 'batch_size': 24, 'depth': 2, 'lstm_units_0': 61, 'lstm_units_1': 53, 'drop_out': 0}. Best is trial 35 with value: 0.9945603013038635.
[I 2023-09-20 21:25:04,424] Trial 90 finished with value: 0.9773345589637756 and parameters: {'epochs': 67, 'batch_size': 37, 'depth': 2, 'lstm_units_0': 206, 'lstm_units_1': 208, 'drop_out': 0.4}. Best is trial 35 with value: 0.9945603013038635.
[I 2023-09-20 21:26:04,686] Trial 91 finished with value: 0.9800543785095215 and parameters: {'epochs': 58, 'batch_size': 30, 'depth': 3, 'lstm_units_0': 127, 'lstm_units_1': 196, 'lstm_units_2': 199, 'drop_out': 0.5}. Best is trial 35 with value: 0.9945603013038635.
2023-09-20 21:26:19.159947: I tensorflow/core/framework/local_rendezvous.cc:405] Local rendezvous recv item cancelled. Key hash: 13523801627682760480
[I 2023-09-20 21:27:34,708] Trial 92 finished with value: 0.9909338355064392 and parameters: {'epochs': 71, 'batch_size': 34, 'depth': 3, 'lstm_units_0': 170, 'lstm_units_1': 187, 'lstm_units_2': 69, 'drop_out': 0.5}. Best is trial 35 with value: 0.9945603013038635.
[I 2023-09-20 21:28:27,827] Trial 93 finished with value: 0.9845874905586243 and parameters: {'epochs': 59, 'batch_size': 56, 'depth': 3, 'lstm_units_0': 112, 'lstm_units_1': 185, 'lstm_units_2': 138, 'drop_out': 0.4}. Best is trial 35 with value: 0.9945603013038635.
2023-09-20 21:29:28.481861: I tensorflow/core/framework/local_rendezvous.cc:405] Local rendezvous recv item cancelled. Key hash: 13523801627682760480
[I 2023-09-20 21:29:28,485] Trial 94 finished with value: 0.9818676114082336 and parameters: {'epochs': 63, 'batch_size': 15, 'depth': 3, 'lstm_units_0': 148, 'lstm_units_1': 220, 'lstm_units_2': 206, 'drop_out': 0.5}. Best is trial 35 with value: 0.9945603013038635.
2023-09-20 21:29:42.946368: I tensorflow/core/framework/local_rendezvous.cc:405] Local rendezvous recv item cancelled. Key hash: 13918036023543080942
[I 2023-09-20 21:30:25,828] Trial 95 finished with value: 0.9836808443069458 and parameters: {'epochs': 37, 'batch_size': 105, 'depth': 3, 'lstm_units_0': 136, 'lstm_units_1': 213, 'lstm_units_2': 86, 'drop_out': 0.1}. Best is trial 35 with value: 0.9945603013038635.
[I 2023-09-20 21:31:23,910] Trial 96 finished with value: 0.989120602607727 and parameters: {'epochs': 52, 'batch_size': 10, 'depth': 2, 'lstm_units_0': 102, 'lstm_units_1': 71, 'drop_out': 0.4}. Best is trial 35 with value: 0.9945603013038635.
2023-09-20 21:31:33.443869: I tensorflow/core/framework/local_rendezvous.cc:405] Local rendezvous recv item cancelled. Key hash: 2147636091668645859
[I 2023-09-20 21:31:59,783] Trial 97 finished with value: 0.9782411456108093 and parameters: {'epochs': 47, 'batch_size': 19, 'depth': 2, 'lstm_units_0': 84, 'lstm_units_1': 5, 'drop_out': 0.3}. Best is trial 35 with value: 0.9945603013038635.
2023-09-20 21:32:18.644321: I tensorflow/core/framework/local_rendezvous.cc:405] Local rendezvous recv item cancelled. Key hash: 13918036023543080942
2023-09-20 21:32:18.644415: I tensorflow/core/framework/local_rendezvous.cc:405] Local rendezvous recv item cancelled. Key hash: 13523801627682760480
[I 2023-09-20 21:32:43,196] Trial 98 finished with value: 0.9691749811172485 and parameters: {'epochs': 62, 'batch_size': 40, 'depth': 3, 'lstm_units_0': 124, 'lstm_units_1': 300, 'lstm_units_2': 280, 'drop_out': 0.4}. Best is trial 35 with value: 0.9945603013038635.
[I 2023-09-20 21:33:37,247] Trial 99 finished with value: 0.9836808443069458 and parameters: {'epochs': 79, 'batch_size': 31, 'depth': 2, 'lstm_units_0': 156, 'lstm_units_1': 147, 'drop_out': 0}. Best is trial 35 with value: 0.9945603013038635.
2023-09-20 21:33:49.688657: I tensorflow/core/framework/local_rendezvous.cc:405] Local rendezvous recv item cancelled. Key hash: 2147636091668645859
2023-09-20 21:33:49.688740: I tensorflow/core/framework/local_rendezvous.cc:405] Local rendezvous recv item cancelled. Key hash: 14652361877384035544
[I 2023-09-20 21:34:38,624] Trial 100 finished with value: 0.9873073697090149 and parameters: {'epochs': 67, 'batch_size': 50, 'depth': 2, 'lstm_units_0': 271, 'lstm_units_1': 168, 'drop_out': 0.4}. Best is trial 35 with value: 0.9945603013038635.
2023-09-20 21:34:45.300020: I tensorflow/core/framework/local_rendezvous.cc:405] Local rendezvous recv item cancelled. Key hash: 16089345290376772671
2023-09-20 21:34:45.300112: I tensorflow/core/framework/local_rendezvous.cc:405] Local rendezvous recv item cancelled. Key hash: 14833893592832816932
