[I 2023-09-14 03:34:54,001] Trial 59 finished with value: 0.9537624716758728 and parameters: {'epochs': 8, 'batch_size': 64, 'depth': 3, 'bidirectional': True, 'num_neurons': 258, 'drop_out': 0.5}. Best is trial 38 with value: 0.9972801208496094.
[I 2023-09-14 03:37:55,476] Trial 60 finished with value: 0.9909338355064392 and parameters: {'epochs': 78, 'batch_size': 115, 'depth': 1, 'bidirectional': True, 'num_neurons': 117, 'drop_out': 0}. Best is trial 38 with value: 0.9972801208496094.
[I 2023-09-14 03:42:12,657] Trial 61 finished with value: 0.9927470684051514 and parameters: {'epochs': 64, 'batch_size': 123, 'depth': 3, 'bidirectional': True, 'num_neurons': 50, 'drop_out': 0.1}. Best is trial 38 with value: 0.9972801208496094.
[I 2023-09-14 03:47:00,468] Trial 62 finished with value: 0.9918404221534729 and parameters: {'epochs': 71, 'batch_size': 123, 'depth': 3, 'bidirectional': True, 'num_neurons': 62, 'drop_out': 0.1}. Best is trial 38 with value: 0.9972801208496094.
[I 2023-09-14 03:49:46,605] Trial 63 finished with value: 0.9945603013038635 and parameters: {'epochs': 54, 'batch_size': 94, 'depth': 3, 'bidirectional': True, 'num_neurons': 23, 'drop_out': 0.1}. Best is trial 38 with value: 0.9972801208496094.
[I 2023-09-14 03:53:54,145] Trial 64 finished with value: 0.9927470684051514 and parameters: {'epochs': 65, 'batch_size': 109, 'depth': 3, 'bidirectional': True, 'num_neurons': 52, 'drop_out': 0.3}. Best is trial 38 with value: 0.9972801208496094.
[I 2023-09-14 03:58:09,418] Trial 65 finished with value: 0.9963735342025757 and parameters: {'epochs': 85, 'batch_size': 128, 'depth': 3, 'bidirectional': True, 'num_neurons': 11, 'drop_out': 0.1}. Best is trial 38 with value: 0.9972801208496094.
2023-09-14 04:02:52.072890: I tensorflow/core/framework/local_rendezvous.cc:405] Local rendezvous recv item cancelled. Key hash: 5632882153333651992
[I 2023-09-14 04:02:52,093] Trial 66 finished with value: 0.9972801208496094 and parameters: {'epochs': 96, 'batch_size': 126, 'depth': 3, 'bidirectional': True, 'num_neurons': 12, 'drop_out': 0}. Best is trial 38 with value: 0.9972801208496094.
[I 2023-09-14 04:06:02,379] Trial 67 finished with value: 0.9202175736427307 and parameters: {'epochs': 96, 'batch_size': 128, 'depth': 3, 'bidirectional': False, 'num_neurons': 11, 'drop_out': 0.1}. Best is trial 38 with value: 0.9972801208496094.
[I 2023-09-14 04:10:35,522] Trial 68 finished with value: 0.9927470684051514 and parameters: {'epochs': 89, 'batch_size': 114, 'depth': 3, 'bidirectional': True, 'num_neurons': 37, 'drop_out': 0}. Best is trial 38 with value: 0.9972801208496094.
[I 2023-09-14 04:14:48,325] Trial 69 finished with value: 0.9927470684051514 and parameters: {'epochs': 84, 'batch_size': 14, 'depth': 3, 'bidirectional': True, 'num_neurons': 28, 'drop_out': 0.4}. Best is trial 38 with value: 0.9972801208496094.
[I 2023-09-14 04:19:25,310] Trial 70 finished with value: 0.9927470684051514 and parameters: {'epochs': 96, 'batch_size': 106, 'depth': 3, 'bidirectional': True, 'num_neurons': 1, 'drop_out': 0}. Best is trial 38 with value: 0.9972801208496094.
[I 2023-09-14 04:23:21,847] Trial 71 finished with value: 0.9918404221534729 and parameters: {'epochs': 80, 'batch_size': 124, 'depth': 3, 'bidirectional': True, 'num_neurons': 16, 'drop_out': 0}. Best is trial 38 with value: 0.9972801208496094.
[I 2023-09-14 04:27:53,612] Trial 72 finished with value: 0.9936536550521851 and parameters: {'epochs': 92, 'batch_size': 120, 'depth': 3, 'bidirectional': True, 'num_neurons': 21, 'drop_out': 0}. Best is trial 38 with value: 0.9972801208496094.
2023-09-14 04:32:36.319841: I tensorflow/core/framework/local_rendezvous.cc:405] Local rendezvous recv item cancelled. Key hash: 6899383274055917786
[I 2023-09-14 04:32:36,328] Trial 73 finished with value: 0.9909338355064392 and parameters: {'epochs': 84, 'batch_size': 128, 'depth': 3, 'bidirectional': True, 'num_neurons': 41, 'drop_out': 0}. Best is trial 38 with value: 0.9972801208496094.
[I 2023-09-14 04:36:25,516] Trial 74 finished with value: 0.9972801208496094 and parameters: {'epochs': 76, 'batch_size': 114, 'depth': 3, 'bidirectional': True, 'num_neurons': 30, 'drop_out': 0}. Best is trial 38 with value: 0.9972801208496094.
[I 2023-09-14 04:41:45,842] Trial 75 finished with value: 0.9918404221534729 and parameters: {'epochs': 75, 'batch_size': 1, 'depth': 3, 'bidirectional': True, 'num_neurons': 67, 'drop_out': 0}. Best is trial 38 with value: 0.9972801208496094.
2023-09-14 04:46:12.668777: I tensorflow/core/framework/local_rendezvous.cc:405] Local rendezvous recv item cancelled. Key hash: 6899383274055917786
[I 2023-09-14 04:46:12,678] Trial 76 finished with value: 0.9972801208496094 and parameters: {'epochs': 86, 'batch_size': 115, 'depth': 3, 'bidirectional': True, 'num_neurons': 10, 'drop_out': 0.2}. Best is trial 38 with value: 0.9972801208496094.
[I 2023-09-14 04:51:11,447] Trial 77 finished with value: 0.9927470684051514 and parameters: {'epochs': 98, 'batch_size': 117, 'depth': 3, 'bidirectional': True, 'num_neurons': 29, 'drop_out': 0.2}. Best is trial 38 with value: 0.9972801208496094.
2023-09-14 04:55:55.640628: I tensorflow/core/framework/local_rendezvous.cc:405] Local rendezvous recv item cancelled. Key hash: 6899383274055917786
2023-09-14 04:55:55.641502: I tensorflow/core/framework/local_rendezvous.cc:405] Local rendezvous recv item cancelled. Key hash: 5632882153333651992
[I 2023-09-14 04:55:55,657] Trial 78 finished with value: 0.9954668879508972 and parameters: {'epochs': 90, 'batch_size': 112, 'depth': 3, 'bidirectional': True, 'num_neurons': 45, 'drop_out': 0.2}. Best is trial 38 with value: 0.9972801208496094.
2023-09-14 04:58:29.512405: I tensorflow/core/framework/local_rendezvous.cc:405] Local rendezvous recv item cancelled. Key hash: 5945303952657690775
2023-09-14 04:58:29.513132: I tensorflow/core/framework/local_rendezvous.cc:405] Local rendezvous recv item cancelled. Key hash: 7326212463124053963
[I 2023-09-14 04:58:29,529] Trial 79 finished with value: 0.9202175736427307 and parameters: {'epochs': 68, 'batch_size': 85, 'depth': 3, 'bidirectional': False, 'num_neurons': 151, 'drop_out': 0.2}. Best is trial 38 with value: 0.9972801208496094.
[I 2023-09-14 05:05:23,400] Trial 80 finished with value: 0.974614679813385 and parameters: {'epochs': 82, 'batch_size': 68, 'depth': 3, 'bidirectional': True, 'num_neurons': 84, 'drop_out': 0.2}. Best is trial 38 with value: 0.9972801208496094.
[I 2023-09-14 05:09:41,334] Trial 81 finished with value: 0.9882139563560486 and parameters: {'epochs': 86, 'batch_size': 124, 'depth': 3, 'bidirectional': True, 'num_neurons': 9, 'drop_out': 0.1}. Best is trial 38 with value: 0.9972801208496094.
2023-09-14 05:09:53.598045: I tensorflow/core/framework/local_rendezvous.cc:405] Local rendezvous recv item cancelled. Key hash: 5632882153333651992
2023-09-14 05:14:19.878219: I tensorflow/core/framework/local_rendezvous.cc:405] Local rendezvous recv item cancelled. Key hash: 6899383274055917786
2023-09-14 05:14:19.879001: I tensorflow/core/framework/local_rendezvous.cc:405] Local rendezvous recv item cancelled. Key hash: 5632882153333651992
[I 2023-09-14 05:14:19,889] Trial 82 finished with value: 0.9945603013038635 and parameters: {'epochs': 94, 'batch_size': 52, 'depth': 3, 'bidirectional': True, 'num_neurons': 13, 'drop_out': 0}. Best is trial 38 with value: 0.9972801208496094.
[I 2023-09-14 05:19:14,278] Trial 83 finished with value: 0.9936536550521851 and parameters: {'epochs': 77, 'batch_size': 117, 'depth': 3, 'bidirectional': True, 'num_neurons': 56, 'drop_out': 0.5}. Best is trial 38 with value: 0.9972801208496094.
2023-09-14 05:19:26.544673: I tensorflow/core/framework/local_rendezvous.cc:405] Local rendezvous recv item cancelled. Key hash: 5632882153333651992
[I 2023-09-14 05:22:56,557] Trial 84 finished with value: 0.9945603013038635 and parameters: {'epochs': 72, 'batch_size': 107, 'depth': 3, 'bidirectional': True, 'num_neurons': 34, 'drop_out': 0.3}. Best is trial 38 with value: 0.9972801208496094.
2023-09-14 05:23:08.557920: I tensorflow/core/framework/local_rendezvous.cc:405] Local rendezvous recv item cancelled. Key hash: 5632882153333651992
[I 2023-09-14 05:27:16,322] Trial 85 finished with value: 0.9972801208496094 and parameters: {'epochs': 87, 'batch_size': 102, 'depth': 3, 'bidirectional': True, 'num_neurons': 9, 'drop_out': 0.1}. Best is trial 38 with value: 0.9972801208496094.
2023-09-14 05:30:45.664013: I tensorflow/core/framework/local_rendezvous.cc:405] Local rendezvous recv item cancelled. Key hash: 7395823909049266683
2023-09-14 05:30:45.664881: I tensorflow/core/framework/local_rendezvous.cc:405] Local rendezvous recv item cancelled. Key hash: 1635910794535703490
[I 2023-09-14 05:30:45,680] Trial 86 finished with value: 0.9972801208496094 and parameters: {'epochs': 91, 'batch_size': 98, 'depth': 2, 'bidirectional': True, 'num_neurons': 26, 'drop_out': 0}. Best is trial 38 with value: 0.9972801208496094.
2023-09-14 05:34:13.760456: I tensorflow/core/framework/local_rendezvous.cc:405] Local rendezvous recv item cancelled. Key hash: 7395823909049266683
[I 2023-09-14 05:34:13,771] Trial 87 finished with value: 0.9972801208496094 and parameters: {'epochs': 90, 'batch_size': 97, 'depth': 2, 'bidirectional': True, 'num_neurons': 24, 'drop_out': 0}. Best is trial 38 with value: 0.9972801208496094.
[I 2023-09-14 05:37:45,530] Trial 88 finished with value: 0.9954668879508972 and parameters: {'epochs': 91, 'batch_size': 97, 'depth': 2, 'bidirectional': True, 'num_neurons': 25, 'drop_out': 0}. Best is trial 38 with value: 0.9972801208496094.
[I 2023-09-14 05:41:36,907] Trial 89 finished with value: 0.9936536550521851 and parameters: {'epochs': 100, 'batch_size': 102, 'depth': 2, 'bidirectional': True, 'num_neurons': 2, 'drop_out': 0}. Best is trial 38 with value: 0.9972801208496094.
2023-09-14 05:41:41.802249: I tensorflow/core/framework/local_rendezvous.cc:405] Local rendezvous recv item cancelled. Key hash: 5891829849326479779
2023-09-14 05:41:41.802323: I tensorflow/core/framework/local_rendezvous.cc:405] Local rendezvous recv item cancelled. Key hash: 3725417594732935368
2023-09-14 05:44:15.184092: I tensorflow/core/framework/local_rendezvous.cc:405] Local rendezvous recv item cancelled. Key hash: 3725417594732935368
[I 2023-09-14 05:44:15,195] Trial 90 finished with value: 0.9202175736427307 and parameters: {'epochs': 88, 'batch_size': 91, 'depth': 2, 'bidirectional': False, 'num_neurons': 18, 'drop_out': 0}. Best is trial 38 with value: 0.9972801208496094.
[I 2023-09-14 05:47:52,456] Trial 91 finished with value: 0.989120602607727 and parameters: {'epochs': 94, 'batch_size': 76, 'depth': 2, 'bidirectional': True, 'num_neurons': 32, 'drop_out': 0}. Best is trial 38 with value: 0.9972801208496094.
[I 2023-09-14 05:51:05,622] Trial 92 finished with value: 0.9945603013038635 and parameters: {'epochs': 82, 'batch_size': 101, 'depth': 2, 'bidirectional': True, 'num_neurons': 42, 'drop_out': 0}. Best is trial 38 with value: 0.9972801208496094.
[I 2023-09-14 05:54:48,444] Trial 93 finished with value: 0.9936536550521851 and parameters: {'epochs': 97, 'batch_size': 97, 'depth': 2, 'bidirectional': True, 'num_neurons': 24, 'drop_out': 0}. Best is trial 38 with value: 0.9972801208496094.
2023-09-14 05:54:57.413243: I tensorflow/core/framework/local_rendezvous.cc:405] Local rendezvous recv item cancelled. Key hash: 1635910794535703490
[I 2023-09-14 05:58:23,417] Trial 94 finished with value: 0.9809610247612 and parameters: {'epochs': 93, 'batch_size': 88, 'depth': 2, 'bidirectional': True, 'num_neurons': 6, 'drop_out': 0}. Best is trial 38 with value: 0.9972801208496094.
[I 2023-09-14 06:01:52,448] Trial 95 finished with value: 0.9945603013038635 and parameters: {'epochs': 89, 'batch_size': 105, 'depth': 2, 'bidirectional': True, 'num_neurons': 38, 'drop_out': 0}. Best is trial 38 with value: 0.9972801208496094.
[I 2023-09-14 06:05:29,854] Trial 96 finished with value: 0.9945603013038635 and parameters: {'epochs': 87, 'batch_size': 114, 'depth': 2, 'bidirectional': True, 'num_neurons': 61, 'drop_out': 0.2}. Best is trial 38 with value: 0.9972801208496094.
2023-09-14 06:05:34.781761: I tensorflow/core/framework/local_rendezvous.cc:405] Local rendezvous recv item cancelled. Key hash: 5891829849326479779
[I 2023-09-14 06:07:45,455] Trial 97 finished with value: 0.9936536550521851 and parameters: {'epochs': 76, 'batch_size': 94, 'depth': 1, 'bidirectional': True, 'num_neurons': 9, 'drop_out': 0}. Best is trial 38 with value: 0.9972801208496094.
[I 2023-09-14 06:11:12,621] Trial 98 finished with value: 0.9927470684051514 and parameters: {'epochs': 80, 'batch_size': 99, 'depth': 2, 'bidirectional': True, 'num_neurons': 73, 'drop_out': 0.4}. Best is trial 38 with value: 0.9972801208496094.
[I 2023-09-14 06:14:47,782] Trial 99 finished with value: 0.9954668879508972 and parameters: {'epochs': 91, 'batch_size': 109, 'depth': 2, 'bidirectional': True, 'num_neurons': 46, 'drop_out': 0}. Best is trial 38 with value: 0.9972801208496094.
[I 2023-09-14 06:22:30,953] Trial 100 finished with value: 0.989120602607727 and parameters: {'epochs': 95, 'batch_size': 60, 'depth': 3, 'bidirectional': True, 'num_neurons': 97, 'drop_out': 0}. Best is trial 38 with value: 0.9972801208496094.
2023-09-14 06:26:05.585463: I tensorflow/core/framework/local_rendezvous.cc:405] Local rendezvous recv item cancelled. Key hash: 6899383274055917786
2023-09-14 06:26:05.586168: I tensorflow/core/framework/local_rendezvous.cc:405] Local rendezvous recv item cancelled. Key hash: 5632882153333651992
[I 2023-09-14 06:26:05,594] Trial 101 finished with value: 0.9972801208496094 and parameters: {'epochs': 70, 'batch_size': 83, 'depth': 3, 'bidirectional': True, 'num_neurons': 31, 'drop_out': 0.1}. Best is trial 38 with value: 0.9972801208496094.
[I 2023-09-14 06:29:36,100] Trial 102 finished with value: 0.9945603013038635 and parameters: {'epochs': 69, 'batch_size': 75, 'depth': 3, 'bidirectional': True, 'num_neurons': 31, 'drop_out': 0.1}. Best is trial 38 with value: 0.9972801208496094.
[I 2023-09-14 06:32:48,492] Trial 103 finished with value: 0.9936536550521851 and parameters: {'epochs': 63, 'batch_size': 80, 'depth': 3, 'bidirectional': True, 'num_neurons': 20, 'drop_out': 0.1}. Best is trial 38 with value: 0.9972801208496094.
[I 2023-09-14 06:36:27,692] Trial 104 finished with value: 0.9936536550521851 and parameters: {'epochs': 73, 'batch_size': 103, 'depth': 3, 'bidirectional': True, 'num_neurons': 16, 'drop_out': 0.1}. Best is trial 38 with value: 0.9972801208496094.
[I 2023-09-14 06:40:44,893] Trial 105 finished with value: 0.9963735342025757 and parameters: {'epochs': 86, 'batch_size': 83, 'depth': 3, 'bidirectional': True, 'num_neurons': 24, 'drop_out': 0.5}. Best is trial 38 with value: 0.9972801208496094.
[I 2023-09-14 06:45:54,769] Trial 106 finished with value: 0.9954668879508972 and parameters: {'epochs': 61, 'batch_size': 67, 'depth': 3, 'bidirectional': True, 'num_neurons': 190, 'drop_out': 0.1}. Best is trial 38 with value: 0.9972801208496094.
[I 2023-09-14 06:50:07,287] Trial 107 finished with value: 0.9945603013038635 and parameters: {'epochs': 82, 'batch_size': 75, 'depth': 3, 'bidirectional': True, 'num_neurons': 37, 'drop_out': 0.3}. Best is trial 38 with value: 0.9972801208496094.
2023-09-14 06:54:29.225381: I tensorflow/core/framework/local_rendezvous.cc:405] Local rendezvous recv item cancelled. Key hash: 6899383274055917786
2023-09-14 06:54:29.226515: I tensorflow/core/framework/local_rendezvous.cc:405] Local rendezvous recv item cancelled. Key hash: 5632882153333651992
[I 2023-09-14 06:54:29,242] Trial 108 finished with value: 0.9963735342025757 and parameters: {'epochs': 76, 'batch_size': 121, 'depth': 3, 'bidirectional': True, 'num_neurons': 56, 'drop_out': 0}. Best is trial 38 with value: 0.9972801208496094.
2023-09-14 06:58:07.933775: I tensorflow/core/framework/local_rendezvous.cc:405] Local rendezvous recv item cancelled. Key hash: 5945303952657690775
2023-09-14 06:58:07.934629: I tensorflow/core/framework/local_rendezvous.cc:405] Local rendezvous recv item cancelled. Key hash: 7326212463124053963
[I 2023-09-14 06:58:07,950] Trial 109 finished with value: 0.9646418690681458 and parameters: {'epochs': 99, 'batch_size': 88, 'depth': 3, 'bidirectional': False, 'num_neurons': 80, 'drop_out': 0.2}. Best is trial 38 with value: 0.9972801208496094.
[I 2023-09-14 07:02:04,890] Trial 110 finished with value: 0.9972801208496094 and parameters: {'epochs': 70, 'batch_size': 107, 'depth': 3, 'bidirectional': True, 'num_neurons': 47, 'drop_out': 0.1}. Best is trial 38 with value: 0.9972801208496094.
2023-09-14 07:06:34.024376: I tensorflow/core/framework/local_rendezvous.cc:405] Local rendezvous recv item cancelled. Key hash: 6899383274055917786
2023-09-14 07:06:34.025201: I tensorflow/core/framework/local_rendezvous.cc:405] Local rendezvous recv item cancelled. Key hash: 5632882153333651992
[I 2023-09-14 07:06:34,042] Trial 111 finished with value: 0.9927470684051514 and parameters: {'epochs': 67, 'batch_size': 113, 'depth': 3, 'bidirectional': True, 'num_neurons': 49, 'drop_out': 0.1}. Best is trial 38 with value: 0.9972801208496094.
[I 2023-09-14 07:10:07,240] Trial 112 finished with value: 0.9954668879508972 and parameters: {'epochs': 70, 'batch_size': 108, 'depth': 3, 'bidirectional': True, 'num_neurons': 29, 'drop_out': 0.1}. Best is trial 38 with value: 0.9972801208496094.
[I 2023-09-14 07:14:20,105] Trial 113 finished with value: 0.9945603013038635 and parameters: {'epochs': 84, 'batch_size': 105, 'depth': 3, 'bidirectional': True, 'num_neurons': 7, 'drop_out': 0.1}. Best is trial 38 with value: 0.9972801208496094.
2023-09-14 07:18:06.148391: I tensorflow/core/framework/local_rendezvous.cc:405] Local rendezvous recv item cancelled. Key hash: 6899383274055917786
[I 2023-09-14 07:18:06,166] Trial 114 finished with value: 0.9945603013038635 and parameters: {'epochs': 72, 'batch_size': 111, 'depth': 3, 'bidirectional': True, 'num_neurons': 41, 'drop_out': 0.1}. Best is trial 38 with value: 0.9972801208496094.
[I 2023-09-14 07:23:05,191] Trial 115 finished with value: 0.9945603013038635 and parameters: {'epochs': 69, 'batch_size': 95, 'depth': 3, 'bidirectional': True, 'num_neurons': 65, 'drop_out': 0.1}. Best is trial 38 with value: 0.9972801208496094.
[I 2023-09-14 07:26:04,498] Trial 116 finished with value: 0.9954668879508972 and parameters: {'epochs': 59, 'batch_size': 91, 'depth': 3, 'bidirectional': True, 'num_neurons': 13, 'drop_out': 0}. Best is trial 38 with value: 0.9972801208496094.
[I 2023-09-14 07:29:45,823] Trial 117 finished with value: 0.9945603013038635 and parameters: {'epochs': 74, 'batch_size': 116, 'depth': 3, 'bidirectional': True, 'num_neurons': 32, 'drop_out': 0.1}. Best is trial 38 with value: 0.9972801208496094.
2023-09-14 07:29:58.011569: I tensorflow/core/framework/local_rendezvous.cc:405] Local rendezvous recv item cancelled. Key hash: 6899383274055917786
2023-09-14 07:29:58.011639: I tensorflow/core/framework/local_rendezvous.cc:405] Local rendezvous recv item cancelled. Key hash: 5632882153333651992
[I 2023-09-14 07:33:38,211] Trial 118 finished with value: 0.9936536550521851 and parameters: {'epochs': 79, 'batch_size': 62, 'depth': 3, 'bidirectional': True, 'num_neurons': 1, 'drop_out': 0}. Best is trial 38 with value: 0.9972801208496094.
[I 2023-09-14 07:37:22,203] Trial 119 finished with value: 0.9963735342025757 and parameters: {'epochs': 90, 'batch_size': 101, 'depth': 2, 'bidirectional': True, 'num_neurons': 52, 'drop_out': 0.4}. Best is trial 38 with value: 0.9972801208496094.
[I 2023-09-14 07:45:02,301] Trial 120 finished with value: 0.9936536550521851 and parameters: {'epochs': 92, 'batch_size': 121, 'depth': 3, 'bidirectional': True, 'num_neurons': 107, 'drop_out': 0.2}. Best is trial 38 with value: 0.9972801208496094.
2023-09-14 07:45:14.590829: I tensorflow/core/framework/local_rendezvous.cc:405] Local rendezvous recv item cancelled. Key hash: 5632882153333651992
2023-09-14 07:47:27.496055: I tensorflow/core/framework/local_rendezvous.cc:405] Local rendezvous recv item cancelled. Key hash: 6899383274055917786
2023-09-14 07:47:27.496587: I tensorflow/core/framework/local_rendezvous.cc:405] Local rendezvous recv item cancelled. Key hash: 5632882153333651992
[I 2023-09-14 07:47:27,509] Trial 121 finished with value: 0.9963735342025757 and parameters: {'epochs': 41, 'batch_size': 112, 'depth': 3, 'bidirectional': True, 'num_neurons': 47, 'drop_out': 0.1}. Best is trial 38 with value: 0.9972801208496094.
[I 2023-09-14 07:48:54,111] Trial 122 finished with value: 0.9972801208496094 and parameters: {'epochs': 26, 'batch_size': 107, 'depth': 3, 'bidirectional': True, 'num_neurons': 20, 'drop_out': 0.1}. Best is trial 38 with value: 0.9972801208496094.
2023-09-14 07:49:07.291208: I tensorflow/core/framework/local_rendezvous.cc:405] Local rendezvous recv item cancelled. Key hash: 6899383274055917786
[I 2023-09-14 07:50:35,843] Trial 123 finished with value: 0.989120602607727 and parameters: {'epochs': 31, 'batch_size': 104, 'depth': 3, 'bidirectional': True, 'num_neurons': 23, 'drop_out': 0.1}. Best is trial 38 with value: 0.9972801208496094.
[I 2023-09-14 07:51:35,167] Trial 124 finished with value: 0.9573889374732971 and parameters: {'epochs': 16, 'batch_size': 118, 'depth': 3, 'bidirectional': True, 'num_neurons': 17, 'drop_out': 0.1}. Best is trial 38 with value: 0.9972801208496094.
2023-09-14 07:51:46.539704: I tensorflow/core/framework/local_rendezvous.cc:405] Local rendezvous recv item cancelled. Key hash: 6899383274055917786
[I 2023-09-14 07:53:06,658] Trial 125 finished with value: 0.9909338355064392 and parameters: {'epochs': 27, 'batch_size': 56, 'depth': 3, 'bidirectional': True, 'num_neurons': 27, 'drop_out': 0.1}. Best is trial 38 with value: 0.9972801208496094.
