2023-09-13 23:40:54.444400: I tensorflow/core/util/port.cc:110] oneDNN custom operations are on. You may see slightly different numerical results due to floating-point round-off errors from different computation orders. To turn them off, set the environment variable `TF_ENABLE_ONEDNN_OPTS=0`.
2023-09-13 23:41:00.973386: I tensorflow/core/platform/cpu_feature_guard.cc:182] This TensorFlow binary is optimized to use available CPU instructions in performance-critical operations.
To enable the following instructions: AVX2 AVX512F AVX512_VNNI FMA, in other operations, rebuild TensorFlow with the appropriate compiler flags.
2023-09-13 23:41:14.350157: W tensorflow/compiler/tf2tensorrt/utils/py_utils.cc:38] TF-TRT Warning: Could not find TensorRT
2023-09-13 23:42:26.045104: I tensorflow/core/common_runtime/gpu/gpu_device.cc:1639] Created device /job:localhost/replica:0/task:0/device:GPU:0 with 9621 MB memory:  -> device: 0, name: NVIDIA GeForce RTX 2080 Ti, pci bus id: 0000:3e:00.0, compute capability: 7.5
[I 2023-09-13 23:42:27,007] A new study created in memory with name: no-name-99966cfc-54ab-472d-95ba-23a2442a163f
2023-09-13 23:42:35.605293: I tensorflow/compiler/xla/stream_executor/cuda/cuda_dnn.cc:432] Loaded cuDNN version 8904
2023-09-13 23:42:36.401851: I tensorflow/compiler/xla/service/service.cc:168] XLA service 0x7ef84b2488a0 initialized for platform CUDA (this does not guarantee that XLA will be used). Devices:
2023-09-13 23:42:36.401907: I tensorflow/compiler/xla/service/service.cc:176]   StreamExecutor device (0): NVIDIA GeForce RTX 2080 Ti, Compute Capability 7.5
2023-09-13 23:42:37.629648: I tensorflow/compiler/mlir/tensorflow/utils/dump_mlir_util.cc:255] disabling MLIR crash reproducer, set env var `MLIR_CRASH_REPRODUCER_DIRECTORY` to enable.
2023-09-13 23:42:40.621028: I tensorflow/tsl/platform/default/subprocess.cc:304] Start cannot spawn child process: No such file or directory
2023-09-13 23:42:41.059904: I ./tensorflow/compiler/jit/device_compiler.h:186] Compiled cluster using XLA!  This line is logged at most once for the lifetime of the process.
2023-09-13 23:45:32.545903: I tensorflow/core/framework/local_rendezvous.cc:405] Local rendezvous recv item cancelled. Key hash: 7395823909049266683
2023-09-13 23:45:32.546803: I tensorflow/core/framework/local_rendezvous.cc:405] Local rendezvous recv item cancelled. Key hash: 1635910794535703490
[I 2023-09-13 23:45:32,558] Trial 0 finished with value: 0.9909338355064392 and parameters: {'epochs': 62, 'batch_size': 51, 'depth': 2, 'bidirectional': True, 'num_neurons': 120, 'drop_out': 0.4}. Best is trial 0 with value: 0.9909338355064392.
[I 2023-09-13 23:54:52,269] Trial 1 finished with value: 0.9900271892547607 and parameters: {'epochs': 82, 'batch_size': 120, 'depth': 3, 'bidirectional': True, 'num_neurons': 223, 'drop_out': 0}. Best is trial 0 with value: 0.9909338355064392.
2023-09-13 23:55:30.202110: I tensorflow/core/framework/local_rendezvous.cc:405] Local rendezvous recv item cancelled. Key hash: 10754714520044079954
[I 2023-09-13 23:55:30,205] Trial 2 finished with value: 0.9156845211982727 and parameters: {'epochs': 19, 'batch_size': 71, 'depth': 1, 'bidirectional': False, 'num_neurons': 52, 'drop_out': 0}. Best is trial 0 with value: 0.9909338355064392.
2023-09-13 23:57:24.047349: I tensorflow/core/framework/local_rendezvous.cc:405] Local rendezvous recv item cancelled. Key hash: 10754714520044079954
[I 2023-09-13 23:57:24,064] Trial 3 finished with value: 0.9882139563560486 and parameters: {'epochs': 65, 'batch_size': 49, 'depth': 1, 'bidirectional': False, 'num_neurons': 183, 'drop_out': 0}. Best is trial 0 with value: 0.9909338355064392.
2023-09-13 23:57:29.118746: I tensorflow/core/framework/local_rendezvous.cc:405] Local rendezvous recv item cancelled. Key hash: 3725417594732935368
[I 2023-09-13 23:58:43,742] Trial 4 finished with value: 0.9927470684051514 and parameters: {'epochs': 38, 'batch_size': 100, 'depth': 1, 'bidirectional': True, 'num_neurons': 163, 'drop_out': 0}. Best is trial 4 with value: 0.9927470684051514.
[I 2023-09-13 23:59:33,298] Trial 5 finished with value: 0.9102447628974915 and parameters: {'epochs': 22, 'batch_size': 35, 'depth': 1, 'bidirectional': False, 'num_neurons': 251, 'drop_out': 0.1}. Best is trial 4 with value: 0.9927470684051514.
2023-09-13 23:59:46.457228: I tensorflow/core/framework/local_rendezvous.cc:405] Local rendezvous recv item cancelled. Key hash: 7326212463124053963
[I 2023-09-13 23:59:46,479] Trial 6 finished with value: 0.5321849584579468 and parameters: {'epochs': 2, 'batch_size': 18, 'depth': 3, 'bidirectional': False, 'num_neurons': 291, 'drop_out': 0.2}. Best is trial 4 with value: 0.9927470684051514.
2023-09-14 00:00:38.494074: I tensorflow/core/framework/local_rendezvous.cc:405] Local rendezvous recv item cancelled. Key hash: 1635910794535703490
[I 2023-09-14 00:00:38,497] Trial 7 finished with value: 0.9845874905586243 and parameters: {'epochs': 18, 'batch_size': 9, 'depth': 2, 'bidirectional': True, 'num_neurons': 63, 'drop_out': 0.5}. Best is trial 4 with value: 0.9927470684051514.
[I 2023-09-14 00:03:26,802] Trial 8 finished with value: 0.9900271892547607 and parameters: {'epochs': 41, 'batch_size': 52, 'depth': 2, 'bidirectional': True, 'num_neurons': 177, 'drop_out': 0.1}. Best is trial 4 with value: 0.9927470684051514.
2023-09-14 00:03:33.407424: I tensorflow/core/framework/local_rendezvous.cc:405] Local rendezvous recv item cancelled. Key hash: 7326212463124053963
2023-09-14 00:06:21.917354: I tensorflow/core/framework/local_rendezvous.cc:405] Local rendezvous recv item cancelled. Key hash: 7326212463124053963
[I 2023-09-14 00:06:21,934] Trial 9 finished with value: 0.5222121477127075 and parameters: {'epochs': 76, 'batch_size': 68, 'depth': 3, 'bidirectional': False, 'num_neurons': 165, 'drop_out': 0.2}. Best is trial 4 with value: 0.9927470684051514.
2023-09-14 00:06:27.582643: I tensorflow/core/framework/local_rendezvous.cc:405] Local rendezvous recv item cancelled. Key hash: 5891829849326479779
2023-09-14 00:06:27.582712: I tensorflow/core/framework/local_rendezvous.cc:405] Local rendezvous recv item cancelled. Key hash: 3725417594732935368
[I 2023-09-14 00:07:43,573] Trial 10 finished with value: 0.9864007234573364 and parameters: {'epochs': 43, 'batch_size': 109, 'depth': 1, 'bidirectional': True, 'num_neurons': 3, 'drop_out': 0.3}. Best is trial 4 with value: 0.9927470684051514.
2023-09-14 00:07:51.942098: I tensorflow/core/framework/local_rendezvous.cc:405] Local rendezvous recv item cancelled. Key hash: 7395823909049266683
2023-09-14 00:07:51.942168: I tensorflow/core/framework/local_rendezvous.cc:405] Local rendezvous recv item cancelled. Key hash: 1635910794535703490
[I 2023-09-14 00:11:58,240] Trial 11 finished with value: 0.9909338355064392 and parameters: {'epochs': 96, 'batch_size': 90, 'depth': 2, 'bidirectional': True, 'num_neurons': 104, 'drop_out': 0.4}. Best is trial 4 with value: 0.9927470684051514.
2023-09-14 00:15:36.300604: I tensorflow/core/framework/local_rendezvous.cc:405] Local rendezvous recv item cancelled. Key hash: 1635910794535703490
[I 2023-09-14 00:15:36,316] Trial 12 finished with value: 0.9900271892547607 and parameters: {'epochs': 58, 'batch_size': 91, 'depth': 2, 'bidirectional': True, 'num_neurons': 113, 'drop_out': 0.4}. Best is trial 4 with value: 0.9927470684051514.
2023-09-14 00:15:41.992131: I tensorflow/core/framework/local_rendezvous.cc:405] Local rendezvous recv item cancelled. Key hash: 3725417594732935368
2023-09-14 00:17:09.373491: I tensorflow/core/framework/local_rendezvous.cc:405] Local rendezvous recv item cancelled. Key hash: 3725417594732935368
[I 2023-09-14 00:17:09,385] Trial 13 finished with value: 0.989120602607727 and parameters: {'epochs': 39, 'batch_size': 87, 'depth': 1, 'bidirectional': True, 'num_neurons': 115, 'drop_out': 0.4}. Best is trial 4 with value: 0.9927470684051514.
[I 2023-09-14 00:21:14,230] Trial 14 finished with value: 0.9909338355064392 and parameters: {'epochs': 54, 'batch_size': 34, 'depth': 2, 'bidirectional': True, 'num_neurons': 221, 'drop_out': 0.5}. Best is trial 4 with value: 0.9927470684051514.
2023-09-14 00:21:19.360576: I tensorflow/core/framework/local_rendezvous.cc:405] Local rendezvous recv item cancelled. Key hash: 3725417594732935368
[I 2023-09-14 00:22:26,167] Trial 15 finished with value: 0.9864007234573364 and parameters: {'epochs': 31, 'batch_size': 107, 'depth': 1, 'bidirectional': True, 'num_neurons': 127, 'drop_out': 0.3}. Best is trial 4 with value: 0.9927470684051514.
[I 2023-09-14 00:27:23,275] Trial 16 finished with value: 0.9963735342025757 and parameters: {'epochs': 68, 'batch_size': 125, 'depth': 3, 'bidirectional': True, 'num_neurons': 69, 'drop_out': 0}. Best is trial 16 with value: 0.9963735342025757.
[I 2023-09-14 00:31:03,682] Trial 17 finished with value: 0.9864007234573364 and parameters: {'epochs': 74, 'batch_size': 125, 'depth': 3, 'bidirectional': True, 'num_neurons': 17, 'drop_out': 0}. Best is trial 16 with value: 0.9963735342025757.
[I 2023-09-14 00:37:19,330] Trial 18 finished with value: 0.9963735342025757 and parameters: {'epochs': 90, 'batch_size': 107, 'depth': 3, 'bidirectional': True, 'num_neurons': 69, 'drop_out': 0}. Best is trial 16 with value: 0.9963735342025757.
[I 2023-09-14 00:44:16,773] Trial 19 finished with value: 0.9936536550521851 and parameters: {'epochs': 93, 'batch_size': 127, 'depth': 3, 'bidirectional': True, 'num_neurons': 65, 'drop_out': 0}. Best is trial 16 with value: 0.9963735342025757.
[I 2023-09-14 00:48:35,469] Trial 20 finished with value: 0.9900271892547607 and parameters: {'epochs': 86, 'batch_size': 113, 'depth': 3, 'bidirectional': True, 'num_neurons': 34, 'drop_out': 0}. Best is trial 16 with value: 0.9963735342025757.
[I 2023-09-14 00:56:08,953] Trial 21 finished with value: 0.9936536550521851 and parameters: {'epochs': 99, 'batch_size': 127, 'depth': 3, 'bidirectional': True, 'num_neurons': 75, 'drop_out': 0}. Best is trial 16 with value: 0.9963735342025757.
2023-09-14 01:03:25.192848: I tensorflow/core/framework/local_rendezvous.cc:405] Local rendezvous recv item cancelled. Key hash: 6899383274055917786
2023-09-14 01:03:25.193728: I tensorflow/core/framework/local_rendezvous.cc:405] Local rendezvous recv item cancelled. Key hash: 5632882153333651992
[I 2023-09-14 01:03:25,204] Trial 22 finished with value: 0.9918404221534729 and parameters: {'epochs': 87, 'batch_size': 116, 'depth': 3, 'bidirectional': True, 'num_neurons': 89, 'drop_out': 0}. Best is trial 16 with value: 0.9963735342025757.
[I 2023-09-14 01:07:12,620] Trial 23 finished with value: 0.9936536550521851 and parameters: {'epochs': 70, 'batch_size': 97, 'depth': 3, 'bidirectional': True, 'num_neurons': 41, 'drop_out': 0}. Best is trial 16 with value: 0.9963735342025757.
[I 2023-09-14 01:14:42,369] Trial 24 finished with value: 0.989120602607727 and parameters: {'epochs': 90, 'batch_size': 128, 'depth': 3, 'bidirectional': True, 'num_neurons': 82, 'drop_out': 0}. Best is trial 16 with value: 0.9963735342025757.
[I 2023-09-14 01:20:30,106] Trial 25 finished with value: 0.9936536550521851 and parameters: {'epochs': 78, 'batch_size': 105, 'depth': 3, 'bidirectional': True, 'num_neurons': 145, 'drop_out': 0}. Best is trial 16 with value: 0.9963735342025757.
2023-09-14 01:20:36.618267: I tensorflow/core/framework/local_rendezvous.cc:405] Local rendezvous recv item cancelled. Key hash: 7326212463124053963
[I 2023-09-14 01:23:37,347] Trial 26 finished with value: 0.9682683348655701 and parameters: {'epochs': 94, 'batch_size': 81, 'depth': 3, 'bidirectional': False, 'num_neurons': 27, 'drop_out': 0.1}. Best is trial 16 with value: 0.9963735342025757.
[I 2023-09-14 01:28:19,580] Trial 27 finished with value: 0.9900271892547607 and parameters: {'epochs': 70, 'batch_size': 116, 'depth': 3, 'bidirectional': True, 'num_neurons': 59, 'drop_out': 0.2}. Best is trial 16 with value: 0.9963735342025757.
[I 2023-09-14 01:36:45,392] Trial 28 finished with value: 0.9900271892547607 and parameters: {'epochs': 100, 'batch_size': 79, 'depth': 3, 'bidirectional': True, 'num_neurons': 93, 'drop_out': 0.3}. Best is trial 16 with value: 0.9963735342025757.
[I 2023-09-14 01:41:52,064] Trial 29 finished with value: 0.9909338355064392 and parameters: {'epochs': 62, 'batch_size': 98, 'depth': 2, 'bidirectional': True, 'num_neurons': 132, 'drop_out': 0.5}. Best is trial 16 with value: 0.9963735342025757.
[I 2023-09-14 01:45:00,487] Trial 30 finished with value: 0.9945603013038635 and parameters: {'epochs': 82, 'batch_size': 120, 'depth': 2, 'bidirectional': True, 'num_neurons': 6, 'drop_out': 0}. Best is trial 16 with value: 0.9963735342025757.
[I 2023-09-14 01:48:10,713] Trial 31 finished with value: 0.9927470684051514 and parameters: {'epochs': 82, 'batch_size': 118, 'depth': 2, 'bidirectional': True, 'num_neurons': 2, 'drop_out': 0}. Best is trial 16 with value: 0.9963735342025757.
[I 2023-09-14 01:51:49,423] Trial 32 finished with value: 0.9936536550521851 and parameters: {'epochs': 92, 'batch_size': 123, 'depth': 2, 'bidirectional': True, 'num_neurons': 46, 'drop_out': 0}. Best is trial 16 with value: 0.9963735342025757.
2023-09-14 01:51:58.428764: I tensorflow/core/framework/local_rendezvous.cc:405] Local rendezvous recv item cancelled. Key hash: 7395823909049266683
2023-09-14 01:51:58.428825: I tensorflow/core/framework/local_rendezvous.cc:405] Local rendezvous recv item cancelled. Key hash: 1635910794535703490
[I 2023-09-14 01:55:18,985] Trial 33 finished with value: 0.9909338355064392 and parameters: {'epochs': 84, 'batch_size': 112, 'depth': 2, 'bidirectional': True, 'num_neurons': 70, 'drop_out': 0}. Best is trial 16 with value: 0.9963735342025757.
[I 2023-09-14 01:59:17,347] Trial 34 finished with value: 0.9954668879508972 and parameters: {'epochs': 80, 'batch_size': 120, 'depth': 3, 'bidirectional': True, 'num_neurons': 19, 'drop_out': 0}. Best is trial 16 with value: 0.9963735342025757.
[I 2023-09-14 02:01:21,103] Trial 35 finished with value: 0.9165911078453064 and parameters: {'epochs': 68, 'batch_size': 104, 'depth': 2, 'bidirectional': False, 'num_neurons': 22, 'drop_out': 0}. Best is trial 16 with value: 0.9963735342025757.
[I 2023-09-14 02:05:16,568] Trial 36 finished with value: 0.9945603013038635 and parameters: {'epochs': 79, 'batch_size': 119, 'depth': 3, 'bidirectional': True, 'num_neurons': 14, 'drop_out': 0}. Best is trial 16 with value: 0.9963735342025757.
2023-09-14 02:07:24.215148: I tensorflow/core/framework/local_rendezvous.cc:405] Local rendezvous recv item cancelled. Key hash: 5945303952657690775
[I 2023-09-14 02:07:24,231] Trial 37 finished with value: 0.9066182971000671 and parameters: {'epochs': 62, 'batch_size': 100, 'depth': 3, 'bidirectional': False, 'num_neurons': 45, 'drop_out': 0}. Best is trial 16 with value: 0.9963735342025757.
2023-09-14 02:07:36.470619: I tensorflow/core/framework/local_rendezvous.cc:405] Local rendezvous recv item cancelled. Key hash: 6899383274055917786
[I 2023-09-14 02:11:05,258] Trial 38 finished with value: 0.9972801208496094 and parameters: {'epochs': 73, 'batch_size': 75, 'depth': 3, 'bidirectional': True, 'num_neurons': 32, 'drop_out': 0.1}. Best is trial 38 with value: 0.9972801208496094.
[I 2023-09-14 02:15:03,803] Trial 39 finished with value: 0.9918404221534729 and parameters: {'epochs': 47, 'batch_size': 58, 'depth': 3, 'bidirectional': True, 'num_neurons': 97, 'drop_out': 0.1}. Best is trial 38 with value: 0.9972801208496094.
[I 2023-09-14 02:17:30,128] Trial 40 finished with value: 0.9147778749465942 and parameters: {'epochs': 72, 'batch_size': 79, 'depth': 3, 'bidirectional': False, 'num_neurons': 33, 'drop_out': 0.1}. Best is trial 38 with value: 0.9972801208496094.
[I 2023-09-14 02:21:23,644] Trial 41 finished with value: 0.9873073697090149 and parameters: {'epochs': 78, 'batch_size': 38, 'depth': 3, 'bidirectional': True, 'num_neurons': 3, 'drop_out': 0.1}. Best is trial 38 with value: 0.9972801208496094.
[I 2023-09-14 02:25:37,036] Trial 42 finished with value: 0.9954668879508972 and parameters: {'epochs': 65, 'batch_size': 120, 'depth': 3, 'bidirectional': True, 'num_neurons': 50, 'drop_out': 0.1}. Best is trial 38 with value: 0.9972801208496094.
[I 2023-09-14 02:29:56,903] Trial 43 finished with value: 0.9963735342025757 and parameters: {'epochs': 66, 'batch_size': 62, 'depth': 3, 'bidirectional': True, 'num_neurons': 51, 'drop_out': 0.1}. Best is trial 38 with value: 0.9972801208496094.
[I 2023-09-14 02:33:22,942] Trial 44 finished with value: 0.9945603013038635 and parameters: {'epochs': 49, 'batch_size': 72, 'depth': 3, 'bidirectional': True, 'num_neurons': 58, 'drop_out': 0.1}. Best is trial 38 with value: 0.9972801208496094.
2023-09-14 02:41:16.157523: I tensorflow/core/framework/local_rendezvous.cc:405] Local rendezvous recv item cancelled. Key hash: 6899383274055917786
2023-09-14 02:41:16.175319: I tensorflow/core/framework/local_rendezvous.cc:405] Local rendezvous recv item cancelled. Key hash: 5632882153333651992
[I 2023-09-14 02:41:16,309] Trial 45 finished with value: 0.989120602607727 and parameters: {'epochs': 58, 'batch_size': 58, 'depth': 3, 'bidirectional': True, 'num_neurons': 218, 'drop_out': 0.1}. Best is trial 38 with value: 0.9972801208496094.
2023-09-14 02:50:47.387986: I tensorflow/core/framework/local_rendezvous.cc:405] Local rendezvous recv item cancelled. Key hash: 6899383274055917786
[I 2023-09-14 02:50:47,769] Trial 46 finished with value: 0.989120602607727 and parameters: {'epochs': 56, 'batch_size': 46, 'depth': 3, 'bidirectional': True, 'num_neurons': 317, 'drop_out': 0.1}. Best is trial 38 with value: 0.9972801208496094.
2023-09-14 02:55:47.634103: I tensorflow/core/framework/local_rendezvous.cc:405] Local rendezvous recv item cancelled. Key hash: 5632882153333651992
[I 2023-09-14 02:55:47,646] Trial 47 finished with value: 0.9909338355064392 and parameters: {'epochs': 66, 'batch_size': 64, 'depth': 3, 'bidirectional': True, 'num_neurons': 77, 'drop_out': 0.2}. Best is trial 38 with value: 0.9972801208496094.
2023-09-14 02:55:55.343837: I tensorflow/core/framework/local_rendezvous.cc:405] Local rendezvous recv item cancelled. Key hash: 7326212463124053963
[I 2023-09-14 02:58:46,631] Trial 48 finished with value: 0.9202175736427307 and parameters: {'epochs': 88, 'batch_size': 26, 'depth': 3, 'bidirectional': False, 'num_neurons': 28, 'drop_out': 0.4}. Best is trial 38 with value: 0.9972801208496094.
2023-09-14 02:59:00.981420: I tensorflow/core/framework/local_rendezvous.cc:405] Local rendezvous recv item cancelled. Key hash: 5632882153333651992
[I 2023-09-14 02:59:03,124] Trial 49 finished with value: 0.9709882140159607 and parameters: {'epochs': 1, 'batch_size': 86, 'depth': 3, 'bidirectional': True, 'num_neurons': 187, 'drop_out': 0.5}. Best is trial 38 with value: 0.9972801208496094.
[I 2023-09-14 03:05:11,197] Trial 50 finished with value: 0.9918404221534729 and parameters: {'epochs': 74, 'batch_size': 7, 'depth': 3, 'bidirectional': True, 'num_neurons': 103, 'drop_out': 0.3}. Best is trial 38 with value: 0.9972801208496094.
2023-09-14 03:08:27.365934: I tensorflow/core/framework/local_rendezvous.cc:405] Local rendezvous recv item cancelled. Key hash: 5632882153333651992
[I 2023-09-14 03:08:27,382] Trial 51 finished with value: 0.9963735342025757 and parameters: {'epochs': 53, 'batch_size': 110, 'depth': 3, 'bidirectional': True, 'num_neurons': 50, 'drop_out': 0.1}. Best is trial 38 with value: 0.9972801208496094.
2023-09-14 03:11:50.285564: I tensorflow/core/framework/local_rendezvous.cc:405] Local rendezvous recv item cancelled. Key hash: 6899383274055917786
[I 2023-09-14 03:11:50,296] Trial 52 finished with value: 0.9945603013038635 and parameters: {'epochs': 52, 'batch_size': 110, 'depth': 3, 'bidirectional': True, 'num_neurons': 54, 'drop_out': 0.1}. Best is trial 38 with value: 0.9972801208496094.
[I 2023-09-14 03:14:59,938] Trial 53 finished with value: 0.9945603013038635 and parameters: {'epochs': 61, 'batch_size': 72, 'depth': 3, 'bidirectional': True, 'num_neurons': 40, 'drop_out': 0.1}. Best is trial 38 with value: 0.9972801208496094.
2023-09-14 03:18:43.778454: I tensorflow/core/framework/local_rendezvous.cc:405] Local rendezvous recv item cancelled. Key hash: 6899383274055917786
2023-09-14 03:18:43.779247: I tensorflow/core/framework/local_rendezvous.cc:405] Local rendezvous recv item cancelled. Key hash: 5632882153333651992
[I 2023-09-14 03:18:43,795] Trial 54 finished with value: 0.9909338355064392 and parameters: {'epochs': 74, 'batch_size': 93, 'depth': 3, 'bidirectional': True, 'num_neurons': 17, 'drop_out': 0.1}. Best is trial 38 with value: 0.9972801208496094.
[I 2023-09-14 03:21:45,899] Trial 55 finished with value: 0.9945603013038635 and parameters: {'epochs': 45, 'batch_size': 59, 'depth': 3, 'bidirectional': True, 'num_neurons': 67, 'drop_out': 0.1}. Best is trial 38 with value: 0.9972801208496094.
2023-09-14 03:27:17.893307: I tensorflow/core/framework/local_rendezvous.cc:405] Local rendezvous recv item cancelled. Key hash: 5632882153333651992
[I 2023-09-14 03:27:17,907] Trial 56 finished with value: 0.989120602607727 and parameters: {'epochs': 67, 'batch_size': 46, 'depth': 3, 'bidirectional': True, 'num_neurons': 86, 'drop_out': 0.4}. Best is trial 38 with value: 0.9972801208496094.
[I 2023-09-14 03:29:06,418] Trial 57 finished with value: 0.9954668879508972 and parameters: {'epochs': 33, 'batch_size': 102, 'depth': 3, 'bidirectional': True, 'num_neurons': 35, 'drop_out': 0.2}. Best is trial 38 with value: 0.9972801208496094.
[I 2023-09-14 03:33:37,027] Trial 58 finished with value: 0.9954668879508972 and parameters: {'epochs': 58, 'batch_size': 110, 'depth': 3, 'bidirectional': True, 'num_neurons': 75, 'drop_out': 0.1}. Best is trial 38 with value: 0.9972801208496094.
