[I 2023-09-20 22:21:30,518] Trial 159 finished with value: 0.9682683348655701 and parameters: {'epochs': 55, 'batch_size': 40, 'depth': 2, 'lstm_units_0': 93, 'lstm_units_1': 135, 'drop_out': 0.3}. Best is trial 115 with value: 0.9954668879508972.
2023-09-20 22:21:42.088354: I tensorflow/core/framework/local_rendezvous.cc:405] Local rendezvous recv item cancelled. Key hash: 2147636091668645859
2023-09-20 22:21:42.088421: I tensorflow/core/framework/local_rendezvous.cc:405] Local rendezvous recv item cancelled. Key hash: 14652361877384035544
2023-09-20 22:22:17.416446: I tensorflow/core/framework/local_rendezvous.cc:405] Local rendezvous recv item cancelled. Key hash: 2147636091668645859
[I 2023-09-20 22:22:17,427] Trial 160 finished with value: 0.985494077205658 and parameters: {'epochs': 43, 'batch_size': 22, 'depth': 2, 'lstm_units_0': 169, 'lstm_units_1': 28, 'drop_out': 0.4}. Best is trial 115 with value: 0.9954668879508972.
2023-09-20 22:22:34.282134: I tensorflow/core/framework/local_rendezvous.cc:405] Local rendezvous recv item cancelled. Key hash: 13918036023543080942
2023-09-20 22:22:34.282209: I tensorflow/core/framework/local_rendezvous.cc:405] Local rendezvous recv item cancelled. Key hash: 13523801627682760480
2023-09-20 22:23:05.055763: I tensorflow/core/framework/local_rendezvous.cc:405] Local rendezvous recv item cancelled. Key hash: 13523801627682760480
[I 2023-09-20 22:23:05,066] Trial 161 finished with value: 0.9827742576599121 and parameters: {'epochs': 66, 'batch_size': 34, 'depth': 3, 'lstm_units_0': 171, 'lstm_units_1': 188, 'lstm_units_2': 70, 'drop_out': 0.5}. Best is trial 115 with value: 0.9954668879508972.
[I 2023-09-20 22:23:43,631] Trial 162 finished with value: 0.9700815677642822 and parameters: {'epochs': 74, 'batch_size': 33, 'depth': 3, 'lstm_units_0': 152, 'lstm_units_1': 197, 'lstm_units_2': 69, 'drop_out': 0.5}. Best is trial 115 with value: 0.9954668879508972.
2023-09-20 22:23:59.729819: I tensorflow/core/framework/local_rendezvous.cc:405] Local rendezvous recv item cancelled. Key hash: 13918036023543080942
2023-09-20 22:23:59.729887: I tensorflow/core/framework/local_rendezvous.cc:405] Local rendezvous recv item cancelled. Key hash: 13523801627682760480
[I 2023-09-20 22:24:27,275] Trial 163 finished with value: 0.9827742576599121 and parameters: {'epochs': 77, 'batch_size': 37, 'depth': 3, 'lstm_units_0': 107, 'lstm_units_1': 82, 'lstm_units_2': 52, 'drop_out': 0.5}. Best is trial 115 with value: 0.9954668879508972.
2023-09-20 22:24:40.946275: I tensorflow/core/framework/local_rendezvous.cc:405] Local rendezvous recv item cancelled. Key hash: 13523801627682760480
2023-09-20 22:24:40.946330: I tensorflow/core/framework/local_rendezvous.cc:405] Local rendezvous recv item cancelled. Key hash: 13918036023543080942
2023-09-20 22:25:08.917449: I tensorflow/core/framework/local_rendezvous.cc:405] Local rendezvous recv item cancelled. Key hash: 13918036023543080942
[I 2023-09-20 22:25:08,922] Trial 164 finished with value: 0.9610154032707214 and parameters: {'epochs': 60, 'batch_size': 42, 'depth': 3, 'lstm_units_0': 188, 'lstm_units_1': 35, 'lstm_units_2': 23, 'drop_out': 0.5}. Best is trial 115 with value: 0.9954668879508972.
2023-09-20 22:25:22.920543: I tensorflow/core/framework/local_rendezvous.cc:405] Local rendezvous recv item cancelled. Key hash: 13523801627682760480
[I 2023-09-20 22:25:45,524] Trial 165 finished with value: 0.9845874905586243 and parameters: {'epochs': 69, 'batch_size': 30, 'depth': 3, 'lstm_units_0': 159, 'lstm_units_1': 173, 'lstm_units_2': 40, 'drop_out': 0.5}. Best is trial 115 with value: 0.9954668879508972.
2023-09-20 22:26:19.524333: I tensorflow/core/framework/local_rendezvous.cc:405] Local rendezvous recv item cancelled. Key hash: 13918036023543080942
2023-09-20 22:26:19.524402: I tensorflow/core/framework/local_rendezvous.cc:405] Local rendezvous recv item cancelled. Key hash: 13523801627682760480
[I 2023-09-20 22:26:19,528] Trial 166 finished with value: 0.9728014469146729 and parameters: {'epochs': 79, 'batch_size': 25, 'depth': 3, 'lstm_units_0': 177, 'lstm_units_1': 193, 'lstm_units_2': 57, 'drop_out': 0}. Best is trial 115 with value: 0.9954668879508972.
2023-09-20 22:26:24.964734: I tensorflow/core/framework/local_rendezvous.cc:405] Local rendezvous recv item cancelled. Key hash: 16089345290376772671
2023-09-20 22:26:25.983548: I tensorflow/core/framework/local_rendezvous.cc:405] Local rendezvous recv item cancelled. Key hash: 16089345290376772671
2023-09-20 22:26:25.983626: I tensorflow/core/framework/local_rendezvous.cc:405] Local rendezvous recv item cancelled. Key hash: 14833893592832816932
[I 2023-09-20 22:26:42,674] Trial 167 finished with value: 0.9836808443069458 and parameters: {'epochs': 90, 'batch_size': 48, 'depth': 1, 'lstm_units_0': 195, 'drop_out': 0.2}. Best is trial 115 with value: 0.9954668879508972.
2023-09-20 22:26:54.181290: I tensorflow/core/framework/local_rendezvous.cc:405] Local rendezvous recv item cancelled. Key hash: 2147636091668645859
2023-09-20 22:26:54.181360: I tensorflow/core/framework/local_rendezvous.cc:405] Local rendezvous recv item cancelled. Key hash: 14652361877384035544
[I 2023-09-20 22:28:03,917] Trial 168 finished with value: 0.989120602607727 and parameters: {'epochs': 86, 'batch_size': 107, 'depth': 2, 'lstm_units_0': 127, 'lstm_units_1': 66, 'drop_out': 0.4}. Best is trial 115 with value: 0.9954668879508972.
2023-09-20 22:28:20.521635: I tensorflow/core/framework/local_rendezvous.cc:405] Local rendezvous recv item cancelled. Key hash: 13523801627682760480
2023-09-20 22:28:20.521704: I tensorflow/core/framework/local_rendezvous.cc:405] Local rendezvous recv item cancelled. Key hash: 13918036023543080942
[I 2023-09-20 22:29:23,179] Trial 169 finished with value: 0.9882139563560486 and parameters: {'epochs': 72, 'batch_size': 94, 'depth': 3, 'lstm_units_0': 146, 'lstm_units_1': 227, 'lstm_units_2': 101, 'drop_out': 0.1}. Best is trial 115 with value: 0.9954668879508972.
[I 2023-09-20 22:30:15,245] Trial 170 finished with value: 0.9818676114082336 and parameters: {'epochs': 65, 'batch_size': 36, 'depth': 2, 'lstm_units_0': 118, 'lstm_units_1': 178, 'drop_out': 0.5}. Best is trial 115 with value: 0.9954668879508972.
[I 2023-09-20 22:31:08,913] Trial 171 finished with value: 0.9845874905586243 and parameters: {'epochs': 18, 'batch_size': 108, 'depth': 2, 'lstm_units_0': 122, 'lstm_units_1': 36, 'drop_out': 0.1}. Best is trial 115 with value: 0.9954668879508972.
2023-09-20 22:31:18.457139: I tensorflow/core/framework/local_rendezvous.cc:405] Local rendezvous recv item cancelled. Key hash: 2147636091668645859
[I 2023-09-20 22:32:02,835] Trial 172 finished with value: 0.9836808443069458 and parameters: {'epochs': 83, 'batch_size': 102, 'depth': 2, 'lstm_units_0': 136, 'lstm_units_1': 9, 'drop_out': 0.1}. Best is trial 115 with value: 0.9954668879508972.
2023-09-20 22:32:12.562458: I tensorflow/core/framework/local_rendezvous.cc:405] Local rendezvous recv item cancelled. Key hash: 14652361877384035544
[I 2023-09-20 22:32:33,299] Trial 173 finished with value: 0.9782411456108093 and parameters: {'epochs': 23, 'batch_size': 105, 'depth': 2, 'lstm_units_0': 110, 'lstm_units_1': 52, 'drop_out': 0.1}. Best is trial 115 with value: 0.9954668879508972.
2023-09-20 22:33:03.498030: I tensorflow/core/framework/local_rendezvous.cc:405] Local rendezvous recv item cancelled. Key hash: 2147636091668645859
2023-09-20 22:33:03.498117: I tensorflow/core/framework/local_rendezvous.cc:405] Local rendezvous recv item cancelled. Key hash: 14652361877384035544
[I 2023-09-20 22:33:03,505] Trial 174 finished with value: 0.9755213260650635 and parameters: {'epochs': 38, 'batch_size': 113, 'depth': 2, 'lstm_units_0': 101, 'lstm_units_1': 21, 'drop_out': 0.1}. Best is trial 115 with value: 0.9954668879508972.
[I 2023-09-20 22:34:13,349] Trial 175 finished with value: 0.9882139563560486 and parameters: {'epochs': 50, 'batch_size': 109, 'depth': 2, 'lstm_units_0': 131, 'lstm_units_1': 43, 'drop_out': 0.4}. Best is trial 115 with value: 0.9954668879508972.
[I 2023-09-20 22:35:27,074] Trial 176 finished with value: 0.9845874905586243 and parameters: {'epochs': 14, 'batch_size': 116, 'depth': 2, 'lstm_units_0': 121, 'lstm_units_1': 205, 'drop_out': 0.3}. Best is trial 115 with value: 0.9954668879508972.
[I 2023-09-20 22:36:11,036] Trial 177 finished with value: 0.9845874905586243 and parameters: {'epochs': 80, 'batch_size': 98, 'depth': 2, 'lstm_units_0': 86, 'lstm_units_1': 27, 'drop_out': 0.1}. Best is trial 115 with value: 0.9954668879508972.
2023-09-20 22:36:28.001649: I tensorflow/core/framework/local_rendezvous.cc:405] Local rendezvous recv item cancelled. Key hash: 13918036023543080942
2023-09-20 22:36:28.001713: I tensorflow/core/framework/local_rendezvous.cc:405] Local rendezvous recv item cancelled. Key hash: 13523801627682760480
[I 2023-09-20 22:36:50,785] Trial 178 finished with value: 0.9728014469146729 and parameters: {'epochs': 25, 'batch_size': 28, 'depth': 3, 'lstm_units_0': 166, 'lstm_units_1': 39, 'lstm_units_2': 293, 'drop_out': 0}. Best is trial 115 with value: 0.9954668879508972.
[I 2023-09-20 22:38:21,016] Trial 179 finished with value: 0.9918404221534729 and parameters: {'epochs': 21, 'batch_size': 32, 'depth': 2, 'lstm_units_0': 140, 'lstm_units_1': 48, 'drop_out': 0.4}. Best is trial 115 with value: 0.9954668879508972.
2023-09-20 22:38:31.358596: I tensorflow/core/framework/local_rendezvous.cc:405] Local rendezvous recv item cancelled. Key hash: 2147636091668645859
2023-09-20 22:38:31.358656: I tensorflow/core/framework/local_rendezvous.cc:405] Local rendezvous recv item cancelled. Key hash: 14652361877384035544
[I 2023-09-20 22:40:00,792] Trial 180 finished with value: 0.9873073697090149 and parameters: {'epochs': 21, 'batch_size': 33, 'depth': 2, 'lstm_units_0': 151, 'lstm_units_1': 54, 'drop_out': 0.4}. Best is trial 115 with value: 0.9954668879508972.
2023-09-20 22:40:12.768052: I tensorflow/core/framework/local_rendezvous.cc:405] Local rendezvous recv item cancelled. Key hash: 2147636091668645859
2023-09-20 22:40:12.768122: I tensorflow/core/framework/local_rendezvous.cc:405] Local rendezvous recv item cancelled. Key hash: 14652361877384035544
2023-09-20 22:40:50.066503: I tensorflow/core/framework/local_rendezvous.cc:405] Local rendezvous recv item cancelled. Key hash: 2147636091668645859
2023-09-20 22:40:50.066563: I tensorflow/core/framework/local_rendezvous.cc:405] Local rendezvous recv item cancelled. Key hash: 14652361877384035544
[I 2023-09-20 22:40:50,070] Trial 181 finished with value: 0.9864007234573364 and parameters: {'epochs': 16, 'batch_size': 32, 'depth': 2, 'lstm_units_0': 138, 'lstm_units_1': 46, 'drop_out': 0.4}. Best is trial 115 with value: 0.9954668879508972.
[I 2023-09-20 22:41:50,251] Trial 182 finished with value: 0.985494077205658 and parameters: {'epochs': 21, 'batch_size': 29, 'depth': 2, 'lstm_units_0': 126, 'lstm_units_1': 60, 'drop_out': 0.4}. Best is trial 115 with value: 0.9954668879508972.
2023-09-20 22:42:15.359193: I tensorflow/core/framework/local_rendezvous.cc:405] Local rendezvous recv item cancelled. Key hash: 16089345290376772671
[I 2023-09-20 22:42:15,370] Trial 183 finished with value: 0.9764279127120972 and parameters: {'epochs': 28, 'batch_size': 70, 'depth': 1, 'lstm_units_0': 142, 'drop_out': 0.4}. Best is trial 115 with value: 0.9954668879508972.
2023-09-20 22:42:27.151694: I tensorflow/core/framework/local_rendezvous.cc:405] Local rendezvous recv item cancelled. Key hash: 2147636091668645859
2023-09-20 22:42:27.151766: I tensorflow/core/framework/local_rendezvous.cc:405] Local rendezvous recv item cancelled. Key hash: 14652361877384035544
[I 2023-09-20 22:42:43,456] Trial 184 finished with value: 0.974614679813385 and parameters: {'epochs': 25, 'batch_size': 103, 'depth': 2, 'lstm_units_0': 113, 'lstm_units_1': 65, 'drop_out': 0.4}. Best is trial 115 with value: 0.9954668879508972.
[I 2023-09-20 22:43:07,501] Trial 185 finished with value: 0.9773345589637756 and parameters: {'epochs': 31, 'batch_size': 25, 'depth': 2, 'lstm_units_0': 131, 'lstm_units_1': 50, 'drop_out': 0.3}. Best is trial 115 with value: 0.9954668879508972.
[I 2023-09-20 22:43:43,906] Trial 186 finished with value: 0.9709882140159607 and parameters: {'epochs': 58, 'batch_size': 39, 'depth': 2, 'lstm_units_0': 118, 'lstm_units_1': 70, 'drop_out': 0.4}. Best is trial 115 with value: 0.9954668879508972.
[I 2023-09-20 22:44:58,759] Trial 187 finished with value: 0.9918404221534729 and parameters: {'epochs': 18, 'batch_size': 101, 'depth': 2, 'lstm_units_0': 137, 'lstm_units_1': 33, 'drop_out': 0.5}. Best is trial 115 with value: 0.9954668879508972.
2023-09-20 22:45:09.983227: I tensorflow/core/framework/local_rendezvous.cc:405] Local rendezvous recv item cancelled. Key hash: 2147636091668645859
2023-09-20 22:45:09.983299: I tensorflow/core/framework/local_rendezvous.cc:405] Local rendezvous recv item cancelled. Key hash: 14652361877384035544
2023-09-20 22:46:03.434984: I tensorflow/core/framework/local_rendezvous.cc:405] Local rendezvous recv item cancelled. Key hash: 2147636091668645859
2023-09-20 22:46:03.435074: I tensorflow/core/framework/local_rendezvous.cc:405] Local rendezvous recv item cancelled. Key hash: 14652361877384035544
[I 2023-09-20 22:46:03,452] Trial 188 finished with value: 0.985494077205658 and parameters: {'epochs': 85, 'batch_size': 99, 'depth': 2, 'lstm_units_0': 156, 'lstm_units_1': 212, 'drop_out': 0.5}. Best is trial 115 with value: 0.9954668879508972.
[I 2023-09-20 22:46:48,488] Trial 189 finished with value: 0.9864007234573364 and parameters: {'epochs': 76, 'batch_size': 30, 'depth': 2, 'lstm_units_0': 173, 'lstm_units_1': 31, 'drop_out': 0.5}. Best is trial 115 with value: 0.9954668879508972.
[I 2023-09-20 22:48:05,811] Trial 190 finished with value: 0.9882139563560486 and parameters: {'epochs': 83, 'batch_size': 101, 'depth': 3, 'lstm_units_0': 137, 'lstm_units_1': 154, 'lstm_units_2': 15, 'drop_out': 0.5}. Best is trial 115 with value: 0.9954668879508972.
[I 2023-09-20 22:48:30,373] Trial 191 finished with value: 0.9628286361694336 and parameters: {'epochs': 18, 'batch_size': 107, 'depth': 2, 'lstm_units_0': 146, 'lstm_units_1': 39, 'drop_out': 0.5}. Best is trial 115 with value: 0.9954668879508972.
2023-09-20 22:48:41.653468: I tensorflow/core/framework/local_rendezvous.cc:405] Local rendezvous recv item cancelled. Key hash: 14652361877384035544
2023-09-20 22:49:34.467136: I tensorflow/core/framework/local_rendezvous.cc:405] Local rendezvous recv item cancelled. Key hash: 14652361877384035544
[I 2023-09-20 22:49:34,475] Trial 192 finished with value: 0.989120602607727 and parameters: {'epochs': 14, 'batch_size': 104, 'depth': 2, 'lstm_units_0': 124, 'lstm_units_1': 24, 'drop_out': 0.1}. Best is trial 115 with value: 0.9954668879508972.
2023-09-20 22:49:44.525541: I tensorflow/core/framework/local_rendezvous.cc:405] Local rendezvous recv item cancelled. Key hash: 14652361877384035544
2023-09-20 22:50:21.007446: I tensorflow/core/framework/local_rendezvous.cc:405] Local rendezvous recv item cancelled. Key hash: 2147636091668645859
2023-09-20 22:50:21.007524: I tensorflow/core/framework/local_rendezvous.cc:405] Local rendezvous recv item cancelled. Key hash: 14652361877384035544
[I 2023-09-20 22:50:21,011] Trial 193 finished with value: 0.9827742576599121 and parameters: {'epochs': 20, 'batch_size': 78, 'depth': 2, 'lstm_units_0': 129, 'lstm_units_1': 13, 'drop_out': 0.5}. Best is trial 115 with value: 0.9954668879508972.
[I 2023-09-20 22:51:35,662] Trial 194 finished with value: 0.989120602607727 and parameters: {'epochs': 22, 'batch_size': 26, 'depth': 2, 'lstm_units_0': 182, 'lstm_units_1': 185, 'drop_out': 0.4}. Best is trial 115 with value: 0.9954668879508972.
[I 2023-09-20 22:52:27,505] Trial 195 finished with value: 0.989120602607727 and parameters: {'epochs': 17, 'batch_size': 111, 'depth': 2, 'lstm_units_0': 145, 'lstm_units_1': 34, 'drop_out': 0}. Best is trial 115 with value: 0.9954668879508972.
2023-09-20 22:52:39.126814: I tensorflow/core/framework/local_rendezvous.cc:405] Local rendezvous recv item cancelled. Key hash: 2147636091668645859
2023-09-20 22:52:39.126884: I tensorflow/core/framework/local_rendezvous.cc:405] Local rendezvous recv item cancelled. Key hash: 14652361877384035544
[I 2023-09-20 22:53:10,894] Trial 196 finished with value: 0.9827742576599121 and parameters: {'epochs': 63, 'batch_size': 35, 'depth': 2, 'lstm_units_0': 53, 'lstm_units_1': 60, 'drop_out': 0.3}. Best is trial 115 with value: 0.9954668879508972.
2023-09-20 22:53:21.193217: I tensorflow/core/framework/local_rendezvous.cc:405] Local rendezvous recv item cancelled. Key hash: 14652361877384035544
2023-09-20 22:54:27.479460: I tensorflow/core/framework/local_rendezvous.cc:405] Local rendezvous recv item cancelled. Key hash: 2147636091668645859
2023-09-20 22:54:27.480056: I tensorflow/core/framework/local_rendezvous.cc:405] Local rendezvous recv item cancelled. Key hash: 14652361877384035544
[I 2023-09-20 22:54:27,488] Trial 197 finished with value: 0.9900271892547607 and parameters: {'epochs': 34, 'batch_size': 22, 'depth': 2, 'lstm_units_0': 134, 'lstm_units_1': 47, 'drop_out': 0.4}. Best is trial 115 with value: 0.9954668879508972.
[I 2023-09-20 22:55:20,101] Trial 198 finished with value: 0.9864007234573364 and parameters: {'epochs': 81, 'batch_size': 106, 'depth': 3, 'lstm_units_0': 114, 'lstm_units_1': 42, 'lstm_units_2': 241, 'drop_out': 0.5}. Best is trial 115 with value: 0.9954668879508972.
2023-09-20 22:56:02.933658: I tensorflow/core/framework/local_rendezvous.cc:405] Local rendezvous recv item cancelled. Key hash: 14652361877384035544
[I 2023-09-20 22:56:02,948] Trial 199 finished with value: 0.9809610247612 and parameters: {'epochs': 26, 'batch_size': 100, 'depth': 2, 'lstm_units_0': 203, 'lstm_units_1': 142, 'drop_out': 0.4}. Best is trial 115 with value: 0.9954668879508972.
2023-09-20 22:56:09.198841: I tensorflow/core/framework/local_rendezvous.cc:405] Local rendezvous recv item cancelled. Key hash: 16089345290376772671
2023-09-20 22:56:09.198909: I tensorflow/core/framework/local_rendezvous.cc:405] Local rendezvous recv item cancelled. Key hash: 14833893592832816932
2023-09-20 22:56:27.635350: I tensorflow/core/framework/local_rendezvous.cc:405] Local rendezvous recv item cancelled. Key hash: 16089345290376772671
[I 2023-09-20 22:56:27,639] Trial 200 finished with value: 0.9800543785095215 and parameters: {'epochs': 53, 'batch_size': 108, 'depth': 1, 'lstm_units_0': 104, 'drop_out': 0.1}. Best is trial 115 with value: 0.9954668879508972.
2023-09-20 22:57:30.854571: I tensorflow/core/framework/local_rendezvous.cc:405] Local rendezvous recv item cancelled. Key hash: 2147636091668645859
2023-09-20 22:57:30.855590: I tensorflow/core/framework/local_rendezvous.cc:405] Local rendezvous recv item cancelled. Key hash: 14652361877384035544
[I 2023-09-20 22:57:30,868] Trial 201 finished with value: 0.9864007234573364 and parameters: {'epochs': 73, 'batch_size': 30, 'depth': 2, 'lstm_units_0': 212, 'lstm_units_1': 21, 'drop_out': 0.4}. Best is trial 115 with value: 0.9954668879508972.
2023-09-20 22:57:40.891391: I tensorflow/core/framework/local_rendezvous.cc:405] Local rendezvous recv item cancelled. Key hash: 2147636091668645859
[I 2023-09-20 22:58:09,734] Trial 202 finished with value: 0.9782411456108093 and parameters: {'epochs': 76, 'batch_size': 32, 'depth': 2, 'lstm_units_0': 189, 'lstm_units_1': 36, 'drop_out': 0.4}. Best is trial 115 with value: 0.9954668879508972.
[I 2023-09-20 22:58:40,645] Trial 203 finished with value: 0.9709882140159607 and parameters: {'epochs': 71, 'batch_size': 28, 'depth': 2, 'lstm_units_0': 140, 'lstm_units_1': 53, 'drop_out': 0.4}. Best is trial 115 with value: 0.9954668879508972.
[I 2023-09-20 22:59:29,828] Trial 204 finished with value: 0.9809610247612 and parameters: {'epochs': 79, 'batch_size': 38, 'depth': 2, 'lstm_units_0': 178, 'lstm_units_1': 29, 'drop_out': 0.4}. Best is trial 115 with value: 0.9954668879508972.
2023-09-20 22:59:42.239059: I tensorflow/core/framework/local_rendezvous.cc:405] Local rendezvous recv item cancelled. Key hash: 2147636091668645859
[I 2023-09-20 23:00:27,011] Trial 205 finished with value: 0.9773345589637756 and parameters: {'epochs': 48, 'batch_size': 24, 'depth': 2, 'lstm_units_0': 199, 'lstm_units_1': 220, 'drop_out': 0.2}. Best is trial 115 with value: 0.9954668879508972.
2023-09-20 23:00:37.449987: I tensorflow/core/framework/local_rendezvous.cc:405] Local rendezvous recv item cancelled. Key hash: 2147636091668645859
2023-09-20 23:01:33.570648: I tensorflow/core/framework/local_rendezvous.cc:405] Local rendezvous recv item cancelled. Key hash: 2147636091668645859
[I 2023-09-20 23:01:33,581] Trial 206 finished with value: 0.9873073697090149 and parameters: {'epochs': 30, 'batch_size': 104, 'depth': 2, 'lstm_units_0': 192, 'lstm_units_1': 18, 'drop_out': 0}. Best is trial 115 with value: 0.9954668879508972.
[I 2023-09-20 23:02:21,236] Trial 207 finished with value: 0.9836808443069458 and parameters: {'epochs': 78, 'batch_size': 35, 'depth': 2, 'lstm_units_0': 161, 'lstm_units_1': 107, 'drop_out': 0.3}. Best is trial 115 with value: 0.9954668879508972.
2023-09-20 23:02:37.472326: I tensorflow/core/framework/local_rendezvous.cc:405] Local rendezvous recv item cancelled. Key hash: 13523801627682760480
[I 2023-09-20 23:03:34,589] Trial 208 finished with value: 0.9909338355064392 and parameters: {'epochs': 68, 'batch_size': 43, 'depth': 3, 'lstm_units_0': 122, 'lstm_units_1': 47, 'lstm_units_2': 222, 'drop_out': 0.4}. Best is trial 115 with value: 0.9954668879508972.
