[I 2023-09-14 07:54:07,627] Trial 126 finished with value: 0.9873073697090149 and parameters: {'epochs': 17, 'batch_size': 99, 'depth': 3, 'bidirectional': True, 'num_neurons': 37, 'drop_out': 0}. Best is trial 38 with value: 0.9972801208496094.
[I 2023-09-14 08:01:32,446] Trial 127 finished with value: 0.9918404221534729 and parameters: {'epochs': 88, 'batch_size': 55, 'depth': 3, 'bidirectional': True, 'num_neurons': 124, 'drop_out': 0.1}. Best is trial 38 with value: 0.9972801208496094.
[I 2023-09-14 08:05:01,452] Trial 128 finished with value: 0.9918404221534729 and parameters: {'epochs': 70, 'batch_size': 125, 'depth': 3, 'bidirectional': True, 'num_neurons': 9, 'drop_out': 0}. Best is trial 38 with value: 0.9972801208496094.
[I 2023-09-14 08:07:17,711] Trial 129 finished with value: 0.9057117104530334 and parameters: {'epochs': 66, 'batch_size': 107, 'depth': 3, 'bidirectional': False, 'num_neurons': 21, 'drop_out': 0}. Best is trial 38 with value: 0.9972801208496094.
[I 2023-09-14 08:07:46,315] Trial 130 finished with value: 0.9791477918624878 and parameters: {'epochs': 8, 'batch_size': 96, 'depth': 2, 'bidirectional': True, 'num_neurons': 13, 'drop_out': 0.5}. Best is trial 38 with value: 0.9972801208496094.
[I 2023-09-14 08:11:03,487] Trial 131 finished with value: 0.9900271892547607 and parameters: {'epochs': 47, 'batch_size': 110, 'depth': 3, 'bidirectional': True, 'num_neurons': 63, 'drop_out': 0.1}. Best is trial 38 with value: 0.9972801208496094.
2023-09-14 08:11:16.510218: I tensorflow/core/framework/local_rendezvous.cc:405] Local rendezvous recv item cancelled. Key hash: 5632882153333651992
[I 2023-09-14 08:14:22,394] Trial 132 finished with value: 0.9936536550521851 and parameters: {'epochs': 56, 'batch_size': 115, 'depth': 3, 'bidirectional': True, 'num_neurons': 44, 'drop_out': 0.1}. Best is trial 38 with value: 0.9972801208496094.
[I 2023-09-14 08:17:47,966] Trial 133 finished with value: 0.9963735342025757 and parameters: {'epochs': 50, 'batch_size': 107, 'depth': 3, 'bidirectional': True, 'num_neurons': 57, 'drop_out': 0.1}. Best is trial 38 with value: 0.9972801208496094.
[I 2023-09-14 08:24:18,082] Trial 134 finished with value: 0.9954668879508972 and parameters: {'epochs': 97, 'batch_size': 104, 'depth': 3, 'bidirectional': True, 'num_neurons': 72, 'drop_out': 0.1}. Best is trial 38 with value: 0.9972801208496094.
2023-09-14 08:26:21.954160: I tensorflow/core/framework/local_rendezvous.cc:405] Local rendezvous recv item cancelled. Key hash: 5632882153333651992
[I 2023-09-14 08:26:21,972] Trial 135 finished with value: 0.9945603013038635 and parameters: {'epochs': 38, 'batch_size': 69, 'depth': 3, 'bidirectional': True, 'num_neurons': 39, 'drop_out': 0.1}. Best is trial 38 with value: 0.9972801208496094.
[I 2023-09-14 08:29:38,088] Trial 136 finished with value: 0.9954668879508972 and parameters: {'epochs': 64, 'batch_size': 99, 'depth': 3, 'bidirectional': True, 'num_neurons': 29, 'drop_out': 0}. Best is trial 38 with value: 0.9972801208496094.
[I 2023-09-14 08:34:48,520] Trial 137 finished with value: 0.9845874905586243 and parameters: {'epochs': 34, 'batch_size': 125, 'depth': 3, 'bidirectional': True, 'num_neurons': 263, 'drop_out': 0.2}. Best is trial 38 with value: 0.9972801208496094.
[I 2023-09-14 08:39:34,800] Trial 138 finished with value: 0.9963735342025757 and parameters: {'epochs': 94, 'batch_size': 118, 'depth': 3, 'bidirectional': True, 'num_neurons': 34, 'drop_out': 0.3}. Best is trial 38 with value: 0.9972801208496094.
2023-09-14 08:41:04.718527: I tensorflow/core/framework/local_rendezvous.cc:405] Local rendezvous recv item cancelled. Key hash: 5632882153333651992
[I 2023-09-14 08:41:04,732] Trial 139 finished with value: 0.989120602607727 and parameters: {'epochs': 22, 'batch_size': 112, 'depth': 3, 'bidirectional': True, 'num_neurons': 52, 'drop_out': 0.1}. Best is trial 38 with value: 0.9972801208496094.
[I 2023-09-14 08:44:42,435] Trial 140 finished with value: 0.9963735342025757 and parameters: {'epochs': 72, 'batch_size': 84, 'depth': 3, 'bidirectional': True, 'num_neurons': 18, 'drop_out': 0}. Best is trial 38 with value: 0.9972801208496094.
2023-09-14 08:44:55.349742: I tensorflow/core/framework/local_rendezvous.cc:405] Local rendezvous recv item cancelled. Key hash: 5632882153333651992
[I 2023-09-14 08:48:55,566] Trial 141 finished with value: 0.9963735342025757 and parameters: {'epochs': 84, 'batch_size': 128, 'depth': 3, 'bidirectional': True, 'num_neurons': 7, 'drop_out': 0.1}. Best is trial 38 with value: 0.9972801208496094.
2023-09-14 08:49:08.584862: I tensorflow/core/framework/local_rendezvous.cc:405] Local rendezvous recv item cancelled. Key hash: 6899383274055917786
2023-09-14 08:49:08.584923: I tensorflow/core/framework/local_rendezvous.cc:405] Local rendezvous recv item cancelled. Key hash: 5632882153333651992
[I 2023-09-14 08:53:13,332] Trial 142 finished with value: 0.9954668879508972 and parameters: {'epochs': 86, 'batch_size': 125, 'depth': 3, 'bidirectional': True, 'num_neurons': 12, 'drop_out': 0.1}. Best is trial 38 with value: 0.9972801208496094.
[I 2023-09-14 08:57:31,162] Trial 143 finished with value: 0.9918404221534729 and parameters: {'epochs': 85, 'batch_size': 122, 'depth': 3, 'bidirectional': True, 'num_neurons': 25, 'drop_out': 0.1}. Best is trial 38 with value: 0.9972801208496094.
[I 2023-09-14 09:02:41,764] Trial 144 finished with value: 0.9945603013038635 and parameters: {'epochs': 89, 'batch_size': 102, 'depth': 3, 'bidirectional': True, 'num_neurons': 45, 'drop_out': 0.1}. Best is trial 38 with value: 0.9972801208496094.
[I 2023-09-14 09:10:10,864] Trial 145 finished with value: 0.9972801208496094 and parameters: {'epochs': 92, 'batch_size': 109, 'depth': 3, 'bidirectional': True, 'num_neurons': 171, 'drop_out': 0.1}. Best is trial 38 with value: 0.9972801208496094.
[I 2023-09-14 09:14:57,061] Trial 146 finished with value: 0.9900271892547607 and parameters: {'epochs': 93, 'batch_size': 109, 'depth': 2, 'bidirectional': True, 'num_neurons': 140, 'drop_out': 0}. Best is trial 38 with value: 0.9972801208496094.
[I 2023-09-14 09:22:35,615] Trial 147 finished with value: 0.9981867671012878 and parameters: {'epochs': 91, 'batch_size': 114, 'depth': 3, 'bidirectional': True, 'num_neurons': 178, 'drop_out': 0.1}. Best is trial 147 with value: 0.9981867671012878.
2023-09-14 09:29:54.058122: I tensorflow/core/framework/local_rendezvous.cc:405] Local rendezvous recv item cancelled. Key hash: 6899383274055917786
2023-09-14 09:29:54.058976: I tensorflow/core/framework/local_rendezvous.cc:405] Local rendezvous recv item cancelled. Key hash: 5632882153333651992
[I 2023-09-14 09:29:54,075] Trial 148 finished with value: 0.989120602607727 and parameters: {'epochs': 91, 'batch_size': 106, 'depth': 3, 'bidirectional': True, 'num_neurons': 165, 'drop_out': 0.1}. Best is trial 147 with value: 0.9981867671012878.
2023-09-14 09:30:07.825184: I tensorflow/core/framework/local_rendezvous.cc:405] Local rendezvous recv item cancelled. Key hash: 6899383274055917786
2023-09-14 09:37:34.935170: I tensorflow/core/framework/local_rendezvous.cc:405] Local rendezvous recv item cancelled. Key hash: 6899383274055917786
2023-09-14 09:37:34.936122: I tensorflow/core/framework/local_rendezvous.cc:405] Local rendezvous recv item cancelled. Key hash: 5632882153333651992
[I 2023-09-14 09:37:34,951] Trial 149 finished with value: 0.9927470684051514 and parameters: {'epochs': 95, 'batch_size': 116, 'depth': 3, 'bidirectional': True, 'num_neurons': 188, 'drop_out': 0}. Best is trial 147 with value: 0.9981867671012878.

real	610m8.351s
user	839m13.291s
sys	29m25.425s
