[I 2023-09-21 00:28:56,601] Trial 304 finished with value: 0.9900271892547607 and parameters: {'epochs': 39, 'batch_size': 66, 'depth': 2, 'lstm_units_0': 179, 'lstm_units_1': 72, 'drop_out': 0.5}. Best is trial 115 with value: 0.9954668879508972.
2023-09-21 00:29:05.802626: I tensorflow/core/framework/local_rendezvous.cc:405] Local rendezvous recv item cancelled. Key hash: 14652361877384035544
2023-09-21 00:29:07.342663: I tensorflow/core/framework/local_rendezvous.cc:405] Local rendezvous recv item cancelled. Key hash: 2147636091668645859
2023-09-21 00:29:45.255096: I tensorflow/core/framework/local_rendezvous.cc:405] Local rendezvous recv item cancelled. Key hash: 2147636091668645859
[I 2023-09-21 00:29:45,259] Trial 305 finished with value: 0.9800543785095215 and parameters: {'epochs': 33, 'batch_size': 94, 'depth': 2, 'lstm_units_0': 171, 'lstm_units_1': 91, 'drop_out': 0.5}. Best is trial 115 with value: 0.9954668879508972.
2023-09-21 00:29:58.583139: I tensorflow/core/framework/local_rendezvous.cc:405] Local rendezvous recv item cancelled. Key hash: 2147636091668645859
2023-09-21 00:29:58.583212: I tensorflow/core/framework/local_rendezvous.cc:405] Local rendezvous recv item cancelled. Key hash: 14652361877384035544
[I 2023-09-21 00:30:42,273] Trial 306 finished with value: 0.9836808443069458 and parameters: {'epochs': 30, 'batch_size': 101, 'depth': 2, 'lstm_units_0': 159, 'lstm_units_1': 302, 'drop_out': 0.5}. Best is trial 115 with value: 0.9954668879508972.
2023-09-21 00:31:06.638345: I tensorflow/core/framework/local_rendezvous.cc:405] Local rendezvous recv item cancelled. Key hash: 16089345290376772671
[I 2023-09-21 00:31:06,650] Trial 307 finished with value: 0.9773345589637756 and parameters: {'epochs': 35, 'batch_size': 97, 'depth': 1, 'lstm_units_0': 167, 'drop_out': 0.5}. Best is trial 115 with value: 0.9954668879508972.
[I 2023-09-21 00:32:02,740] Trial 308 finished with value: 0.974614679813385 and parameters: {'epochs': 58, 'batch_size': 98, 'depth': 2, 'lstm_units_0': 96, 'lstm_units_1': 67, 'drop_out': 0}. Best is trial 115 with value: 0.9954668879508972.
[I 2023-09-21 00:33:05,939] Trial 309 finished with value: 0.989120602607727 and parameters: {'epochs': 37, 'batch_size': 35, 'depth': 2, 'lstm_units_0': 59, 'lstm_units_1': 77, 'drop_out': 0.3}. Best is trial 115 with value: 0.9954668879508972.
2023-09-21 00:33:17.032528: I tensorflow/core/framework/local_rendezvous.cc:405] Local rendezvous recv item cancelled. Key hash: 2147636091668645859
2023-09-21 00:33:17.032596: I tensorflow/core/framework/local_rendezvous.cc:405] Local rendezvous recv item cancelled. Key hash: 14652361877384035544
[I 2023-09-21 00:33:53,153] Trial 310 finished with value: 0.9791477918624878 and parameters: {'epochs': 28, 'batch_size': 48, 'depth': 2, 'lstm_units_0': 283, 'lstm_units_1': 154, 'drop_out': 0.5}. Best is trial 115 with value: 0.9954668879508972.
2023-09-21 00:34:04.881318: I tensorflow/core/framework/local_rendezvous.cc:405] Local rendezvous recv item cancelled. Key hash: 2147636091668645859
[I 2023-09-21 00:34:22,369] Trial 311 finished with value: 0.9737080931663513 and parameters: {'epochs': 32, 'batch_size': 90, 'depth': 2, 'lstm_units_0': 150, 'lstm_units_1': 103, 'drop_out': 0}. Best is trial 115 with value: 0.9954668879508972.
2023-09-21 00:34:28.737261: I tensorflow/core/framework/local_rendezvous.cc:405] Local rendezvous recv item cancelled. Key hash: 16089345290376772671
2023-09-21 00:34:29.873131: I tensorflow/core/framework/local_rendezvous.cc:405] Local rendezvous recv item cancelled. Key hash: 16089345290376772671
2023-09-21 00:35:23.176740: I tensorflow/core/framework/local_rendezvous.cc:405] Local rendezvous recv item cancelled. Key hash: 16089345290376772671
2023-09-21 00:35:23.176814: I tensorflow/core/framework/local_rendezvous.cc:405] Local rendezvous recv item cancelled. Key hash: 14833893592832816932
[I 2023-09-21 00:35:23,185] Trial 312 finished with value: 0.9918404221534729 and parameters: {'epochs': 73, 'batch_size': 125, 'depth': 1, 'lstm_units_0': 90, 'drop_out': 0.5}. Best is trial 115 with value: 0.9954668879508972.
2023-09-21 00:35:29.598317: I tensorflow/core/framework/local_rendezvous.cc:405] Local rendezvous recv item cancelled. Key hash: 16089345290376772671
2023-09-21 00:35:46.259997: I tensorflow/core/framework/local_rendezvous.cc:405] Local rendezvous recv item cancelled. Key hash: 16089345290376772671
2023-09-21 00:35:46.260076: I tensorflow/core/framework/local_rendezvous.cc:405] Local rendezvous recv item cancelled. Key hash: 14833893592832816932
[I 2023-09-21 00:35:46,263] Trial 313 finished with value: 0.9782411456108093 and parameters: {'epochs': 79, 'batch_size': 121, 'depth': 1, 'lstm_units_0': 85, 'drop_out': 0.5}. Best is trial 115 with value: 0.9954668879508972.
2023-09-21 00:35:54.122588: I tensorflow/core/framework/local_rendezvous.cc:405] Local rendezvous recv item cancelled. Key hash: 16089345290376772671
2023-09-21 00:35:54.122656: I tensorflow/core/framework/local_rendezvous.cc:405] Local rendezvous recv item cancelled. Key hash: 14833893592832816932
[I 2023-09-21 00:36:25,018] Trial 314 finished with value: 0.985494077205658 and parameters: {'epochs': 75, 'batch_size': 113, 'depth': 1, 'lstm_units_0': 102, 'drop_out': 0.3}. Best is trial 115 with value: 0.9954668879508972.
[I 2023-09-21 00:36:55,260] Trial 315 finished with value: 0.9827742576599121 and parameters: {'epochs': 73, 'batch_size': 127, 'depth': 1, 'lstm_units_0': 91, 'drop_out': 0}. Best is trial 115 with value: 0.9954668879508972.
2023-09-21 00:37:02.441895: I tensorflow/core/framework/local_rendezvous.cc:405] Local rendezvous recv item cancelled. Key hash: 16089345290376772671
2023-09-21 00:37:22.691109: I tensorflow/core/framework/local_rendezvous.cc:405] Local rendezvous recv item cancelled. Key hash: 16089345290376772671
[I 2023-09-21 00:37:22,695] Trial 316 finished with value: 0.9827742576599121 and parameters: {'epochs': 82, 'batch_size': 122, 'depth': 1, 'lstm_units_0': 70, 'drop_out': 0.5}. Best is trial 115 with value: 0.9954668879508972.
2023-09-21 00:37:31.661533: I tensorflow/core/framework/local_rendezvous.cc:405] Local rendezvous recv item cancelled. Key hash: 2147636091668645859
2023-09-21 00:37:31.661589: I tensorflow/core/framework/local_rendezvous.cc:405] Local rendezvous recv item cancelled. Key hash: 14652361877384035544
2023-09-21 00:37:33.193701: I tensorflow/core/framework/local_rendezvous.cc:405] Local rendezvous recv item cancelled. Key hash: 14652361877384035544
2023-09-21 00:38:03.434425: I tensorflow/core/framework/local_rendezvous.cc:405] Local rendezvous recv item cancelled. Key hash: 14652361877384035544
[I 2023-09-21 00:38:03,438] Trial 317 finished with value: 0.9836808443069458 and parameters: {'epochs': 48, 'batch_size': 124, 'depth': 2, 'lstm_units_0': 80, 'lstm_units_1': 61, 'drop_out': 0.2}. Best is trial 115 with value: 0.9954668879508972.
[I 2023-09-21 00:38:29,652] Trial 318 finished with value: 0.9773345589637756 and parameters: {'epochs': 25, 'batch_size': 120, 'depth': 2, 'lstm_units_0': 141, 'lstm_units_1': 70, 'drop_out': 0.3}. Best is trial 115 with value: 0.9954668879508972.
[I 2023-09-21 00:39:05,259] Trial 319 finished with value: 0.9737080931663513 and parameters: {'epochs': 30, 'batch_size': 99, 'depth': 2, 'lstm_units_0': 90, 'lstm_units_1': 57, 'drop_out': 0.5}. Best is trial 115 with value: 0.9954668879508972.
2023-09-21 00:39:16.512438: I tensorflow/core/framework/local_rendezvous.cc:405] Local rendezvous recv item cancelled. Key hash: 2147636091668645859
2023-09-21 00:39:16.512507: I tensorflow/core/framework/local_rendezvous.cc:405] Local rendezvous recv item cancelled. Key hash: 14652361877384035544
2023-09-21 00:40:27.280271: I tensorflow/core/framework/local_rendezvous.cc:405] Local rendezvous recv item cancelled. Key hash: 2147636091668645859
[I 2023-09-21 00:40:27,293] Trial 320 finished with value: 0.9864007234573364 and parameters: {'epochs': 77, 'batch_size': 127, 'depth': 2, 'lstm_units_0': 72, 'lstm_units_1': 4, 'drop_out': 0}. Best is trial 115 with value: 0.9954668879508972.
2023-09-21 00:40:35.010364: I tensorflow/core/framework/local_rendezvous.cc:405] Local rendezvous recv item cancelled. Key hash: 16089345290376772671
2023-09-21 00:40:35.010427: I tensorflow/core/framework/local_rendezvous.cc:405] Local rendezvous recv item cancelled. Key hash: 14833893592832816932
2023-09-21 00:41:06.540431: I tensorflow/core/framework/local_rendezvous.cc:405] Local rendezvous recv item cancelled. Key hash: 14833893592832816932
[I 2023-09-21 00:41:06,545] Trial 321 finished with value: 0.985494077205658 and parameters: {'epochs': 72, 'batch_size': 103, 'depth': 1, 'lstm_units_0': 103, 'drop_out': 0.5}. Best is trial 115 with value: 0.9954668879508972.
2023-09-21 00:41:15.429219: I tensorflow/core/framework/local_rendezvous.cc:405] Local rendezvous recv item cancelled. Key hash: 2147636091668645859
2023-09-21 00:41:15.429276: I tensorflow/core/framework/local_rendezvous.cc:405] Local rendezvous recv item cancelled. Key hash: 14652361877384035544
[I 2023-09-21 00:41:41,351] Trial 322 finished with value: 0.9800543785095215 and parameters: {'epochs': 34, 'batch_size': 69, 'depth': 2, 'lstm_units_0': 89, 'lstm_units_1': 88, 'drop_out': 0}. Best is trial 115 with value: 0.9954668879508972.
2023-09-21 00:41:51.950357: I tensorflow/core/framework/local_rendezvous.cc:405] Local rendezvous recv item cancelled. Key hash: 2147636091668645859
2023-09-21 00:42:24.483289: I tensorflow/core/framework/local_rendezvous.cc:405] Local rendezvous recv item cancelled. Key hash: 2147636091668645859
[I 2023-09-21 00:42:24,489] Trial 323 finished with value: 0.9809610247612 and parameters: {'epochs': 80, 'batch_size': 124, 'depth': 2, 'lstm_units_0': 80, 'lstm_units_1': 82, 'drop_out': 0.3}. Best is trial 115 with value: 0.9954668879508972.
2023-09-21 00:42:30.880687: I tensorflow/core/framework/local_rendezvous.cc:405] Local rendezvous recv item cancelled. Key hash: 14833893592832816932
2023-09-21 00:42:31.966205: I tensorflow/core/framework/local_rendezvous.cc:405] Local rendezvous recv item cancelled. Key hash: 16089345290376772671
2023-09-21 00:42:31.966277: I tensorflow/core/framework/local_rendezvous.cc:405] Local rendezvous recv item cancelled. Key hash: 14833893592832816932
2023-09-21 00:42:56.570320: I tensorflow/core/framework/local_rendezvous.cc:405] Local rendezvous recv item cancelled. Key hash: 16089345290376772671
2023-09-21 00:42:56.570391: I tensorflow/core/framework/local_rendezvous.cc:405] Local rendezvous recv item cancelled. Key hash: 14833893592832816932
[I 2023-09-21 00:42:56,586] Trial 324 finished with value: 0.9800543785095215 and parameters: {'epochs': 52, 'batch_size': 28, 'depth': 1, 'lstm_units_0': 148, 'drop_out': 0.5}. Best is trial 115 with value: 0.9954668879508972.
2023-09-21 00:43:08.017163: I tensorflow/core/framework/local_rendezvous.cc:405] Local rendezvous recv item cancelled. Key hash: 2147636091668645859
2023-09-21 00:43:08.017227: I tensorflow/core/framework/local_rendezvous.cc:405] Local rendezvous recv item cancelled. Key hash: 14652361877384035544
2023-09-21 00:43:28.609985: I tensorflow/core/framework/local_rendezvous.cc:405] Local rendezvous recv item cancelled. Key hash: 2147636091668645859
2023-09-21 00:43:28.610048: I tensorflow/core/framework/local_rendezvous.cc:405] Local rendezvous recv item cancelled. Key hash: 14652361877384035544
[I 2023-09-21 00:43:28,613] Trial 325 finished with value: 0.9764279127120972 and parameters: {'epochs': 83, 'batch_size': 95, 'depth': 2, 'lstm_units_0': 94, 'lstm_units_1': 14, 'drop_out': 0}. Best is trial 115 with value: 0.9954668879508972.
[I 2023-09-21 00:44:20,214] Trial 326 finished with value: 0.9873073697090149 and parameters: {'epochs': 29, 'batch_size': 25, 'depth': 2, 'lstm_units_0': 137, 'lstm_units_1': 26, 'drop_out': 0.5}. Best is trial 115 with value: 0.9954668879508972.
2023-09-21 00:44:29.819231: I tensorflow/core/framework/local_rendezvous.cc:405] Local rendezvous recv item cancelled. Key hash: 2147636091668645859
2023-09-21 00:44:29.819292: I tensorflow/core/framework/local_rendezvous.cc:405] Local rendezvous recv item cancelled. Key hash: 14652361877384035544
[I 2023-09-21 00:44:55,726] Trial 327 finished with value: 0.9755213260650635 and parameters: {'epochs': 41, 'batch_size': 104, 'depth': 2, 'lstm_units_0': 67, 'lstm_units_1': 251, 'drop_out': 0.3}. Best is trial 115 with value: 0.9954668879508972.
2023-09-21 00:45:03.261083: I tensorflow/core/framework/local_rendezvous.cc:405] Local rendezvous recv item cancelled. Key hash: 16089345290376772671
2023-09-21 00:45:03.261149: I tensorflow/core/framework/local_rendezvous.cc:405] Local rendezvous recv item cancelled. Key hash: 14833893592832816932
2023-09-21 00:45:22.338494: I tensorflow/core/framework/local_rendezvous.cc:405] Local rendezvous recv item cancelled. Key hash: 16089345290376772671
2023-09-21 00:45:22.338563: I tensorflow/core/framework/local_rendezvous.cc:405] Local rendezvous recv item cancelled. Key hash: 14833893592832816932
[I 2023-09-21 00:45:22,346] Trial 328 finished with value: 0.9737080931663513 and parameters: {'epochs': 77, 'batch_size': 22, 'depth': 1, 'lstm_units_0': 2, 'drop_out': 0.4}. Best is trial 115 with value: 0.9954668879508972.
[I 2023-09-21 00:46:21,215] Trial 329 finished with value: 0.9900271892547607 and parameters: {'epochs': 81, 'batch_size': 100, 'depth': 2, 'lstm_units_0': 100, 'lstm_units_1': 66, 'drop_out': 0}. Best is trial 115 with value: 0.9954668879508972.
[I 2023-09-21 00:46:53,226] Trial 330 finished with value: 0.9764279127120972 and parameters: {'epochs': 27, 'batch_size': 97, 'depth': 2, 'lstm_units_0': 143, 'lstm_units_1': 52, 'drop_out': 0.5}. Best is trial 115 with value: 0.9954668879508972.
2023-09-21 00:47:03.024984: I tensorflow/core/framework/local_rendezvous.cc:405] Local rendezvous recv item cancelled. Key hash: 2147636091668645859
2023-09-21 00:47:03.025046: I tensorflow/core/framework/local_rendezvous.cc:405] Local rendezvous recv item cancelled. Key hash: 14652361877384035544
2023-09-21 00:47:04.565480: I tensorflow/core/framework/local_rendezvous.cc:405] Local rendezvous recv item cancelled. Key hash: 2147636091668645859
2023-09-21 00:47:04.565539: I tensorflow/core/framework/local_rendezvous.cc:405] Local rendezvous recv item cancelled. Key hash: 14652361877384035544
[I 2023-09-21 00:47:51,280] Trial 331 finished with value: 0.9873073697090149 and parameters: {'epochs': 13, 'batch_size': 10, 'depth': 2, 'lstm_units_0': 162, 'lstm_units_1': 10, 'drop_out': 0.4}. Best is trial 115 with value: 0.9954668879508972.
2023-09-21 00:48:21.034411: I tensorflow/core/framework/local_rendezvous.cc:405] Local rendezvous recv item cancelled. Key hash: 2147636091668645859
[I 2023-09-21 00:48:21,038] Trial 332 finished with value: 0.9791477918624878 and parameters: {'epochs': 36, 'batch_size': 62, 'depth': 2, 'lstm_units_0': 108, 'lstm_units_1': 126, 'drop_out': 0.3}. Best is trial 115 with value: 0.9954668879508972.
2023-09-21 00:48:28.673323: I tensorflow/core/framework/local_rendezvous.cc:405] Local rendezvous recv item cancelled. Key hash: 14833893592832816932
2023-09-21 00:48:44.503966: I tensorflow/core/framework/local_rendezvous.cc:405] Local rendezvous recv item cancelled. Key hash: 14833893592832816932
[I 2023-09-21 00:48:44,507] Trial 333 finished with value: 0.9791477918624878 and parameters: {'epochs': 74, 'batch_size': 30, 'depth': 1, 'lstm_units_0': 85, 'drop_out': 0.4}. Best is trial 115 with value: 0.9954668879508972.
[I 2023-09-21 00:49:28,414] Trial 334 finished with value: 0.9782411456108093 and parameters: {'epochs': 60, 'batch_size': 119, 'depth': 2, 'lstm_units_0': 75, 'lstm_units_1': 234, 'drop_out': 0}. Best is trial 115 with value: 0.9954668879508972.
2023-09-21 00:49:37.308133: I tensorflow/core/framework/local_rendezvous.cc:405] Local rendezvous recv item cancelled. Key hash: 2147636091668645859
2023-09-21 00:49:37.308194: I tensorflow/core/framework/local_rendezvous.cc:405] Local rendezvous recv item cancelled. Key hash: 14652361877384035544
2023-09-21 00:50:18.437224: I tensorflow/core/framework/local_rendezvous.cc:405] Local rendezvous recv item cancelled. Key hash: 2147636091668645859
2023-09-21 00:50:18.437291: I tensorflow/core/framework/local_rendezvous.cc:405] Local rendezvous recv item cancelled. Key hash: 14652361877384035544
[I 2023-09-21 00:50:18,445] Trial 335 finished with value: 0.9864007234573364 and parameters: {'epochs': 23, 'batch_size': 53, 'depth': 2, 'lstm_units_0': 48, 'lstm_units_1': 34, 'drop_out': 0.5}. Best is trial 115 with value: 0.9954668879508972.
2023-09-21 00:50:25.041072: I tensorflow/core/framework/local_rendezvous.cc:405] Local rendezvous recv item cancelled. Key hash: 16089345290376772671
2023-09-21 00:50:26.111121: I tensorflow/core/framework/local_rendezvous.cc:405] Local rendezvous recv item cancelled. Key hash: 16089345290376772671
2023-09-21 00:50:26.111180: I tensorflow/core/framework/local_rendezvous.cc:405] Local rendezvous recv item cancelled. Key hash: 14833893592832816932
[I 2023-09-21 00:50:45,001] Trial 336 finished with value: 0.9791477918624878 and parameters: {'epochs': 45, 'batch_size': 56, 'depth': 1, 'lstm_units_0': 135, 'drop_out': 0.2}. Best is trial 115 with value: 0.9954668879508972.
2023-09-21 00:51:40.688809: I tensorflow/core/framework/local_rendezvous.cc:405] Local rendezvous recv item cancelled. Key hash: 2147636091668645859
[I 2023-09-21 00:51:40,698] Trial 337 finished with value: 0.9836808443069458 and parameters: {'epochs': 84, 'batch_size': 102, 'depth': 2, 'lstm_units_0': 97, 'lstm_units_1': 149, 'drop_out': 0.4}. Best is trial 115 with value: 0.9954668879508972.
2023-09-21 00:51:49.894498: I tensorflow/core/framework/local_rendezvous.cc:405] Local rendezvous recv item cancelled. Key hash: 2147636091668645859
2023-09-21 00:51:49.894560: I tensorflow/core/framework/local_rendezvous.cc:405] Local rendezvous recv item cancelled. Key hash: 14652361877384035544
[I 2023-09-21 00:52:21,239] Trial 338 finished with value: 0.9800543785095215 and parameters: {'epochs': 31, 'batch_size': 107, 'depth': 2, 'lstm_units_0': 239, 'lstm_units_1': 60, 'drop_out': 0}. Best is trial 115 with value: 0.9954668879508972.
2023-09-21 00:53:14.858592: I tensorflow/core/framework/local_rendezvous.cc:405] Local rendezvous recv item cancelled. Key hash: 2147636091668645859
[I 2023-09-21 00:53:14,871] Trial 339 finished with value: 0.9873073697090149 and parameters: {'epochs': 79, 'batch_size': 16, 'depth': 2, 'lstm_units_0': 154, 'lstm_units_1': 22, 'drop_out': 0.4}. Best is trial 115 with value: 0.9954668879508972.
2023-09-21 00:53:22.504759: I tensorflow/core/framework/local_rendezvous.cc:405] Local rendezvous recv item cancelled. Key hash: 16089345290376772671
2023-09-21 00:53:22.504837: I tensorflow/core/framework/local_rendezvous.cc:405] Local rendezvous recv item cancelled. Key hash: 14833893592832816932
2023-09-21 00:53:42.224761: I tensorflow/core/framework/local_rendezvous.cc:405] Local rendezvous recv item cancelled. Key hash: 16089345290376772671
[I 2023-09-21 00:53:42,229] Trial 340 finished with value: 0.9818676114082336 and parameters: {'epochs': 39, 'batch_size': 105, 'depth': 1, 'lstm_units_0': 178, 'drop_out': 0.5}. Best is trial 115 with value: 0.9954668879508972.
[I 2023-09-21 00:54:52,116] Trial 341 finished with value: 0.9909338355064392 and parameters: {'epochs': 64, 'batch_size': 125, 'depth': 2, 'lstm_units_0': 147, 'lstm_units_1': 40, 'drop_out': 0.3}. Best is trial 115 with value: 0.9954668879508972.
2023-09-21 00:55:02.630832: I tensorflow/core/framework/local_rendezvous.cc:405] Local rendezvous recv item cancelled. Key hash: 2147636091668645859
[I 2023-09-21 00:55:30,557] Trial 342 finished with value: 0.9818676114082336 and parameters: {'epochs': 71, 'batch_size': 50, 'depth': 2, 'lstm_units_0': 135, 'lstm_units_1': 48, 'drop_out': 0.4}. Best is trial 115 with value: 0.9954668879508972.
[I 2023-09-21 00:56:23,483] Trial 343 finished with value: 0.9836808443069458 and parameters: {'epochs': 33, 'batch_size': 92, 'depth': 2, 'lstm_units_0': 114, 'lstm_units_1': 53, 'drop_out': 0.5}. Best is trial 115 with value: 0.9954668879508972.
2023-09-21 00:56:31.391835: I tensorflow/core/framework/local_rendezvous.cc:405] Local rendezvous recv item cancelled. Key hash: 14833893592832816932
2023-09-21 00:57:02.528777: I tensorflow/core/framework/local_rendezvous.cc:405] Local rendezvous recv item cancelled. Key hash: 14833893592832816932
[I 2023-09-21 00:57:02,532] Trial 344 finished with value: 0.9836808443069458 and parameters: {'epochs': 55, 'batch_size': 114, 'depth': 1, 'lstm_units_0': 131, 'drop_out': 0}. Best is trial 115 with value: 0.9954668879508972.
[I 2023-09-21 00:57:53,873] Trial 345 finished with value: 0.9836808443069458 and parameters: {'epochs': 26, 'batch_size': 26, 'depth': 2, 'lstm_units_0': 63, 'lstm_units_1': 29, 'drop_out': 0.4}. Best is trial 115 with value: 0.9954668879508972.
2023-09-21 00:58:03.048553: I tensorflow/core/framework/local_rendezvous.cc:405] Local rendezvous recv item cancelled. Key hash: 2147636091668645859
2023-09-21 00:58:03.048616: I tensorflow/core/framework/local_rendezvous.cc:405] Local rendezvous recv item cancelled. Key hash: 14652361877384035544
2023-09-21 00:58:04.604525: I tensorflow/core/framework/local_rendezvous.cc:405] Local rendezvous recv item cancelled. Key hash: 2147636091668645859
2023-09-21 00:58:04.604593: I tensorflow/core/framework/local_rendezvous.cc:405] Local rendezvous recv item cancelled. Key hash: 14652361877384035544
[I 2023-09-21 00:58:28,987] Trial 346 finished with value: 0.9809610247612 and parameters: {'epochs': 75, 'batch_size': 19, 'depth': 2, 'lstm_units_0': 140, 'lstm_units_1': 77, 'drop_out': 0.5}. Best is trial 115 with value: 0.9954668879508972.
