[I 2023-09-20 23:04:52,779] Trial 209 finished with value: 0.989120602607727 and parameters: {'epochs': 67, 'batch_size': 46, 'depth': 3, 'lstm_units_0': 122, 'lstm_units_1': 56, 'lstm_units_2': 176, 'drop_out': 0.4}. Best is trial 115 with value: 0.9954668879508972.
2023-09-20 23:05:09.090017: I tensorflow/core/framework/local_rendezvous.cc:405] Local rendezvous recv item cancelled. Key hash: 13918036023543080942
2023-09-20 23:05:09.090109: I tensorflow/core/framework/local_rendezvous.cc:405] Local rendezvous recv item cancelled. Key hash: 13523801627682760480
2023-09-20 23:05:39.179450: I tensorflow/core/framework/local_rendezvous.cc:405] Local rendezvous recv item cancelled. Key hash: 13523801627682760480
[I 2023-09-20 23:05:39,183] Trial 210 finished with value: 0.9818676114082336 and parameters: {'epochs': 70, 'batch_size': 49, 'depth': 3, 'lstm_units_0': 130, 'lstm_units_1': 76, 'lstm_units_2': 212, 'drop_out': 0.5}. Best is trial 115 with value: 0.9954668879508972.
[I 2023-09-20 23:06:45,002] Trial 211 finished with value: 0.9836808443069458 and parameters: {'epochs': 73, 'batch_size': 45, 'depth': 3, 'lstm_units_0': 119, 'lstm_units_1': 46, 'lstm_units_2': 189, 'drop_out': 0.4}. Best is trial 115 with value: 0.9954668879508972.
2023-09-20 23:07:59.830056: I tensorflow/core/framework/local_rendezvous.cc:405] Local rendezvous recv item cancelled. Key hash: 13918036023543080942
2023-09-20 23:07:59.830556: I tensorflow/core/framework/local_rendezvous.cc:405] Local rendezvous recv item cancelled. Key hash: 13523801627682760480
[I 2023-09-20 23:07:59,834] Trial 212 finished with value: 0.9827742576599121 and parameters: {'epochs': 74, 'batch_size': 27, 'depth': 3, 'lstm_units_0': 134, 'lstm_units_1': 162, 'lstm_units_2': 224, 'drop_out': 0.4}. Best is trial 115 with value: 0.9954668879508972.
2023-09-20 23:08:13.486226: I tensorflow/core/framework/local_rendezvous.cc:405] Local rendezvous recv item cancelled. Key hash: 13918036023543080942
2023-09-20 23:08:15.623154: I tensorflow/core/framework/local_rendezvous.cc:405] Local rendezvous recv item cancelled. Key hash: 13918036023543080942
2023-09-20 23:08:15.623221: I tensorflow/core/framework/local_rendezvous.cc:405] Local rendezvous recv item cancelled. Key hash: 13523801627682760480
[I 2023-09-20 23:08:48,282] Trial 213 finished with value: 0.9728014469146729 and parameters: {'epochs': 68, 'batch_size': 43, 'depth': 3, 'lstm_units_0': 126, 'lstm_units_1': 4, 'lstm_units_2': 150, 'drop_out': 0.4}. Best is trial 115 with value: 0.9954668879508972.
2023-09-20 23:08:54.431659: I tensorflow/core/framework/local_rendezvous.cc:405] Local rendezvous recv item cancelled. Key hash: 14833893592832816932
2023-09-20 23:09:30.293879: I tensorflow/core/framework/local_rendezvous.cc:405] Local rendezvous recv item cancelled. Key hash: 14833893592832816932
[I 2023-09-20 23:09:30,307] Trial 214 finished with value: 0.9864007234573364 and parameters: {'epochs': 46, 'batch_size': 32, 'depth': 1, 'lstm_units_0': 109, 'drop_out': 0.4}. Best is trial 115 with value: 0.9954668879508972.
[I 2023-09-20 23:11:05,346] Trial 215 finished with value: 0.9918404221534729 and parameters: {'epochs': 19, 'batch_size': 20, 'depth': 3, 'lstm_units_0': 91, 'lstm_units_1': 33, 'lstm_units_2': 256, 'drop_out': 0.4}. Best is trial 115 with value: 0.9954668879508972.
[I 2023-09-20 23:11:49,390] Trial 216 finished with value: 0.9809610247612 and parameters: {'epochs': 24, 'batch_size': 12, 'depth': 3, 'lstm_units_0': 90, 'lstm_units_1': 41, 'lstm_units_2': 298, 'drop_out': 0.1}. Best is trial 115 with value: 0.9954668879508972.
2023-09-20 23:12:47.014535: I tensorflow/core/framework/local_rendezvous.cc:405] Local rendezvous recv item cancelled. Key hash: 13523801627682760480
2023-09-20 23:12:47.014619: I tensorflow/core/framework/local_rendezvous.cc:405] Local rendezvous recv item cancelled. Key hash: 13918036023543080942
[I 2023-09-20 23:12:47,019] Trial 217 finished with value: 0.9827742576599121 and parameters: {'epochs': 16, 'batch_size': 18, 'depth': 3, 'lstm_units_0': 96, 'lstm_units_1': 35, 'lstm_units_2': 270, 'drop_out': 0.4}. Best is trial 115 with value: 0.9954668879508972.
[I 2023-09-20 23:13:44,950] Trial 218 finished with value: 0.989120602607727 and parameters: {'epochs': 13, 'batch_size': 102, 'depth': 3, 'lstm_units_0': 82, 'lstm_units_1': 49, 'lstm_units_2': 254, 'drop_out': 0.3}. Best is trial 115 with value: 0.9954668879508972.
[I 2023-09-20 23:14:52,273] Trial 219 finished with value: 0.989120602607727 and parameters: {'epochs': 19, 'batch_size': 55, 'depth': 3, 'lstm_units_0': 152, 'lstm_units_1': 66, 'lstm_units_2': 224, 'drop_out': 0.4}. Best is trial 115 with value: 0.9954668879508972.
[I 2023-09-20 23:16:46,119] Trial 220 finished with value: 0.9818676114082336 and parameters: {'epochs': 22, 'batch_size': 21, 'depth': 3, 'lstm_units_0': 311, 'lstm_units_1': 58, 'lstm_units_2': 305, 'drop_out': 0.5}. Best is trial 115 with value: 0.9954668879508972.
[I 2023-09-20 23:18:17,513] Trial 221 finished with value: 0.9882139563560486 and parameters: {'epochs': 35, 'batch_size': 27, 'depth': 3, 'lstm_units_0': 74, 'lstm_units_1': 24, 'lstm_units_2': 256, 'drop_out': 0.4}. Best is trial 115 with value: 0.9954668879508972.
2023-09-20 23:18:31.121490: I tensorflow/core/framework/local_rendezvous.cc:405] Local rendezvous recv item cancelled. Key hash: 13918036023543080942
2023-09-20 23:18:31.121544: I tensorflow/core/framework/local_rendezvous.cc:405] Local rendezvous recv item cancelled. Key hash: 13523801627682760480
[I 2023-09-20 23:18:54,596] Trial 222 finished with value: 0.9737080931663513 and parameters: {'epochs': 5, 'batch_size': 30, 'depth': 3, 'lstm_units_0': 99, 'lstm_units_1': 28, 'lstm_units_2': 128, 'drop_out': 0.4}. Best is trial 115 with value: 0.9954668879508972.
2023-09-20 23:19:00.896453: I tensorflow/core/framework/local_rendezvous.cc:405] Local rendezvous recv item cancelled. Key hash: 16089345290376772671
2023-09-20 23:19:00.896521: I tensorflow/core/framework/local_rendezvous.cc:405] Local rendezvous recv item cancelled. Key hash: 14833893592832816932
[I 2023-09-20 23:19:27,095] Trial 223 finished with value: 0.985494077205658 and parameters: {'epochs': 19, 'batch_size': 110, 'depth': 1, 'lstm_units_0': 116, 'drop_out': 0.4}. Best is trial 115 with value: 0.9954668879508972.
[I 2023-09-20 23:20:15,543] Trial 224 finished with value: 0.9755213260650635 and parameters: {'epochs': 82, 'batch_size': 15, 'depth': 3, 'lstm_units_0': 144, 'lstm_units_1': 33, 'lstm_units_2': 266, 'drop_out': 0.4}. Best is trial 115 with value: 0.9954668879508972.
2023-09-20 23:20:25.595724: I tensorflow/core/framework/local_rendezvous.cc:405] Local rendezvous recv item cancelled. Key hash: 2147636091668645859
[I 2023-09-20 23:21:07,613] Trial 225 finished with value: 0.9873073697090149 and parameters: {'epochs': 68, 'batch_size': 25, 'depth': 2, 'lstm_units_0': 137, 'lstm_units_1': 43, 'drop_out': 0}. Best is trial 115 with value: 0.9954668879508972.
2023-09-20 23:21:24.924058: I tensorflow/core/framework/local_rendezvous.cc:405] Local rendezvous recv item cancelled. Key hash: 13523801627682760480
[I 2023-09-20 23:22:17,440] Trial 226 finished with value: 0.9800543785095215 and parameters: {'epochs': 65, 'batch_size': 33, 'depth': 3, 'lstm_units_0': 123, 'lstm_units_1': 121, 'lstm_units_2': 289, 'drop_out': 0.4}. Best is trial 115 with value: 0.9954668879508972.
2023-09-20 23:22:29.167152: I tensorflow/core/framework/local_rendezvous.cc:405] Local rendezvous recv item cancelled. Key hash: 2147636091668645859
2023-09-20 23:22:29.167233: I tensorflow/core/framework/local_rendezvous.cc:405] Local rendezvous recv item cancelled. Key hash: 14652361877384035544
[I 2023-09-20 23:23:13,347] Trial 227 finished with value: 0.989120602607727 and parameters: {'epochs': 28, 'batch_size': 23, 'depth': 2, 'lstm_units_0': 170, 'lstm_units_1': 97, 'drop_out': 0.1}. Best is trial 115 with value: 0.9954668879508972.
2023-09-20 23:23:23.472083: I tensorflow/core/framework/local_rendezvous.cc:405] Local rendezvous recv item cancelled. Key hash: 2147636091668645859
2023-09-20 23:23:23.472141: I tensorflow/core/framework/local_rendezvous.cc:405] Local rendezvous recv item cancelled. Key hash: 14652361877384035544
2023-09-20 23:23:57.872477: I tensorflow/core/framework/local_rendezvous.cc:405] Local rendezvous recv item cancelled. Key hash: 2147636091668645859
[I 2023-09-20 23:23:57,876] Trial 228 finished with value: 0.9818676114082336 and parameters: {'epochs': 76, 'batch_size': 41, 'depth': 2, 'lstm_units_0': 69, 'lstm_units_1': 169, 'drop_out': 0.4}. Best is trial 115 with value: 0.9954668879508972.
2023-09-20 23:24:03.085789: I tensorflow/core/framework/local_rendezvous.cc:405] Local rendezvous recv item cancelled. Key hash: 16089345290376772671
2023-09-20 23:24:03.085852: I tensorflow/core/framework/local_rendezvous.cc:405] Local rendezvous recv item cancelled. Key hash: 14833893592832816932
2023-09-20 23:24:04.901248: I tensorflow/core/framework/local_rendezvous.cc:405] Local rendezvous recv item cancelled. Key hash: 16089345290376772671
[I 2023-09-20 23:24:32,470] Trial 229 finished with value: 0.9864007234573364 and parameters: {'epochs': 33, 'batch_size': 106, 'depth': 1, 'lstm_units_0': 88, 'drop_out': 0.3}. Best is trial 115 with value: 0.9954668879508972.
2023-09-20 23:25:53.259566: I tensorflow/core/framework/local_rendezvous.cc:405] Local rendezvous recv item cancelled. Key hash: 13523801627682760480
[I 2023-09-20 23:25:53,271] Trial 230 finished with value: 0.985494077205658 and parameters: {'epochs': 70, 'batch_size': 38, 'depth': 3, 'lstm_units_0': 108, 'lstm_units_1': 50, 'lstm_units_2': 319, 'drop_out': 0.5}. Best is trial 115 with value: 0.9954668879508972.
[I 2023-09-20 23:27:13,811] Trial 231 finished with value: 0.9900271892547607 and parameters: {'epochs': 82, 'batch_size': 95, 'depth': 2, 'lstm_units_0': 133, 'lstm_units_1': 191, 'drop_out': 0.4}. Best is trial 115 with value: 0.9954668879508972.
2023-09-20 23:27:26.020032: I tensorflow/core/framework/local_rendezvous.cc:405] Local rendezvous recv item cancelled. Key hash: 14652361877384035544
[I 2023-09-20 23:27:54,244] Trial 232 finished with value: 0.9800543785095215 and parameters: {'epochs': 84, 'batch_size': 99, 'depth': 2, 'lstm_units_0': 139, 'lstm_units_1': 199, 'drop_out': 0.4}. Best is trial 115 with value: 0.9954668879508972.
2023-09-20 23:28:03.891530: I tensorflow/core/framework/local_rendezvous.cc:405] Local rendezvous recv item cancelled. Key hash: 2147636091668645859
2023-09-20 23:28:05.465139: I tensorflow/core/framework/local_rendezvous.cc:405] Local rendezvous recv item cancelled. Key hash: 2147636091668645859
2023-09-20 23:28:28.981754: I tensorflow/core/framework/local_rendezvous.cc:405] Local rendezvous recv item cancelled. Key hash: 2147636091668645859
[I 2023-09-20 23:28:28,991] Trial 233 finished with value: 0.9782411456108093 and parameters: {'epochs': 80, 'batch_size': 93, 'depth': 2, 'lstm_units_0': 149, 'lstm_units_1': 181, 'drop_out': 0.4}. Best is trial 115 with value: 0.9954668879508972.
[I 2023-09-20 23:29:30,604] Trial 234 finished with value: 0.9909338355064392 and parameters: {'epochs': 86, 'batch_size': 101, 'depth': 2, 'lstm_units_0': 127, 'lstm_units_1': 210, 'drop_out': 0.4}. Best is trial 115 with value: 0.9954668879508972.
2023-09-20 23:29:42.678032: I tensorflow/core/framework/local_rendezvous.cc:405] Local rendezvous recv item cancelled. Key hash: 14652361877384035544
2023-09-20 23:30:15.932540: I tensorflow/core/framework/local_rendezvous.cc:405] Local rendezvous recv item cancelled. Key hash: 14652361877384035544
[I 2023-09-20 23:30:15,936] Trial 235 finished with value: 0.9773345589637756 and parameters: {'epochs': 87, 'batch_size': 102, 'depth': 2, 'lstm_units_0': 128, 'lstm_units_1': 217, 'drop_out': 0.4}. Best is trial 115 with value: 0.9954668879508972.
2023-09-20 23:30:28.202221: I tensorflow/core/framework/local_rendezvous.cc:405] Local rendezvous recv item cancelled. Key hash: 2147636091668645859
[I 2023-09-20 23:31:11,654] Trial 236 finished with value: 0.9845874905586243 and parameters: {'epochs': 89, 'batch_size': 104, 'depth': 2, 'lstm_units_0': 121, 'lstm_units_1': 232, 'drop_out': 0.4}. Best is trial 115 with value: 0.9954668879508972.
[I 2023-09-20 23:31:54,155] Trial 237 finished with value: 0.9782411456108093 and parameters: {'epochs': 86, 'batch_size': 97, 'depth': 2, 'lstm_units_0': 116, 'lstm_units_1': 210, 'drop_out': 0}. Best is trial 115 with value: 0.9954668879508972.
[I 2023-09-20 23:32:48,057] Trial 238 finished with value: 0.9845874905586243 and parameters: {'epochs': 61, 'batch_size': 109, 'depth': 2, 'lstm_units_0': 125, 'lstm_units_1': 38, 'drop_out': 0.1}. Best is trial 115 with value: 0.9954668879508972.
[I 2023-09-20 23:33:32,485] Trial 239 finished with value: 0.9773345589637756 and parameters: {'epochs': 20, 'batch_size': 101, 'depth': 2, 'lstm_units_0': 80, 'lstm_units_1': 203, 'drop_out': 0.4}. Best is trial 115 with value: 0.9954668879508972.
[I 2023-09-20 23:34:28,816] Trial 240 finished with value: 0.9864007234573364 and parameters: {'epochs': 16, 'batch_size': 29, 'depth': 2, 'lstm_units_0': 208, 'lstm_units_1': 30, 'drop_out': 0.5}. Best is trial 115 with value: 0.9954668879508972.
2023-09-20 23:34:39.925023: I tensorflow/core/framework/local_rendezvous.cc:405] Local rendezvous recv item cancelled. Key hash: 2147636091668645859
2023-09-20 23:35:04.686966: I tensorflow/core/framework/local_rendezvous.cc:405] Local rendezvous recv item cancelled. Key hash: 2147636091668645859
[I 2023-09-20 23:35:04,691] Trial 241 finished with value: 0.9764279127120972 and parameters: {'epochs': 84, 'batch_size': 98, 'depth': 2, 'lstm_units_0': 132, 'lstm_units_1': 200, 'drop_out': 0.4}. Best is trial 115 with value: 0.9954668879508972.
2023-09-20 23:35:16.922976: I tensorflow/core/framework/local_rendezvous.cc:405] Local rendezvous recv item cancelled. Key hash: 2147636091668645859
2023-09-20 23:35:16.923054: I tensorflow/core/framework/local_rendezvous.cc:405] Local rendezvous recv item cancelled. Key hash: 14652361877384035544
2023-09-20 23:36:16.569109: I tensorflow/core/framework/local_rendezvous.cc:405] Local rendezvous recv item cancelled. Key hash: 2147636091668645859
2023-09-20 23:36:16.569173: I tensorflow/core/framework/local_rendezvous.cc:405] Local rendezvous recv item cancelled. Key hash: 14652361877384035544
[I 2023-09-20 23:36:16,578] Trial 242 finished with value: 0.9900271892547607 and parameters: {'epochs': 78, 'batch_size': 105, 'depth': 2, 'lstm_units_0': 142, 'lstm_units_1': 207, 'drop_out': 0.4}. Best is trial 115 with value: 0.9954668879508972.
[I 2023-09-20 23:36:57,377] Trial 243 finished with value: 0.9782411456108093 and parameters: {'epochs': 51, 'batch_size': 35, 'depth': 2, 'lstm_units_0': 137, 'lstm_units_1': 185, 'drop_out': 0.4}. Best is trial 115 with value: 0.9954668879508972.
[I 2023-09-20 23:37:45,964] Trial 244 finished with value: 0.9528558254241943 and parameters: {'epochs': 80, 'batch_size': 100, 'depth': 2, 'lstm_units_0': 130, 'lstm_units_1': 225, 'drop_out': 0.4}. Best is trial 115 with value: 0.9954668879508972.
[I 2023-09-20 23:39:12,226] Trial 245 finished with value: 0.985494077205658 and parameters: {'epochs': 72, 'batch_size': 31, 'depth': 3, 'lstm_units_0': 145, 'lstm_units_1': 214, 'lstm_units_2': 234, 'drop_out': 0.3}. Best is trial 115 with value: 0.9954668879508972.
[I 2023-09-20 23:39:44,631] Trial 246 finished with value: 0.9782411456108093 and parameters: {'epochs': 82, 'batch_size': 103, 'depth': 2, 'lstm_units_0': 163, 'lstm_units_1': 196, 'drop_out': 0.4}. Best is trial 115 with value: 0.9954668879508972.
2023-09-20 23:39:54.318121: I tensorflow/core/framework/local_rendezvous.cc:405] Local rendezvous recv item cancelled. Key hash: 2147636091668645859
2023-09-20 23:39:55.865838: I tensorflow/core/framework/local_rendezvous.cc:405] Local rendezvous recv item cancelled. Key hash: 2147636091668645859
[I 2023-09-20 23:40:25,627] Trial 247 finished with value: 0.9827742576599121 and parameters: {'epochs': 85, 'batch_size': 88, 'depth': 2, 'lstm_units_0': 110, 'lstm_units_1': 42, 'drop_out': 0.2}. Best is trial 115 with value: 0.9954668879508972.
[I 2023-09-20 23:41:35,544] Trial 248 finished with value: 0.9782411456108093 and parameters: {'epochs': 49, 'batch_size': 108, 'depth': 2, 'lstm_units_0': 153, 'lstm_units_1': 190, 'drop_out': 0.4}. Best is trial 115 with value: 0.9954668879508972.
2023-09-20 23:42:36.065399: I tensorflow/core/framework/local_rendezvous.cc:405] Local rendezvous recv item cancelled. Key hash: 13523801627682760480
[I 2023-09-20 23:42:36,076] Trial 249 finished with value: 0.989120602607727 and parameters: {'epochs': 31, 'batch_size': 27, 'depth': 3, 'lstm_units_0': 127, 'lstm_units_1': 63, 'lstm_units_2': 190, 'drop_out': 0.1}. Best is trial 115 with value: 0.9954668879508972.
2023-09-20 23:42:45.797186: I tensorflow/core/framework/local_rendezvous.cc:405] Local rendezvous recv item cancelled. Key hash: 2147636091668645859
[I 2023-09-20 23:43:52,330] Trial 250 finished with value: 0.989120602607727 and parameters: {'epochs': 24, 'batch_size': 97, 'depth': 2, 'lstm_units_0': 185, 'lstm_units_1': 55, 'drop_out': 0.5}. Best is trial 115 with value: 0.9954668879508972.
2023-09-20 23:44:08.669719: I tensorflow/core/framework/local_rendezvous.cc:405] Local rendezvous recv item cancelled. Key hash: 13918036023543080942
2023-09-20 23:44:08.669782: I tensorflow/core/framework/local_rendezvous.cc:405] Local rendezvous recv item cancelled. Key hash: 13523801627682760480
[I 2023-09-20 23:44:46,753] Trial 251 finished with value: 0.985494077205658 and parameters: {'epochs': 18, 'batch_size': 51, 'depth': 3, 'lstm_units_0': 101, 'lstm_units_1': 158, 'lstm_units_2': 1, 'drop_out': 0.4}. Best is trial 115 with value: 0.9954668879508972.
2023-09-20 23:45:11.830211: I tensorflow/core/framework/local_rendezvous.cc:405] Local rendezvous recv item cancelled. Key hash: 16089345290376772671
2023-09-20 23:45:11.830279: I tensorflow/core/framework/local_rendezvous.cc:405] Local rendezvous recv item cancelled. Key hash: 14833893592832816932
[I 2023-09-20 23:45:11,834] Trial 252 finished with value: 0.9818676114082336 and parameters: {'epochs': 21, 'batch_size': 7, 'depth': 1, 'lstm_units_0': 117, 'drop_out': 0}. Best is trial 115 with value: 0.9954668879508972.
[I 2023-09-20 23:45:48,537] Trial 253 finished with value: 0.9782411456108093 and parameters: {'epochs': 75, 'batch_size': 106, 'depth': 2, 'lstm_units_0': 195, 'lstm_units_1': 17, 'drop_out': 0.3}. Best is trial 115 with value: 0.9954668879508972.
2023-09-20 23:46:36.868034: I tensorflow/core/framework/local_rendezvous.cc:405] Local rendezvous recv item cancelled. Key hash: 14652361877384035544
[I 2023-09-20 23:46:36,872] Trial 254 finished with value: 0.9864007234573364 and parameters: {'epochs': 78, 'batch_size': 112, 'depth': 2, 'lstm_units_0': 92, 'lstm_units_1': 128, 'drop_out': 0.4}. Best is trial 115 with value: 0.9954668879508972.
[I 2023-09-20 23:49:19,735] Trial 255 finished with value: 0.9900271892547607 and parameters: {'epochs': 91, 'batch_size': 32, 'depth': 3, 'lstm_units_0': 176, 'lstm_units_1': 174, 'lstm_units_2': 280, 'drop_out': 0.4}. Best is trial 115 with value: 0.9954668879508972.
2023-09-20 23:49:31.447071: I tensorflow/core/framework/local_rendezvous.cc:405] Local rendezvous recv item cancelled. Key hash: 2147636091668645859
2023-09-20 23:50:37.772344: I tensorflow/core/framework/local_rendezvous.cc:405] Local rendezvous recv item cancelled. Key hash: 2147636091668645859
2023-09-20 23:50:37.772889: I tensorflow/core/framework/local_rendezvous.cc:405] Local rendezvous recv item cancelled. Key hash: 14652361877384035544
[I 2023-09-20 23:50:37,782] Trial 256 finished with value: 0.9927470684051514 and parameters: {'epochs': 83, 'batch_size': 102, 'depth': 2, 'lstm_units_0': 138, 'lstm_units_1': 47, 'drop_out': 0.5}. Best is trial 115 with value: 0.9954668879508972.
2023-09-20 23:50:49.481956: I tensorflow/core/framework/local_rendezvous.cc:405] Local rendezvous recv item cancelled. Key hash: 2147636091668645859
2023-09-20 23:51:14.530627: I tensorflow/core/framework/local_rendezvous.cc:405] Local rendezvous recv item cancelled. Key hash: 2147636091668645859
[I 2023-09-20 23:51:14,534] Trial 257 finished with value: 0.9800543785095215 and parameters: {'epochs': 87, 'batch_size': 103, 'depth': 2, 'lstm_units_0': 136, 'lstm_units_1': 46, 'drop_out': 0.5}. Best is trial 115 with value: 0.9954668879508972.
2023-09-20 23:51:26.660360: I tensorflow/core/framework/local_rendezvous.cc:405] Local rendezvous recv item cancelled. Key hash: 14652361877384035544
[I 2023-09-20 23:51:54,693] Trial 258 finished with value: 0.9818676114082336 and parameters: {'epochs': 84, 'batch_size': 58, 'depth': 2, 'lstm_units_0': 121, 'lstm_units_1': 147, 'drop_out': 0.5}. Best is trial 115 with value: 0.9954668879508972.
2023-09-20 23:51:59.962956: I tensorflow/core/framework/local_rendezvous.cc:405] Local rendezvous recv item cancelled. Key hash: 16089345290376772671
[I 2023-09-20 23:52:34,642] Trial 259 finished with value: 0.9900271892547607 and parameters: {'epochs': 29, 'batch_size': 20, 'depth': 1, 'lstm_units_0': 142, 'drop_out': 0.5}. Best is trial 115 with value: 0.9954668879508972.
2023-09-20 23:52:51.148299: I tensorflow/core/framework/local_rendezvous.cc:405] Local rendezvous recv item cancelled. Key hash: 13523801627682760480
2023-09-20 23:52:51.148384: I tensorflow/core/framework/local_rendezvous.cc:405] Local rendezvous recv item cancelled. Key hash: 13918036023543080942
[I 2023-09-20 23:53:10,244] Trial 260 finished with value: 0.9737080931663513 and parameters: {'epochs': 81, 'batch_size': 107, 'depth': 3, 'lstm_units_0': 131, 'lstm_units_1': 37, 'lstm_units_2': 170, 'drop_out': 0.5}. Best is trial 115 with value: 0.9954668879508972.
