[I 2023-09-20 21:35:01,940] Trial 101 finished with value: 0.9718948602676392 and parameters: {'epochs': 44, 'batch_size': 27, 'depth': 1, 'lstm_units_0': 177, 'drop_out': 0.4}. Best is trial 35 with value: 0.9945603013038635.
[I 2023-09-20 21:35:17,313] Trial 102 finished with value: 0.9546690583229065 and parameters: {'epochs': 44, 'batch_size': 27, 'depth': 1, 'lstm_units_0': 181, 'drop_out': 0.4}. Best is trial 35 with value: 0.9945603013038635.
2023-09-20 21:35:57.712642: I tensorflow/core/framework/local_rendezvous.cc:405] Local rendezvous recv item cancelled. Key hash: 16089345290376772671
2023-09-20 21:35:57.712754: I tensorflow/core/framework/local_rendezvous.cc:405] Local rendezvous recv item cancelled. Key hash: 14833893592832816932
[I 2023-09-20 21:35:57,722] Trial 103 finished with value: 0.985494077205658 and parameters: {'epochs': 57, 'batch_size': 43, 'depth': 1, 'lstm_units_0': 223, 'drop_out': 0.4}. Best is trial 35 with value: 0.9945603013038635.
2023-09-20 21:36:25.495757: I tensorflow/core/framework/local_rendezvous.cc:405] Local rendezvous recv item cancelled. Key hash: 16089345290376772671
[I 2023-09-20 21:36:25,500] Trial 104 finished with value: 0.9800543785095215 and parameters: {'epochs': 32, 'batch_size': 34, 'depth': 1, 'lstm_units_0': 197, 'drop_out': 0.4}. Best is trial 35 with value: 0.9945603013038635.
2023-09-20 21:36:31.841555: I tensorflow/core/framework/local_rendezvous.cc:405] Local rendezvous recv item cancelled. Key hash: 16089345290376772671
2023-09-20 21:36:31.841622: I tensorflow/core/framework/local_rendezvous.cc:405] Local rendezvous recv item cancelled. Key hash: 14833893592832816932
2023-09-20 21:36:32.895993: I tensorflow/core/framework/local_rendezvous.cc:405] Local rendezvous recv item cancelled. Key hash: 16089345290376772671
2023-09-20 21:36:32.896056: I tensorflow/core/framework/local_rendezvous.cc:405] Local rendezvous recv item cancelled. Key hash: 14833893592832816932
2023-09-20 21:36:51.779730: I tensorflow/core/framework/local_rendezvous.cc:405] Local rendezvous recv item cancelled. Key hash: 16089345290376772671
[I 2023-09-20 21:36:51,783] Trial 105 finished with value: 0.9809610247612 and parameters: {'epochs': 42, 'batch_size': 29, 'depth': 1, 'lstm_units_0': 137, 'drop_out': 0.2}. Best is trial 35 with value: 0.9945603013038635.
[I 2023-09-20 21:37:24,544] Trial 106 finished with value: 0.9827742576599121 and parameters: {'epochs': 50, 'batch_size': 20, 'depth': 1, 'lstm_units_0': 150, 'drop_out': 0.5}. Best is trial 35 with value: 0.9945603013038635.
[I 2023-09-20 21:38:04,889] Trial 107 finished with value: 0.9755213260650635 and parameters: {'epochs': 54, 'batch_size': 25, 'depth': 2, 'lstm_units_0': 165, 'lstm_units_1': 258, 'drop_out': 0.3}. Best is trial 35 with value: 0.9945603013038635.
2023-09-20 21:38:12.084256: I tensorflow/core/framework/local_rendezvous.cc:405] Local rendezvous recv item cancelled. Key hash: 14833893592832816932
[I 2023-09-20 21:38:32,721] Trial 108 finished with value: 0.9791477918624878 and parameters: {'epochs': 83, 'batch_size': 37, 'depth': 1, 'lstm_units_0': 90, 'drop_out': 0.4}. Best is trial 35 with value: 0.9945603013038635.
[I 2023-09-20 21:39:13,703] Trial 109 finished with value: 0.9782411456108093 and parameters: {'epochs': 87, 'batch_size': 91, 'depth': 2, 'lstm_units_0': 114, 'lstm_units_1': 202, 'drop_out': 0.4}. Best is trial 35 with value: 0.9945603013038635.
[I 2023-09-20 21:39:52,888] Trial 110 finished with value: 0.9809610247612 and parameters: {'epochs': 74, 'batch_size': 3, 'depth': 2, 'lstm_units_0': 190, 'lstm_units_1': 84, 'drop_out': 0}. Best is trial 35 with value: 0.9945603013038635.
[I 2023-09-20 21:40:30,286] Trial 111 finished with value: 0.9610154032707214 and parameters: {'epochs': 71, 'batch_size': 34, 'depth': 3, 'lstm_units_0': 176, 'lstm_units_1': 180, 'lstm_units_2': 43, 'drop_out': 0.5}. Best is trial 35 with value: 0.9945603013038635.
[I 2023-09-20 21:41:12,566] Trial 112 finished with value: 0.9737080931663513 and parameters: {'epochs': 77, 'batch_size': 23, 'depth': 3, 'lstm_units_0': 123, 'lstm_units_1': 183, 'lstm_units_2': 9, 'drop_out': 0.5}. Best is trial 35 with value: 0.9945603013038635.
[I 2023-09-20 21:42:03,424] Trial 113 finished with value: 0.9827742576599121 and parameters: {'epochs': 48, 'batch_size': 28, 'depth': 3, 'lstm_units_0': 171, 'lstm_units_1': 191, 'lstm_units_2': 52, 'drop_out': 0.5}. Best is trial 35 with value: 0.9945603013038635.
2023-09-20 21:42:20.570676: I tensorflow/core/framework/local_rendezvous.cc:405] Local rendezvous recv item cancelled. Key hash: 13918036023543080942
2023-09-20 21:42:20.570769: I tensorflow/core/framework/local_rendezvous.cc:405] Local rendezvous recv item cancelled. Key hash: 13523801627682760480
2023-09-20 21:43:03.283563: I tensorflow/core/framework/local_rendezvous.cc:405] Local rendezvous recv item cancelled. Key hash: 13918036023543080942
2023-09-20 21:43:03.283635: I tensorflow/core/framework/local_rendezvous.cc:405] Local rendezvous recv item cancelled. Key hash: 13523801627682760480
[I 2023-09-20 21:43:03,287] Trial 114 finished with value: 0.9782411456108093 and parameters: {'epochs': 70, 'batch_size': 32, 'depth': 3, 'lstm_units_0': 202, 'lstm_units_1': 227, 'lstm_units_2': 78, 'drop_out': 0.5}. Best is trial 35 with value: 0.9945603013038635.
2023-09-20 21:43:19.900950: I tensorflow/core/framework/local_rendezvous.cc:405] Local rendezvous recv item cancelled. Key hash: 13918036023543080942
2023-09-20 21:43:19.901021: I tensorflow/core/framework/local_rendezvous.cc:405] Local rendezvous recv item cancelled. Key hash: 13523801627682760480
[I 2023-09-20 21:45:06,360] Trial 115 finished with value: 0.9954668879508972 and parameters: {'epochs': 26, 'batch_size': 103, 'depth': 3, 'lstm_units_0': 169, 'lstm_units_1': 154, 'lstm_units_2': 38, 'drop_out': 0.5}. Best is trial 115 with value: 0.9954668879508972.
2023-09-20 21:45:20.442724: I tensorflow/core/framework/local_rendezvous.cc:405] Local rendezvous recv item cancelled. Key hash: 13523801627682760480
2023-09-20 21:45:20.442783: I tensorflow/core/framework/local_rendezvous.cc:405] Local rendezvous recv item cancelled. Key hash: 13918036023543080942
[I 2023-09-20 21:46:28,923] Trial 116 finished with value: 0.9873073697090149 and parameters: {'epochs': 28, 'batch_size': 103, 'depth': 3, 'lstm_units_0': 185, 'lstm_units_1': 129, 'lstm_units_2': 30, 'drop_out': 0.3}. Best is trial 115 with value: 0.9954668879508972.
2023-09-20 21:46:40.707018: I tensorflow/core/framework/local_rendezvous.cc:405] Local rendezvous recv item cancelled. Key hash: 2147636091668645859
[I 2023-09-20 21:46:59,997] Trial 117 finished with value: 0.9773345589637756 and parameters: {'epochs': 22, 'batch_size': 97, 'depth': 2, 'lstm_units_0': 142, 'lstm_units_1': 103, 'drop_out': 0.4}. Best is trial 115 with value: 0.9954668879508972.
[I 2023-09-20 21:47:41,711] Trial 118 finished with value: 0.9818676114082336 and parameters: {'epochs': 84, 'batch_size': 82, 'depth': 3, 'lstm_units_0': 156, 'lstm_units_1': 111, 'lstm_units_2': 111, 'drop_out': 0.4}. Best is trial 115 with value: 0.9954668879508972.
[I 2023-09-20 21:48:59,373] Trial 119 finished with value: 0.9927470684051514 and parameters: {'epochs': 32, 'batch_size': 109, 'depth': 2, 'lstm_units_0': 131, 'lstm_units_1': 45, 'drop_out': 0.1}. Best is trial 115 with value: 0.9954668879508972.
2023-09-20 21:49:10.632103: I tensorflow/core/framework/local_rendezvous.cc:405] Local rendezvous recv item cancelled. Key hash: 2147636091668645859
2023-09-20 21:49:10.632170: I tensorflow/core/framework/local_rendezvous.cc:405] Local rendezvous recv item cancelled. Key hash: 14652361877384035544
2023-09-20 21:49:32.706786: I tensorflow/core/framework/local_rendezvous.cc:405] Local rendezvous recv item cancelled. Key hash: 2147636091668645859
2023-09-20 21:49:32.706843: I tensorflow/core/framework/local_rendezvous.cc:405] Local rendezvous recv item cancelled. Key hash: 14652361877384035544
[I 2023-09-20 21:49:32,711] Trial 120 finished with value: 0.9782411456108093 and parameters: {'epochs': 32, 'batch_size': 111, 'depth': 2, 'lstm_units_0': 131, 'lstm_units_1': 44, 'drop_out': 0.1}. Best is trial 115 with value: 0.9954668879508972.
2023-09-20 21:49:44.067764: I tensorflow/core/framework/local_rendezvous.cc:405] Local rendezvous recv item cancelled. Key hash: 2147636091668645859
[I 2023-09-20 21:50:24,418] Trial 121 finished with value: 0.9845874905586243 and parameters: {'epochs': 25, 'batch_size': 102, 'depth': 2, 'lstm_units_0': 106, 'lstm_units_1': 62, 'drop_out': 0.1}. Best is trial 115 with value: 0.9954668879508972.
[I 2023-09-20 21:51:53,656] Trial 122 finished with value: 0.9918404221534729 and parameters: {'epochs': 26, 'batch_size': 108, 'depth': 2, 'lstm_units_0': 119, 'lstm_units_1': 157, 'drop_out': 0.1}. Best is trial 115 with value: 0.9954668879508972.
2023-09-20 21:52:05.249847: I tensorflow/core/framework/local_rendezvous.cc:405] Local rendezvous recv item cancelled. Key hash: 2147636091668645859
[I 2023-09-20 21:53:06,815] Trial 123 finished with value: 0.9909338355064392 and parameters: {'epochs': 19, 'batch_size': 108, 'depth': 2, 'lstm_units_0': 121, 'lstm_units_1': 38, 'drop_out': 0.1}. Best is trial 115 with value: 0.9954668879508972.
[I 2023-09-20 21:54:23,860] Trial 124 finished with value: 0.989120602607727 and parameters: {'epochs': 26, 'batch_size': 118, 'depth': 2, 'lstm_units_0': 101, 'lstm_units_1': 153, 'drop_out': 0.1}. Best is trial 115 with value: 0.9954668879508972.
2023-09-20 21:55:09.330464: I tensorflow/core/framework/local_rendezvous.cc:405] Local rendezvous recv item cancelled. Key hash: 2147636091668645859
[I 2023-09-20 21:55:09,336] Trial 125 finished with value: 0.974614679813385 and parameters: {'epochs': 30, 'batch_size': 106, 'depth': 2, 'lstm_units_0': 134, 'lstm_units_1': 28, 'drop_out': 0.1}. Best is trial 115 with value: 0.9954668879508972.
2023-09-20 21:55:19.846470: I tensorflow/core/framework/local_rendezvous.cc:405] Local rendezvous recv item cancelled. Key hash: 14652361877384035544
2023-09-20 21:55:59.571129: I tensorflow/core/framework/local_rendezvous.cc:405] Local rendezvous recv item cancelled. Key hash: 14652361877384035544
[I 2023-09-20 21:55:59,581] Trial 126 finished with value: 0.9809610247612 and parameters: {'epochs': 24, 'batch_size': 116, 'depth': 2, 'lstm_units_0': 117, 'lstm_units_1': 16, 'drop_out': 0.1}. Best is trial 115 with value: 0.9954668879508972.
2023-09-20 21:56:11.141380: I tensorflow/core/framework/local_rendezvous.cc:405] Local rendezvous recv item cancelled. Key hash: 2147636091668645859
2023-09-20 21:56:25.738555: I tensorflow/core/framework/local_rendezvous.cc:405] Local rendezvous recv item cancelled. Key hash: 2147636091668645859
[I 2023-09-20 21:56:25,745] Trial 127 finished with value: 0.9773345589637756 and parameters: {'epochs': 37, 'batch_size': 99, 'depth': 2, 'lstm_units_0': 71, 'lstm_units_1': 173, 'drop_out': 0.3}. Best is trial 115 with value: 0.9954668879508972.
[I 2023-09-20 21:57:19,838] Trial 128 finished with value: 0.9873073697090149 and parameters: {'epochs': 27, 'batch_size': 122, 'depth': 2, 'lstm_units_0': 128, 'lstm_units_1': 48, 'drop_out': 0.1}. Best is trial 115 with value: 0.9954668879508972.
2023-09-20 21:57:54.157521: I tensorflow/core/framework/local_rendezvous.cc:405] Local rendezvous recv item cancelled. Key hash: 2147636091668645859
[I 2023-09-20 21:57:54,163] Trial 129 finished with value: 0.9800543785095215 and parameters: {'epochs': 93, 'batch_size': 111, 'depth': 2, 'lstm_units_0': 147, 'lstm_units_1': 136, 'drop_out': 0.5}. Best is trial 115 with value: 0.9954668879508972.
[I 2023-09-20 21:58:31,420] Trial 130 finished with value: 0.974614679813385 and parameters: {'epochs': 19, 'batch_size': 98, 'depth': 2, 'lstm_units_0': 216, 'lstm_units_1': 158, 'drop_out': 0.1}. Best is trial 115 with value: 0.9954668879508972.
2023-09-20 21:58:42.866784: I tensorflow/core/framework/local_rendezvous.cc:405] Local rendezvous recv item cancelled. Key hash: 2147636091668645859
[I 2023-09-20 21:58:51,158] Trial 131 finished with value: 0.974614679813385 and parameters: {'epochs': 2, 'batch_size': 107, 'depth': 2, 'lstm_units_0': 162, 'lstm_units_1': 77, 'drop_out': 0.4}. Best is trial 115 with value: 0.9954668879508972.
[I 2023-09-20 22:00:09,014] Trial 132 finished with value: 0.9927470684051514 and parameters: {'epochs': 31, 'batch_size': 103, 'depth': 2, 'lstm_units_0': 111, 'lstm_units_1': 55, 'drop_out': 0}. Best is trial 115 with value: 0.9954668879508972.
2023-09-20 22:00:20.190695: I tensorflow/core/framework/local_rendezvous.cc:405] Local rendezvous recv item cancelled. Key hash: 14652361877384035544
[I 2023-09-20 22:01:27,911] Trial 133 finished with value: 0.989120602607727 and parameters: {'epochs': 32, 'batch_size': 103, 'depth': 2, 'lstm_units_0': 113, 'lstm_units_1': 55, 'drop_out': 0}. Best is trial 115 with value: 0.9954668879508972.
2023-09-20 22:02:11.092262: I tensorflow/core/framework/local_rendezvous.cc:405] Local rendezvous recv item cancelled. Key hash: 14652361877384035544
[I 2023-09-20 22:02:11,096] Trial 134 finished with value: 0.9791477918624878 and parameters: {'epochs': 35, 'batch_size': 91, 'depth': 2, 'lstm_units_0': 95, 'lstm_units_1': 31, 'drop_out': 0}. Best is trial 115 with value: 0.9954668879508972.
[I 2023-09-20 22:03:22,907] Trial 135 finished with value: 0.989120602607727 and parameters: {'epochs': 80, 'batch_size': 112, 'depth': 2, 'lstm_units_0': 87, 'lstm_units_1': 69, 'drop_out': 0}. Best is trial 115 with value: 0.9954668879508972.
2023-09-20 22:03:32.744573: I tensorflow/core/framework/local_rendezvous.cc:405] Local rendezvous recv item cancelled. Key hash: 2147636091668645859
2023-09-20 22:03:32.744629: I tensorflow/core/framework/local_rendezvous.cc:405] Local rendezvous recv item cancelled. Key hash: 14652361877384035544
[I 2023-09-20 22:04:14,174] Trial 136 finished with value: 0.9845874905586243 and parameters: {'epochs': 10, 'batch_size': 96, 'depth': 2, 'lstm_units_0': 109, 'lstm_units_1': 18, 'drop_out': 0}. Best is trial 115 with value: 0.9954668879508972.
[I 2023-09-20 22:04:56,140] Trial 137 finished with value: 0.9791477918624878 and parameters: {'epochs': 29, 'batch_size': 102, 'depth': 2, 'lstm_units_0': 139, 'lstm_units_1': 57, 'drop_out': 0.2}. Best is trial 115 with value: 0.9954668879508972.
[I 2023-09-20 22:05:41,126] Trial 138 finished with value: 0.9827742576599121 and parameters: {'epochs': 39, 'batch_size': 13, 'depth': 2, 'lstm_units_0': 127, 'lstm_units_1': 89, 'drop_out': 0}. Best is trial 115 with value: 0.9954668879508972.
[I 2023-09-20 22:06:12,451] Trial 139 finished with value: 0.9791477918624878 and parameters: {'epochs': 31, 'batch_size': 114, 'depth': 2, 'lstm_units_0': 121, 'lstm_units_1': 117, 'drop_out': 0.3}. Best is trial 115 with value: 0.9954668879508972.
[I 2023-09-20 22:06:53,588] Trial 140 finished with value: 0.9809610247612 and parameters: {'epochs': 20, 'batch_size': 104, 'depth': 2, 'lstm_units_0': 104, 'lstm_units_1': 97, 'drop_out': 0.1}. Best is trial 115 with value: 0.9954668879508972.
2023-09-20 22:07:04.100277: I tensorflow/core/framework/local_rendezvous.cc:405] Local rendezvous recv item cancelled. Key hash: 2147636091668645859
2023-09-20 22:07:04.100350: I tensorflow/core/framework/local_rendezvous.cc:405] Local rendezvous recv item cancelled. Key hash: 14652361877384035544
[I 2023-09-20 22:07:56,780] Trial 141 finished with value: 0.9882139563560486 and parameters: {'epochs': 23, 'batch_size': 109, 'depth': 2, 'lstm_units_0': 134, 'lstm_units_1': 47, 'drop_out': 0.4}. Best is trial 115 with value: 0.9954668879508972.
[I 2023-09-20 22:08:42,737] Trial 142 finished with value: 0.974614679813385 and parameters: {'epochs': 41, 'batch_size': 64, 'depth': 3, 'lstm_units_0': 151, 'lstm_units_1': 216, 'lstm_units_2': 33, 'drop_out': 0.4}. Best is trial 115 with value: 0.9954668879508972.
2023-09-20 22:08:48.996806: I tensorflow/core/framework/local_rendezvous.cc:405] Local rendezvous recv item cancelled. Key hash: 14833893592832816932
2023-09-20 22:09:07.506934: I tensorflow/core/framework/local_rendezvous.cc:405] Local rendezvous recv item cancelled. Key hash: 16089345290376772671
2023-09-20 22:09:07.507014: I tensorflow/core/framework/local_rendezvous.cc:405] Local rendezvous recv item cancelled. Key hash: 14833893592832816932
[I 2023-09-20 22:09:07,517] Trial 143 finished with value: 0.9800543785095215 and parameters: {'epochs': 52, 'batch_size': 100, 'depth': 1, 'lstm_units_0': 112, 'drop_out': 0.4}. Best is trial 115 with value: 0.9954668879508972.
[I 2023-09-20 22:09:36,940] Trial 144 finished with value: 0.9592021703720093 and parameters: {'epochs': 36, 'batch_size': 25, 'depth': 2, 'lstm_units_0': 98, 'lstm_units_1': 237, 'drop_out': 0.4}. Best is trial 115 with value: 0.9954668879508972.
[I 2023-09-20 22:10:12,756] Trial 145 finished with value: 0.9818676114082336 and parameters: {'epochs': 75, 'batch_size': 40, 'depth': 2, 'lstm_units_0': 64, 'lstm_units_1': 39, 'drop_out': 0.5}. Best is trial 115 with value: 0.9954668879508972.
2023-09-20 22:10:55.581603: I tensorflow/core/framework/local_rendezvous.cc:405] Local rendezvous recv item cancelled. Key hash: 2147636091668645859
[I 2023-09-20 22:10:55,585] Trial 146 finished with value: 0.9755213260650635 and parameters: {'epochs': 45, 'batch_size': 7, 'depth': 2, 'lstm_units_0': 81, 'lstm_units_1': 200, 'drop_out': 0.4}. Best is trial 115 with value: 0.9954668879508972.
[I 2023-09-20 22:12:32,099] Trial 147 finished with value: 0.9927470684051514 and parameters: {'epochs': 82, 'batch_size': 45, 'depth': 3, 'lstm_units_0': 144, 'lstm_units_1': 62, 'lstm_units_2': 166, 'drop_out': 0.3}. Best is trial 115 with value: 0.9954668879508972.
[I 2023-09-20 22:13:23,085] Trial 148 finished with value: 0.9809610247612 and parameters: {'epochs': 85, 'batch_size': 57, 'depth': 3, 'lstm_units_0': 141, 'lstm_units_1': 62, 'lstm_units_2': 165, 'drop_out': 0.3}. Best is trial 115 with value: 0.9954668879508972.
2023-09-20 22:14:14.539710: I tensorflow/core/framework/local_rendezvous.cc:405] Local rendezvous recv item cancelled. Key hash: 13523801627682760480
[I 2023-09-20 22:14:14,544] Trial 149 finished with value: 0.9864007234573364 and parameters: {'epochs': 16, 'batch_size': 45, 'depth': 3, 'lstm_units_0': 129, 'lstm_units_1': 50, 'lstm_units_2': 204, 'drop_out': 0.3}. Best is trial 115 with value: 0.9954668879508972.
[I 2023-09-20 22:14:55,046] Trial 150 finished with value: 0.9764279127120972 and parameters: {'epochs': 88, 'batch_size': 50, 'depth': 3, 'lstm_units_0': 147, 'lstm_units_1': 72, 'lstm_units_2': 2, 'drop_out': 0.3}. Best is trial 115 with value: 0.9954668879508972.
[I 2023-09-20 22:15:59,658] Trial 151 finished with value: 0.9845874905586243 and parameters: {'epochs': 78, 'batch_size': 60, 'depth': 3, 'lstm_units_0': 117, 'lstm_units_1': 148, 'lstm_units_2': 248, 'drop_out': 0.3}. Best is trial 115 with value: 0.9954668879508972.
2023-09-20 22:16:16.002378: I tensorflow/core/framework/local_rendezvous.cc:405] Local rendezvous recv item cancelled. Key hash: 13918036023543080942
[I 2023-09-20 22:16:34,864] Trial 152 finished with value: 0.9628286361694336 and parameters: {'epochs': 82, 'batch_size': 36, 'depth': 3, 'lstm_units_0': 165, 'lstm_units_1': 162, 'lstm_units_2': 17, 'drop_out': 0.4}. Best is trial 115 with value: 0.9954668879508972.
[I 2023-09-20 22:17:33,881] Trial 153 finished with value: 0.9873073697090149 and parameters: {'epochs': 81, 'batch_size': 110, 'depth': 3, 'lstm_units_0': 123, 'lstm_units_1': 77, 'lstm_units_2': 94, 'drop_out': 0}. Best is trial 115 with value: 0.9954668879508972.
2023-09-20 22:17:41.432172: I tensorflow/core/framework/local_rendezvous.cc:405] Local rendezvous recv item cancelled. Key hash: 16089345290376772671
[I 2023-09-20 22:17:57,822] Trial 154 finished with value: 0.9818676114082336 and parameters: {'epochs': 27, 'batch_size': 18, 'depth': 1, 'lstm_units_0': 182, 'drop_out': 0.3}. Best is trial 115 with value: 0.9954668879508972.
2023-09-20 22:18:09.933137: I tensorflow/core/framework/local_rendezvous.cc:405] Local rendezvous recv item cancelled. Key hash: 14652361877384035544
2023-09-20 22:18:28.806727: I tensorflow/core/framework/local_rendezvous.cc:405] Local rendezvous recv item cancelled. Key hash: 14652361877384035544
[I 2023-09-20 22:18:28,810] Trial 155 finished with value: 0.9728014469146729 and parameters: {'epochs': 51, 'batch_size': 31, 'depth': 2, 'lstm_units_0': 134, 'lstm_units_1': 42, 'drop_out': 0.5}. Best is trial 115 with value: 0.9954668879508972.
[I 2023-09-20 22:18:54,534] Trial 156 finished with value: 0.9791477918624878 and parameters: {'epochs': 33, 'batch_size': 106, 'depth': 2, 'lstm_units_0': 158, 'lstm_units_1': 168, 'drop_out': 0.4}. Best is trial 115 with value: 0.9954668879508972.
2023-09-20 22:19:08.458513: I tensorflow/core/framework/local_rendezvous.cc:405] Local rendezvous recv item cancelled. Key hash: 13523801627682760480
2023-09-20 22:19:08.458575: I tensorflow/core/framework/local_rendezvous.cc:405] Local rendezvous recv item cancelled. Key hash: 13918036023543080942
[I 2023-09-20 22:20:11,080] Trial 157 finished with value: 0.9882139563560486 and parameters: {'epochs': 29, 'batch_size': 53, 'depth': 3, 'lstm_units_0': 75, 'lstm_units_1': 59, 'lstm_units_2': 144, 'drop_out': 0.4}. Best is trial 115 with value: 0.9954668879508972.
[I 2023-09-20 22:21:05,330] Trial 158 finished with value: 0.9864007234573364 and parameters: {'epochs': 47, 'batch_size': 28, 'depth': 2, 'lstm_units_0': 141, 'lstm_units_1': 208, 'drop_out': 0.1}. Best is trial 115 with value: 0.9954668879508972.
2023-09-20 22:21:16.047672: I tensorflow/core/framework/local_rendezvous.cc:405] Local rendezvous recv item cancelled. Key hash: 2147636091668645859
