[I 2023-09-21 00:59:26,027] Trial 347 finished with value: 0.9864007234573364 and parameters: {'epochs': 51, 'batch_size': 31, 'depth': 2, 'lstm_units_0': 84, 'lstm_units_1': 99, 'drop_out': 0.1}. Best is trial 115 with value: 0.9954668879508972.
2023-09-21 00:59:39.812049: I tensorflow/core/framework/local_rendezvous.cc:405] Local rendezvous recv item cancelled. Key hash: 13918036023543080942
2023-09-21 00:59:39.812112: I tensorflow/core/framework/local_rendezvous.cc:405] Local rendezvous recv item cancelled. Key hash: 13523801627682760480
2023-09-21 00:59:42.653945: I tensorflow/core/framework/local_rendezvous.cc:405] Local rendezvous recv item cancelled. Key hash: 13918036023543080942
2023-09-21 00:59:42.654013: I tensorflow/core/framework/local_rendezvous.cc:405] Local rendezvous recv item cancelled. Key hash: 13523801627682760480
[I 2023-09-21 01:00:40,004] Trial 348 finished with value: 0.989120602607727 and parameters: {'epochs': 49, 'batch_size': 84, 'depth': 3, 'lstm_units_0': 187, 'lstm_units_1': 64, 'lstm_units_2': 83, 'drop_out': 0.4}. Best is trial 115 with value: 0.9954668879508972.
[I 2023-09-21 01:01:59,899] Trial 349 finished with value: 0.9918404221534729 and parameters: {'epochs': 86, 'batch_size': 102, 'depth': 2, 'lstm_units_0': 76, 'lstm_units_1': 41, 'drop_out': 0.3}. Best is trial 115 with value: 0.9954668879508972.
2023-09-21 01:04:39.244777: I tensorflow/core/framework/local_rendezvous.cc:405] Local rendezvous recv item cancelled. Key hash: 13523801627682760480
/scratch/nas/3/agirones/data/job/test8/es_optuna_hb.py:210: ExperimentalWarning:

plot_timeline is experimental (supported from v3.2.0). The interface can change in the future.

[W 2023-09-21 01:06:04,100] You need to set up the pruning feature to utilize `plot_intermediate_values()`

real	305m4.378s
user	364m37.803s
sys	13m14.733s
