[I 2023-09-20 23:53:39,782] Trial 261 finished with value: 0.9809610247612 and parameters: {'epochs': 69, 'batch_size': 29, 'depth': 2, 'lstm_units_0': 158, 'lstm_units_1': 54, 'drop_out': 0.5}. Best is trial 115 with value: 0.9954668879508972.
[I 2023-09-20 23:54:36,729] Trial 262 finished with value: 0.989120602607727 and parameters: {'epochs': 26, 'batch_size': 36, 'depth': 2, 'lstm_units_0': 62, 'lstm_units_1': 51, 'drop_out': 0.1}. Best is trial 115 with value: 0.9954668879508972.
2023-09-20 23:54:48.279840: I tensorflow/core/framework/local_rendezvous.cc:405] Local rendezvous recv item cancelled. Key hash: 14652361877384035544
2023-09-20 23:55:31.507328: I tensorflow/core/framework/local_rendezvous.cc:405] Local rendezvous recv item cancelled. Key hash: 14652361877384035544
[I 2023-09-20 23:55:31,511] Trial 263 finished with value: 0.9845874905586243 and parameters: {'epochs': 37, 'batch_size': 101, 'depth': 2, 'lstm_units_0': 114, 'lstm_units_1': 25, 'drop_out': 0.3}. Best is trial 115 with value: 0.9954668879508972.
[I 2023-09-20 23:56:31,217] Trial 264 finished with value: 0.9873073697090149 and parameters: {'epochs': 41, 'batch_size': 23, 'depth': 3, 'lstm_units_0': 124, 'lstm_units_1': 86, 'lstm_units_2': 37, 'drop_out': 0.5}. Best is trial 115 with value: 0.9954668879508972.
[I 2023-09-20 23:57:22,057] Trial 265 finished with value: 0.9728014469146729 and parameters: {'epochs': 11, 'batch_size': 27, 'depth': 2, 'lstm_units_0': 105, 'lstm_units_1': 36, 'drop_out': 0}. Best is trial 115 with value: 0.9954668879508972.
2023-09-20 23:57:39.192284: I tensorflow/core/framework/local_rendezvous.cc:405] Local rendezvous recv item cancelled. Key hash: 13918036023543080942
[I 2023-09-20 23:58:03,022] Trial 266 finished with value: 0.9827742576599121 and parameters: {'epochs': 56, 'batch_size': 105, 'depth': 3, 'lstm_units_0': 136, 'lstm_units_1': 44, 'lstm_units_2': 157, 'drop_out': 0.1}. Best is trial 115 with value: 0.9954668879508972.
2023-09-20 23:59:38.412855: I tensorflow/core/framework/local_rendezvous.cc:405] Local rendezvous recv item cancelled. Key hash: 14652361877384035544
[I 2023-09-20 23:59:38,424] Trial 267 finished with value: 0.9900271892547607 and parameters: {'epochs': 22, 'batch_size': 34, 'depth': 2, 'lstm_units_0': 150, 'lstm_units_1': 243, 'drop_out': 0.5}. Best is trial 115 with value: 0.9954668879508972.
2023-09-20 23:59:50.147767: I tensorflow/core/framework/local_rendezvous.cc:405] Local rendezvous recv item cancelled. Key hash: 2147636091668645859
[I 2023-09-21 00:00:42,278] Trial 268 finished with value: 0.9873073697090149 and parameters: {'epochs': 66, 'batch_size': 110, 'depth': 2, 'lstm_units_0': 168, 'lstm_units_1': 71, 'drop_out': 0.4}. Best is trial 115 with value: 0.9954668879508972.
[I 2023-09-21 00:01:46,739] Trial 269 finished with value: 0.9882139563560486 and parameters: {'epochs': 88, 'batch_size': 103, 'depth': 2, 'lstm_units_0': 42, 'lstm_units_1': 60, 'drop_out': 0.3}. Best is trial 115 with value: 0.9954668879508972.
[I 2023-09-21 00:03:01,157] Trial 270 finished with value: 0.9800543785095215 and parameters: {'epochs': 83, 'batch_size': 30, 'depth': 3, 'lstm_units_0': 131, 'lstm_units_1': 28, 'lstm_units_2': 26, 'drop_out': 0.4}. Best is trial 115 with value: 0.9954668879508972.
2023-09-21 00:03:09.952804: I tensorflow/core/framework/local_rendezvous.cc:405] Local rendezvous recv item cancelled. Key hash: 2147636091668645859
2023-09-21 00:03:09.952868: I tensorflow/core/framework/local_rendezvous.cc:405] Local rendezvous recv item cancelled. Key hash: 14652361877384035544
[I 2023-09-21 00:03:46,375] Trial 271 finished with value: 0.9827742576599121 and parameters: {'epochs': 18, 'batch_size': 100, 'depth': 2, 'lstm_units_0': 125, 'lstm_units_1': 32, 'drop_out': 0}. Best is trial 115 with value: 0.9954668879508972.
2023-09-21 00:04:02.863439: I tensorflow/core/framework/local_rendezvous.cc:405] Local rendezvous recv item cancelled. Key hash: 13918036023543080942
2023-09-21 00:04:02.863520: I tensorflow/core/framework/local_rendezvous.cc:405] Local rendezvous recv item cancelled. Key hash: 13523801627682760480
2023-09-21 00:04:42.413372: I tensorflow/core/framework/local_rendezvous.cc:405] Local rendezvous recv item cancelled. Key hash: 13918036023543080942
2023-09-21 00:04:42.413440: I tensorflow/core/framework/local_rendezvous.cc:405] Local rendezvous recv item cancelled. Key hash: 13523801627682760480
[I 2023-09-21 00:04:42,418] Trial 272 finished with value: 0.9827742576599121 and parameters: {'epochs': 63, 'batch_size': 47, 'depth': 3, 'lstm_units_0': 95, 'lstm_units_1': 47, 'lstm_units_2': 118, 'drop_out': 0.5}. Best is trial 115 with value: 0.9954668879508972.
[I 2023-09-21 00:05:27,315] Trial 273 finished with value: 0.9818676114082336 and parameters: {'epochs': 45, 'batch_size': 17, 'depth': 2, 'lstm_units_0': 85, 'lstm_units_1': 20, 'drop_out': 0.1}. Best is trial 115 with value: 0.9954668879508972.
2023-09-21 00:05:35.021233: I tensorflow/core/framework/local_rendezvous.cc:405] Local rendezvous recv item cancelled. Key hash: 14833893592832816932
2023-09-21 00:05:54.134333: I tensorflow/core/framework/local_rendezvous.cc:405] Local rendezvous recv item cancelled. Key hash: 14833893592832816932
[I 2023-09-21 00:05:54,138] Trial 274 finished with value: 0.9782411456108093 and parameters: {'epochs': 71, 'batch_size': 11, 'depth': 1, 'lstm_units_0': 141, 'drop_out': 0.4}. Best is trial 115 with value: 0.9954668879508972.
2023-09-21 00:06:53.733101: I tensorflow/core/framework/local_rendezvous.cc:405] Local rendezvous recv item cancelled. Key hash: 2147636091668645859
2023-09-21 00:06:53.733173: I tensorflow/core/framework/local_rendezvous.cc:405] Local rendezvous recv item cancelled. Key hash: 14652361877384035544
[I 2023-09-21 00:06:53,742] Trial 275 finished with value: 0.9845874905586243 and parameters: {'epochs': 77, 'batch_size': 108, 'depth': 2, 'lstm_units_0': 113, 'lstm_units_1': 41, 'drop_out': 0.4}. Best is trial 115 with value: 0.9954668879508972.
[I 2023-09-21 00:07:37,292] Trial 276 finished with value: 0.9873073697090149 and parameters: {'epochs': 81, 'batch_size': 26, 'depth': 2, 'lstm_units_0': 120, 'lstm_units_1': 64, 'drop_out': 0.3}. Best is trial 115 with value: 0.9954668879508972.
[I 2023-09-21 00:08:45,596] Trial 277 finished with value: 0.9836808443069458 and parameters: {'epochs': 53, 'batch_size': 32, 'depth': 3, 'lstm_units_0': 185, 'lstm_units_1': 56, 'lstm_units_2': 211, 'drop_out': 0.2}. Best is trial 115 with value: 0.9954668879508972.
[I 2023-09-21 00:09:45,637] Trial 278 finished with value: 0.9836808443069458 and parameters: {'epochs': 27, 'batch_size': 39, 'depth': 2, 'lstm_units_0': 145, 'lstm_units_1': 221, 'drop_out': 0.4}. Best is trial 115 with value: 0.9954668879508972.
2023-09-21 00:09:56.897077: I tensorflow/core/framework/local_rendezvous.cc:405] Local rendezvous recv item cancelled. Key hash: 2147636091668645859
[I 2023-09-21 00:10:43,457] Trial 279 finished with value: 0.985494077205658 and parameters: {'epochs': 33, 'batch_size': 24, 'depth': 2, 'lstm_units_0': 200, 'lstm_units_1': 165, 'drop_out': 0.5}. Best is trial 115 with value: 0.9954668879508972.
[I 2023-09-21 00:11:28,928] Trial 280 finished with value: 0.9864007234573364 and parameters: {'epochs': 16, 'batch_size': 105, 'depth': 3, 'lstm_units_0': 126, 'lstm_units_1': 113, 'lstm_units_2': 60, 'drop_out': 0.4}. Best is trial 115 with value: 0.9954668879508972.
[I 2023-09-21 00:12:16,964] Trial 281 finished with value: 0.9845874905586243 and parameters: {'epochs': 23, 'batch_size': 63, 'depth': 2, 'lstm_units_0': 133, 'lstm_units_1': 80, 'drop_out': 0.1}. Best is trial 115 with value: 0.9954668879508972.
2023-09-21 00:12:28.376351: I tensorflow/core/framework/local_rendezvous.cc:405] Local rendezvous recv item cancelled. Key hash: 14652361877384035544
2023-09-21 00:13:55.708268: I tensorflow/core/framework/local_rendezvous.cc:405] Local rendezvous recv item cancelled. Key hash: 14652361877384035544
[I 2023-09-21 00:13:55,718] Trial 282 finished with value: 0.9918404221534729 and parameters: {'epochs': 73, 'batch_size': 53, 'depth': 2, 'lstm_units_0': 74, 'lstm_units_1': 13, 'drop_out': 0}. Best is trial 115 with value: 0.9954668879508972.
2023-09-21 00:14:58.124034: I tensorflow/core/framework/local_rendezvous.cc:405] Local rendezvous recv item cancelled. Key hash: 2147636091668645859
2023-09-21 00:14:58.124097: I tensorflow/core/framework/local_rendezvous.cc:405] Local rendezvous recv item cancelled. Key hash: 14652361877384035544
[I 2023-09-21 00:14:58,132] Trial 283 finished with value: 0.9909338355064392 and parameters: {'epochs': 68, 'batch_size': 4, 'depth': 2, 'lstm_units_0': 73, 'lstm_units_1': 49, 'drop_out': 0}. Best is trial 115 with value: 0.9954668879508972.
[I 2023-09-21 00:15:44,894] Trial 284 finished with value: 0.9791477918624878 and parameters: {'epochs': 85, 'batch_size': 44, 'depth': 3, 'lstm_units_0': 81, 'lstm_units_1': 138, 'lstm_units_2': 16, 'drop_out': 0.3}. Best is trial 115 with value: 0.9954668879508972.
2023-09-21 00:16:31.367073: I tensorflow/core/framework/local_rendezvous.cc:405] Local rendezvous recv item cancelled. Key hash: 16089345290376772671
2023-09-21 00:16:31.367145: I tensorflow/core/framework/local_rendezvous.cc:405] Local rendezvous recv item cancelled. Key hash: 14833893592832816932
[I 2023-09-21 00:16:31,375] Trial 285 finished with value: 0.9927470684051514 and parameters: {'epochs': 71, 'batch_size': 124, 'depth': 1, 'lstm_units_0': 70, 'drop_out': 0}. Best is trial 115 with value: 0.9954668879508972.
2023-09-21 00:16:37.694727: I tensorflow/core/framework/local_rendezvous.cc:405] Local rendezvous recv item cancelled. Key hash: 16089345290376772671
2023-09-21 00:16:37.694791: I tensorflow/core/framework/local_rendezvous.cc:405] Local rendezvous recv item cancelled. Key hash: 14833893592832816932
2023-09-21 00:17:15.897992: I tensorflow/core/framework/local_rendezvous.cc:405] Local rendezvous recv item cancelled. Key hash: 16089345290376772671
2023-09-21 00:17:15.898057: I tensorflow/core/framework/local_rendezvous.cc:405] Local rendezvous recv item cancelled. Key hash: 14833893592832816932
[I 2023-09-21 00:17:15,901] Trial 286 finished with value: 0.9873073697090149 and parameters: {'epochs': 70, 'batch_size': 125, 'depth': 1, 'lstm_units_0': 67, 'drop_out': 0}. Best is trial 115 with value: 0.9954668879508972.
2023-09-21 00:17:22.263157: I tensorflow/core/framework/local_rendezvous.cc:405] Local rendezvous recv item cancelled. Key hash: 16089345290376772671
2023-09-21 00:17:23.339227: I tensorflow/core/framework/local_rendezvous.cc:405] Local rendezvous recv item cancelled. Key hash: 16089345290376772671
2023-09-21 00:17:23.339292: I tensorflow/core/framework/local_rendezvous.cc:405] Local rendezvous recv item cancelled. Key hash: 14833893592832816932
2023-09-21 00:17:39.619884: I tensorflow/core/framework/local_rendezvous.cc:405] Local rendezvous recv item cancelled. Key hash: 16089345290376772671
2023-09-21 00:17:39.619954: I tensorflow/core/framework/local_rendezvous.cc:405] Local rendezvous recv item cancelled. Key hash: 14833893592832816932
[I 2023-09-21 00:17:39,629] Trial 287 finished with value: 0.9827742576599121 and parameters: {'epochs': 70, 'batch_size': 54, 'depth': 1, 'lstm_units_0': 59, 'drop_out': 0}. Best is trial 115 with value: 0.9954668879508972.
[I 2023-09-21 00:18:40,705] Trial 288 finished with value: 0.9936536550521851 and parameters: {'epochs': 74, 'batch_size': 53, 'depth': 1, 'lstm_units_0': 75, 'drop_out': 0}. Best is trial 115 with value: 0.9954668879508972.
2023-09-21 00:19:09.205470: I tensorflow/core/framework/local_rendezvous.cc:405] Local rendezvous recv item cancelled. Key hash: 16089345290376772671
[I 2023-09-21 00:19:09,209] Trial 289 finished with value: 0.9818676114082336 and parameters: {'epochs': 74, 'batch_size': 54, 'depth': 1, 'lstm_units_0': 77, 'drop_out': 0}. Best is trial 115 with value: 0.9954668879508972.
2023-09-21 00:19:15.466515: I tensorflow/core/framework/local_rendezvous.cc:405] Local rendezvous recv item cancelled. Key hash: 14833893592832816932
[I 2023-09-21 00:19:43,942] Trial 290 finished with value: 0.9836808443069458 and parameters: {'epochs': 74, 'batch_size': 52, 'depth': 1, 'lstm_units_0': 72, 'drop_out': 0}. Best is trial 115 with value: 0.9954668879508972.
2023-09-21 00:19:51.324546: I tensorflow/core/framework/local_rendezvous.cc:405] Local rendezvous recv item cancelled. Key hash: 16089345290376772671
2023-09-21 00:19:51.324616: I tensorflow/core/framework/local_rendezvous.cc:405] Local rendezvous recv item cancelled. Key hash: 14833893592832816932
2023-09-21 00:20:24.827818: I tensorflow/core/framework/local_rendezvous.cc:405] Local rendezvous recv item cancelled. Key hash: 16089345290376772671
2023-09-21 00:20:24.827884: I tensorflow/core/framework/local_rendezvous.cc:405] Local rendezvous recv item cancelled. Key hash: 14833893592832816932
[I 2023-09-21 00:20:24,832] Trial 291 finished with value: 0.9864007234573364 and parameters: {'epochs': 43, 'batch_size': 122, 'depth': 1, 'lstm_units_0': 76, 'drop_out': 0}. Best is trial 115 with value: 0.9954668879508972.
2023-09-21 00:20:30.154891: I tensorflow/core/framework/local_rendezvous.cc:405] Local rendezvous recv item cancelled. Key hash: 14833893592832816932
2023-09-21 00:20:31.161581: I tensorflow/core/framework/local_rendezvous.cc:405] Local rendezvous recv item cancelled. Key hash: 16089345290376772671
2023-09-21 00:20:31.161642: I tensorflow/core/framework/local_rendezvous.cc:405] Local rendezvous recv item cancelled. Key hash: 14833893592832816932
2023-09-21 00:20:47.723663: I tensorflow/core/framework/local_rendezvous.cc:405] Local rendezvous recv item cancelled. Key hash: 16089345290376772671
2023-09-21 00:20:47.723724: I tensorflow/core/framework/local_rendezvous.cc:405] Local rendezvous recv item cancelled. Key hash: 14833893592832816932
[I 2023-09-21 00:20:47,731] Trial 292 finished with value: 0.9827742576599121 and parameters: {'epochs': 76, 'batch_size': 50, 'depth': 1, 'lstm_units_0': 64, 'drop_out': 0}. Best is trial 115 with value: 0.9954668879508972.
2023-09-21 00:20:55.215153: I tensorflow/core/framework/local_rendezvous.cc:405] Local rendezvous recv item cancelled. Key hash: 16089345290376772671
[I 2023-09-21 00:21:13,366] Trial 293 finished with value: 0.9782411456108093 and parameters: {'epochs': 72, 'batch_size': 128, 'depth': 1, 'lstm_units_0': 84, 'drop_out': 0}. Best is trial 115 with value: 0.9954668879508972.
2023-09-21 00:21:19.608569: I tensorflow/core/framework/local_rendezvous.cc:405] Local rendezvous recv item cancelled. Key hash: 16089345290376772671
2023-09-21 00:21:19.608701: I tensorflow/core/framework/local_rendezvous.cc:405] Local rendezvous recv item cancelled. Key hash: 14833893592832816932
2023-09-21 00:21:33.525691: I tensorflow/core/framework/local_rendezvous.cc:405] Local rendezvous recv item cancelled. Key hash: 16089345290376772671
2023-09-21 00:21:33.525753: I tensorflow/core/framework/local_rendezvous.cc:405] Local rendezvous recv item cancelled. Key hash: 14833893592832816932
[I 2023-09-21 00:21:33,529] Trial 294 finished with value: 0.9773345589637756 and parameters: {'epochs': 73, 'batch_size': 60, 'depth': 1, 'lstm_units_0': 70, 'drop_out': 0}. Best is trial 115 with value: 0.9954668879508972.
2023-09-21 00:21:41.131156: I tensorflow/core/framework/local_rendezvous.cc:405] Local rendezvous recv item cancelled. Key hash: 16089345290376772671
2023-09-21 00:21:41.131221: I tensorflow/core/framework/local_rendezvous.cc:405] Local rendezvous recv item cancelled. Key hash: 14833893592832816932
2023-09-21 00:21:59.067819: I tensorflow/core/framework/local_rendezvous.cc:405] Local rendezvous recv item cancelled. Key hash: 16089345290376772671
2023-09-21 00:21:59.067878: I tensorflow/core/framework/local_rendezvous.cc:405] Local rendezvous recv item cancelled. Key hash: 14833893592832816932
[I 2023-09-21 00:21:59,076] Trial 295 finished with value: 0.9800543785095215 and parameters: {'epochs': 47, 'batch_size': 58, 'depth': 1, 'lstm_units_0': 54, 'drop_out': 0}. Best is trial 115 with value: 0.9954668879508972.
2023-09-21 00:22:05.516486: I tensorflow/core/framework/local_rendezvous.cc:405] Local rendezvous recv item cancelled. Key hash: 16089345290376772671
2023-09-21 00:22:05.516555: I tensorflow/core/framework/local_rendezvous.cc:405] Local rendezvous recv item cancelled. Key hash: 14833893592832816932
2023-09-21 00:22:49.165262: I tensorflow/core/framework/local_rendezvous.cc:405] Local rendezvous recv item cancelled. Key hash: 14833893592832816932
[I 2023-09-21 00:22:49,169] Trial 296 finished with value: 0.9909338355064392 and parameters: {'epochs': 20, 'batch_size': 116, 'depth': 1, 'lstm_units_0': 90, 'drop_out': 0}. Best is trial 115 with value: 0.9954668879508972.
2023-09-21 00:22:56.779192: I tensorflow/core/framework/local_rendezvous.cc:405] Local rendezvous recv item cancelled. Key hash: 16089345290376772671
2023-09-21 00:22:56.779260: I tensorflow/core/framework/local_rendezvous.cc:405] Local rendezvous recv item cancelled. Key hash: 14833893592832816932
2023-09-21 00:23:16.335816: I tensorflow/core/framework/local_rendezvous.cc:405] Local rendezvous recv item cancelled. Key hash: 16089345290376772671
2023-09-21 00:23:16.335883: I tensorflow/core/framework/local_rendezvous.cc:405] Local rendezvous recv item cancelled. Key hash: 14833893592832816932
[I 2023-09-21 00:23:16,345] Trial 297 finished with value: 0.9864007234573364 and parameters: {'epochs': 79, 'batch_size': 52, 'depth': 1, 'lstm_units_0': 77, 'drop_out': 0}. Best is trial 115 with value: 0.9954668879508972.
2023-09-21 00:23:22.656714: I tensorflow/core/framework/local_rendezvous.cc:405] Local rendezvous recv item cancelled. Key hash: 14833893592832816932
2023-09-21 00:23:49.222276: I tensorflow/core/framework/local_rendezvous.cc:405] Local rendezvous recv item cancelled. Key hash: 14833893592832816932
[I 2023-09-21 00:23:49,228] Trial 298 finished with value: 0.9827742576599121 and parameters: {'epochs': 31, 'batch_size': 20, 'depth': 1, 'lstm_units_0': 84, 'drop_out': 0}. Best is trial 115 with value: 0.9954668879508972.
2023-09-21 00:23:55.963257: I tensorflow/core/framework/local_rendezvous.cc:405] Local rendezvous recv item cancelled. Key hash: 16089345290376772671
2023-09-21 00:23:55.963321: I tensorflow/core/framework/local_rendezvous.cc:405] Local rendezvous recv item cancelled. Key hash: 14833893592832816932
2023-09-21 00:23:57.141830: I tensorflow/core/framework/local_rendezvous.cc:405] Local rendezvous recv item cancelled. Key hash: 16089345290376772671
2023-09-21 00:23:57.141891: I tensorflow/core/framework/local_rendezvous.cc:405] Local rendezvous recv item cancelled. Key hash: 14833893592832816932
2023-09-21 00:24:29.331561: I tensorflow/core/framework/local_rendezvous.cc:405] Local rendezvous recv item cancelled. Key hash: 16089345290376772671
2023-09-21 00:24:29.331638: I tensorflow/core/framework/local_rendezvous.cc:405] Local rendezvous recv item cancelled. Key hash: 14833893592832816932
[I 2023-09-21 00:24:29,343] Trial 299 finished with value: 0.9827742576599121 and parameters: {'epochs': 76, 'batch_size': 78, 'depth': 1, 'lstm_units_0': 65, 'drop_out': 0}. Best is trial 115 with value: 0.9954668879508972.
2023-09-21 00:24:35.797148: I tensorflow/core/framework/local_rendezvous.cc:405] Local rendezvous recv item cancelled. Key hash: 16089345290376772671
2023-09-21 00:24:35.797221: I tensorflow/core/framework/local_rendezvous.cc:405] Local rendezvous recv item cancelled. Key hash: 14833893592832816932
2023-09-21 00:24:59.371373: I tensorflow/core/framework/local_rendezvous.cc:405] Local rendezvous recv item cancelled. Key hash: 16089345290376772671
2023-09-21 00:24:59.371461: I tensorflow/core/framework/local_rendezvous.cc:405] Local rendezvous recv item cancelled. Key hash: 14833893592832816932
[I 2023-09-21 00:24:59,377] Trial 300 finished with value: 0.9773345589637756 and parameters: {'epochs': 50, 'batch_size': 14, 'depth': 1, 'lstm_units_0': 78, 'drop_out': 0.5}. Best is trial 115 with value: 0.9954668879508972.
2023-09-21 00:25:09.389111: I tensorflow/core/framework/local_rendezvous.cc:405] Local rendezvous recv item cancelled. Key hash: 14652361877384035544
2023-09-21 00:25:11.010683: I tensorflow/core/framework/local_rendezvous.cc:405] Local rendezvous recv item cancelled. Key hash: 2147636091668645859
2023-09-21 00:25:11.010757: I tensorflow/core/framework/local_rendezvous.cc:405] Local rendezvous recv item cancelled. Key hash: 14652361877384035544
[I 2023-09-21 00:25:58,930] Trial 301 finished with value: 0.9836808443069458 and parameters: {'epochs': 54, 'batch_size': 117, 'depth': 2, 'lstm_units_0': 156, 'lstm_units_1': 16, 'drop_out': 0.1}. Best is trial 115 with value: 0.9954668879508972.
2023-09-21 00:26:11.073981: I tensorflow/core/framework/local_rendezvous.cc:405] Local rendezvous recv item cancelled. Key hash: 14652361877384035544
[I 2023-09-21 00:27:11,408] Trial 302 finished with value: 0.9918404221534729 and parameters: {'epochs': 35, 'batch_size': 96, 'depth': 2, 'lstm_units_0': 173, 'lstm_units_1': 66, 'drop_out': 0.5}. Best is trial 115 with value: 0.9954668879508972.
2023-09-21 00:27:52.686339: I tensorflow/core/framework/local_rendezvous.cc:405] Local rendezvous recv item cancelled. Key hash: 2147636091668645859
2023-09-21 00:27:52.686411: I tensorflow/core/framework/local_rendezvous.cc:405] Local rendezvous recv item cancelled. Key hash: 14652361877384035544
[I 2023-09-21 00:27:52,691] Trial 303 finished with value: 0.9628286361694336 and parameters: {'epochs': 35, 'batch_size': 56, 'depth': 2, 'lstm_units_0': 173, 'lstm_units_1': 9, 'drop_out': 0.5}. Best is trial 115 with value: 0.9954668879508972.
