number,value,datetime_start,datetime_complete,duration,params_batch_size,params_bidirectional,params_depth,params_drop_out,params_epochs,params_num_neurons,state
0,0.9093381762504578,2023-09-01 15:35:35.459360,2023-09-01 15:37:49.889735,0 days 00:02:14.430375,111,False,2,0.5,64,15,COMPLETE
1,0.9827742576599121,2023-09-01 15:37:49.890353,2023-09-01 15:39:21.112484,0 days 00:01:31.222131,3,False,1,0.5,40,229,COMPLETE
2,0.9954668879508972,2023-09-01 15:39:21.114168,2023-09-01 15:43:21.767968,0 days 00:04:00.653800,86,True,2,0.3,98,49,COMPLETE
3,0.9927470684051514,2023-09-01 15:43:21.769762,2023-09-01 15:46:33.427771,0 days 00:03:11.658009,26,True,2,0.1,50,187,COMPLETE
4,0.9945603013038635,2023-09-01 15:46:33.430119,2023-09-01 15:48:24.397539,0 days 00:01:50.967420,72,True,2,0.4,46,25,COMPLETE
5,0.9437896609306335,2023-09-01 15:48:24.399376,2023-09-01 15:49:35.895654,0 days 00:01:11.496278,70,False,3,0.4,29,77,COMPLETE
6,0.9873073697090149,2023-09-01 15:49:35.898134,2023-09-01 15:52:16.031517,0 days 00:02:40.133383,50,False,3,0.3,61,220,COMPLETE
7,0.9918404221534729,2023-09-01 15:52:16.034026,2023-09-01 15:54:48.480208,0 days 00:02:32.446182,44,True,1,0.1,60,264,COMPLETE
8,0.9909338355064392,2023-09-01 15:54:48.482754,2023-09-01 15:59:18.128124,0 days 00:04:29.645370,112,True,3,0.0,56,167,COMPLETE
9,0.985494077205658,2023-09-01 15:59:18.129545,2023-09-01 16:02:08.353249,0 days 00:02:50.223704,1,True,3,0.3,35,151,COMPLETE
10,0.9945603013038635,2023-09-01 16:02:08.354799,2023-09-01 16:05:47.020623,0 days 00:03:38.665824,90,True,1,0.2,99,100,COMPLETE
11,0.9800543785095215,2023-09-01 16:05:47.022609,2023-09-01 16:06:20.804910,0 days 00:00:33.782301,78,True,2,0.4,11,4,COMPLETE
12,0.9963735342025757,2023-09-01 16:06:20.805428,2023-09-01 16:10:02.443222,0 days 00:03:41.637794,90,True,2,0.3,89,70,COMPLETE
13,0.9954668879508972,2023-09-01 16:10:02.445115,2023-09-01 16:14:21.605287,0 days 00:04:19.160172,96,True,2,0.3,100,82,COMPLETE
14,0.9945603013038635,2023-09-01 16:14:21.607251,2023-09-01 16:18:45.209403,0 days 00:04:23.602152,128,True,2,0.3,79,113,COMPLETE
15,0.9909338355064392,2023-09-01 16:18:45.212078,2023-09-01 16:21:24.830791,0 days 00:02:39.618713,97,True,1,0.3,82,53,COMPLETE
16,0.9945603013038635,2023-09-01 16:21:24.831577,2023-09-01 16:28:26.558747,0 days 00:07:01.727170,52,True,2,0.2,84,131,COMPLETE
17,0.9900271892547607,2023-09-01 16:28:26.588450,2023-09-01 16:32:19.895421,0 days 00:03:53.306971,82,True,1,0.0,89,320,COMPLETE
18,0.4904805123806,2023-09-01 16:32:19.898191,2023-09-01 16:34:41.683154,0 days 00:02:21.784963,110,False,2,0.3,72,54,COMPLETE
19,0.9954668879508972,2023-09-01 16:34:41.685136,2023-09-01 16:40:33.709526,0 days 00:05:52.024390,125,True,3,0.3,90,49,COMPLETE
20,0.9900271892547607,2023-09-01 16:40:33.712397,2023-09-01 16:44:52.999205,0 days 00:04:19.286808,61,True,2,0.3,71,121,COMPLETE
21,0.9927470684051514,2023-09-01 16:44:53.002223,2023-09-01 16:49:14.047162,0 days 00:04:21.044939,96,True,2,0.3,100,92,COMPLETE
22,0.9981867671012878,2023-09-01 16:49:14.049001,2023-09-01 16:53:25.304355,0 days 00:04:11.255354,86,True,2,0.3,96,82,COMPLETE
23,0.9954668879508972,2023-09-01 16:53:25.305063,2023-09-01 16:56:58.597861,0 days 00:03:33.292798,84,True,2,0.3,91,37,COMPLETE
24,0.989120602607727,2023-09-01 16:56:58.600763,2023-09-01 17:00:10.236129,0 days 00:03:11.635366,64,True,2,0.3,74,75,COMPLETE
25,0.989120602607727,2023-09-01 17:00:10.237943,2023-09-01 17:07:12.702709,0 days 00:07:02.464766,105,True,3,0.2,92,137,COMPLETE
26,0.9963735342025757,2023-09-01 17:07:12.704723,2023-09-01 17:09:58.565158,0 days 00:02:45.860435,83,True,1,0.5,81,61,COMPLETE
27,0.9184043407440186,2023-09-01 17:09:58.567910,2023-09-01 17:12:02.290855,0 days 00:02:03.722945,75,False,1,0.5,79,1,COMPLETE
28,0.9827742576599121,2023-09-01 17:12:02.292409,2023-09-01 17:12:31.836993,0 days 00:00:29.544584,118,True,1,0.5,12,67,COMPLETE
29,0.9156845211982727,2023-09-01 17:12:31.837602,2023-09-01 17:14:24.852117,0 days 00:01:53.014515,99,False,1,0.5,69,25,COMPLETE
30,0.989120602607727,2023-09-01 17:14:24.853269,2023-09-01 17:17:36.442908,0 days 00:03:11.589639,34,True,1,0.5,86,107,COMPLETE
31,0.9927470684051514,2023-09-01 17:17:36.444247,2023-09-01 17:21:31.303242,0 days 00:03:54.858995,87,True,2,0.1,94,62,COMPLETE
32,0.9972801208496094,2023-09-01 17:21:31.305319,2023-09-01 17:25:15.939881,0 days 00:03:44.634562,89,True,2,0.5,95,34,COMPLETE
33,0.9927470684051514,2023-09-01 17:25:15.942926,2023-09-01 17:28:16.490349,0 days 00:03:00.547423,104,True,2,0.5,77,31,COMPLETE
34,0.9918404221534729,2023-09-01 17:28:16.492447,2023-09-01 17:31:09.335990,0 days 00:02:52.843543,90,True,1,0.5,84,95,COMPLETE
35,0.9972801208496094,2023-09-01 17:31:09.338096,2023-09-01 17:33:44.259324,0 days 00:02:34.921228,57,True,2,0.5,66,15,COMPLETE
36,0.9138712882995605,2023-09-01 17:33:44.260630,2023-09-01 17:35:46.864281,0 days 00:02:02.603651,58,False,2,0.5,67,12,COMPLETE
37,0.9936536550521851,2023-09-01 17:35:46.866172,2023-09-01 17:39:23.750233,0 days 00:03:36.884061,69,True,2,0.0,94,36,COMPLETE
38,0.9972801208496094,2023-09-01 17:39:23.752351,2023-09-01 17:42:40.182449,0 days 00:03:16.430098,39,True,2,0.4,45,196,COMPLETE
39,0.9546690583229065,2023-09-01 17:42:40.183100,2023-09-01 17:44:12.864767,0 days 00:01:32.681667,30,False,2,0.4,45,192,COMPLETE
40,0.9873073697090149,2023-09-01 17:44:12.866844,2023-09-01 17:46:56.347224,0 days 00:02:43.480380,40,True,3,0.4,20,214,COMPLETE
41,0.989120602607727,2023-09-01 17:46:56.349179,2023-09-01 17:51:23.396618,0 days 00:04:27.047439,19,True,2,0.4,54,250,COMPLETE
42,0.9882139563560486,2023-09-01 17:51:23.398849,2023-09-01 17:54:02.355841,0 days 00:02:38.956992,54,True,2,0.1,38,193,COMPLETE
43,0.9936536550521851,2023-09-01 17:54:02.357735,2023-09-01 17:57:50.300909,0 days 00:03:47.943174,9,True,2,0.4,62,168,COMPLETE
44,0.985494077205658,2023-09-01 17:57:50.303492,2023-09-01 17:59:06.347223,0 days 00:01:16.043731,44,True,2,0.5,30,20,COMPLETE
45,0.9945603013038635,2023-09-01 17:59:06.349726,2023-09-01 18:01:02.617186,0 days 00:01:56.267460,72,True,2,0.4,46,41,COMPLETE
46,0.9909338355064392,2023-09-01 18:01:02.619472,2023-09-01 18:03:57.863870,0 days 00:02:55.244398,48,True,2,0.0,53,150,COMPLETE
47,0.9945603013038635,2023-09-01 18:03:57.866018,2023-09-01 18:08:03.263842,0 days 00:04:05.397824,19,True,2,0.2,96,79,COMPLETE
48,0.9927470684051514,2023-09-01 18:08:03.265984,2023-09-01 18:12:20.207378,0 days 00:04:16.941394,68,True,2,0.5,58,214,COMPLETE
49,0.5222121477127075,2023-09-01 18:12:20.209281,2023-09-01 18:15:38.339726,0 days 00:03:18.130445,92,False,3,0.3,48,238,COMPLETE
50,0.9909338355064392,2023-09-01 18:15:38.341969,2023-09-01 18:19:22.158781,0 days 00:03:43.816812,78,True,2,0.1,42,297,COMPLETE
51,0.9972801208496094,2023-09-01 18:19:22.161812,2023-09-01 18:23:01.287705,0 days 00:03:39.125893,80,True,2,0.5,88,65,COMPLETE
52,0.9972801208496094,2023-09-01 18:23:01.288777,2023-09-01 18:26:23.466345,0 days 00:03:22.177568,78,True,2,0.5,87,17,COMPLETE
53,0.9909338355064392,2023-09-01 18:26:23.468523,2023-09-01 18:29:43.133274,0 days 00:03:19.664751,76,True,2,0.5,86,13,COMPLETE
54,0.9900271892547607,2023-09-01 18:29:43.135884,2023-09-01 18:33:56.508315,0 days 00:04:13.372431,58,True,2,0.5,65,177,COMPLETE
55,0.9981867671012878,2023-09-01 18:33:56.510532,2023-09-01 18:37:50.909948,0 days 00:03:54.399416,65,True,2,0.5,97,46,COMPLETE
56,0.9945603013038635,2023-09-01 18:37:50.912310,2023-09-01 18:41:36.717259,0 days 00:03:45.804949,66,True,2,0.5,95,48,COMPLETE
57,0.9918404221534729,2023-09-01 18:41:36.718102,2023-09-01 18:45:52.924744,0 days 00:04:16.206642,61,True,2,0.5,98,89,COMPLETE
58,0.9954668879508972,2023-09-01 18:45:52.926803,2023-09-01 18:49:38.843521,0 days 00:03:45.916718,38,True,2,0.5,97,30,COMPLETE
59,0.9918404221534729,2023-09-01 18:49:38.845762,2023-09-01 18:52:46.890340,0 days 00:03:08.044578,47,True,2,0.4,77,47,COMPLETE
60,0.9963735342025757,2023-09-01 18:52:46.893202,2023-09-01 18:59:35.270871,0 days 00:06:48.377669,55,True,2,0.2,91,205,COMPLETE
61,0.9927470684051514,2023-09-01 18:59:35.273950,2023-09-01 19:02:57.433634,0 days 00:03:22.159684,82,True,2,0.5,87,11,COMPLETE
62,0.9147778749465942,2023-09-01 19:02:57.436474,2023-09-01 19:06:42.731178,0 days 00:03:45.294704,80,True,2,0.5,100,1,COMPLETE
63,0.9954668879508972,2023-09-01 19:06:42.733441,2023-09-01 19:10:08.741776,0 days 00:03:26.008335,73,True,2,0.5,88,25,COMPLETE
64,0.9927470684051514,2023-09-01 19:10:08.744048,2023-09-01 19:13:49.533789,0 days 00:03:40.789741,87,True,2,0.5,94,40,COMPLETE
65,0.9963735342025757,2023-09-01 19:13:49.535094,2023-09-01 19:17:34.854725,0 days 00:03:45.319631,93,True,2,0.5,92,60,COMPLETE
66,0.9918404221534729,2023-09-01 19:17:34.857448,2023-09-01 19:20:27.307805,0 days 00:02:52.450357,65,True,2,0.0,74,18,COMPLETE
67,0.9519492387771606,2023-09-01 19:20:27.308890,2023-09-01 19:23:17.031905,0 days 00:02:49.723015,101,False,2,0.5,84,69,COMPLETE
68,0.9954668879508972,2023-09-01 19:23:17.032515,2023-09-01 19:26:38.448178,0 days 00:03:21.415663,86,True,2,0.5,81,56,COMPLETE
69,0.9945603013038635,2023-09-01 19:26:38.450392,2023-09-01 19:28:05.504636,0 days 00:01:27.054244,75,True,2,0.3,31,84,COMPLETE
70,0.9936536550521851,2023-09-01 19:28:05.505670,2023-09-01 19:32:49.053314,0 days 00:04:43.547644,70,True,2,0.4,100,108,COMPLETE
71,0.9945603013038635,2023-09-01 19:32:49.054327,2023-09-01 19:36:29.740783,0 days 00:03:40.686456,96,True,2,0.3,88,72,COMPLETE
72,0.9909338355064392,2023-09-01 19:36:29.743702,2023-09-01 19:40:06.489414,0 days 00:03:36.745712,90,True,2,0.3,90,42,COMPLETE
73,0.9945603013038635,2023-09-01 19:40:06.490310,2023-09-01 19:44:34.585508,0 days 00:04:28.095198,84,True,2,0.3,82,122,COMPLETE
74,0.9954668879508972,2023-09-01 19:44:34.588601,2023-09-01 19:48:12.233153,0 days 00:03:37.644552,79,True,2,0.1,93,31,COMPLETE
75,0.9954668879508972,2023-09-01 19:48:12.237488,2023-09-01 19:51:14.649927,0 days 00:03:02.412439,108,True,2,0.3,78,9,COMPLETE
76,0.9836808443069458,2023-09-01 19:51:14.652316,2023-09-01 19:55:11.379273,0 days 00:03:56.726957,115,True,2,0.5,96,53,COMPLETE
77,0.8993653655052185,2023-09-01 19:55:11.380486,2023-09-01 19:55:26.197267,0 days 00:00:14.816781,62,False,2,0.5,4,66,COMPLETE
78,0.9954668879508972,2023-09-01 19:55:26.198023,2023-09-01 19:58:56.867525,0 days 00:03:30.669502,102,True,2,0.2,90,21,COMPLETE
79,0.9900271892547607,2023-09-01 19:58:56.869966,2023-09-01 20:00:29.178334,0 days 00:01:32.308368,89,True,2,0.3,37,33,COMPLETE
80,0.9927470684051514,2023-09-01 20:00:29.180231,2023-09-01 20:05:10.182147,0 days 00:04:41.001916,93,True,2,0.4,84,142,COMPLETE
81,0.9945603013038635,2023-09-01 20:05:10.184437,2023-09-01 20:07:56.750060,0 days 00:02:46.565623,82,True,1,0.5,81,62,COMPLETE
82,0.9927470684051514,2023-09-01 20:07:56.752576,2023-09-01 20:13:54.593281,0 days 00:05:57.840705,84,True,3,0.5,73,99,COMPLETE
83,0.9945603013038635,2023-09-01 20:13:54.594474,2023-09-01 20:15:38.700087,0 days 00:01:44.105613,75,True,1,0.5,50,79,COMPLETE
84,0.989120602607727,2023-09-01 20:15:38.702458,2023-09-01 20:18:36.465949,0 days 00:02:57.763491,72,True,1,0.5,97,45,COMPLETE
85,0.9909338355064392,2023-09-01 20:18:36.468422,2023-09-01 20:22:20.170255,0 days 00:03:43.701833,22,True,2,0.0,86,87,COMPLETE
86,0.9900271892547607,2023-09-01 20:22:20.173453,2023-09-01 20:25:19.411631,0 days 00:02:59.238178,99,True,3,0.5,43,57,COMPLETE
87,0.9945603013038635,2023-09-01 20:25:19.413987,2023-09-01 20:27:51.428460,0 days 00:02:32.014473,79,True,1,0.5,70,74,COMPLETE
88,0.9320036172866821,2023-09-01 20:27:51.431111,2023-09-01 20:30:39.606477,0 days 00:02:48.175366,58,False,2,0.3,93,35,COMPLETE
89,0.9936536550521851,2023-09-01 20:30:39.607524,2023-09-01 20:33:36.835171,0 days 00:02:57.227647,31,True,2,0.4,75,26,COMPLETE
90,0.9882139563560486,2023-09-01 20:33:36.836338,2023-09-01 20:36:59.774605,0 days 00:03:22.938267,52,True,2,0.5,88,7,COMPLETE
91,0.9927470684051514,2023-09-01 20:36:59.775925,2023-09-01 20:43:37.488466,0 days 00:06:37.712541,52,True,2,0.2,91,220,COMPLETE
92,0.9963735342025757,2023-09-01 20:43:37.490933,2023-09-01 20:50:00.027377,0 days 00:06:22.536444,95,True,2,0.2,91,196,COMPLETE
93,0.9909338355064392,2023-09-01 20:50:00.029632,2023-09-01 20:56:47.644751,0 days 00:06:47.615119,56,True,2,0.2,96,199,COMPLETE
94,0.9936536550521851,2023-09-01 20:56:47.647198,2023-09-01 21:04:27.483496,0 days 00:07:39.836298,43,True,2,0.2,98,229,COMPLETE
95,0.9918404221534729,2023-09-01 21:04:27.485600,2023-09-01 21:09:46.683384,0 days 00:05:19.197784,67,True,2,0.1,85,184,COMPLETE
96,0.9836808443069458,2023-09-01 21:09:46.685586,2023-09-01 21:13:59.940859,0 days 00:04:13.255273,62,True,2,0.2,57,207,COMPLETE
97,0.9918404221534729,2023-09-01 21:13:59.944343,2023-09-01 21:20:29.093412,0 days 00:06:29.149069,88,True,2,0.5,81,254,COMPLETE
98,0.9900271892547607,2023-09-01 21:20:29.095585,2023-09-01 21:24:09.134058,0 days 00:03:40.038473,38,True,2,0.5,88,50,COMPLETE
99,0.9936536550521851,2023-09-01 21:24:09.137363,2023-09-01 21:32:03.417845,0 days 00:07:54.280482,82,True,3,0.3,94,179,COMPLETE
100,0.9936536550521851,2023-09-01 21:32:03.421644,2023-09-01 21:37:10.105221,0 days 00:05:06.683577,70,True,2,0.5,83,165,COMPLETE
101,0.9954668879508972,2023-09-01 21:37:10.107922,2023-09-01 21:41:02.526734,0 days 00:03:52.418812,91,True,2,0.5,92,65,COMPLETE
102,0.9945603013038635,2023-09-01 21:41:02.529226,2023-09-01 21:44:47.182152,0 days 00:03:44.652926,94,True,2,0.5,90,60,COMPLETE
103,0.9918404221534729,2023-09-01 21:44:47.183550,2023-09-01 21:48:31.881342,0 days 00:03:44.697792,48,True,2,0.5,98,15,COMPLETE
104,0.9918404221534729,2023-09-01 21:48:31.883532,2023-09-01 21:52:08.105205,0 days 00:03:36.221673,85,True,2,0.4,92,40,COMPLETE
105,0.9927470684051514,2023-09-01 21:52:08.107685,2023-09-01 21:54:22.293700,0 days 00:02:14.186015,8,True,2,0.5,53,52,COMPLETE
106,0.9728014469146729,2023-09-01 21:54:22.297176,2023-09-01 21:57:44.868808,0 days 00:03:22.571632,78,False,2,0.0,95,93,COMPLETE
107,0.9873073697090149,2023-09-01 21:57:44.871264,2023-09-01 22:00:21.372180,0 days 00:02:36.500916,98,True,2,0.5,66,23,COMPLETE
108,0.9927470684051514,2023-09-01 22:00:21.373433,2023-09-01 22:03:48.208177,0 days 00:03:26.834744,92,True,2,0.3,79,82,COMPLETE
109,0.9936536550521851,2023-09-01 22:03:48.209944,2023-09-01 22:07:08.247054,0 days 00:03:20.037110,86,True,2,0.5,86,29,COMPLETE
110,0.9954668879508972,2023-09-01 22:07:08.248330,2023-09-01 22:12:44.579561,0 days 00:05:36.331231,81,True,2,0.5,99,155,COMPLETE
111,0.9927470684051514,2023-09-01 22:12:44.581659,2023-09-01 22:19:10.009889,0 days 00:06:25.428230,96,True,2,0.2,89,202,COMPLETE
112,0.9927470684051514,2023-09-01 22:19:10.013324,2023-09-01 22:25:15.121311,0 days 00:06:05.107987,89,True,2,0.2,93,187,COMPLETE
113,0.9927470684051514,2023-09-01 22:25:15.122644,2023-09-01 22:31:35.005218,0 days 00:06:19.882574,107,True,2,0.2,91,194,COMPLETE
114,0.9918404221534729,2023-09-01 22:31:35.008388,2023-09-01 22:36:03.621919,0 days 00:04:28.613531,75,True,2,0.2,62,213,COMPLETE
115,0.9963735342025757,2023-09-01 22:36:03.623394,2023-09-01 22:41:34.989339,0 days 00:05:31.365945,94,True,2,0.2,95,172,COMPLETE
116,0.9936536550521851,2023-09-01 22:41:34.992079,2023-09-01 22:45:17.130920,0 days 00:03:42.138841,102,True,2,0.4,89,72,COMPLETE
117,0.9945603013038635,2023-09-01 22:45:17.133391,2023-09-01 22:52:13.554900,0 days 00:06:56.421509,87,True,2,0.1,87,230,COMPLETE
118,0.9954668879508972,2023-09-01 22:52:13.556229,2023-09-01 22:56:15.266033,0 days 00:04:01.709804,55,True,2,0.3,100,46,COMPLETE
119,0.9945603013038635,2023-09-01 22:56:15.267114,2023-09-01 22:59:17.990496,0 days 00:03:02.723382,77,True,1,0.5,92,57,COMPLETE
120,0.9800543785095215,2023-09-01 22:59:17.993067,2023-09-01 23:02:14.673875,0 days 00:02:56.680808,84,False,2,0.5,97,38,COMPLETE
121,0.9900271892547607,2023-09-01 23:02:14.676263,2023-09-01 23:07:57.429777,0 days 00:05:42.753514,94,True,2,0.2,95,174,COMPLETE
122,0.9963735342025757,2023-09-01 23:07:57.431619,2023-09-01 23:14:46.465783,0 days 00:06:49.034164,94,True,2,0.2,95,205,COMPLETE
123,0.9918404221534729,2023-09-01 23:14:46.470114,2023-09-01 23:21:27.330154,0 days 00:06:40.860040,99,True,2,0.2,90,221,COMPLETE
124,0.9945603013038635,2023-09-01 23:21:27.333444,2023-09-01 23:27:46.221850,0 days 00:06:18.888406,90,True,2,0.2,85,194,COMPLETE
125,0.9900271892547607,2023-09-01 23:27:46.225504,2023-09-01 23:33:02.913520,0 days 00:05:16.688016,59,True,2,0.2,83,171,COMPLETE
126,0.9918404221534729,2023-09-01 23:33:02.914999,2023-09-01 23:36:10.603719,0 days 00:03:07.688720,92,True,2,0.3,47,185,COMPLETE
127,0.989120602607727,2023-09-01 23:36:10.605935,2023-09-01 23:37:54.277678,0 days 00:01:43.671743,83,True,2,0.5,40,64,COMPLETE
128,0.9963735342025757,2023-09-01 23:37:54.279608,2023-09-01 23:41:29.839406,0 days 00:03:35.559798,73,True,2,0.2,93,18,COMPLETE
129,0.9936536550521851,2023-09-01 23:41:29.841935,2023-09-01 23:47:19.612960,0 days 00:05:49.771025,95,True,2,0.4,97,162,COMPLETE
130,0.9882139563560486,2023-09-01 23:47:19.615130,2023-09-01 23:48:50.438372,0 days 00:01:30.823242,103,True,2,0.5,21,180,COMPLETE
131,0.9945603013038635,2023-09-01 23:48:50.439526,2023-09-01 23:55:45.437325,0 days 00:06:54.997799,88,True,2,0.2,95,207,COMPLETE
132,0.9909338355064392,2023-09-01 23:55:45.438041,2023-09-02 00:02:44.827901,0 days 00:06:59.389860,100,True,2,0.2,94,202,COMPLETE
133,0.9900271892547607,2023-09-02 00:02:44.830089,2023-09-02 00:08:30.498131,0 days 00:05:45.668042,96,True,2,0.2,87,188,COMPLETE
134,0.9963735342025757,2023-09-02 00:08:30.500661,2023-09-02 00:14:55.691963,0 days 00:06:25.191302,92,True,2,0.2,91,210,COMPLETE
135,0.9936536550521851,2023-09-02 00:14:55.695481,2023-09-02 00:21:44.462174,0 days 00:06:48.766693,80,True,2,0.0,96,199,COMPLETE
136,0.9909338355064392,2023-09-02 00:21:44.463570,2023-09-02 00:29:08.475589,0 days 00:07:24.012019,105,True,2,0.5,100,223,COMPLETE
137,0.9918404221534729,2023-09-02 00:29:08.478153,2023-09-02 00:34:04.333880,0 days 00:04:55.855727,63,True,2,0.2,90,141,COMPLETE
138,0.9936536550521851,2023-09-02 00:34:04.336568,2023-09-02 00:41:37.704661,0 days 00:07:33.368093,86,True,2,0.3,94,242,COMPLETE
139,0.9963735342025757,2023-09-02 00:41:37.707077,2023-09-02 00:45:22.501447,0 days 00:03:44.794370,44,True,2,0.5,98,5,COMPLETE
140,0.9927470684051514,2023-09-02 00:45:22.502788,2023-09-02 00:48:18.960924,0 days 00:02:56.458136,94,True,2,0.5,68,78,COMPLETE
141,0.9954668879508972,2023-09-02 00:48:18.963560,2023-09-02 00:51:52.300596,0 days 00:03:33.337036,74,True,2,0.2,92,20,COMPLETE
142,0.9936536550521851,2023-09-02 00:51:52.303307,2023-09-02 00:55:19.067113,0 days 00:03:26.763806,68,True,2,0.2,89,14,COMPLETE
143,0.9936536550521851,2023-09-02 00:55:19.069893,2023-09-02 00:58:56.420843,0 days 00:03:37.350950,65,True,2,0.2,93,35,COMPLETE
144,0.9936536550521851,2023-09-02 00:58:56.423992,2023-09-02 01:02:57.722385,0 days 00:04:01.298393,71,True,2,0.2,96,69,COMPLETE
145,0.9972801208496094,2023-09-02 01:02:57.723713,2023-09-02 01:06:18.972145,0 days 00:03:21.248432,26,True,2,0.2,86,28,COMPLETE
146,0.9954668879508972,2023-09-02 01:06:18.974915,2023-09-02 01:09:50.333225,0 days 00:03:31.358310,26,True,2,0.1,85,50,COMPLETE
147,0.9202175736427307,2023-09-02 01:09:50.336019,2023-09-02 01:11:13.916895,0 days 00:01:23.580876,18,False,2,0.4,44,43,COMPLETE
148,0.989120602607727,2023-09-02 01:11:13.919240,2023-09-02 01:18:10.423502,0 days 00:06:56.504262,41,True,2,0.5,82,279,COMPLETE
149,0.9918404221534729,2023-09-02 01:18:10.427165,2023-09-02 01:20:31.987512,0 days 00:02:21.560347,29,True,1,0.3,79,29,COMPLETE
